[7672:11080:0207/193506.874:INFO:CONSOLE(36)] "AUTH - 63", source: chrome-extension://ggmdpepbjljkkkdaklfihhngmmgmpggp/bg.js (36)
[7672:11080:0207/193509.472:ERROR:device_event_log_impl.cc(211)] [19:35:09.472] Bluetooth: bluetooth_adapter_winrt.cc:1072 Getting Default Adapter failed.
[7672:11080:0207/193530.354:INFO:CONSOLE(4)] "VIDEOJS: WARN: Player "vjs-video-js" is already initialised. Options will not be applied.", source: https://playnano.online/assets/external/videojs.min-1ebeed346d02236b161e0140429ab4b7ce027f786ba49ea4cb6fa9ebb2736793.js (4)
[7672:11080:0207/193530.937:INFO:CONSOLE(22)] "WebSocket connection to 'wss://playnano.online/cable' failed: WebSocket is closed before the connection is established.", source: https://playnano.online/assets/application-178dfeb99b35cc2e03ea128f8150cd777a6727813c61dc68c7879f4fea9b8ef6.js (22)
[7672:11080:0207/193534.404:INFO:CONSOLE(22)] "WebSocket connection to 'wss://playnano.online/cable' failed: WebSocket is closed before the connection is established.", source: https://playnano.online/assets/application-178dfeb99b35cc2e03ea128f8150cd777a6727813c61dc68c7879f4fea9b8ef6.js (22)
[7672:11080:0207/193535.357:INFO:CONSOLE(4)] "VIDEOJS: ERROR: videojs-contrib-ads has not seen a loadstart event 5 seconds after being initialized, but a source is present. This indicates that videojs-contrib-ads was initialized too late. It must be initialized immediately after video.js in the same tick. As a result, some ads will not play and some media events will be incorrect. For more information, see https://github.com/videojs/videojs-contrib-ads#important-note-about-initialization", source: https://playnano.online/assets/external/videojs.min-1ebeed346d02236b161e0140429ab4b7ce027f786ba49ea4cb6fa9ebb2736793.js (4)
[7672:11080:0207/193539.899:INFO:CONSOLE(22)] "WebSocket connection to 'wss://playnano.online/cable' failed: WebSocket is closed before the connection is established.", source: https://playnano.online/assets/application-178dfeb99b35cc2e03ea128f8150cd777a6727813c61dc68c7879f4fea9b8ef6.js (22)
[7672:11080:0207/193541.474:INFO:CONSOLE(61)] "19:35:41,462 com.stickyadstv.utils.Browser GDPR 2.0 - TCFAPI function cannot be found. _fw_gdpr: null, _fw_gdpr_consent: null", source: https://cdn.stickyadstv.com/mustang/vpaid-adapter.min.js (61)
[7672:11080:0207/193546.833:INFO:CONSOLE(22)] "WebSocket connection to 'wss://playnano.online/cable' failed: WebSocket is closed before the connection is established.", source: https://playnano.online/assets/application-178dfeb99b35cc2e03ea128f8150cd777a6727813c61dc68c7879f4fea9b8ef6.js (22)
[7672:11080:0207/193551.966:INFO:CONSOLE(32)] "a: 0.0029296875 ms", source: https://static.adsafeprotected.com/sca.17.4.114.js (32)
[7672:11080:0207/193553.427:INFO:CONSOLE(1)] "console.groupEnd", source: https://s.update.aniview.com/2/1.20.3/main.js?o=1 (1)
[7672:11080:0207/193553.427:INFO:CONSOLE(1)] "console.groupEnd", source: https://s.update.aniview.com/2/1.20.3/main.js?o=1 (1)
[7672:11080:0207/193553.427:INFO:CONSOLE(1)] "console.groupEnd", source: https://s.update.aniview.com/2/1.20.3/main.js?o=1 (1)
[7672:11080:0207/193553.427:INFO:CONSOLE(1)] "console.groupEnd", source: https://s.update.aniview.com/2/1.20.3/main.js?o=1 (1)
[7672:11080:0207/193553.427:INFO:CONSOLE(1)] "console.groupEnd", source: https://s.update.aniview.com/2/1.20.3/main.js?o=1 (1)
[7672:11080:0207/193553.427:INFO:CONSOLE(1)] "console.groupEnd", source: https://s.update.aniview.com/2/1.20.3/main.js?o=1 (1)
[7672:11080:0207/193553.427:INFO:CONSOLE(1)] "console.groupEnd", source: https://s.update.aniview.com/2/1.20.3/main.js?o=1 (1)
[7672:11080:0207/193553.427:INFO:CONSOLE(1)] "console.groupEnd", source: https://s.update.aniview.com/2/1.20.3/main.js?o=1 (1)
[7672:11080:0207/193553.427:INFO:CONSOLE(1)] "console.groupEnd", source: https://s.update.aniview.com/2/1.20.3/main.js?o=1 (1)
[7672:11080:0207/193553.427:INFO:CONSOLE(1)] "console.groupEnd", source: https://s.update.aniview.com/2/1.20.3/main.js?o=1 (1)
[7672:11080:0207/193553.427:INFO:CONSOLE(1)] "console.groupEnd", source: https://s.update.aniview.com/2/1.20.3/main.js?o=1 (1)
[7672:11080:0207/193553.427:INFO:CONSOLE(1)] "console.groupEnd", source: https://s.update.aniview.com/2/1.20.3/main.js?o=1 (1)
[7672:11080:0207/193553.427:INFO:CONSOLE(1)] "console.groupEnd", source: https://s.update.aniview.com/2/1.20.3/main.js?o=1 (1)
[7672:11080:0207/193553.427:INFO:CONSOLE(1)] "console.groupEnd", source: https://s.update.aniview.com/2/1.20.3/main.js?o=1 (1)
[7672:11080:0207/193553.427:INFO:CONSOLE(1)] "console.groupEnd", source: https://s.update.aniview.com/2/1.20.3/main.js?o=1 (1)
[7672:11080:0207/193553.427:INFO:CONSOLE(1)] "console.groupEnd", source: https://s.update.aniview.com/2/1.20.3/main.js?o=1 (1)
[7672:11080:0207/193553.427:INFO:CONSOLE(1)] "console.groupEnd", source: https://s.update.aniview.com/2/1.20.3/main.js?o=1 (1)
[7672:11080:0207/193553.427:INFO:CONSOLE(1)] "console.groupEnd", source: https://s.update.aniview.com/2/1.20.3/main.js?o=1 (1)
[7672:11080:0207/193553.427:INFO:CONSOLE(1)] "console.groupEnd", source: https://s.update.aniview.com/2/1.20.3/main.js?o=1 (1)
[7672:11080:0207/193553.427:INFO:CONSOLE(1)] "console.groupEnd", source: https://s.update.aniview.com/2/1.20.3/main.js?o=1 (1)
[7672:11080:0207/193553.427:INFO:CONSOLE(1)] "console.groupEnd", source: https://s.update.aniview.com/2/1.20.3/main.js?o=1 (1)
[7672:11080:0207/193553.427:INFO:CONSOLE(1)] "console.groupEnd", source: https://s.update.aniview.com/2/1.20.3/main.js?o=1 (1)
[7672:11080:0207/193553.427:INFO:CONSOLE(1)] "console.groupEnd", source: https://s.update.aniview.com/2/1.20.3/main.js?o=1 (1)
[7672:11080:0207/193553.427:INFO:CONSOLE(1)] "console.groupEnd", source: https://s.update.aniview.com/2/1.20.3/main.js?o=1 (1)
[7672:11080:0207/193553.427:INFO:CONSOLE(1)] "console.groupEnd", source: https://s.update.aniview.com/2/1.20.3/main.js?o=1 (1)
[7672:11080:0207/193553.427:INFO:CONSOLE(1)] "console.groupEnd", source: https://s.update.aniview.com/2/1.20.3/main.js?o=1 (1)
[7672:11080:0207/193553.427:INFO:CONSOLE(1)] "console.groupEnd", source: https://s.update.aniview.com/2/1.20.3/main.js?o=1 (1)
[7672:11080:0207/193553.427:INFO:CONSOLE(1)] "console.groupEnd", source: https://s.update.aniview.com/2/1.20.3/main.js?o=1 (1)
[7672:11080:0207/193553.428:INFO:CONSOLE(1)] "console.groupEnd", source: https://s.update.aniview.com/2/1.20.3/main.js?o=1 (1)
[7672:11080:0207/193553.428:INFO:CONSOLE(1)] "console.groupEnd", source: https://s.update.aniview.com/2/1.20.3/main.js?o=1 (1)
[7672:11080:0207/193553.428:INFO:CONSOLE(1)] "console.groupEnd", source: https://s.update.aniview.com/2/1.20.3/main.js?o=1 (1)
[7672:11080:0207/193553.429:INFO:CONSOLE(1)] "console.groupEnd", source: https://s.update.aniview.com/2/1.20.3/main.js?o=1 (1)
[7672:11080:0207/193553.429:INFO:CONSOLE(1)] "console.groupEnd", source: https://s.update.aniview.com/2/1.20.3/main.js?o=1 (1)
[7672:11080:0207/193553.429:INFO:CONSOLE(1)] "console.groupEnd", source: https://s.update.aniview.com/2/1.20.3/main.js?o=1 (1)
[7672:11080:0207/193553.429:INFO:CONSOLE(1)] "console.groupEnd", source: https://s.update.aniview.com/2/1.20.3/main.js?o=1 (1)
[7672:11080:0207/193553.429:INFO:CONSOLE(1)] "console.groupEnd", source: https://s.update.aniview.com/2/1.20.3/main.js?o=1 (1)
[7672:11080:0207/193553.429:INFO:CONSOLE(1)] "console.groupEnd", source: https://s.update.aniview.com/2/1.20.3/main.js?o=1 (1)
[7672:11080:0207/193553.429:INFO:CONSOLE(1)] "console.groupEnd", source: https://s.update.aniview.com/2/1.20.3/main.js?o=1 (1)
[7672:11080:0207/193553.429:INFO:CONSOLE(1)] "console.groupEnd", source: https://s.update.aniview.com/2/1.20.3/main.js?o=1 (1)
[7672:11080:0207/193553.429:INFO:CONSOLE(1)] "console.groupEnd", source: https://s.update.aniview.com/2/1.20.3/main.js?o=1 (1)
[7672:11080:0207/193553.429:INFO:CONSOLE(1)] "console.groupEnd", source: https://s.update.aniview.com/2/1.20.3/main.js?o=1 (1)
[7672:11080:0207/193553.429:INFO:CONSOLE(1)] "console.groupEnd", source: https://s.update.aniview.com/2/1.20.3/main.js?o=1 (1)
[7672:11080:0207/193553.429:INFO:CONSOLE(1)] "console.groupEnd", source: https://s.update.aniview.com/2/1.20.3/main.js?o=1 (1)
[7672:11080:0207/193553.429:INFO:CONSOLE(1)] "console.groupEnd", source: https://s.update.aniview.com/2/1.20.3/main.js?o=1 (1)
[7672:11080:0207/193553.429:INFO:CONSOLE(1)] "console.groupEnd", source: https://s.update.aniview.com/2/1.20.3/main.js?o=1 (1)
[7672:11080:0207/193553.429:INFO:CONSOLE(1)] "console.groupEnd", source: https://s.update.aniview.com/2/1.20.3/main.js?o=1 (1)
[7672:11080:0207/193553.429:INFO:CONSOLE(1)] "console.groupEnd", source: https://s.update.aniview.com/2/1.20.3/main.js?o=1 (1)
[7672:11080:0207/193553.429:INFO:CONSOLE(1)] "console.groupEnd", source: https://s.update.aniview.com/2/1.20.3/main.js?o=1 (1)
[7672:11080:0207/193553.429:INFO:CONSOLE(1)] "console.groupEnd", source: https://s.update.aniview.com/2/1.20.3/main.js?o=1 (1)
[7672:11080:0207/193553.429:INFO:CONSOLE(1)] "console.groupEnd", source: https://s.update.aniview.com/2/1.20.3/main.js?o=1 (1)
[7672:11080:0207/193553.429:INFO:CONSOLE(1)] "console.groupEnd", source: https://s.update.aniview.com/2/1.20.3/main.js?o=1 (1)
[7672:11080:0207/193553.429:INFO:CONSOLE(1)] "console.groupEnd", source: https://s.update.aniview.com/2/1.20.3/main.js?o=1 (1)
[7672:11080:0207/193553.429:INFO:CONSOLE(1)] "console.groupEnd", source: https://s.update.aniview.com/2/1.20.3/main.js?o=1 (1)
[7672:11080:0207/193553.429:INFO:CONSOLE(1)] "console.groupEnd", source: https://s.update.aniview.com/2/1.20.3/main.js?o=1 (1)
[7672:11080:0207/193553.429:INFO:CONSOLE(1)] "console.groupEnd", source: https://s.update.aniview.com/2/1.20.3/main.js?o=1 (1)
[7672:11080:0207/193553.430:INFO:CONSOLE(1)] "console.groupEnd", source: https://s.update.aniview.com/2/1.20.3/main.js?o=1 (1)
[7672:11080:0207/193553.430:INFO:CONSOLE(1)] "console.groupEnd", source: https://s.update.aniview.com/2/1.20.3/main.js?o=1 (1)
[7672:11080:0207/193553.431:INFO:CONSOLE(1)] "console.groupEnd", source: https://s.update.aniview.com/2/1.20.3/main.js?o=1 (1)
[7672:11080:0207/193553.431:INFO:CONSOLE(1)] "console.groupEnd", source: https://s.update.aniview.com/2/1.20.3/main.js?o=1 (1)
[7672:11080:0207/193553.431:INFO:CONSOLE(1)] "console.groupEnd", source: https://s.update.aniview.com/2/1.20.3/main.js?o=1 (1)
[7672:11080:0207/193553.431:INFO:CONSOLE(1)] "console.groupEnd", source: https://s.update.aniview.com/2/1.20.3/main.js?o=1 (1)
[7672:11080:0207/193553.431:INFO:CONSOLE(1)] "console.groupEnd", source: https://s.update.aniview.com/2/1.20.3/main.js?o=1 (1)
[7672:11080:0207/193553.431:INFO:CONSOLE(1)] "console.groupEnd", source: https://s.update.aniview.com/2/1.20.3/main.js?o=1 (1)
[7672:11080:0207/193553.431:INFO:CONSOLE(1)] "console.groupEnd", source: https://s.update.aniview.com/2/1.20.3/main.js?o=1 (1)
[7672:11080:0207/193553.431:INFO:CONSOLE(1)] "console.groupEnd", source: https://s.update.aniview.com/2/1.20.3/main.js?o=1 (1)
[7672:11080:0207/193553.431:INFO:CONSOLE(1)] "console.groupEnd", source: https://s.update.aniview.com/2/1.20.3/main.js?o=1 (1)
[7672:11080:0207/193553.431:INFO:CONSOLE(1)] "console.groupEnd", source: https://s.update.aniview.com/2/1.20.3/main.js?o=1 (1)
[7672:11080:0207/193553.431:INFO:CONSOLE(1)] "console.groupEnd", source: https://s.update.aniview.com/2/1.20.3/main.js?o=1 (1)
[7672:11080:0207/193553.431:INFO:CONSOLE(1)] "console.groupEnd", source: https://s.update.aniview.com/2/1.20.3/main.js?o=1 (1)
[7672:11080:0207/193553.431:INFO:CONSOLE(1)] "console.groupEnd", source: https://s.update.aniview.com/2/1.20.3/main.js?o=1 (1)
[7672:11080:0207/193553.431:INFO:CONSOLE(1)] "console.groupEnd", source: https://s.update.aniview.com/2/1.20.3/main.js?o=1 (1)
[7672:11080:0207/193553.431:INFO:CONSOLE(1)] "console.groupEnd", source: https://s.update.aniview.com/2/1.20.3/main.js?o=1 (1)
[7672:11080:0207/193553.431:INFO:CONSOLE(1)] "console.groupEnd", source: https://s.update.aniview.com/2/1.20.3/main.js?o=1 (1)
[7672:11080:0207/193553.431:INFO:CONSOLE(1)] "console.groupEnd", source: https://s.update.aniview.com/2/1.20.3/main.js?o=1 (1)
[7672:11080:0207/193553.431:INFO:CONSOLE(1)] "console.groupEnd", source: https://s.update.aniview.com/2/1.20.3/main.js?o=1 (1)
[7672:11080:0207/193553.431:INFO:CONSOLE(1)] "console.groupEnd", source: https://s.update.aniview.com/2/1.20.3/main.js?o=1 (1)
[7672:11080:0207/193553.431:INFO:CONSOLE(1)] "console.groupEnd", source: https://s.update.aniview.com/2/1.20.3/main.js?o=1 (1)
[7672:11080:0207/193553.431:INFO:CONSOLE(1)] "console.groupEnd", source: https://s.update.aniview.com/2/1.20.3/main.js?o=1 (1)
[7672:11080:0207/193553.431:INFO:CONSOLE(1)] "console.groupEnd", source: https://s.update.aniview.com/2/1.20.3/main.js?o=1 (1)
[7672:11080:0207/193553.432:INFO:CONSOLE(1)] "console.groupEnd", source: https://s.update.aniview.com/2/1.20.3/main.js?o=1 (1)
[7672:11080:0207/193553.432:INFO:CONSOLE(1)] "console.groupEnd", source: https://s.update.aniview.com/2/1.20.3/main.js?o=1 (1)
[7672:11080:0207/193553.433:INFO:CONSOLE(1)] "console.groupEnd", source: https://s.update.aniview.com/2/1.20.3/main.js?o=1 (1)
[7672:11080:0207/193553.433:INFO:CONSOLE(1)] "console.groupEnd", source: https://s.update.aniview.com/2/1.20.3/main.js?o=1 (1)
[7672:11080:0207/193553.433:INFO:CONSOLE(1)] "console.groupEnd", source: https://s.update.aniview.com/2/1.20.3/main.js?o=1 (1)
[7672:11080:0207/193553.433:INFO:CONSOLE(1)] "console.groupEnd", source: https://s.update.aniview.com/2/1.20.3/main.js?o=1 (1)
[7672:11080:0207/193553.433:INFO:CONSOLE(1)] "console.groupEnd", source: https://s.update.aniview.com/2/1.20.3/main.js?o=1 (1)
[7672:11080:0207/193553.433:INFO:CONSOLE(1)] "console.groupEnd", source: https://s.update.aniview.com/2/1.20.3/main.js?o=1 (1)
[7672:11080:0207/193553.433:INFO:CONSOLE(1)] "console.groupEnd", source: https://s.update.aniview.com/2/1.20.3/main.js?o=1 (1)
[7672:11080:0207/193553.433:INFO:CONSOLE(1)] "console.groupEnd", source: https://s.update.aniview.com/2/1.20.3/main.js?o=1 (1)
[7672:11080:0207/193553.433:INFO:CONSOLE(1)] "console.groupEnd", source: https://s.update.aniview.com/2/1.20.3/main.js?o=1 (1)
[7672:11080:0207/193553.433:INFO:CONSOLE(1)] "console.groupEnd", source: https://s.update.aniview.com/2/1.20.3/main.js?o=1 (1)
[7672:11080:0207/193553.433:INFO:CONSOLE(1)] "console.groupEnd", source: https://s.update.aniview.com/2/1.20.3/main.js?o=1 (1)
[7672:11080:0207/193553.433:INFO:CONSOLE(1)] "console.groupEnd", source: https://s.update.aniview.com/2/1.20.3/main.js?o=1 (1)
[7672:11080:0207/193553.433:INFO:CONSOLE(1)] "console.groupEnd", source: https://s.update.aniview.com/2/1.20.3/main.js?o=1 (1)
[7672:11080:0207/193553.433:INFO:CONSOLE(1)] "console.groupEnd", source: https://s.update.aniview.com/2/1.20.3/main.js?o=1 (1)
[7672:11080:0207/193553.433:INFO:CONSOLE(1)] "console.groupEnd", source: https://s.update.aniview.com/2/1.20.3/main.js?o=1 (1)
[7672:11080:0207/193553.433:INFO:CONSOLE(1)] "console.groupEnd", source: https://s.update.aniview.com/2/1.20.3/main.js?o=1 (1)
[7672:11080:0207/193553.433:INFO:CONSOLE(1)] "console.groupEnd", source: https://s.update.aniview.com/2/1.20.3/main.js?o=1 (1)
[7672:11080:0207/193553.433:INFO:CONSOLE(1)] "console.groupEnd", source: https://s.update.aniview.com/2/1.20.3/main.js?o=1 (1)
[7672:11080:0207/193553.433:INFO:CONSOLE(1)] "console.groupEnd", source: https://s.update.aniview.com/2/1.20.3/main.js?o=1 (1)
[7672:11080:0207/193553.433:INFO:CONSOLE(1)] "console.groupEnd", source: https://s.update.aniview.com/2/1.20.3/main.js?o=1 (1)
[7672:11080:0207/193553.434:INFO:CONSOLE(1)] "console.groupEnd", source: https://s.update.aniview.com/2/1.20.3/main.js?o=1 (1)
[7672:11080:0207/193553.434:INFO:CONSOLE(1)] "console.groupEnd", source: https://s.update.aniview.com/2/1.20.3/main.js?o=1 (1)
[7672:11080:0207/193553.434:INFO:CONSOLE(1)] "console.groupEnd", source: https://s.update.aniview.com/2/1.20.3/main.js?o=1 (1)
[7672:11080:0207/193553.434:INFO:CONSOLE(1)] "console.groupEnd", source: https://s.update.aniview.com/2/1.20.3/main.js?o=1 (1)
[7672:11080:0207/193553.434:INFO:CONSOLE(1)] "console.groupEnd", source: https://s.update.aniview.com/2/1.20.3/main.js?o=1 (1)
[7672:11080:0207/193553.434:INFO:CONSOLE(1)] "console.groupEnd", source: https://s.update.aniview.com/2/1.20.3/main.js?o=1 (1)
[7672:11080:0207/193553.434:INFO:CONSOLE(1)] "console.groupEnd", source: https://s.update.aniview.com/2/1.20.3/main.js?o=1 (1)
[7672:11080:0207/193554.881:INFO:CONSOLE(22)] "WebSocket connection to 'wss://playnano.online/cable' failed: WebSocket is closed before the connection is established.", source: https://playnano.online/assets/application-178dfeb99b35cc2e03ea128f8150cd777a6727813c61dc68c7879f4fea9b8ef6.js (22)
[7672:11080:0207/193556.493:INFO:CONSOLE(4)] "VIDEOJS: WARN: Player "vjs-video-js" is already initialised. Options will not be applied.", source: https://playnano.online/assets/external/videojs.min-1ebeed346d02236b161e0140429ab4b7ce027f786ba49ea4cb6fa9ebb2736793.js (4)
[7672:11080:0207/193558.820:INFO:CONSOLE(69)] "Uncaught ReferenceError: _qevents is not defined", source: https://bdv.bidvertiser.com/BidVertiser.dbm?pid=883108&bid=2049660&RD=05777260463453&DIF=1&bd_ref_v=playnano.online&tref=1&win_name=null&docref=https%3A%2F%2Fplaynano.online%2Fwatch-an&jsrand=05777260463453&js1loc=-&loctitle=free%20nano (69)
[7672:11080:0207/193600.041:INFO:CONSOLE(61)] "19:36:00,041 com.stickyadstv.utils.Browser GDPR 2.0 - TCFAPI function cannot be found. _fw_gdpr: null, _fw_gdpr_consent: null", source: https://cdn.stickyadstv.com/mustang/vpaid-adapter.min.js (61)
[7672:11080:0207/193601.496:INFO:CONSOLE(4)] "VIDEOJS: ERROR: videojs-contrib-ads has not seen a loadstart event 5 seconds after being initialized, but a source is present. This indicates that videojs-contrib-ads was initialized too late. It must be initialized immediately after video.js in the same tick. As a result, some ads will not play and some media events will be incorrect. For more information, see https://github.com/videojs/videojs-contrib-ads#important-note-about-initialization", source: https://playnano.online/assets/external/videojs.min-1ebeed346d02236b161e0140429ab4b7ce027f786ba49ea4cb6fa9ebb2736793.js (4)
[7672:11080:0207/193608.045:INFO:CONSOLE(32)] "a: 0.001953125 ms", source: https://static.adsafeprotected.com/sca.17.4.114.js (32)
[7672:11080:0207/193610.529:INFO:CONSOLE(1)] "console.groupEnd", source: https://s.update.aniview.com/2/1.20.3/main.js?o=1 (1)
[7672:11080:0207/193610.529:INFO:CONSOLE(1)] "console.groupEnd", source: https://s.update.aniview.com/2/1.20.3/main.js?o=1 (1)
[7672:11080:0207/193610.529:INFO:CONSOLE(1)] "console.groupEnd", source: https://s.update.aniview.com/2/1.20.3/main.js?o=1 (1)
[7672:11080:0207/193610.529:INFO:CONSOLE(1)] "console.groupEnd", source: https://s.update.aniview.com/2/1.20.3/main.js?o=1 (1)
[7672:11080:0207/193610.529:INFO:CONSOLE(1)] "console.groupEnd", source: https://s.update.aniview.com/2/1.20.3/main.js?o=1 (1)
[7672:11080:0207/193610.529:INFO:CONSOLE(1)] "console.groupEnd", source: https://s.update.aniview.com/2/1.20.3/main.js?o=1 (1)
[7672:11080:0207/193610.529:INFO:CONSOLE(1)] "console.groupEnd", source: https://s.update.aniview.com/2/1.20.3/main.js?o=1 (1)
[7672:11080:0207/193610.529:INFO:CONSOLE(1)] "console.groupEnd", source: https://s.update.aniview.com/2/1.20.3/main.js?o=1 (1)
[7672:11080:0207/193610.529:INFO:CONSOLE(1)] "console.groupEnd", source: https://s.update.aniview.com/2/1.20.3/main.js?o=1 (1)
[7672:11080:0207/193610.529:INFO:CONSOLE(1)] "console.groupEnd", source: https://s.update.aniview.com/2/1.20.3/main.js?o=1 (1)
[7672:11080:0207/193610.529:INFO:CONSOLE(1)] "console.groupEnd", source: https://s.update.aniview.com/2/1.20.3/main.js?o=1 (1)
[7672:11080:0207/193610.529:INFO:CONSOLE(1)] "console.groupEnd", source: https://s.update.aniview.com/2/1.20.3/main.js?o=1 (1)
[7672:11080:0207/193610.529:INFO:CONSOLE(1)] "console.groupEnd", source: https://s.update.aniview.com/2/1.20.3/main.js?o=1 (1)
[7672:11080:0207/193610.529:INFO:CONSOLE(1)] "console.groupEnd", source: https://s.update.aniview.com/2/1.20.3/main.js?o=1 (1)
[7672:11080:0207/193610.529:INFO:CONSOLE(1)] "console.groupEnd", source: https://s.update.aniview.com/2/1.20.3/main.js?o=1 (1)
[7672:11080:0207/193610.529:INFO:CONSOLE(1)] "console.groupEnd", source: https://s.update.aniview.com/2/1.20.3/main.js?o=1 (1)
[7672:11080:0207/193610.529:INFO:CONSOLE(1)] "console.groupEnd", source: https://s.update.aniview.com/2/1.20.3/main.js?o=1 (1)
[7672:11080:0207/193610.529:INFO:CONSOLE(1)] "console.groupEnd", source: https://s.update.aniview.com/2/1.20.3/main.js?o=1 (1)
[7672:11080:0207/193610.529:INFO:CONSOLE(1)] "console.groupEnd", source: https://s.update.aniview.com/2/1.20.3/main.js?o=1 (1)
[7672:11080:0207/193610.529:INFO:CONSOLE(1)] "console.groupEnd", source: https://s.update.aniview.com/2/1.20.3/main.js?o=1 (1)
[7672:11080:0207/193610.529:INFO:CONSOLE(1)] "console.groupEnd", source: https://s.update.aniview.com/2/1.20.3/main.js?o=1 (1)
[7672:11080:0207/193610.529:INFO:CONSOLE(1)] "console.groupEnd", source: https://s.update.aniview.com/2/1.20.3/main.js?o=1 (1)
[7672:11080:0207/193610.529:INFO:CONSOLE(1)] "console.groupEnd", source: https://s.update.aniview.com/2/1.20.3/main.js?o=1 (1)
[7672:11080:0207/193610.529:INFO:CONSOLE(1)] "console.groupEnd", source: https://s.update.aniview.com/2/1.20.3/main.js?o=1 (1)
[7672:11080:0207/193610.529:INFO:CONSOLE(1)] "console.groupEnd", source: https://s.update.aniview.com/2/1.20.3/main.js?o=1 (1)
[7672:11080:0207/193610.529:INFO:CONSOLE(1)] "console.groupEnd", source: https://s.update.aniview.com/2/1.20.3/main.js?o=1 (1)
[7672:11080:0207/193610.529:INFO:CONSOLE(1)] "console.groupEnd", source: https://s.update.aniview.com/2/1.20.3/main.js?o=1 (1)
[7672:11080:0207/193610.529:INFO:CONSOLE(1)] "console.groupEnd", source: https://s.update.aniview.com/2/1.20.3/main.js?o=1 (1)
[7672:11080:0207/193610.529:INFO:CONSOLE(1)] "console.groupEnd", source: https://s.update.aniview.com/2/1.20.3/main.js?o=1 (1)
[7672:11080:0207/193610.529:INFO:CONSOLE(1)] "console.groupEnd", source: https://s.update.aniview.com/2/1.20.3/main.js?o=1 (1)
[7672:11080:0207/193610.529:INFO:CONSOLE(1)] "console.groupEnd", source: https://s.update.aniview.com/2/1.20.3/main.js?o=1 (1)
[7672:11080:0207/193610.529:INFO:CONSOLE(1)] "console.groupEnd", source: https://s.update.aniview.com/2/1.20.3/main.js?o=1 (1)
[7672:11080:0207/193610.529:INFO:CONSOLE(1)] "console.groupEnd", source: https://s.update.aniview.com/2/1.20.3/main.js?o=1 (1)
[7672:11080:0207/193610.529:INFO:CONSOLE(1)] "console.groupEnd", source: https://s.update.aniview.com/2/1.20.3/main.js?o=1 (1)
[7672:11080:0207/193610.529:INFO:CONSOLE(1)] "console.groupEnd", source: https://s.update.aniview.com/2/1.20.3/main.js?o=1 (1)
[7672:11080:0207/193610.529:INFO:CONSOLE(1)] "console.groupEnd", source: https://s.update.aniview.com/2/1.20.3/main.js?o=1 (1)
[7672:11080:0207/193610.529:INFO:CONSOLE(1)] "console.groupEnd", source: https://s.update.aniview.com/2/1.20.3/main.js?o=1 (1)
[7672:11080:0207/193610.530:INFO:CONSOLE(1)] "console.groupEnd", source: https://s.update.aniview.com/2/1.20.3/main.js?o=1 (1)
[7672:11080:0207/193610.530:INFO:CONSOLE(1)] "console.groupEnd", source: https://s.update.aniview.com/2/1.20.3/main.js?o=1 (1)
[7672:11080:0207/193610.531:INFO:CONSOLE(1)] "console.groupEnd", source: https://s.update.aniview.com/2/1.20.3/main.js?o=1 (1)
[7672:11080:0207/193610.531:INFO:CONSOLE(1)] "console.groupEnd", source: https://s.update.aniview.com/2/1.20.3/main.js?o=1 (1)
[7672:11080:0207/193610.531:INFO:CONSOLE(1)] "console.groupEnd", source: https://s.update.aniview.com/2/1.20.3/main.js?o=1 (1)
[7672:11080:0207/193610.531:INFO:CONSOLE(1)] "console.groupEnd", source: https://s.update.aniview.com/2/1.20.3/main.js?o=1 (1)
[7672:11080:0207/193610.531:INFO:CONSOLE(1)] "console.groupEnd", source: https://s.update.aniview.com/2/1.20.3/main.js?o=1 (1)
[7672:11080:0207/193610.531:INFO:CONSOLE(1)] "console.groupEnd", source: https://s.update.aniview.com/2/1.20.3/main.js?o=1 (1)
[7672:11080:0207/193610.531:INFO:CONSOLE(1)] "console.groupEnd", source: https://s.update.aniview.com/2/1.20.3/main.js?o=1 (1)
[7672:11080:0207/193610.531:INFO:CONSOLE(1)] "console.groupEnd", source: https://s.update.aniview.com/2/1.20.3/main.js?o=1 (1)
[7672:11080:0207/193610.531:INFO:CONSOLE(1)] "console.groupEnd", source: https://s.update.aniview.com/2/1.20.3/main.js?o=1 (1)
[7672:11080:0207/193610.531:INFO:CONSOLE(1)] "console.groupEnd", source: https://s.update.aniview.com/2/1.20.3/main.js?o=1 (1)
[7672:11080:0207/193610.531:INFO:CONSOLE(1)] "console.groupEnd", source: https://s.update.aniview.com/2/1.20.3/main.js?o=1 (1)
[7672:11080:0207/193610.531:INFO:CONSOLE(1)] "console.groupEnd", source: https://s.update.aniview.com/2/1.20.3/main.js?o=1 (1)
[7672:11080:0207/193610.531:INFO:CONSOLE(1)] "console.groupEnd", source: https://s.update.aniview.com/2/1.20.3/main.js?o=1 (1)
[7672:11080:0207/193610.531:INFO:CONSOLE(1)] "console.groupEnd", source: https://s.update.aniview.com/2/1.20.3/main.js?o=1 (1)
[7672:11080:0207/193610.531:INFO:CONSOLE(1)] "console.groupEnd", source: https://s.update.aniview.com/2/1.20.3/main.js?o=1 (1)
[7672:11080:0207/193610.531:INFO:CONSOLE(1)] "console.groupEnd", source: https://s.update.aniview.com/2/1.20.3/main.js?o=1 (1)
[7672:11080:0207/193610.531:INFO:CONSOLE(1)] "console.groupEnd", source: https://s.update.aniview.com/2/1.20.3/main.js?o=1 (1)
[7672:11080:0207/193610.531:INFO:CONSOLE(1)] "console.groupEnd", source: https://s.update.aniview.com/2/1.20.3/main.js?o=1 (1)
[7672:11080:0207/193610.531:INFO:CONSOLE(1)] "console.groupEnd", source: https://s.update.aniview.com/2/1.20.3/main.js?o=1 (1)
[7672:11080:0207/193610.531:INFO:CONSOLE(1)] "console.groupEnd", source: https://s.update.aniview.com/2/1.20.3/main.js?o=1 (1)
[7672:11080:0207/193610.531:INFO:CONSOLE(1)] "console.groupEnd", source: https://s.update.aniview.com/2/1.20.3/main.js?o=1 (1)
[7672:11080:0207/193610.531:INFO:CONSOLE(1)] "console.groupEnd", source: https://s.update.aniview.com/2/1.20.3/main.js?o=1 (1)
[7672:11080:0207/193610.531:INFO:CONSOLE(1)] "console.groupEnd", source: https://s.update.aniview.com/2/1.20.3/main.js?o=1 (1)
[7672:11080:0207/193610.531:INFO:CONSOLE(1)] "console.groupEnd", source: https://s.update.aniview.com/2/1.20.3/main.js?o=1 (1)
[7672:11080:0207/193610.531:INFO:CONSOLE(1)] "console.groupEnd", source: https://s.update.aniview.com/2/1.20.3/main.js?o=1 (1)
[7672:11080:0207/193610.531:INFO:CONSOLE(1)] "console.groupEnd", source: https://s.update.aniview.com/2/1.20.3/main.js?o=1 (1)
[7672:11080:0207/193610.531:INFO:CONSOLE(1)] "console.groupEnd", source: https://s.update.aniview.com/2/1.20.3/main.js?o=1 (1)
[7672:11080:0207/193610.531:INFO:CONSOLE(1)] "console.groupEnd", source: https://s.update.aniview.com/2/1.20.3/main.js?o=1 (1)
[7672:11080:0207/193610.531:INFO:CONSOLE(1)] "console.groupEnd", source: https://s.update.aniview.com/2/1.20.3/main.js?o=1 (1)
[7672:11080:0207/193610.531:INFO:CONSOLE(1)] "console.groupEnd", source: https://s.update.aniview.com/2/1.20.3/main.js?o=1 (1)
[7672:11080:0207/193610.531:INFO:CONSOLE(1)] "console.groupEnd", source: https://s.update.aniview.com/2/1.20.3/main.js?o=1 (1)
[7672:11080:0207/193610.531:INFO:CONSOLE(1)] "console.groupEnd", source: https://s.update.aniview.com/2/1.20.3/main.js?o=1 (1)
[7672:11080:0207/193610.531:INFO:CONSOLE(1)] "console.groupEnd", source: https://s.update.aniview.com/2/1.20.3/main.js?o=1 (1)
[7672:11080:0207/193610.531:INFO:CONSOLE(1)] "console.groupEnd", source: https://s.update.aniview.com/2/1.20.3/main.js?o=1 (1)
[7672:11080:0207/193610.531:INFO:CONSOLE(1)] "console.groupEnd", source: https://s.update.aniview.com/2/1.20.3/main.js?o=1 (1)
[7672:11080:0207/193610.531:INFO:CONSOLE(1)] "console.groupEnd", source: https://s.update.aniview.com/2/1.20.3/main.js?o=1 (1)
[7672:11080:0207/193610.531:INFO:CONSOLE(1)] "console.groupEnd", source: https://s.update.aniview.com/2/1.20.3/main.js?o=1 (1)
[7672:11080:0207/193610.531:INFO:CONSOLE(1)] "console.groupEnd", source: https://s.update.aniview.com/2/1.20.3/main.js?o=1 (1)
[7672:11080:0207/193610.531:INFO:CONSOLE(1)] "console.groupEnd", source: https://s.update.aniview.com/2/1.20.3/main.js?o=1 (1)
[7672:11080:0207/193610.531:INFO:CONSOLE(1)] "console.groupEnd", source: https://s.update.aniview.com/2/1.20.3/main.js?o=1 (1)
[7672:11080:0207/193610.532:INFO:CONSOLE(1)] "console.groupEnd", source: https://s.update.aniview.com/2/1.20.3/main.js?o=1 (1)
[7672:11080:0207/193610.532:INFO:CONSOLE(1)] "console.groupEnd", source: https://s.update.aniview.com/2/1.20.3/main.js?o=1 (1)
[7672:11080:0207/193610.533:INFO:CONSOLE(1)] "console.groupEnd", source: https://s.update.aniview.com/2/1.20.3/main.js?o=1 (1)
[7672:11080:0207/193610.533:INFO:CONSOLE(1)] "console.groupEnd", source: https://s.update.aniview.com/2/1.20.3/main.js?o=1 (1)
[7672:11080:0207/193610.533:INFO:CONSOLE(1)] "console.groupEnd", source: https://s.update.aniview.com/2/1.20.3/main.js?o=1 (1)
[7672:11080:0207/193610.533:INFO:CONSOLE(1)] "console.groupEnd", source: https://s.update.aniview.com/2/1.20.3/main.js?o=1 (1)
[7672:11080:0207/193610.533:INFO:CONSOLE(1)] "console.groupEnd", source: https://s.update.aniview.com/2/1.20.3/main.js?o=1 (1)
[7672:11080:0207/193610.533:INFO:CONSOLE(1)] "console.groupEnd", source: https://s.update.aniview.com/2/1.20.3/main.js?o=1 (1)
[7672:11080:0207/193610.533:INFO:CONSOLE(1)] "console.groupEnd", source: https://s.update.aniview.com/2/1.20.3/main.js?o=1 (1)
[7672:11080:0207/193610.533:INFO:CONSOLE(1)] "console.groupEnd", source: https://s.update.aniview.com/2/1.20.3/main.js?o=1 (1)
[7672:11080:0207/193610.533:INFO:CONSOLE(1)] "console.groupEnd", source: https://s.update.aniview.com/2/1.20.3/main.js?o=1 (1)
[7672:11080:0207/193610.533:INFO:CONSOLE(1)] "console.groupEnd", source: https://s.update.aniview.com/2/1.20.3/main.js?o=1 (1)
[7672:11080:0207/193610.533:INFO:CONSOLE(1)] "console.groupEnd", source: https://s.update.aniview.com/2/1.20.3/main.js?o=1 (1)
[7672:11080:0207/193610.533:INFO:CONSOLE(1)] "console.groupEnd", source: https://s.update.aniview.com/2/1.20.3/main.js?o=1 (1)
[7672:11080:0207/193610.533:INFO:CONSOLE(1)] "console.groupEnd", source: https://s.update.aniview.com/2/1.20.3/main.js?o=1 (1)
[7672:11080:0207/193610.533:INFO:CONSOLE(1)] "console.groupEnd", source: https://s.update.aniview.com/2/1.20.3/main.js?o=1 (1)
[7672:11080:0207/193610.533:INFO:CONSOLE(1)] "console.groupEnd", source: https://s.update.aniview.com/2/1.20.3/main.js?o=1 (1)
[7672:11080:0207/193610.533:INFO:CONSOLE(1)] "console.groupEnd", source: https://s.update.aniview.com/2/1.20.3/main.js?o=1 (1)
[7672:11080:0207/193610.533:INFO:CONSOLE(1)] "console.groupEnd", source: https://s.update.aniview.com/2/1.20.3/main.js?o=1 (1)
[7672:11080:0207/193610.533:INFO:CONSOLE(1)] "console.groupEnd", source: https://s.update.aniview.com/2/1.20.3/main.js?o=1 (1)
[7672:11080:0207/193610.533:INFO:CONSOLE(1)] "console.groupEnd", source: https://s.update.aniview.com/2/1.20.3/main.js?o=1 (1)
[7672:11080:0207/193610.533:INFO:CONSOLE(1)] "console.groupEnd", source: https://s.update.aniview.com/2/1.20.3/main.js?o=1 (1)
[7672:11080:0207/193610.533:INFO:CONSOLE(1)] "console.groupEnd", source: https://s.update.aniview.com/2/1.20.3/main.js?o=1 (1)
[7672:11080:0207/193610.533:INFO:CONSOLE(1)] "console.groupEnd", source: https://s.update.aniview.com/2/1.20.3/main.js?o=1 (1)
[7672:11080:0207/193610.533:INFO:CONSOLE(1)] "console.groupEnd", source: https://s.update.aniview.com/2/1.20.3/main.js?o=1 (1)
[7672:11080:0207/193610.533:INFO:CONSOLE(1)] "console.groupEnd", source: https://s.update.aniview.com/2/1.20.3/main.js?o=1 (1)
[7672:11080:0207/193610.533:INFO:CONSOLE(1)] "console.groupEnd", source: https://s.update.aniview.com/2/1.20.3/main.js?o=1 (1)
[7672:11080:0207/193610.533:INFO:CONSOLE(1)] "console.groupEnd", source: https://s.update.aniview.com/2/1.20.3/main.js?o=1 (1)
[7672:11080:0207/193610.533:INFO:CONSOLE(1)] "console.groupEnd", source: https://s.update.aniview.com/2/1.20.3/main.js?o=1 (1)
[7672:11080:0207/193610.533:INFO:CONSOLE(1)] "console.groupEnd", source: https://s.update.aniview.com/2/1.20.3/main.js?o=1 (1)
[7672:11080:0207/193610.533:INFO:CONSOLE(1)] "console.groupEnd", source: https://s.update.aniview.com/2/1.20.3/main.js?o=1 (1)
[7672:11080:0207/193610.533:INFO:CONSOLE(1)] "console.groupEnd", source: https://s.update.aniview.com/2/1.20.3/main.js?o=1 (1)
[7672:11080:0207/193610.533:INFO:CONSOLE(1)] "console.groupEnd", source: https://s.update.aniview.com/2/1.20.3/main.js?o=1 (1)
[7672:11080:0207/193610.533:INFO:CONSOLE(1)] "console.groupEnd", source: https://s.update.aniview.com/2/1.20.3/main.js?o=1 (1)
[7672:11080:0207/193610.533:INFO:CONSOLE(1)] "console.groupEnd", source: https://s.update.aniview.com/2/1.20.3/main.js?o=1 (1)
[7672:11080:0207/193610.533:INFO:CONSOLE(1)] "console.groupEnd", source: https://s.update.aniview.com/2/1.20.3/main.js?o=1 (1)
[7672:11080:0207/193610.533:INFO:CONSOLE(1)] "console.groupEnd", source: https://s.update.aniview.com/2/1.20.3/main.js?o=1 (1)
[7672:11080:0207/193610.533:INFO:CONSOLE(1)] "console.groupEnd", source: https://s.update.aniview.com/2/1.20.3/main.js?o=1 (1)
[7672:11080:0207/193610.533:INFO:CONSOLE(1)] "console.groupEnd", source: https://s.update.aniview.com/2/1.20.3/main.js?o=1 (1)
[7672:11080:0207/193610.533:INFO:CONSOLE(1)] "console.groupEnd", source: https://s.update.aniview.com/2/1.20.3/main.js?o=1 (1)
[7672:11080:0207/193610.534:INFO:CONSOLE(1)] "console.groupEnd", source: https://s.update.aniview.com/2/1.20.3/main.js?o=1 (1)
[7672:11080:0207/193610.535:INFO:CONSOLE(1)] "console.groupEnd", source: https://s.update.aniview.com/2/1.20.3/main.js?o=1 (1)
[7672:11080:0207/193610.535:INFO:CONSOLE(1)] "console.groupEnd", source: https://s.update.aniview.com/2/1.20.3/main.js?o=1 (1)
[7672:11080:0207/193610.535:INFO:CONSOLE(1)] "console.groupEnd", source: https://s.update.aniview.com/2/1.20.3/main.js?o=1 (1)
[7672:11080:0207/193610.535:INFO:CONSOLE(1)] "console.groupEnd", source: https://s.update.aniview.com/2/1.20.3/main.js?o=1 (1)
[7672:11080:0207/193610.535:INFO:CONSOLE(1)] "console.groupEnd", source: https://s.update.aniview.com/2/1.20.3/main.js?o=1 (1)
[7672:11080:0207/193610.535:INFO:CONSOLE(1)] "console.groupEnd", source: https://s.update.aniview.com/2/1.20.3/main.js?o=1 (1)
[7672:11080:0207/193610.535:INFO:CONSOLE(1)] "console.groupEnd", source: https://s.update.aniview.com/2/1.20.3/main.js?o=1 (1)
[7672:11080:0207/193610.535:INFO:CONSOLE(1)] "console.groupEnd", source: https://s.update.aniview.com/2/1.20.3/main.js?o=1 (1)
[7672:11080:0207/193610.535:INFO:CONSOLE(1)] "console.groupEnd", source: https://s.update.aniview.com/2/1.20.3/main.js?o=1 (1)
[7672:11080:0207/193610.535:INFO:CONSOLE(1)] "console.groupEnd", source: https://s.update.aniview.com/2/1.20.3/main.js?o=1 (1)
[7672:11080:0207/193610.535:INFO:CONSOLE(1)] "console.groupEnd", source: https://s.update.aniview.com/2/1.20.3/main.js?o=1 (1)
[7672:11080:0207/193610.535:INFO:CONSOLE(1)] "console.groupEnd", source: https://s.update.aniview.com/2/1.20.3/main.js?o=1 (1)
[7672:11080:0207/193610.535:INFO:CONSOLE(1)] "console.groupEnd", source: https://s.update.aniview.com/2/1.20.3/main.js?o=1 (1)
[7672:11080:0207/193610.535:INFO:CONSOLE(1)] "console.groupEnd", source: https://s.update.aniview.com/2/1.20.3/main.js?o=1 (1)
[7672:11080:0207/193610.535:INFO:CONSOLE(1)] "console.groupEnd", source: https://s.update.aniview.com/2/1.20.3/main.js?o=1 (1)
[7672:11080:0207/193610.535:INFO:CONSOLE(1)] "console.groupEnd", source: https://s.update.aniview.com/2/1.20.3/main.js?o=1 (1)
[7672:11080:0207/193610.535:INFO:CONSOLE(1)] "console.groupEnd", source: https://s.update.aniview.com/2/1.20.3/main.js?o=1 (1)
[7672:11080:0207/193610.535:INFO:CONSOLE(1)] "console.groupEnd", source: https://s.update.aniview.com/2/1.20.3/main.js?o=1 (1)
[7672:11080:0207/193610.535:INFO:CONSOLE(1)] "console.groupEnd", source: https://s.update.aniview.com/2/1.20.3/main.js?o=1 (1)
[7672:11080:0207/193610.535:INFO:CONSOLE(1)] "console.groupEnd", source: https://s.update.aniview.com/2/1.20.3/main.js?o=1 (1)
[7672:11080:0207/193610.535:INFO:CONSOLE(1)] "console.groupEnd", source: https://s.update.aniview.com/2/1.20.3/main.js?o=1 (1)
[7672:11080:0207/193610.535:INFO:CONSOLE(1)] "console.groupEnd", source: https://s.update.aniview.com/2/1.20.3/main.js?o=1 (1)
[7672:11080:0207/193610.535:INFO:CONSOLE(1)] "console.groupEnd", source: https://s.update.aniview.com/2/1.20.3/main.js?o=1 (1)
[7672:11080:0207/193610.535:INFO:CONSOLE(1)] "console.groupEnd", source: https://s.update.aniview.com/2/1.20.3/main.js?o=1 (1)
[7672:11080:0207/193610.535:INFO:CONSOLE(1)] "console.groupEnd", source: https://s.update.aniview.com/2/1.20.3/main.js?o=1 (1)
[7672:11080:0207/193610.535:INFO:CONSOLE(1)] "console.groupEnd", source: https://s.update.aniview.com/2/1.20.3/main.js?o=1 (1)
[7672:11080:0207/193610.535:INFO:CONSOLE(1)] "console.groupEnd", source: https://s.update.aniview.com/2/1.20.3/main.js?o=1 (1)
[7672:11080:0207/193610.535:INFO:CONSOLE(1)] "console.groupEnd", source: https://s.update.aniview.com/2/1.20.3/main.js?o=1 (1)
[7672:11080:0207/193610.535:INFO:CONSOLE(1)] "console.groupEnd", source: https://s.update.aniview.com/2/1.20.3/main.js?o=1 (1)
[7672:11080:0207/193610.535:INFO:CONSOLE(1)] "console.groupEnd", source: https://s.update.aniview.com/2/1.20.3/main.js?o=1 (1)
[7672:11080:0207/193610.535:INFO:CONSOLE(1)] "console.groupEnd", source: https://s.update.aniview.com/2/1.20.3/main.js?o=1 (1)
[7672:11080:0207/193610.535:INFO:CONSOLE(1)] "console.groupEnd", source: https://s.update.aniview.com/2/1.20.3/main.js?o=1 (1)
[7672:11080:0207/193610.535:INFO:CONSOLE(1)] "console.groupEnd", source: https://s.update.aniview.com/2/1.20.3/main.js?o=1 (1)
[7672:11080:0207/193610.535:INFO:CONSOLE(1)] "console.groupEnd", source: https://s.update.aniview.com/2/1.20.3/main.js?o=1 (1)
[7672:11080:0207/193610.535:INFO:CONSOLE(1)] "console.groupEnd", source: https://s.update.aniview.com/2/1.20.3/main.js?o=1 (1)
[7672:11080:0207/193610.535:INFO:CONSOLE(1)] "console.groupEnd", source: https://s.update.aniview.com/2/1.20.3/main.js?o=1 (1)
[7672:11080:0207/193610.535:INFO:CONSOLE(1)] "console.groupEnd", source: https://s.update.aniview.com/2/1.20.3/main.js?o=1 (1)
[7672:11080:0207/193610.535:INFO:CONSOLE(1)] "console.groupEnd", source: https://s.update.aniview.com/2/1.20.3/main.js?o=1 (1)
[7672:11080:0207/193623.766:INFO:CONSOLE(4)] "VIDEOJS: WARN: Player "vjs-video-js" is already initialised. Options will not be applied.", source: https://playnano.online/assets/external/videojs.min-1ebeed346d02236b161e0140429ab4b7ce027f786ba49ea4cb6fa9ebb2736793.js (4)
[7672:11080:0207/193624.221:INFO:CONSOLE(69)] "Uncaught ReferenceError: _qevents is not defined", source: https://bdv.bidvertiser.com/BidVertiser.dbm?pid=883108&bid=2049660&RD=2409561089273&DIF=1&bd_ref_v=playnano.online&tref=1&win_name=null&docref=https%3A%2F%2Fplaynano.online%2Fwatch-an&jsrand=2409561089273&js1loc=-&loctitle=watch%20%26%20learn (69)
[7672:11080:0207/193626.026:INFO:CONSOLE(1)] "'window.webkitStorageInfo' is deprecated. Please use 'navigator.webkitTemporaryStorage' or 'navigator.webkitPersistentStorage' instead.", source: https://static.lalaping.com/online.js?ver=2.0.0 (1)
[7672:11080:0207/193626.653:INFO:CONSOLE(61)] "19:36:26,652 com.stickyadstv.utils.Browser GDPR 2.0 - TCFAPI function cannot be found. _fw_gdpr: null, _fw_gdpr_consent: null", source: https://cdn.stickyadstv.com/mustang/vpaid-adapter.min.js (61)
[7672:11080:0207/193633.338:INFO:CONSOLE(32)] "a: 0.0009765625 ms", source: https://static.adsafeprotected.com/sca.17.4.114.js (32)
[7672:11080:0207/193638.736:INFO:CONSOLE(61)] "19:36:38,736 com.stickyadstv.utils.Browser GDPR 2.0 - TCFAPI function cannot be found. _fw_gdpr: null, _fw_gdpr_consent: null", source: https://cdn.stickyadstv.com/mustang/vpaid-adapter.min.js (61)
[7672:11080:0207/193649.492:INFO:CONSOLE(4)] "VIDEOJS: WARN: Player "vjs-video-js" is already initialised. Options will not be applied.", source: https://playnano.online/assets/external/videojs.min-1ebeed346d02236b161e0140429ab4b7ce027f786ba49ea4cb6fa9ebb2736793.js (4)
[7672:11080:0207/193649.937:INFO:CONSOLE(69)] "Uncaught ReferenceError: _qevents is not defined", source: https://bdv.bidvertiser.com/BidVertiser.dbm?pid=883108&bid=2049660&RD=3883590165955&DIF=1&bd_ref_v=playnano.online&tref=1&win_name=null&docref=https%3A%2F%2Fplaynano.online%2Fwatch-an&jsrand=3883590165955&js1loc=-&loctitle=play%20nano (69)
[7672:11080:0207/193652.686:INFO:CONSOLE(1)] "'window.webkitStorageInfo' is deprecated. Please use 'navigator.webkitTemporaryStorage' or 'navigator.webkitPersistentStorage' instead.", source: https://static.lalaping.com/online.js?ver=2.0.0 (1)
[7672:11080:0207/193654.226:INFO:CONSOLE(61)] "19:36:54,226 com.stickyadstv.utils.Browser GDPR 2.0 - TCFAPI function cannot be found. _fw_gdpr: null, _fw_gdpr_consent: null", source: https://cdn.stickyadstv.com/mustang/vpaid-adapter.min.js (61)
[7672:11080:0207/193704.033:INFO:CONSOLE(61)] "19:37:04,033 com.stickyadstv.utils.Browser GDPR 2.0 - TCFAPI function cannot be found. _fw_gdpr: null, _fw_gdpr_consent: null", source: https://cdn.stickyadstv.com/mustang/vpaid-adapter.min.js (61)
[7672:11080:0207/193716.528:INFO:CONSOLE(4)] "VIDEOJS: WARN: Player "vjs-video-js" is already initialised. Options will not be applied.", source: https://playnano.online/assets/external/videojs.min-1ebeed346d02236b161e0140429ab4b7ce027f786ba49ea4cb6fa9ebb2736793.js (4)
[7672:11080:0207/193717.326:INFO:CONSOLE(69)] "Uncaught ReferenceError: _qevents is not defined", source: https://bdv.bidvertiser.com/BidVertiser.dbm?pid=883108&bid=2049660&RD=2816153839798&DIF=1&bd_ref_v=playnano.online&tref=1&win_name=null&docref=https%3A%2F%2Fplaynano.online%2Fwatch-an&jsrand=2816153839798&js1loc=-&loctitle=playnano (69)
[7672:11080:0207/193721.531:INFO:CONSOLE(4)] "VIDEOJS: ERROR: videojs-contrib-ads has not seen a loadstart event 5 seconds after being initialized, but a source is present. This indicates that videojs-contrib-ads was initialized too late. It must be initialized immediately after video.js in the same tick. As a result, some ads will not play and some media events will be incorrect. For more information, see https://github.com/videojs/videojs-contrib-ads#important-note-about-initialization", source: https://playnano.online/assets/external/videojs.min-1ebeed346d02236b161e0140429ab4b7ce027f786ba49ea4cb6fa9ebb2736793.js (4)
[7672:11080:0207/193724.311:INFO:CONSOLE(61)] "19:37:24,311 com.stickyadstv.utils.Browser GDPR 2.0 - TCFAPI function cannot be found. _fw_gdpr: null, _fw_gdpr_consent: null", source: https://cdn.stickyadstv.com/mustang/vpaid-adapter.min.js (61)
[7672:11080:0207/193733.763:INFO:CONSOLE(61)] "19:37:33,763 com.stickyadstv.utils.Browser GDPR 2.0 - TCFAPI function cannot be found. _fw_gdpr: null, _fw_gdpr_consent: null", source: https://cdn.stickyadstv.com/mustang/vpaid-adapter.min.js (61)
[7672:11080:0207/193744.511:INFO:CONSOLE(1)] "Uncaught (in promise) TypeError: The element or ID supplied is not valid. (videojs)", source: https://playnano.online/assets/external/videojs.min-1ebeed346d02236b161e0140429ab4b7ce027f786ba49ea4cb6fa9ebb2736793.js (1)
[7672:11080:0207/193747.960:INFO:CONSOLE(1)] "'window.webkitStorageInfo' is deprecated. Please use 'navigator.webkitTemporaryStorage' or 'navigator.webkitPersistentStorage' instead.", source: https://static.lalaping.com/online.js?ver=2.0.0 (1)
[7672:11080:0207/193813.522:INFO:CONSOLE(4)] "VIDEOJS: WARN: Player "vjs-video-js" is already initialised. Options will not be applied.", source: https://playnano.online/assets/external/videojs.min-1ebeed346d02236b161e0140429ab4b7ce027f786ba49ea4cb6fa9ebb2736793.js (4)
[7672:11080:0207/193818.524:INFO:CONSOLE(4)] "VIDEOJS: ERROR: videojs-contrib-ads has not seen a loadstart event 5 seconds after being initialized, but a source is present. This indicates that videojs-contrib-ads was initialized too late. It must be initialized immediately after video.js in the same tick. As a result, some ads will not play and some media events will be incorrect. For more information, see https://github.com/videojs/videojs-contrib-ads#important-note-about-initialization", source: https://playnano.online/assets/external/videojs.min-1ebeed346d02236b161e0140429ab4b7ce027f786ba49ea4cb6fa9ebb2736793.js (4)
[7672:11080:0207/193819.926:INFO:CONSOLE(61)] "19:38:19,926 com.stickyadstv.utils.Browser GDPR 2.0 - TCFAPI function cannot be found. _fw_gdpr: null, _fw_gdpr_consent: null", source: https://cdn.stickyadstv.com/mustang/vpaid-adapter.min.js (61)
[7672:11080:0207/193829.631:INFO:CONSOLE(61)] "19:38:29,631 com.stickyadstv.utils.Browser GDPR 2.0 - TCFAPI function cannot be found. _fw_gdpr: null, _fw_gdpr_consent: null", source: https://cdn.stickyadstv.com/mustang/vpaid-adapter.min.js (61)
[7672:11080:0207/193840.525:INFO:CONSOLE(4)] "VIDEOJS: WARN: Player "vjs-video-js" is already initialised. Options will not be applied.", source: https://playnano.online/assets/external/videojs.min-1ebeed346d02236b161e0140429ab4b7ce027f786ba49ea4cb6fa9ebb2736793.js (4)
[7672:11080:0207/193841.218:INFO:CONSOLE(69)] "Uncaught ReferenceError: _qevents is not defined", source: https://bdv.bidvertiser.com/BidVertiser.dbm?pid=883108&bid=2049660&RD=3140541167703&DIF=1&bd_ref_v=playnano.online&tref=1&win_name=null&docref=https%3A%2F%2Fplaynano.online%2Fwatch-an&jsrand=3140541167703&js1loc=-&loctitle=play%20nano (69)
[7672:11080:0207/193843.958:INFO:CONSOLE(61)] "19:38:43,958 com.stickyadstv.utils.Browser GDPR 2.0 - TCFAPI function cannot be found. _fw_gdpr: null, _fw_gdpr_consent: null", source: https://cdn.stickyadstv.com/mustang/vpaid-adapter.min.js (61)
[7672:11080:0207/193845.528:INFO:CONSOLE(4)] "VIDEOJS: ERROR: videojs-contrib-ads has not seen a loadstart event 5 seconds after being initialized, but a source is present. This indicates that videojs-contrib-ads was initialized too late. It must be initialized immediately after video.js in the same tick. As a result, some ads will not play and some media events will be incorrect. For more information, see https://github.com/videojs/videojs-contrib-ads#important-note-about-initialization", source: https://playnano.online/assets/external/videojs.min-1ebeed346d02236b161e0140429ab4b7ce027f786ba49ea4cb6fa9ebb2736793.js (4)
[7672:11080:0207/193852.061:INFO:CONSOLE(32)] "a: 0.0009765625 ms", source: https://static.adsafeprotected.com/sca.17.4.114.js (32)
[7672:11080:0207/193853.374:INFO:CONSOLE(1)] "console.groupEnd", source: https://s.update.aniview.com/2/1.20.3/main.js?o=1 (1)
[7672:11080:0207/193853.374:INFO:CONSOLE(1)] "console.groupEnd", source: https://s.update.aniview.com/2/1.20.3/main.js?o=1 (1)
[7672:11080:0207/193853.374:INFO:CONSOLE(1)] "console.groupEnd", source: https://s.update.aniview.com/2/1.20.3/main.js?o=1 (1)
[7672:11080:0207/193853.374:INFO:CONSOLE(1)] "console.groupEnd", source: https://s.update.aniview.com/2/1.20.3/main.js?o=1 (1)
[7672:11080:0207/193853.375:INFO:CONSOLE(1)] "console.groupEnd", source: https://s.update.aniview.com/2/1.20.3/main.js?o=1 (1)
[7672:11080:0207/193853.375:INFO:CONSOLE(1)] "console.groupEnd", source: https://s.update.aniview.com/2/1.20.3/main.js?o=1 (1)
[7672:11080:0207/193853.375:INFO:CONSOLE(1)] "console.groupEnd", source: https://s.update.aniview.com/2/1.20.3/main.js?o=1 (1)
[7672:11080:0207/193853.375:INFO:CONSOLE(1)] "console.groupEnd", source: https://s.update.aniview.com/2/1.20.3/main.js?o=1 (1)
[7672:11080:0207/193853.375:INFO:CONSOLE(1)] "console.groupEnd", source: https://s.update.aniview.com/2/1.20.3/main.js?o=1 (1)
[7672:11080:0207/193853.375:INFO:CONSOLE(1)] "console.groupEnd", source: https://s.update.aniview.com/2/1.20.3/main.js?o=1 (1)
[7672:11080:0207/193853.375:INFO:CONSOLE(1)] "console.groupEnd", source: https://s.update.aniview.com/2/1.20.3/main.js?o=1 (1)
[7672:11080:0207/193853.375:INFO:CONSOLE(1)] "console.groupEnd", source: https://s.update.aniview.com/2/1.20.3/main.js?o=1 (1)
[7672:11080:0207/193853.375:INFO:CONSOLE(1)] "console.groupEnd", source: https://s.update.aniview.com/2/1.20.3/main.js?o=1 (1)
[7672:11080:0207/193853.375:INFO:CONSOLE(1)] "console.groupEnd", source: https://s.update.aniview.com/2/1.20.3/main.js?o=1 (1)
[7672:11080:0207/193853.375:INFO:CONSOLE(1)] "console.groupEnd", source: https://s.update.aniview.com/2/1.20.3/main.js?o=1 (1)
[7672:11080:0207/193853.375:INFO:CONSOLE(1)] "console.groupEnd", source: https://s.update.aniview.com/2/1.20.3/main.js?o=1 (1)
[7672:11080:0207/193853.375:INFO:CONSOLE(1)] "console.groupEnd", source: https://s.update.aniview.com/2/1.20.3/main.js?o=1 (1)
[7672:11080:0207/193853.375:INFO:CONSOLE(1)] "console.groupEnd", source: https://s.update.aniview.com/2/1.20.3/main.js?o=1 (1)
[7672:11080:0207/193853.375:INFO:CONSOLE(1)] "console.groupEnd", source: https://s.update.aniview.com/2/1.20.3/main.js?o=1 (1)
[7672:11080:0207/193853.375:INFO:CONSOLE(1)] "console.groupEnd", source: https://s.update.aniview.com/2/1.20.3/main.js?o=1 (1)
[7672:11080:0207/193853.375:INFO:CONSOLE(1)] "console.groupEnd", source: https://s.update.aniview.com/2/1.20.3/main.js?o=1 (1)
[7672:11080:0207/193853.375:INFO:CONSOLE(1)] "console.groupEnd", source: https://s.update.aniview.com/2/1.20.3/main.js?o=1 (1)
[7672:11080:0207/193853.375:INFO:CONSOLE(1)] "console.groupEnd", source: https://s.update.aniview.com/2/1.20.3/main.js?o=1 (1)
[7672:11080:0207/193853.375:INFO:CONSOLE(1)] "console.groupEnd", source: https://s.update.aniview.com/2/1.20.3/main.js?o=1 (1)
[7672:11080:0207/193853.375:INFO:CONSOLE(1)] "console.groupEnd", source: https://s.update.aniview.com/2/1.20.3/main.js?o=1 (1)
[7672:11080:0207/193853.375:INFO:CONSOLE(1)] "console.groupEnd", source: https://s.update.aniview.com/2/1.20.3/main.js?o=1 (1)
[7672:11080:0207/193853.375:INFO:CONSOLE(1)] "console.groupEnd", source: https://s.update.aniview.com/2/1.20.3/main.js?o=1 (1)
[7672:11080:0207/193853.375:INFO:CONSOLE(1)] "console.groupEnd", source: https://s.update.aniview.com/2/1.20.3/main.js?o=1 (1)
[7672:11080:0207/193853.375:INFO:CONSOLE(1)] "console.groupEnd", source: https://s.update.aniview.com/2/1.20.3/main.js?o=1 (1)
[7672:11080:0207/193853.375:INFO:CONSOLE(1)] "console.groupEnd", source: https://s.update.aniview.com/2/1.20.3/main.js?o=1 (1)
[7672:11080:0207/193853.375:INFO:CONSOLE(1)] "console.groupEnd", source: https://s.update.aniview.com/2/1.20.3/main.js?o=1 (1)
[7672:11080:0207/193853.375:INFO:CONSOLE(1)] "console.groupEnd", source: https://s.update.aniview.com/2/1.20.3/main.js?o=1 (1)
[7672:11080:0207/193853.375:INFO:CONSOLE(1)] "console.groupEnd", source: https://s.update.aniview.com/2/1.20.3/main.js?o=1 (1)
[7672:11080:0207/193853.375:INFO:CONSOLE(1)] "console.groupEnd", source: https://s.update.aniview.com/2/1.20.3/main.js?o=1 (1)
[7672:11080:0207/193853.375:INFO:CONSOLE(1)] "console.groupEnd", source: https://s.update.aniview.com/2/1.20.3/main.js?o=1 (1)
[7672:11080:0207/193853.375:INFO:CONSOLE(1)] "console.groupEnd", source: https://s.update.aniview.com/2/1.20.3/main.js?o=1 (1)
[7672:11080:0207/193853.375:INFO:CONSOLE(1)] "console.groupEnd", source: https://s.update.aniview.com/2/1.20.3/main.js?o=1 (1)
[7672:11080:0207/193853.375:INFO:CONSOLE(1)] "console.groupEnd", source: https://s.update.aniview.com/2/1.20.3/main.js?o=1 (1)
[7672:11080:0207/193853.375:INFO:CONSOLE(1)] "console.groupEnd", source: https://s.update.aniview.com/2/1.20.3/main.js?o=1 (1)
[7672:11080:0207/193853.376:INFO:CONSOLE(1)] "console.groupEnd", source: https://s.update.aniview.com/2/1.20.3/main.js?o=1 (1)
[7672:11080:0207/193853.376:INFO:CONSOLE(1)] "console.groupEnd", source: https://s.update.aniview.com/2/1.20.3/main.js?o=1 (1)
[7672:11080:0207/193853.376:INFO:CONSOLE(1)] "console.groupEnd", source: https://s.update.aniview.com/2/1.20.3/main.js?o=1 (1)
[7672:11080:0207/193853.376:INFO:CONSOLE(1)] "console.groupEnd", source: https://s.update.aniview.com/2/1.20.3/main.js?o=1 (1)
[7672:11080:0207/193853.376:INFO:CONSOLE(1)] "console.groupEnd", source: https://s.update.aniview.com/2/1.20.3/main.js?o=1 (1)
[7672:11080:0207/193853.376:INFO:CONSOLE(1)] "console.groupEnd", source: https://s.update.aniview.com/2/1.20.3/main.js?o=1 (1)
[7672:11080:0207/193853.376:INFO:CONSOLE(1)] "console.groupEnd", source: https://s.update.aniview.com/2/1.20.3/main.js?o=1 (1)
[7672:11080:0207/193853.376:INFO:CONSOLE(1)] "console.groupEnd", source: https://s.update.aniview.com/2/1.20.3/main.js?o=1 (1)
[7672:11080:0207/193853.376:INFO:CONSOLE(1)] "console.groupEnd", source: https://s.update.aniview.com/2/1.20.3/main.js?o=1 (1)
[7672:11080:0207/193853.376:INFO:CONSOLE(1)] "console.groupEnd", source: https://s.update.aniview.com/2/1.20.3/main.js?o=1 (1)
[7672:11080:0207/193853.377:INFO:CONSOLE(1)] "console.groupEnd", source: https://s.update.aniview.com/2/1.20.3/main.js?o=1 (1)
[7672:11080:0207/193853.377:INFO:CONSOLE(1)] "console.groupEnd", source: https://s.update.aniview.com/2/1.20.3/main.js?o=1 (1)
[7672:11080:0207/193853.377:INFO:CONSOLE(1)] "console.groupEnd", source: https://s.update.aniview.com/2/1.20.3/main.js?o=1 (1)
[7672:11080:0207/193853.377:INFO:CONSOLE(1)] "console.groupEnd", source: https://s.update.aniview.com/2/1.20.3/main.js?o=1 (1)
[7672:11080:0207/193853.377:INFO:CONSOLE(1)] "console.groupEnd", source: https://s.update.aniview.com/2/1.20.3/main.js?o=1 (1)
[7672:11080:0207/193853.377:INFO:CONSOLE(1)] "console.groupEnd", source: https://s.update.aniview.com/2/1.20.3/main.js?o=1 (1)
[7672:11080:0207/193853.377:INFO:CONSOLE(1)] "console.groupEnd", source: https://s.update.aniview.com/2/1.20.3/main.js?o=1 (1)
[7672:11080:0207/193853.377:INFO:CONSOLE(1)] "console.groupEnd", source: https://s.update.aniview.com/2/1.20.3/main.js?o=1 (1)
[7672:11080:0207/193853.377:INFO:CONSOLE(1)] "console.groupEnd", source: https://s.update.aniview.com/2/1.20.3/main.js?o=1 (1)
[7672:11080:0207/193853.377:INFO:CONSOLE(1)] "console.groupEnd", source: https://s.update.aniview.com/2/1.20.3/main.js?o=1 (1)
[7672:11080:0207/193853.377:INFO:CONSOLE(1)] "console.groupEnd", source: https://s.update.aniview.com/2/1.20.3/main.js?o=1 (1)
[7672:11080:0207/193853.377:INFO:CONSOLE(1)] "console.groupEnd", source: https://s.update.aniview.com/2/1.20.3/main.js?o=1 (1)
[7672:11080:0207/193853.377:INFO:CONSOLE(1)] "console.groupEnd", source: https://s.update.aniview.com/2/1.20.3/main.js?o=1 (1)
[7672:11080:0207/193853.377:INFO:CONSOLE(1)] "console.groupEnd", source: https://s.update.aniview.com/2/1.20.3/main.js?o=1 (1)
[7672:11080:0207/193853.377:INFO:CONSOLE(1)] "console.groupEnd", source: https://s.update.aniview.com/2/1.20.3/main.js?o=1 (1)
[7672:11080:0207/193853.377:INFO:CONSOLE(1)] "console.groupEnd", source: https://s.update.aniview.com/2/1.20.3/main.js?o=1 (1)
[7672:11080:0207/193853.377:INFO:CONSOLE(1)] "console.groupEnd", source: https://s.update.aniview.com/2/1.20.3/main.js?o=1 (1)
[7672:11080:0207/193853.377:INFO:CONSOLE(1)] "console.groupEnd", source: https://s.update.aniview.com/2/1.20.3/main.js?o=1 (1)
[7672:11080:0207/193853.377:INFO:CONSOLE(1)] "console.groupEnd", source: https://s.update.aniview.com/2/1.20.3/main.js?o=1 (1)
[7672:11080:0207/193853.377:INFO:CONSOLE(1)] "console.groupEnd", source: https://s.update.aniview.com/2/1.20.3/main.js?o=1 (1)
[7672:11080:0207/193853.377:INFO:CONSOLE(1)] "console.groupEnd", source: https://s.update.aniview.com/2/1.20.3/main.js?o=1 (1)
[7672:11080:0207/193853.377:INFO:CONSOLE(1)] "console.groupEnd", source: https://s.update.aniview.com/2/1.20.3/main.js?o=1 (1)
[7672:11080:0207/193853.377:INFO:CONSOLE(1)] "console.groupEnd", source: https://s.update.aniview.com/2/1.20.3/main.js?o=1 (1)
[7672:11080:0207/193853.377:INFO:CONSOLE(1)] "console.groupEnd", source: https://s.update.aniview.com/2/1.20.3/main.js?o=1 (1)
[7672:11080:0207/193853.377:INFO:CONSOLE(1)] "console.groupEnd", source: https://s.update.aniview.com/2/1.20.3/main.js?o=1 (1)
[7672:11080:0207/193853.377:INFO:CONSOLE(1)] "console.groupEnd", source: https://s.update.aniview.com/2/1.20.3/main.js?o=1 (1)
[7672:11080:0207/193853.377:INFO:CONSOLE(1)] "console.groupEnd", source: https://s.update.aniview.com/2/1.20.3/main.js?o=1 (1)
[7672:11080:0207/193853.377:INFO:CONSOLE(1)] "console.groupEnd", source: https://s.update.aniview.com/2/1.20.3/main.js?o=1 (1)
[7672:11080:0207/193853.377:INFO:CONSOLE(1)] "console.groupEnd", source: https://s.update.aniview.com/2/1.20.3/main.js?o=1 (1)
[7672:11080:0207/193853.377:INFO:CONSOLE(1)] "console.groupEnd", source: https://s.update.aniview.com/2/1.20.3/main.js?o=1 (1)
[7672:11080:0207/193853.377:INFO:CONSOLE(1)] "console.groupEnd", source: https://s.update.aniview.com/2/1.20.3/main.js?o=1 (1)
[7672:11080:0207/193853.377:INFO:CONSOLE(1)] "console.groupEnd", source: https://s.update.aniview.com/2/1.20.3/main.js?o=1 (1)
[7672:11080:0207/193853.378:INFO:CONSOLE(1)] "console.groupEnd", source: https://s.update.aniview.com/2/1.20.3/main.js?o=1 (1)
[7672:11080:0207/193853.378:INFO:CONSOLE(1)] "console.groupEnd", source: https://s.update.aniview.com/2/1.20.3/main.js?o=1 (1)
[7672:11080:0207/193853.378:INFO:CONSOLE(1)] "console.groupEnd", source: https://s.update.aniview.com/2/1.20.3/main.js?o=1 (1)
[7672:11080:0207/193853.378:INFO:CONSOLE(1)] "console.groupEnd", source: https://s.update.aniview.com/2/1.20.3/main.js?o=1 (1)
[7672:11080:0207/193853.378:INFO:CONSOLE(1)] "console.groupEnd", source: https://s.update.aniview.com/2/1.20.3/main.js?o=1 (1)
[7672:11080:0207/193853.378:INFO:CONSOLE(1)] "console.groupEnd", source: https://s.update.aniview.com/2/1.20.3/main.js?o=1 (1)
[7672:11080:0207/193853.379:INFO:CONSOLE(1)] "console.groupEnd", source: https://s.update.aniview.com/2/1.20.3/main.js?o=1 (1)
[7672:11080:0207/193853.379:INFO:CONSOLE(1)] "console.groupEnd", source: https://s.update.aniview.com/2/1.20.3/main.js?o=1 (1)
[7672:11080:0207/193853.379:INFO:CONSOLE(1)] "console.groupEnd", source: https://s.update.aniview.com/2/1.20.3/main.js?o=1 (1)
[7672:11080:0207/193853.379:INFO:CONSOLE(1)] "console.groupEnd", source: https://s.update.aniview.com/2/1.20.3/main.js?o=1 (1)
[7672:11080:0207/193853.379:INFO:CONSOLE(1)] "console.groupEnd", source: https://s.update.aniview.com/2/1.20.3/main.js?o=1 (1)
[7672:11080:0207/193853.379:INFO:CONSOLE(1)] "console.groupEnd", source: https://s.update.aniview.com/2/1.20.3/main.js?o=1 (1)
[7672:11080:0207/193853.379:INFO:CONSOLE(1)] "console.groupEnd", source: https://s.update.aniview.com/2/1.20.3/main.js?o=1 (1)
[7672:11080:0207/193853.379:INFO:CONSOLE(1)] "console.groupEnd", source: https://s.update.aniview.com/2/1.20.3/main.js?o=1 (1)
[7672:11080:0207/193853.379:INFO:CONSOLE(1)] "console.groupEnd", source: https://s.update.aniview.com/2/1.20.3/main.js?o=1 (1)
[7672:11080:0207/193853.379:INFO:CONSOLE(1)] "console.groupEnd", source: https://s.update.aniview.com/2/1.20.3/main.js?o=1 (1)
[7672:11080:0207/193853.379:INFO:CONSOLE(1)] "console.groupEnd", source: https://s.update.aniview.com/2/1.20.3/main.js?o=1 (1)
[7672:11080:0207/193853.379:INFO:CONSOLE(1)] "console.groupEnd", source: https://s.update.aniview.com/2/1.20.3/main.js?o=1 (1)
[7672:11080:0207/193853.379:INFO:CONSOLE(1)] "console.groupEnd", source: https://s.update.aniview.com/2/1.20.3/main.js?o=1 (1)
[7672:11080:0207/193853.379:INFO:CONSOLE(1)] "console.groupEnd", source: https://s.update.aniview.com/2/1.20.3/main.js?o=1 (1)
[7672:11080:0207/193853.379:INFO:CONSOLE(1)] "console.groupEnd", source: https://s.update.aniview.com/2/1.20.3/main.js?o=1 (1)
[7672:11080:0207/193853.379:INFO:CONSOLE(1)] "console.groupEnd", source: https://s.update.aniview.com/2/1.20.3/main.js?o=1 (1)
[7672:11080:0207/193853.379:INFO:CONSOLE(1)] "console.groupEnd", source: https://s.update.aniview.com/2/1.20.3/main.js?o=1 (1)
[7672:11080:0207/193853.379:INFO:CONSOLE(1)] "console.groupEnd", source: https://s.update.aniview.com/2/1.20.3/main.js?o=1 (1)
[7672:11080:0207/193853.379:INFO:CONSOLE(1)] "console.groupEnd", source: https://s.update.aniview.com/2/1.20.3/main.js?o=1 (1)
[7672:11080:0207/193853.379:INFO:CONSOLE(1)] "console.groupEnd", source: https://s.update.aniview.com/2/1.20.3/main.js?o=1 (1)
[7672:11080:0207/193853.379:INFO:CONSOLE(1)] "console.groupEnd", source: https://s.update.aniview.com/2/1.20.3/main.js?o=1 (1)
[7672:11080:0207/193853.379:INFO:CONSOLE(1)] "console.groupEnd", source: https://s.update.aniview.com/2/1.20.3/main.js?o=1 (1)
[7672:11080:0207/193853.379:INFO:CONSOLE(1)] "console.groupEnd", source: https://s.update.aniview.com/2/1.20.3/main.js?o=1 (1)
[7672:11080:0207/193853.379:INFO:CONSOLE(1)] "console.groupEnd", source: https://s.update.aniview.com/2/1.20.3/main.js?o=1 (1)
[7672:11080:0207/193853.379:INFO:CONSOLE(1)] "console.groupEnd", source: https://s.update.aniview.com/2/1.20.3/main.js?o=1 (1)
[7672:11080:0207/193853.379:INFO:CONSOLE(1)] "console.groupEnd", source: https://s.update.aniview.com/2/1.20.3/main.js?o=1 (1)
[7672:11080:0207/193853.379:INFO:CONSOLE(1)] "console.groupEnd", source: https://s.update.aniview.com/2/1.20.3/main.js?o=1 (1)
[7672:11080:0207/193853.379:INFO:CONSOLE(1)] "console.groupEnd", source: https://s.update.aniview.com/2/1.20.3/main.js?o=1 (1)
[7672:11080:0207/193853.379:INFO:CONSOLE(1)] "console.groupEnd", source: https://s.update.aniview.com/2/1.20.3/main.js?o=1 (1)
[7672:11080:0207/193853.379:INFO:CONSOLE(1)] "console.groupEnd", source: https://s.update.aniview.com/2/1.20.3/main.js?o=1 (1)
[7672:11080:0207/193853.379:INFO:CONSOLE(1)] "console.groupEnd", source: https://s.update.aniview.com/2/1.20.3/main.js?o=1 (1)
[7672:11080:0207/193853.380:INFO:CONSOLE(1)] "console.groupEnd", source: https://s.update.aniview.com/2/1.20.3/main.js?o=1 (1)
[7672:11080:0207/193853.380:INFO:CONSOLE(1)] "console.groupEnd", source: https://s.update.aniview.com/2/1.20.3/main.js?o=1 (1)
[7672:11080:0207/193853.380:INFO:CONSOLE(1)] "console.groupEnd", source: https://s.update.aniview.com/2/1.20.3/main.js?o=1 (1)
[7672:11080:0207/193853.380:INFO:CONSOLE(1)] "console.groupEnd", source: https://s.update.aniview.com/2/1.20.3/main.js?o=1 (1)
[7672:11080:0207/193853.380:INFO:CONSOLE(1)] "console.groupEnd", source: https://s.update.aniview.com/2/1.20.3/main.js?o=1 (1)
[7672:11080:0207/193853.380:INFO:CONSOLE(1)] "console.groupEnd", source: https://s.update.aniview.com/2/1.20.3/main.js?o=1 (1)
[7672:11080:0207/193853.381:INFO:CONSOLE(1)] "console.groupEnd", source: https://s.update.aniview.com/2/1.20.3/main.js?o=1 (1)
[7672:11080:0207/193853.381:INFO:CONSOLE(1)] "console.groupEnd", source: https://s.update.aniview.com/2/1.20.3/main.js?o=1 (1)
[7672:11080:0207/193853.381:INFO:CONSOLE(1)] "console.groupEnd", source: https://s.update.aniview.com/2/1.20.3/main.js?o=1 (1)
[7672:11080:0207/193853.381:INFO:CONSOLE(1)] "console.groupEnd", source: https://s.update.aniview.com/2/1.20.3/main.js?o=1 (1)
[7672:11080:0207/193853.381:INFO:CONSOLE(1)] "console.groupEnd", source: https://s.update.aniview.com/2/1.20.3/main.js?o=1 (1)
[7672:11080:0207/193853.381:INFO:CONSOLE(1)] "console.groupEnd", source: https://s.update.aniview.com/2/1.20.3/main.js?o=1 (1)
[7672:11080:0207/193853.381:INFO:CONSOLE(1)] "console.groupEnd", source: https://s.update.aniview.com/2/1.20.3/main.js?o=1 (1)
[7672:11080:0207/193853.381:INFO:CONSOLE(1)] "console.groupEnd", source: https://s.update.aniview.com/2/1.20.3/main.js?o=1 (1)
[7672:11080:0207/193853.381:INFO:CONSOLE(1)] "console.groupEnd", source: https://s.update.aniview.com/2/1.20.3/main.js?o=1 (1)
[7672:11080:0207/193853.381:INFO:CONSOLE(1)] "console.groupEnd", source: https://s.update.aniview.com/2/1.20.3/main.js?o=1 (1)
[7672:11080:0207/193853.381:INFO:CONSOLE(1)] "console.groupEnd", source: https://s.update.aniview.com/2/1.20.3/main.js?o=1 (1)
[7672:11080:0207/193853.381:INFO:CONSOLE(1)] "console.groupEnd", source: https://s.update.aniview.com/2/1.20.3/main.js?o=1 (1)
[7672:11080:0207/193853.381:INFO:CONSOLE(1)] "console.groupEnd", source: https://s.update.aniview.com/2/1.20.3/main.js?o=1 (1)
[7672:11080:0207/193853.381:INFO:CONSOLE(1)] "console.groupEnd", source: https://s.update.aniview.com/2/1.20.3/main.js?o=1 (1)
[7672:11080:0207/193853.381:INFO:CONSOLE(1)] "console.groupEnd", source: https://s.update.aniview.com/2/1.20.3/main.js?o=1 (1)
[7672:11080:0207/193853.381:INFO:CONSOLE(1)] "console.groupEnd", source: https://s.update.aniview.com/2/1.20.3/main.js?o=1 (1)
[7672:11080:0207/193853.381:INFO:CONSOLE(1)] "console.groupEnd", source: https://s.update.aniview.com/2/1.20.3/main.js?o=1 (1)
[7672:11080:0207/193853.381:INFO:CONSOLE(1)] "console.groupEnd", source: https://s.update.aniview.com/2/1.20.3/main.js?o=1 (1)
[7672:11080:0207/193853.381:INFO:CONSOLE(1)] "console.groupEnd", source: https://s.update.aniview.com/2/1.20.3/main.js?o=1 (1)
[7672:11080:0207/193853.381:INFO:CONSOLE(1)] "console.groupEnd", source: https://s.update.aniview.com/2/1.20.3/main.js?o=1 (1)
[7672:11080:0207/193853.381:INFO:CONSOLE(1)] "console.groupEnd", source: https://s.update.aniview.com/2/1.20.3/main.js?o=1 (1)
[7672:11080:0207/193853.381:INFO:CONSOLE(1)] "console.groupEnd", source: https://s.update.aniview.com/2/1.20.3/main.js?o=1 (1)
[7672:11080:0207/193853.381:INFO:CONSOLE(1)] "console.groupEnd", source: https://s.update.aniview.com/2/1.20.3/main.js?o=1 (1)
[7672:11080:0207/193853.381:INFO:CONSOLE(1)] "console.groupEnd", source: https://s.update.aniview.com/2/1.20.3/main.js?o=1 (1)
[7672:11080:0207/193853.381:INFO:CONSOLE(1)] "console.groupEnd", source: https://s.update.aniview.com/2/1.20.3/main.js?o=1 (1)
[7672:11080:0207/193853.381:INFO:CONSOLE(1)] "console.groupEnd", source: https://s.update.aniview.com/2/1.20.3/main.js?o=1 (1)
[7672:11080:0207/193853.381:INFO:CONSOLE(1)] "console.groupEnd", source: https://s.update.aniview.com/2/1.20.3/main.js?o=1 (1)
[7672:11080:0207/193853.381:INFO:CONSOLE(1)] "console.groupEnd", source: https://s.update.aniview.com/2/1.20.3/main.js?o=1 (1)
[7672:11080:0207/193853.381:INFO:CONSOLE(1)] "console.groupEnd", source: https://s.update.aniview.com/2/1.20.3/main.js?o=1 (1)
[7672:11080:0207/193853.381:INFO:CONSOLE(1)] "console.groupEnd", source: https://s.update.aniview.com/2/1.20.3/main.js?o=1 (1)
[7672:11080:0207/193853.381:INFO:CONSOLE(1)] "console.groupEnd", source: https://s.update.aniview.com/2/1.20.3/main.js?o=1 (1)
[7672:11080:0207/193853.381:INFO:CONSOLE(1)] "console.groupEnd", source: https://s.update.aniview.com/2/1.20.3/main.js?o=1 (1)
[7672:11080:0207/193853.381:INFO:CONSOLE(1)] "console.groupEnd", source: https://s.update.aniview.com/2/1.20.3/main.js?o=1 (1)
[7672:11080:0207/193853.381:INFO:CONSOLE(1)] "console.groupEnd", source: https://s.update.aniview.com/2/1.20.3/main.js?o=1 (1)
[7672:11080:0207/193906.955:INFO:CONSOLE(4)] "VIDEOJS: WARN: Player "vjs-video-js" is already initialised. Options will not be applied.", source: https://playnano.online/assets/external/videojs.min-1ebeed346d02236b161e0140429ab4b7ce027f786ba49ea4cb6fa9ebb2736793.js (4)
[7672:11080:0207/193911.965:INFO:CONSOLE(4)] "VIDEOJS: ERROR: videojs-contrib-ads has not seen a loadstart event 5 seconds after being initialized, but a source is present. This indicates that videojs-contrib-ads was initialized too late. It must be initialized immediately after video.js in the same tick. As a result, some ads will not play and some media events will be incorrect. For more information, see https://github.com/videojs/videojs-contrib-ads#important-note-about-initialization", source: https://playnano.online/assets/external/videojs.min-1ebeed346d02236b161e0140429ab4b7ce027f786ba49ea4cb6fa9ebb2736793.js (4)
[7672:11080:0207/193912.677:INFO:CONSOLE(61)] "19:39:12,677 com.stickyadstv.utils.Browser GDPR 2.0 - TCFAPI function cannot be found. _fw_gdpr: null, _fw_gdpr_consent: null", source: https://cdn.stickyadstv.com/mustang/vpaid-adapter.min.js (61)
[7672:11080:0207/193919.981:INFO:CONSOLE(32)] "a: 0.000732421875 ms", source: https://static.adsafeprotected.com/sca.17.4.114.js (32)
[7672:11080:0207/193920.853:INFO:CONSOLE(1)] "console.groupEnd", source: https://s.update.aniview.com/2/1.20.3/main.js?o=1 (1)
[7672:11080:0207/193920.853:INFO:CONSOLE(1)] "console.groupEnd", source: https://s.update.aniview.com/2/1.20.3/main.js?o=1 (1)
[7672:11080:0207/193920.853:INFO:CONSOLE(1)] "console.groupEnd", source: https://s.update.aniview.com/2/1.20.3/main.js?o=1 (1)
[7672:11080:0207/193920.853:INFO:CONSOLE(1)] "console.groupEnd", source: https://s.update.aniview.com/2/1.20.3/main.js?o=1 (1)
[7672:11080:0207/193920.853:INFO:CONSOLE(1)] "console.groupEnd", source: https://s.update.aniview.com/2/1.20.3/main.js?o=1 (1)
[7672:11080:0207/193920.854:INFO:CONSOLE(1)] "console.groupEnd", source: https://s.update.aniview.com/2/1.20.3/main.js?o=1 (1)
[7672:11080:0207/193920.854:INFO:CONSOLE(1)] "console.groupEnd", source: https://s.update.aniview.com/2/1.20.3/main.js?o=1 (1)
[7672:11080:0207/193920.854:INFO:CONSOLE(1)] "console.groupEnd", source: https://s.update.aniview.com/2/1.20.3/main.js?o=1 (1)
[7672:11080:0207/193920.854:INFO:CONSOLE(1)] "console.groupEnd", source: https://s.update.aniview.com/2/1.20.3/main.js?o=1 (1)
[7672:11080:0207/193920.854:INFO:CONSOLE(1)] "console.groupEnd", source: https://s.update.aniview.com/2/1.20.3/main.js?o=1 (1)
[7672:11080:0207/193920.854:INFO:CONSOLE(1)] "console.groupEnd", source: https://s.update.aniview.com/2/1.20.3/main.js?o=1 (1)
[7672:11080:0207/193920.854:INFO:CONSOLE(1)] "console.groupEnd", source: https://s.update.aniview.com/2/1.20.3/main.js?o=1 (1)
[7672:11080:0207/193920.854:INFO:CONSOLE(1)] "console.groupEnd", source: https://s.update.aniview.com/2/1.20.3/main.js?o=1 (1)
[7672:11080:0207/193920.854:INFO:CONSOLE(1)] "console.groupEnd", source: https://s.update.aniview.com/2/1.20.3/main.js?o=1 (1)
[7672:11080:0207/193920.854:INFO:CONSOLE(1)] "console.groupEnd", source: https://s.update.aniview.com/2/1.20.3/main.js?o=1 (1)
[7672:11080:0207/193920.854:INFO:CONSOLE(1)] "console.groupEnd", source: https://s.update.aniview.com/2/1.20.3/main.js?o=1 (1)
[7672:11080:0207/193920.855:INFO:CONSOLE(1)] "console.groupEnd", source: https://s.update.aniview.com/2/1.20.3/main.js?o=1 (1)
[7672:11080:0207/193920.855:INFO:CONSOLE(1)] "console.groupEnd", source: https://s.update.aniview.com/2/1.20.3/main.js?o=1 (1)
[7672:11080:0207/193920.855:INFO:CONSOLE(1)] "console.groupEnd", source: https://s.update.aniview.com/2/1.20.3/main.js?o=1 (1)
[7672:11080:0207/193920.855:INFO:CONSOLE(1)] "console.groupEnd", source: https://s.update.aniview.com/2/1.20.3/main.js?o=1 (1)
[7672:11080:0207/193920.855:INFO:CONSOLE(1)] "console.groupEnd", source: https://s.update.aniview.com/2/1.20.3/main.js?o=1 (1)
[7672:11080:0207/193920.855:INFO:CONSOLE(1)] "console.groupEnd", source: https://s.update.aniview.com/2/1.20.3/main.js?o=1 (1)
[7672:11080:0207/193920.855:INFO:CONSOLE(1)] "console.groupEnd", source: https://s.update.aniview.com/2/1.20.3/main.js?o=1 (1)
[7672:11080:0207/193920.855:INFO:CONSOLE(1)] "console.groupEnd", source: https://s.update.aniview.com/2/1.20.3/main.js?o=1 (1)
[7672:11080:0207/193920.855:INFO:CONSOLE(1)] "console.groupEnd", source: https://s.update.aniview.com/2/1.20.3/main.js?o=1 (1)
[7672:11080:0207/193920.855:INFO:CONSOLE(1)] "console.groupEnd", source: https://s.update.aniview.com/2/1.20.3/main.js?o=1 (1)
[7672:11080:0207/193920.855:INFO:CONSOLE(1)] "console.groupEnd", source: https://s.update.aniview.com/2/1.20.3/main.js?o=1 (1)
[7672:11080:0207/193920.855:INFO:CONSOLE(1)] "console.groupEnd", source: https://s.update.aniview.com/2/1.20.3/main.js?o=1 (1)
[7672:11080:0207/193920.855:INFO:CONSOLE(1)] "console.groupEnd", source: https://s.update.aniview.com/2/1.20.3/main.js?o=1 (1)
[7672:11080:0207/193920.855:INFO:CONSOLE(1)] "console.groupEnd", source: https://s.update.aniview.com/2/1.20.3/main.js?o=1 (1)
[7672:11080:0207/193920.855:INFO:CONSOLE(1)] "console.groupEnd", source: https://s.update.aniview.com/2/1.20.3/main.js?o=1 (1)
[7672:11080:0207/193920.855:INFO:CONSOLE(1)] "console.groupEnd", source: https://s.update.aniview.com/2/1.20.3/main.js?o=1 (1)
[7672:11080:0207/193920.855:INFO:CONSOLE(1)] "console.groupEnd", source: https://s.update.aniview.com/2/1.20.3/main.js?o=1 (1)
[7672:11080:0207/193920.855:INFO:CONSOLE(1)] "console.groupEnd", source: https://s.update.aniview.com/2/1.20.3/main.js?o=1 (1)
[7672:11080:0207/193920.855:INFO:CONSOLE(1)] "console.groupEnd", source: https://s.update.aniview.com/2/1.20.3/main.js?o=1 (1)
[7672:11080:0207/193920.855:INFO:CONSOLE(1)] "console.groupEnd", source: https://s.update.aniview.com/2/1.20.3/main.js?o=1 (1)
[7672:11080:0207/193920.855:INFO:CONSOLE(1)] "console.groupEnd", source: https://s.update.aniview.com/2/1.20.3/main.js?o=1 (1)
[7672:11080:0207/193920.855:INFO:CONSOLE(1)] "console.groupEnd", source: https://s.update.aniview.com/2/1.20.3/main.js?o=1 (1)
[7672:11080:0207/193920.855:INFO:CONSOLE(1)] "console.groupEnd", source: https://s.update.aniview.com/2/1.20.3/main.js?o=1 (1)
[7672:11080:0207/193920.855:INFO:CONSOLE(1)] "console.groupEnd", source: https://s.update.aniview.com/2/1.20.3/main.js?o=1 (1)
[7672:11080:0207/193920.855:INFO:CONSOLE(1)] "console.groupEnd", source: https://s.update.aniview.com/2/1.20.3/main.js?o=1 (1)
[7672:11080:0207/193920.855:INFO:CONSOLE(1)] "console.groupEnd", source: https://s.update.aniview.com/2/1.20.3/main.js?o=1 (1)
[7672:11080:0207/193920.855:INFO:CONSOLE(1)] "console.groupEnd", source: https://s.update.aniview.com/2/1.20.3/main.js?o=1 (1)
[7672:11080:0207/193920.855:INFO:CONSOLE(1)] "console.groupEnd", source: https://s.update.aniview.com/2/1.20.3/main.js?o=1 (1)
[7672:11080:0207/193920.855:INFO:CONSOLE(1)] "console.groupEnd", source: https://s.update.aniview.com/2/1.20.3/main.js?o=1 (1)
[7672:11080:0207/193920.856:INFO:CONSOLE(1)] "console.groupEnd", source: https://s.update.aniview.com/2/1.20.3/main.js?o=1 (1)
[7672:11080:0207/193920.856:INFO:CONSOLE(1)] "console.groupEnd", source: https://s.update.aniview.com/2/1.20.3/main.js?o=1 (1)
[7672:11080:0207/193920.856:INFO:CONSOLE(1)] "console.groupEnd", source: https://s.update.aniview.com/2/1.20.3/main.js?o=1 (1)
[7672:11080:0207/193920.856:INFO:CONSOLE(1)] "console.groupEnd", source: https://s.update.aniview.com/2/1.20.3/main.js?o=1 (1)
[7672:11080:0207/193920.856:INFO:CONSOLE(1)] "console.groupEnd", source: https://s.update.aniview.com/2/1.20.3/main.js?o=1 (1)
[7672:11080:0207/193920.856:INFO:CONSOLE(1)] "console.groupEnd", source: https://s.update.aniview.com/2/1.20.3/main.js?o=1 (1)
[7672:11080:0207/193920.856:INFO:CONSOLE(1)] "console.groupEnd", source: https://s.update.aniview.com/2/1.20.3/main.js?o=1 (1)
[7672:11080:0207/193920.856:INFO:CONSOLE(1)] "console.groupEnd", source: https://s.update.aniview.com/2/1.20.3/main.js?o=1 (1)
[7672:11080:0207/193920.856:INFO:CONSOLE(1)] "console.groupEnd", source: https://s.update.aniview.com/2/1.20.3/main.js?o=1 (1)
[7672:11080:0207/193920.856:INFO:CONSOLE(1)] "console.groupEnd", source: https://s.update.aniview.com/2/1.20.3/main.js?o=1 (1)
[7672:11080:0207/193920.856:INFO:CONSOLE(1)] "console.groupEnd", source: https://s.update.aniview.com/2/1.20.3/main.js?o=1 (1)
[7672:11080:0207/193920.856:INFO:CONSOLE(1)] "console.groupEnd", source: https://s.update.aniview.com/2/1.20.3/main.js?o=1 (1)
[7672:11080:0207/193920.856:INFO:CONSOLE(1)] "console.groupEnd", source: https://s.update.aniview.com/2/1.20.3/main.js?o=1 (1)
[7672:11080:0207/193920.856:INFO:CONSOLE(1)] "console.groupEnd", source: https://s.update.aniview.com/2/1.20.3/main.js?o=1 (1)
[7672:11080:0207/193920.856:INFO:CONSOLE(1)] "console.groupEnd", source: https://s.update.aniview.com/2/1.20.3/main.js?o=1 (1)
[7672:11080:0207/193920.856:INFO:CONSOLE(1)] "console.groupEnd", source: https://s.update.aniview.com/2/1.20.3/main.js?o=1 (1)
[7672:11080:0207/193920.856:INFO:CONSOLE(1)] "console.groupEnd", source: https://s.update.aniview.com/2/1.20.3/main.js?o=1 (1)
[7672:11080:0207/193920.856:INFO:CONSOLE(1)] "console.groupEnd", source: https://s.update.aniview.com/2/1.20.3/main.js?o=1 (1)
[7672:11080:0207/193920.856:INFO:CONSOLE(1)] "console.groupEnd", source: https://s.update.aniview.com/2/1.20.3/main.js?o=1 (1)
[7672:11080:0207/193920.856:INFO:CONSOLE(1)] "console.groupEnd", source: https://s.update.aniview.com/2/1.20.3/main.js?o=1 (1)
[7672:11080:0207/193920.856:INFO:CONSOLE(1)] "console.groupEnd", source: https://s.update.aniview.com/2/1.20.3/main.js?o=1 (1)
[7672:11080:0207/193920.856:INFO:CONSOLE(1)] "console.groupEnd", source: https://s.update.aniview.com/2/1.20.3/main.js?o=1 (1)
[7672:11080:0207/193920.856:INFO:CONSOLE(1)] "console.groupEnd", source: https://s.update.aniview.com/2/1.20.3/main.js?o=1 (1)
[7672:11080:0207/193920.856:INFO:CONSOLE(1)] "console.groupEnd", source: https://s.update.aniview.com/2/1.20.3/main.js?o=1 (1)
[7672:11080:0207/193920.856:INFO:CONSOLE(1)] "console.groupEnd", source: https://s.update.aniview.com/2/1.20.3/main.js?o=1 (1)
[7672:11080:0207/193920.856:INFO:CONSOLE(1)] "console.groupEnd", source: https://s.update.aniview.com/2/1.20.3/main.js?o=1 (1)
[7672:11080:0207/193920.856:INFO:CONSOLE(1)] "console.groupEnd", source: https://s.update.aniview.com/2/1.20.3/main.js?o=1 (1)
[7672:11080:0207/193920.856:INFO:CONSOLE(1)] "console.groupEnd", source: https://s.update.aniview.com/2/1.20.3/main.js?o=1 (1)
[7672:11080:0207/193920.856:INFO:CONSOLE(1)] "console.groupEnd", source: https://s.update.aniview.com/2/1.20.3/main.js?o=1 (1)
[7672:11080:0207/193920.856:INFO:CONSOLE(1)] "console.groupEnd", source: https://s.update.aniview.com/2/1.20.3/main.js?o=1 (1)
[7672:11080:0207/193920.857:INFO:CONSOLE(1)] "console.groupEnd", source: https://s.update.aniview.com/2/1.20.3/main.js?o=1 (1)
[7672:11080:0207/193920.857:INFO:CONSOLE(1)] "console.groupEnd", source: https://s.update.aniview.com/2/1.20.3/main.js?o=1 (1)
[7672:11080:0207/193920.857:INFO:CONSOLE(1)] "console.groupEnd", source: https://s.update.aniview.com/2/1.20.3/main.js?o=1 (1)
[7672:11080:0207/193920.857:INFO:CONSOLE(1)] "console.groupEnd", source: https://s.update.aniview.com/2/1.20.3/main.js?o=1 (1)
[7672:11080:0207/193920.857:INFO:CONSOLE(1)] "console.groupEnd", source: https://s.update.aniview.com/2/1.20.3/main.js?o=1 (1)
[7672:11080:0207/193920.858:INFO:CONSOLE(1)] "console.groupEnd", source: https://s.update.aniview.com/2/1.20.3/main.js?o=1 (1)
[7672:11080:0207/193920.858:INFO:CONSOLE(1)] "console.groupEnd", source: https://s.update.aniview.com/2/1.20.3/main.js?o=1 (1)
[7672:11080:0207/193920.858:INFO:CONSOLE(1)] "console.groupEnd", source: https://s.update.aniview.com/2/1.20.3/main.js?o=1 (1)
[7672:11080:0207/193920.858:INFO:CONSOLE(1)] "console.groupEnd", source: https://s.update.aniview.com/2/1.20.3/main.js?o=1 (1)
[7672:11080:0207/193920.858:INFO:CONSOLE(1)] "console.groupEnd", source: https://s.update.aniview.com/2/1.20.3/main.js?o=1 (1)
[7672:11080:0207/193920.858:INFO:CONSOLE(1)] "console.groupEnd", source: https://s.update.aniview.com/2/1.20.3/main.js?o=1 (1)
[7672:11080:0207/193920.858:INFO:CONSOLE(1)] "console.groupEnd", source: https://s.update.aniview.com/2/1.20.3/main.js?o=1 (1)
[7672:11080:0207/193920.858:INFO:CONSOLE(1)] "console.groupEnd", source: https://s.update.aniview.com/2/1.20.3/main.js?o=1 (1)
[7672:11080:0207/193920.858:INFO:CONSOLE(1)] "console.groupEnd", source: https://s.update.aniview.com/2/1.20.3/main.js?o=1 (1)
[7672:11080:0207/193920.858:INFO:CONSOLE(1)] "console.groupEnd", source: https://s.update.aniview.com/2/1.20.3/main.js?o=1 (1)
[7672:11080:0207/193920.858:INFO:CONSOLE(1)] "console.groupEnd", source: https://s.update.aniview.com/2/1.20.3/main.js?o=1 (1)
[7672:11080:0207/193920.858:INFO:CONSOLE(1)] "console.groupEnd", source: https://s.update.aniview.com/2/1.20.3/main.js?o=1 (1)
[7672:11080:0207/193920.858:INFO:CONSOLE(1)] "console.groupEnd", source: https://s.update.aniview.com/2/1.20.3/main.js?o=1 (1)
[7672:11080:0207/193920.858:INFO:CONSOLE(1)] "console.groupEnd", source: https://s.update.aniview.com/2/1.20.3/main.js?o=1 (1)
[7672:11080:0207/193920.858:INFO:CONSOLE(1)] "console.groupEnd", source: https://s.update.aniview.com/2/1.20.3/main.js?o=1 (1)
[7672:11080:0207/193920.858:INFO:CONSOLE(1)] "console.groupEnd", source: https://s.update.aniview.com/2/1.20.3/main.js?o=1 (1)
[7672:11080:0207/193920.858:INFO:CONSOLE(1)] "console.groupEnd", source: https://s.update.aniview.com/2/1.20.3/main.js?o=1 (1)
[7672:11080:0207/193920.858:INFO:CONSOLE(1)] "console.groupEnd", source: https://s.update.aniview.com/2/1.20.3/main.js?o=1 (1)
[7672:11080:0207/193920.858:INFO:CONSOLE(1)] "console.groupEnd", source: https://s.update.aniview.com/2/1.20.3/main.js?o=1 (1)
[7672:11080:0207/193920.858:INFO:CONSOLE(1)] "console.groupEnd", source: https://s.update.aniview.com/2/1.20.3/main.js?o=1 (1)
[7672:11080:0207/193920.858:INFO:CONSOLE(1)] "console.groupEnd", source: https://s.update.aniview.com/2/1.20.3/main.js?o=1 (1)
[7672:11080:0207/193920.858:INFO:CONSOLE(1)] "console.groupEnd", source: https://s.update.aniview.com/2/1.20.3/main.js?o=1 (1)
[7672:11080:0207/193920.858:INFO:CONSOLE(1)] "console.groupEnd", source: https://s.update.aniview.com/2/1.20.3/main.js?o=1 (1)
[7672:11080:0207/193920.858:INFO:CONSOLE(1)] "console.groupEnd", source: https://s.update.aniview.com/2/1.20.3/main.js?o=1 (1)
[7672:11080:0207/193920.858:INFO:CONSOLE(1)] "console.groupEnd", source: https://s.update.aniview.com/2/1.20.3/main.js?o=1 (1)
[7672:11080:0207/193920.858:INFO:CONSOLE(1)] "console.groupEnd", source: https://s.update.aniview.com/2/1.20.3/main.js?o=1 (1)
[7672:11080:0207/193920.858:INFO:CONSOLE(1)] "console.groupEnd", source: https://s.update.aniview.com/2/1.20.3/main.js?o=1 (1)
[7672:11080:0207/193920.858:INFO:CONSOLE(1)] "console.groupEnd", source: https://s.update.aniview.com/2/1.20.3/main.js?o=1 (1)
[7672:11080:0207/193920.858:INFO:CONSOLE(1)] "console.groupEnd", source: https://s.update.aniview.com/2/1.20.3/main.js?o=1 (1)
[7672:11080:0207/193920.858:INFO:CONSOLE(1)] "console.groupEnd", source: https://s.update.aniview.com/2/1.20.3/main.js?o=1 (1)
[7672:11080:0207/193920.858:INFO:CONSOLE(1)] "console.groupEnd", source: https://s.update.aniview.com/2/1.20.3/main.js?o=1 (1)
[7672:11080:0207/193920.859:INFO:CONSOLE(1)] "console.groupEnd", source: https://s.update.aniview.com/2/1.20.3/main.js?o=1 (1)
[7672:11080:0207/193920.859:INFO:CONSOLE(1)] "console.groupEnd", source: https://s.update.aniview.com/2/1.20.3/main.js?o=1 (1)
[7672:11080:0207/193920.859:INFO:CONSOLE(1)] "console.groupEnd", source: https://s.update.aniview.com/2/1.20.3/main.js?o=1 (1)
[7672:11080:0207/193920.859:INFO:CONSOLE(1)] "console.groupEnd", source: https://s.update.aniview.com/2/1.20.3/main.js?o=1 (1)
[7672:11080:0207/193920.859:INFO:CONSOLE(1)] "console.groupEnd", source: https://s.update.aniview.com/2/1.20.3/main.js?o=1 (1)
[7672:11080:0207/193920.859:INFO:CONSOLE(1)] "console.groupEnd", source: https://s.update.aniview.com/2/1.20.3/main.js?o=1 (1)
[7672:11080:0207/193920.859:INFO:CONSOLE(1)] "console.groupEnd", source: https://s.update.aniview.com/2/1.20.3/main.js?o=1 (1)
[7672:11080:0207/193920.859:INFO:CONSOLE(1)] "console.groupEnd", source: https://s.update.aniview.com/2/1.20.3/main.js?o=1 (1)
[7672:11080:0207/193920.859:INFO:CONSOLE(1)] "console.groupEnd", source: https://s.update.aniview.com/2/1.20.3/main.js?o=1 (1)
[7672:11080:0207/193920.859:INFO:CONSOLE(1)] "console.groupEnd", source: https://s.update.aniview.com/2/1.20.3/main.js?o=1 (1)
[7672:11080:0207/193920.859:INFO:CONSOLE(1)] "console.groupEnd", source: https://s.update.aniview.com/2/1.20.3/main.js?o=1 (1)
[7672:11080:0207/193920.860:INFO:CONSOLE(1)] "console.groupEnd", source: https://s.update.aniview.com/2/1.20.3/main.js?o=1 (1)
[7672:11080:0207/193920.860:INFO:CONSOLE(1)] "console.groupEnd", source: https://s.update.aniview.com/2/1.20.3/main.js?o=1 (1)
[7672:11080:0207/193920.860:INFO:CONSOLE(1)] "console.groupEnd", source: https://s.update.aniview.com/2/1.20.3/main.js?o=1 (1)
[7672:11080:0207/193920.860:INFO:CONSOLE(1)] "console.groupEnd", source: https://s.update.aniview.com/2/1.20.3/main.js?o=1 (1)
[7672:11080:0207/193920.860:INFO:CONSOLE(1)] "console.groupEnd", source: https://s.update.aniview.com/2/1.20.3/main.js?o=1 (1)
[7672:11080:0207/193920.860:INFO:CONSOLE(1)] "console.groupEnd", source: https://s.update.aniview.com/2/1.20.3/main.js?o=1 (1)
[7672:11080:0207/193920.860:INFO:CONSOLE(1)] "console.groupEnd", source: https://s.update.aniview.com/2/1.20.3/main.js?o=1 (1)
[7672:11080:0207/193920.860:INFO:CONSOLE(1)] "console.groupEnd", source: https://s.update.aniview.com/2/1.20.3/main.js?o=1 (1)
[7672:11080:0207/193920.860:INFO:CONSOLE(1)] "console.groupEnd", source: https://s.update.aniview.com/2/1.20.3/main.js?o=1 (1)
[7672:11080:0207/193920.860:INFO:CONSOLE(1)] "console.groupEnd", source: https://s.update.aniview.com/2/1.20.3/main.js?o=1 (1)
[7672:11080:0207/193920.860:INFO:CONSOLE(1)] "console.groupEnd", source: https://s.update.aniview.com/2/1.20.3/main.js?o=1 (1)
[7672:11080:0207/193920.860:INFO:CONSOLE(1)] "console.groupEnd", source: https://s.update.aniview.com/2/1.20.3/main.js?o=1 (1)
[7672:11080:0207/193920.860:INFO:CONSOLE(1)] "console.groupEnd", source: https://s.update.aniview.com/2/1.20.3/main.js?o=1 (1)
[7672:11080:0207/193920.860:INFO:CONSOLE(1)] "console.groupEnd", source: https://s.update.aniview.com/2/1.20.3/main.js?o=1 (1)
[7672:11080:0207/193920.860:INFO:CONSOLE(1)] "console.groupEnd", source: https://s.update.aniview.com/2/1.20.3/main.js?o=1 (1)
[7672:11080:0207/193920.860:INFO:CONSOLE(1)] "console.groupEnd", source: https://s.update.aniview.com/2/1.20.3/main.js?o=1 (1)
[7672:11080:0207/193920.860:INFO:CONSOLE(1)] "console.groupEnd", source: https://s.update.aniview.com/2/1.20.3/main.js?o=1 (1)
[7672:11080:0207/193920.860:INFO:CONSOLE(1)] "console.groupEnd", source: https://s.update.aniview.com/2/1.20.3/main.js?o=1 (1)
[7672:11080:0207/193920.860:INFO:CONSOLE(1)] "console.groupEnd", source: https://s.update.aniview.com/2/1.20.3/main.js?o=1 (1)
[7672:11080:0207/193920.860:INFO:CONSOLE(1)] "console.groupEnd", source: https://s.update.aniview.com/2/1.20.3/main.js?o=1 (1)
[7672:11080:0207/193920.860:INFO:CONSOLE(1)] "console.groupEnd", source: https://s.update.aniview.com/2/1.20.3/main.js?o=1 (1)
[7672:11080:0207/193920.860:INFO:CONSOLE(1)] "console.groupEnd", source: https://s.update.aniview.com/2/1.20.3/main.js?o=1 (1)
[7672:11080:0207/193920.860:INFO:CONSOLE(1)] "console.groupEnd", source: https://s.update.aniview.com/2/1.20.3/main.js?o=1 (1)
[7672:11080:0207/193920.860:INFO:CONSOLE(1)] "console.groupEnd", source: https://s.update.aniview.com/2/1.20.3/main.js?o=1 (1)
[7672:11080:0207/193920.860:INFO:CONSOLE(1)] "console.groupEnd", source: https://s.update.aniview.com/2/1.20.3/main.js?o=1 (1)
[7672:11080:0207/193920.860:INFO:CONSOLE(1)] "console.groupEnd", source: https://s.update.aniview.com/2/1.20.3/main.js?o=1 (1)
[7672:11080:0207/193920.860:INFO:CONSOLE(1)] "console.groupEnd", source: https://s.update.aniview.com/2/1.20.3/main.js?o=1 (1)
[7672:11080:0207/193920.860:INFO:CONSOLE(1)] "console.groupEnd", source: https://s.update.aniview.com/2/1.20.3/main.js?o=1 (1)
[7672:11080:0207/193920.860:INFO:CONSOLE(1)] "console.groupEnd", source: https://s.update.aniview.com/2/1.20.3/main.js?o=1 (1)
[7672:11080:0207/193920.860:INFO:CONSOLE(1)] "console.groupEnd", source: https://s.update.aniview.com/2/1.20.3/main.js?o=1 (1)
[7672:11080:0207/193934.268:INFO:CONSOLE(4)] "VIDEOJS: WARN: Player "vjs-video-js" is already initialised. Options will not be applied.", source: https://playnano.online/assets/external/videojs.min-1ebeed346d02236b161e0140429ab4b7ce027f786ba49ea4cb6fa9ebb2736793.js (4)
[7672:11080:0207/193935.808:INFO:CONSOLE(69)] "Uncaught ReferenceError: _qevents is not defined", source: https://bdv.bidvertiser.com/BidVertiser.dbm?pid=883108&bid=2049660&RD=1673599753308&DIF=1&bd_ref_v=playnano.online&tref=1&win_name=null&docref=https%3A%2F%2Fplaynano.online%2Fwatch-an&jsrand=1673599753308&js1loc=-&loctitle=playnano (69)
[7672:11080:0207/193939.271:INFO:CONSOLE(4)] "VIDEOJS: ERROR: videojs-contrib-ads has not seen a loadstart event 5 seconds after being initialized, but a source is present. This indicates that videojs-contrib-ads was initialized too late. It must be initialized immediately after video.js in the same tick. As a result, some ads will not play and some media events will be incorrect. For more information, see https://github.com/videojs/videojs-contrib-ads#important-note-about-initialization", source: https://playnano.online/assets/external/videojs.min-1ebeed346d02236b161e0140429ab4b7ce027f786ba49ea4cb6fa9ebb2736793.js (4)
[7672:11080:0207/193939.837:INFO:CONSOLE(61)] "19:39:39,837 com.stickyadstv.utils.Browser GDPR 2.0 - TCFAPI function cannot be found. _fw_gdpr: null, _fw_gdpr_consent: null", source: https://cdn.stickyadstv.com/mustang/vpaid-adapter.min.js (61)
[7672:11080:0207/193949.881:INFO:CONSOLE(61)] "19:39:49,880 com.stickyadstv.utils.Browser GDPR 2.0 - TCFAPI function cannot be found. _fw_gdpr: null, _fw_gdpr_consent: null", source: https://cdn.stickyadstv.com/mustang/vpaid-adapter.min.js (61)
[7672:11080:0207/194002.372:INFO:CONSOLE(4)] "VIDEOJS: WARN: Player "vjs-video-js" is already initialised. Options will not be applied.", source: https://playnano.online/assets/external/videojs.min-1ebeed346d02236b161e0140429ab4b7ce027f786ba49ea4cb6fa9ebb2736793.js (4)
[7672:11080:0207/194006.970:INFO:CONSOLE(61)] "19:40:06,969 com.stickyadstv.utils.Browser GDPR 2.0 - TCFAPI function cannot be found. _fw_gdpr: null, _fw_gdpr_consent: null", source: https://cdn.stickyadstv.com/mustang/vpaid-adapter.min.js (61)
[7672:11080:0207/194007.380:INFO:CONSOLE(4)] "VIDEOJS: ERROR: videojs-contrib-ads has not seen a loadstart event 5 seconds after being initialized, but a source is present. This indicates that videojs-contrib-ads was initialized too late. It must be initialized immediately after video.js in the same tick. As a result, some ads will not play and some media events will be incorrect. For more information, see https://github.com/videojs/videojs-contrib-ads#important-note-about-initialization", source: https://playnano.online/assets/external/videojs.min-1ebeed346d02236b161e0140429ab4b7ce027f786ba49ea4cb6fa9ebb2736793.js (4)
[7672:11080:0207/194016.754:INFO:CONSOLE(61)] "19:40:16,754 com.stickyadstv.utils.Browser GDPR 2.0 - TCFAPI function cannot be found. _fw_gdpr: null, _fw_gdpr_consent: null", source: https://cdn.stickyadstv.com/mustang/vpaid-adapter.min.js (61)
[7672:11080:0207/194028.854:INFO:CONSOLE(61)] "19:40:28,853 com.stickyadstv.utils.Browser GDPR 2.0 - TCFAPI function cannot be found. _fw_gdpr: null, _fw_gdpr_consent: null", source: https://cdn.stickyadstv.com/mustang/vpaid-adapter.min.js (61)
[7672:11080:0207/194040.071:INFO:CONSOLE(1)] "Uncaught (in promise) TypeError: The element or ID supplied is not valid. (videojs)", source: https://playnano.online/assets/external/videojs.min-1ebeed346d02236b161e0140429ab4b7ce027f786ba49ea4cb6fa9ebb2736793.js (1)
[7672:11080:0207/194040.373:INFO:CONSOLE(69)] "Uncaught ReferenceError: _qevents is not defined", source: https://bdv.bidvertiser.com/BidVertiser.dbm?pid=883108&bid=2049660&RD=1453405309275&DIF=1&bd_ref_v=playnano.online&tref=1&win_name=null&docref=https%3A%2F%2Fplaynano.online%2Fwatch-an&jsrand=1453405309275&js1loc=-&loctitle=learn%20nano%20free (69)
[7672:11080:0207/194040.748:INFO:CONSOLE(1)] "'window.webkitStorageInfo' is deprecated. Please use 'navigator.webkitTemporaryStorage' or 'navigator.webkitPersistentStorage' instead.", source: https://static.lalaping.com/online.js?ver=2.0.0 (1)
[7672:11080:0207/194055.483:INFO:CONSOLE(4)] "VIDEOJS: WARN: Player "vjs-video-js" is already initialised. Options will not be applied.", source: https://playnano.online/assets/external/videojs.min-1ebeed346d02236b161e0140429ab4b7ce027f786ba49ea4cb6fa9ebb2736793.js (4)
[7672:11080:0207/194055.655:INFO:CONSOLE(69)] "Uncaught ReferenceError: _qevents is not defined", source: https://bdv.bidvertiser.com/BidVertiser.dbm?pid=883108&bid=2049660&RD=6780596989551&DIF=1&bd_ref_v=playnano.online&tref=1&win_name=null&docref=https%3A%2F%2Fplaynano.online%2Fwatch-an&jsrand=6780596989551&js1loc=-&loctitle=watch%20%26%20learn (69)
[7672:11080:0207/194100.487:INFO:CONSOLE(4)] "VIDEOJS: ERROR: videojs-contrib-ads has not seen a loadstart event 5 seconds after being initialized, but a source is present. This indicates that videojs-contrib-ads was initialized too late. It must be initialized immediately after video.js in the same tick. As a result, some ads will not play and some media events will be incorrect. For more information, see https://github.com/videojs/videojs-contrib-ads#important-note-about-initialization", source: https://playnano.online/assets/external/videojs.min-1ebeed346d02236b161e0140429ab4b7ce027f786ba49ea4cb6fa9ebb2736793.js (4)
[7672:11080:0207/194102.439:INFO:CONSOLE(61)] "19:41:02,438 com.stickyadstv.utils.Browser GDPR 2.0 - TCFAPI function cannot be found. _fw_gdpr: null, _fw_gdpr_consent: null", source: https://cdn.stickyadstv.com/mustang/vpaid-adapter.min.js (61)
[7672:11080:0207/194110.420:ERROR:network_service_instance_impl.cc(286)] Network service crashed, restarting service.
