[292:1540:0207/191843.110:INFO:CONSOLE(36)] "AUTH - 63", source: chrome-extension://ggmdpepbjljkkkdaklfihhngmmgmpggp/bg.js (36)
[292:1540:0207/191849.723:ERROR:device_event_log_impl.cc(211)] [19:18:49.723] Bluetooth: bluetooth_adapter_winrt.cc:1072 Getting Default Adapter failed.
[292:1540:0207/191903.520:INFO:CONSOLE(4)] "VIDEOJS: WARN: Player "vjs-video-js" is already initialised. Options will not be applied.", source: https://playnano.online/assets/external/videojs.min-1ebeed346d02236b161e0140429ab4b7ce027f786ba49ea4cb6fa9ebb2736793.js (4)
[292:1540:0207/191907.354:INFO:CONSOLE(22)] "WebSocket connection to 'wss://playnano.online/cable' failed: WebSocket is closed before the connection is established.", source: https://playnano.online/assets/application-178dfeb99b35cc2e03ea128f8150cd777a6727813c61dc68c7879f4fea9b8ef6.js (22)
[292:1540:0207/191908.523:INFO:CONSOLE(4)] "VIDEOJS: ERROR: videojs-contrib-ads has not seen a loadstart event 5 seconds after being initialized, but a source is present. This indicates that videojs-contrib-ads was initialized too late. It must be initialized immediately after video.js in the same tick. As a result, some ads will not play and some media events will be incorrect. For more information, see https://github.com/videojs/videojs-contrib-ads#important-note-about-initialization", source: https://playnano.online/assets/external/videojs.min-1ebeed346d02236b161e0140429ab4b7ce027f786ba49ea4cb6fa9ebb2736793.js (4)
[292:1540:0207/191910.821:INFO:CONSOLE(22)] "WebSocket connection to 'wss://playnano.online/cable' failed: WebSocket is closed before the connection is established.", source: https://playnano.online/assets/application-178dfeb99b35cc2e03ea128f8150cd777a6727813c61dc68c7879f4fea9b8ef6.js (22)
[292:1540:0207/191914.354:INFO:CONSOLE(61)] "19:19:14,344 com.stickyadstv.utils.Browser GDPR 2.0 - TCFAPI function cannot be found. _fw_gdpr: null, _fw_gdpr_consent: null", source: https://cdn.stickyadstv.com/mustang/vpaid-adapter.min.js (61)
[292:1540:0207/191916.316:INFO:CONSOLE(22)] "WebSocket connection to 'wss://playnano.online/cable' failed: WebSocket is closed before the connection is established.", source: https://playnano.online/assets/application-178dfeb99b35cc2e03ea128f8150cd777a6727813c61dc68c7879f4fea9b8ef6.js (22)
[292:1540:0207/191923.249:INFO:CONSOLE(22)] "WebSocket connection to 'wss://playnano.online/cable' failed: WebSocket is closed before the connection is established.", source: https://playnano.online/assets/application-178dfeb99b35cc2e03ea128f8150cd777a6727813c61dc68c7879f4fea9b8ef6.js (22)
[292:1540:0207/191926.040:INFO:CONSOLE(32)] "a: 0.0029296875 ms", source: https://static.adsafeprotected.com/sca.17.4.114.js (32)
[292:1540:0207/191928.310:INFO:CONSOLE(1)] "console.groupEnd", source: https://s.update.aniview.com/2/1.20.3/main.js?o=1 (1)
[292:1540:0207/191928.310:INFO:CONSOLE(1)] "console.groupEnd", source: https://s.update.aniview.com/2/1.20.3/main.js?o=1 (1)
[292:1540:0207/191928.311:INFO:CONSOLE(1)] "console.groupEnd", source: https://s.update.aniview.com/2/1.20.3/main.js?o=1 (1)
[292:1540:0207/191928.311:INFO:CONSOLE(1)] "console.groupEnd", source: https://s.update.aniview.com/2/1.20.3/main.js?o=1 (1)
[292:1540:0207/191928.311:INFO:CONSOLE(1)] "console.groupEnd", source: https://s.update.aniview.com/2/1.20.3/main.js?o=1 (1)
[292:1540:0207/191928.311:INFO:CONSOLE(1)] "console.groupEnd", source: https://s.update.aniview.com/2/1.20.3/main.js?o=1 (1)
[292:1540:0207/191928.311:INFO:CONSOLE(1)] "console.groupEnd", source: https://s.update.aniview.com/2/1.20.3/main.js?o=1 (1)
[292:1540:0207/191928.311:INFO:CONSOLE(1)] "console.groupEnd", source: https://s.update.aniview.com/2/1.20.3/main.js?o=1 (1)
[292:1540:0207/191928.311:INFO:CONSOLE(1)] "console.groupEnd", source: https://s.update.aniview.com/2/1.20.3/main.js?o=1 (1)
[292:1540:0207/191928.311:INFO:CONSOLE(1)] "console.groupEnd", source: https://s.update.aniview.com/2/1.20.3/main.js?o=1 (1)
[292:1540:0207/191928.311:INFO:CONSOLE(1)] "console.groupEnd", source: https://s.update.aniview.com/2/1.20.3/main.js?o=1 (1)
[292:1540:0207/191928.311:INFO:CONSOLE(1)] "console.groupEnd", source: https://s.update.aniview.com/2/1.20.3/main.js?o=1 (1)
[292:1540:0207/191928.311:INFO:CONSOLE(1)] "console.groupEnd", source: https://s.update.aniview.com/2/1.20.3/main.js?o=1 (1)
[292:1540:0207/191928.311:INFO:CONSOLE(1)] "console.groupEnd", source: https://s.update.aniview.com/2/1.20.3/main.js?o=1 (1)
[292:1540:0207/191928.311:INFO:CONSOLE(1)] "console.groupEnd", source: https://s.update.aniview.com/2/1.20.3/main.js?o=1 (1)
[292:1540:0207/191928.311:INFO:CONSOLE(1)] "console.groupEnd", source: https://s.update.aniview.com/2/1.20.3/main.js?o=1 (1)
[292:1540:0207/191928.311:INFO:CONSOLE(1)] "console.groupEnd", source: https://s.update.aniview.com/2/1.20.3/main.js?o=1 (1)
[292:1540:0207/191928.311:INFO:CONSOLE(1)] "console.groupEnd", source: https://s.update.aniview.com/2/1.20.3/main.js?o=1 (1)
[292:1540:0207/191928.311:INFO:CONSOLE(1)] "console.groupEnd", source: https://s.update.aniview.com/2/1.20.3/main.js?o=1 (1)
[292:1540:0207/191928.311:INFO:CONSOLE(1)] "console.groupEnd", source: https://s.update.aniview.com/2/1.20.3/main.js?o=1 (1)
[292:1540:0207/191928.311:INFO:CONSOLE(1)] "console.groupEnd", source: https://s.update.aniview.com/2/1.20.3/main.js?o=1 (1)
[292:1540:0207/191928.311:INFO:CONSOLE(1)] "console.groupEnd", source: https://s.update.aniview.com/2/1.20.3/main.js?o=1 (1)
[292:1540:0207/191928.311:INFO:CONSOLE(1)] "console.groupEnd", source: https://s.update.aniview.com/2/1.20.3/main.js?o=1 (1)
[292:1540:0207/191928.311:INFO:CONSOLE(1)] "console.groupEnd", source: https://s.update.aniview.com/2/1.20.3/main.js?o=1 (1)
[292:1540:0207/191928.311:INFO:CONSOLE(1)] "console.groupEnd", source: https://s.update.aniview.com/2/1.20.3/main.js?o=1 (1)
[292:1540:0207/191928.311:INFO:CONSOLE(1)] "console.groupEnd", source: https://s.update.aniview.com/2/1.20.3/main.js?o=1 (1)
[292:1540:0207/191928.311:INFO:CONSOLE(1)] "console.groupEnd", source: https://s.update.aniview.com/2/1.20.3/main.js?o=1 (1)
[292:1540:0207/191928.311:INFO:CONSOLE(1)] "console.groupEnd", source: https://s.update.aniview.com/2/1.20.3/main.js?o=1 (1)
[292:1540:0207/191928.311:INFO:CONSOLE(1)] "console.groupEnd", source: https://s.update.aniview.com/2/1.20.3/main.js?o=1 (1)
[292:1540:0207/191928.311:INFO:CONSOLE(1)] "console.groupEnd", source: https://s.update.aniview.com/2/1.20.3/main.js?o=1 (1)
[292:1540:0207/191928.311:INFO:CONSOLE(1)] "console.groupEnd", source: https://s.update.aniview.com/2/1.20.3/main.js?o=1 (1)
[292:1540:0207/191928.311:INFO:CONSOLE(1)] "console.groupEnd", source: https://s.update.aniview.com/2/1.20.3/main.js?o=1 (1)
[292:1540:0207/191928.311:INFO:CONSOLE(1)] "console.groupEnd", source: https://s.update.aniview.com/2/1.20.3/main.js?o=1 (1)
[292:1540:0207/191928.311:INFO:CONSOLE(1)] "console.groupEnd", source: https://s.update.aniview.com/2/1.20.3/main.js?o=1 (1)
[292:1540:0207/191928.311:INFO:CONSOLE(1)] "console.groupEnd", source: https://s.update.aniview.com/2/1.20.3/main.js?o=1 (1)
[292:1540:0207/191928.311:INFO:CONSOLE(1)] "console.groupEnd", source: https://s.update.aniview.com/2/1.20.3/main.js?o=1 (1)
[292:1540:0207/191928.311:INFO:CONSOLE(1)] "console.groupEnd", source: https://s.update.aniview.com/2/1.20.3/main.js?o=1 (1)
[292:1540:0207/191928.311:INFO:CONSOLE(1)] "console.groupEnd", source: https://s.update.aniview.com/2/1.20.3/main.js?o=1 (1)
[292:1540:0207/191928.312:INFO:CONSOLE(1)] "console.groupEnd", source: https://s.update.aniview.com/2/1.20.3/main.js?o=1 (1)
[292:1540:0207/191928.312:INFO:CONSOLE(1)] "console.groupEnd", source: https://s.update.aniview.com/2/1.20.3/main.js?o=1 (1)
[292:1540:0207/191928.312:INFO:CONSOLE(1)] "console.groupEnd", source: https://s.update.aniview.com/2/1.20.3/main.js?o=1 (1)
[292:1540:0207/191928.312:INFO:CONSOLE(1)] "console.groupEnd", source: https://s.update.aniview.com/2/1.20.3/main.js?o=1 (1)
[292:1540:0207/191928.312:INFO:CONSOLE(1)] "console.groupEnd", source: https://s.update.aniview.com/2/1.20.3/main.js?o=1 (1)
[292:1540:0207/191928.312:INFO:CONSOLE(1)] "console.groupEnd", source: https://s.update.aniview.com/2/1.20.3/main.js?o=1 (1)
[292:1540:0207/191928.312:INFO:CONSOLE(1)] "console.groupEnd", source: https://s.update.aniview.com/2/1.20.3/main.js?o=1 (1)
[292:1540:0207/191928.313:INFO:CONSOLE(1)] "console.groupEnd", source: https://s.update.aniview.com/2/1.20.3/main.js?o=1 (1)
[292:1540:0207/191928.313:INFO:CONSOLE(1)] "console.groupEnd", source: https://s.update.aniview.com/2/1.20.3/main.js?o=1 (1)
[292:1540:0207/191928.313:INFO:CONSOLE(1)] "console.groupEnd", source: https://s.update.aniview.com/2/1.20.3/main.js?o=1 (1)
[292:1540:0207/191928.313:INFO:CONSOLE(1)] "console.groupEnd", source: https://s.update.aniview.com/2/1.20.3/main.js?o=1 (1)
[292:1540:0207/191928.313:INFO:CONSOLE(1)] "console.groupEnd", source: https://s.update.aniview.com/2/1.20.3/main.js?o=1 (1)
[292:1540:0207/191928.313:INFO:CONSOLE(1)] "console.groupEnd", source: https://s.update.aniview.com/2/1.20.3/main.js?o=1 (1)
[292:1540:0207/191928.313:INFO:CONSOLE(1)] "console.groupEnd", source: https://s.update.aniview.com/2/1.20.3/main.js?o=1 (1)
[292:1540:0207/191928.313:INFO:CONSOLE(1)] "console.groupEnd", source: https://s.update.aniview.com/2/1.20.3/main.js?o=1 (1)
[292:1540:0207/191928.313:INFO:CONSOLE(1)] "console.groupEnd", source: https://s.update.aniview.com/2/1.20.3/main.js?o=1 (1)
[292:1540:0207/191928.313:INFO:CONSOLE(1)] "console.groupEnd", source: https://s.update.aniview.com/2/1.20.3/main.js?o=1 (1)
[292:1540:0207/191928.313:INFO:CONSOLE(1)] "console.groupEnd", source: https://s.update.aniview.com/2/1.20.3/main.js?o=1 (1)
[292:1540:0207/191928.313:INFO:CONSOLE(1)] "console.groupEnd", source: https://s.update.aniview.com/2/1.20.3/main.js?o=1 (1)
[292:1540:0207/191928.313:INFO:CONSOLE(1)] "console.groupEnd", source: https://s.update.aniview.com/2/1.20.3/main.js?o=1 (1)
[292:1540:0207/191928.313:INFO:CONSOLE(1)] "console.groupEnd", source: https://s.update.aniview.com/2/1.20.3/main.js?o=1 (1)
[292:1540:0207/191928.313:INFO:CONSOLE(1)] "console.groupEnd", source: https://s.update.aniview.com/2/1.20.3/main.js?o=1 (1)
[292:1540:0207/191928.313:INFO:CONSOLE(1)] "console.groupEnd", source: https://s.update.aniview.com/2/1.20.3/main.js?o=1 (1)
[292:1540:0207/191928.313:INFO:CONSOLE(1)] "console.groupEnd", source: https://s.update.aniview.com/2/1.20.3/main.js?o=1 (1)
[292:1540:0207/191928.313:INFO:CONSOLE(1)] "console.groupEnd", source: https://s.update.aniview.com/2/1.20.3/main.js?o=1 (1)
[292:1540:0207/191928.313:INFO:CONSOLE(1)] "console.groupEnd", source: https://s.update.aniview.com/2/1.20.3/main.js?o=1 (1)
[292:1540:0207/191928.313:INFO:CONSOLE(1)] "console.groupEnd", source: https://s.update.aniview.com/2/1.20.3/main.js?o=1 (1)
[292:1540:0207/191928.313:INFO:CONSOLE(1)] "console.groupEnd", source: https://s.update.aniview.com/2/1.20.3/main.js?o=1 (1)
[292:1540:0207/191928.313:INFO:CONSOLE(1)] "console.groupEnd", source: https://s.update.aniview.com/2/1.20.3/main.js?o=1 (1)
[292:1540:0207/191928.313:INFO:CONSOLE(1)] "console.groupEnd", source: https://s.update.aniview.com/2/1.20.3/main.js?o=1 (1)
[292:1540:0207/191928.313:INFO:CONSOLE(1)] "console.groupEnd", source: https://s.update.aniview.com/2/1.20.3/main.js?o=1 (1)
[292:1540:0207/191928.313:INFO:CONSOLE(1)] "console.groupEnd", source: https://s.update.aniview.com/2/1.20.3/main.js?o=1 (1)
[292:1540:0207/191928.313:INFO:CONSOLE(1)] "console.groupEnd", source: https://s.update.aniview.com/2/1.20.3/main.js?o=1 (1)
[292:1540:0207/191928.313:INFO:CONSOLE(1)] "console.groupEnd", source: https://s.update.aniview.com/2/1.20.3/main.js?o=1 (1)
[292:1540:0207/191928.313:INFO:CONSOLE(1)] "console.groupEnd", source: https://s.update.aniview.com/2/1.20.3/main.js?o=1 (1)
[292:1540:0207/191928.313:INFO:CONSOLE(1)] "console.groupEnd", source: https://s.update.aniview.com/2/1.20.3/main.js?o=1 (1)
[292:1540:0207/191928.313:INFO:CONSOLE(1)] "console.groupEnd", source: https://s.update.aniview.com/2/1.20.3/main.js?o=1 (1)
[292:1540:0207/191928.313:INFO:CONSOLE(1)] "console.groupEnd", source: https://s.update.aniview.com/2/1.20.3/main.js?o=1 (1)
[292:1540:0207/191928.313:INFO:CONSOLE(1)] "console.groupEnd", source: https://s.update.aniview.com/2/1.20.3/main.js?o=1 (1)
[292:1540:0207/191928.313:INFO:CONSOLE(1)] "console.groupEnd", source: https://s.update.aniview.com/2/1.20.3/main.js?o=1 (1)
[292:1540:0207/191928.314:INFO:CONSOLE(1)] "console.groupEnd", source: https://s.update.aniview.com/2/1.20.3/main.js?o=1 (1)
[292:1540:0207/191928.314:INFO:CONSOLE(1)] "console.groupEnd", source: https://s.update.aniview.com/2/1.20.3/main.js?o=1 (1)
[292:1540:0207/191928.314:INFO:CONSOLE(1)] "console.groupEnd", source: https://s.update.aniview.com/2/1.20.3/main.js?o=1 (1)
[292:1540:0207/191928.314:INFO:CONSOLE(1)] "console.groupEnd", source: https://s.update.aniview.com/2/1.20.3/main.js?o=1 (1)
[292:1540:0207/191928.314:INFO:CONSOLE(1)] "console.groupEnd", source: https://s.update.aniview.com/2/1.20.3/main.js?o=1 (1)
[292:1540:0207/191928.315:INFO:CONSOLE(1)] "console.groupEnd", source: https://s.update.aniview.com/2/1.20.3/main.js?o=1 (1)
[292:1540:0207/191928.315:INFO:CONSOLE(1)] "console.groupEnd", source: https://s.update.aniview.com/2/1.20.3/main.js?o=1 (1)
[292:1540:0207/191928.315:INFO:CONSOLE(1)] "console.groupEnd", source: https://s.update.aniview.com/2/1.20.3/main.js?o=1 (1)
[292:1540:0207/191928.315:INFO:CONSOLE(1)] "console.groupEnd", source: https://s.update.aniview.com/2/1.20.3/main.js?o=1 (1)
[292:1540:0207/191928.315:INFO:CONSOLE(1)] "console.groupEnd", source: https://s.update.aniview.com/2/1.20.3/main.js?o=1 (1)
[292:1540:0207/191928.315:INFO:CONSOLE(1)] "console.groupEnd", source: https://s.update.aniview.com/2/1.20.3/main.js?o=1 (1)
[292:1540:0207/191928.315:INFO:CONSOLE(1)] "console.groupEnd", source: https://s.update.aniview.com/2/1.20.3/main.js?o=1 (1)
[292:1540:0207/191928.315:INFO:CONSOLE(1)] "console.groupEnd", source: https://s.update.aniview.com/2/1.20.3/main.js?o=1 (1)
[292:1540:0207/191928.315:INFO:CONSOLE(1)] "console.groupEnd", source: https://s.update.aniview.com/2/1.20.3/main.js?o=1 (1)
[292:1540:0207/191928.315:INFO:CONSOLE(1)] "console.groupEnd", source: https://s.update.aniview.com/2/1.20.3/main.js?o=1 (1)
[292:1540:0207/191928.315:INFO:CONSOLE(1)] "console.groupEnd", source: https://s.update.aniview.com/2/1.20.3/main.js?o=1 (1)
[292:1540:0207/191928.315:INFO:CONSOLE(1)] "console.groupEnd", source: https://s.update.aniview.com/2/1.20.3/main.js?o=1 (1)
[292:1540:0207/191928.315:INFO:CONSOLE(1)] "console.groupEnd", source: https://s.update.aniview.com/2/1.20.3/main.js?o=1 (1)
[292:1540:0207/191928.315:INFO:CONSOLE(1)] "console.groupEnd", source: https://s.update.aniview.com/2/1.20.3/main.js?o=1 (1)
[292:1540:0207/191928.315:INFO:CONSOLE(1)] "console.groupEnd", source: https://s.update.aniview.com/2/1.20.3/main.js?o=1 (1)
[292:1540:0207/191928.315:INFO:CONSOLE(1)] "console.groupEnd", source: https://s.update.aniview.com/2/1.20.3/main.js?o=1 (1)
[292:1540:0207/191928.315:INFO:CONSOLE(1)] "console.groupEnd", source: https://s.update.aniview.com/2/1.20.3/main.js?o=1 (1)
[292:1540:0207/191928.315:INFO:CONSOLE(1)] "console.groupEnd", source: https://s.update.aniview.com/2/1.20.3/main.js?o=1 (1)
[292:1540:0207/191928.315:INFO:CONSOLE(1)] "console.groupEnd", source: https://s.update.aniview.com/2/1.20.3/main.js?o=1 (1)
[292:1540:0207/191928.315:INFO:CONSOLE(1)] "console.groupEnd", source: https://s.update.aniview.com/2/1.20.3/main.js?o=1 (1)
[292:1540:0207/191928.315:INFO:CONSOLE(1)] "console.groupEnd", source: https://s.update.aniview.com/2/1.20.3/main.js?o=1 (1)
[292:1540:0207/191928.315:INFO:CONSOLE(1)] "console.groupEnd", source: https://s.update.aniview.com/2/1.20.3/main.js?o=1 (1)
[292:1540:0207/191928.315:INFO:CONSOLE(1)] "console.groupEnd", source: https://s.update.aniview.com/2/1.20.3/main.js?o=1 (1)
[292:1540:0207/191928.315:INFO:CONSOLE(1)] "console.groupEnd", source: https://s.update.aniview.com/2/1.20.3/main.js?o=1 (1)
[292:1540:0207/191928.315:INFO:CONSOLE(1)] "console.groupEnd", source: https://s.update.aniview.com/2/1.20.3/main.js?o=1 (1)
[292:1540:0207/191928.315:INFO:CONSOLE(1)] "console.groupEnd", source: https://s.update.aniview.com/2/1.20.3/main.js?o=1 (1)
[292:1540:0207/191928.315:INFO:CONSOLE(1)] "console.groupEnd", source: https://s.update.aniview.com/2/1.20.3/main.js?o=1 (1)
[292:1540:0207/191928.315:INFO:CONSOLE(1)] "console.groupEnd", source: https://s.update.aniview.com/2/1.20.3/main.js?o=1 (1)
[292:1540:0207/191928.315:INFO:CONSOLE(1)] "console.groupEnd", source: https://s.update.aniview.com/2/1.20.3/main.js?o=1 (1)
[292:1540:0207/191928.315:INFO:CONSOLE(1)] "console.groupEnd", source: https://s.update.aniview.com/2/1.20.3/main.js?o=1 (1)
[292:1540:0207/191928.315:INFO:CONSOLE(1)] "console.groupEnd", source: https://s.update.aniview.com/2/1.20.3/main.js?o=1 (1)
[292:1540:0207/191928.315:INFO:CONSOLE(1)] "console.groupEnd", source: https://s.update.aniview.com/2/1.20.3/main.js?o=1 (1)
[292:1540:0207/191928.316:INFO:CONSOLE(1)] "console.groupEnd", source: https://s.update.aniview.com/2/1.20.3/main.js?o=1 (1)
[292:1540:0207/191928.316:INFO:CONSOLE(1)] "console.groupEnd", source: https://s.update.aniview.com/2/1.20.3/main.js?o=1 (1)
[292:1540:0207/191928.316:INFO:CONSOLE(1)] "console.groupEnd", source: https://s.update.aniview.com/2/1.20.3/main.js?o=1 (1)
[292:1540:0207/191928.316:INFO:CONSOLE(1)] "console.groupEnd", source: https://s.update.aniview.com/2/1.20.3/main.js?o=1 (1)
[292:1540:0207/191928.316:INFO:CONSOLE(1)] "console.groupEnd", source: https://s.update.aniview.com/2/1.20.3/main.js?o=1 (1)
[292:1540:0207/191928.316:INFO:CONSOLE(1)] "console.groupEnd", source: https://s.update.aniview.com/2/1.20.3/main.js?o=1 (1)
[292:1540:0207/191928.316:INFO:CONSOLE(1)] "console.groupEnd", source: https://s.update.aniview.com/2/1.20.3/main.js?o=1 (1)
[292:1540:0207/191928.316:INFO:CONSOLE(1)] "console.groupEnd", source: https://s.update.aniview.com/2/1.20.3/main.js?o=1 (1)
[292:1540:0207/191928.316:INFO:CONSOLE(1)] "console.groupEnd", source: https://s.update.aniview.com/2/1.20.3/main.js?o=1 (1)
[292:1540:0207/191928.317:INFO:CONSOLE(1)] "console.groupEnd", source: https://s.update.aniview.com/2/1.20.3/main.js?o=1 (1)
[292:1540:0207/191928.317:INFO:CONSOLE(1)] "console.groupEnd", source: https://s.update.aniview.com/2/1.20.3/main.js?o=1 (1)
[292:1540:0207/191928.317:INFO:CONSOLE(1)] "console.groupEnd", source: https://s.update.aniview.com/2/1.20.3/main.js?o=1 (1)
[292:1540:0207/191928.317:INFO:CONSOLE(1)] "console.groupEnd", source: https://s.update.aniview.com/2/1.20.3/main.js?o=1 (1)
[292:1540:0207/191928.317:INFO:CONSOLE(1)] "console.groupEnd", source: https://s.update.aniview.com/2/1.20.3/main.js?o=1 (1)
[292:1540:0207/191928.317:INFO:CONSOLE(1)] "console.groupEnd", source: https://s.update.aniview.com/2/1.20.3/main.js?o=1 (1)
[292:1540:0207/191928.317:INFO:CONSOLE(1)] "console.groupEnd", source: https://s.update.aniview.com/2/1.20.3/main.js?o=1 (1)
[292:1540:0207/191928.317:INFO:CONSOLE(1)] "console.groupEnd", source: https://s.update.aniview.com/2/1.20.3/main.js?o=1 (1)
[292:1540:0207/191928.317:INFO:CONSOLE(1)] "console.groupEnd", source: https://s.update.aniview.com/2/1.20.3/main.js?o=1 (1)
[292:1540:0207/191928.317:INFO:CONSOLE(1)] "console.groupEnd", source: https://s.update.aniview.com/2/1.20.3/main.js?o=1 (1)
[292:1540:0207/191928.317:INFO:CONSOLE(1)] "console.groupEnd", source: https://s.update.aniview.com/2/1.20.3/main.js?o=1 (1)
[292:1540:0207/191928.317:INFO:CONSOLE(1)] "console.groupEnd", source: https://s.update.aniview.com/2/1.20.3/main.js?o=1 (1)
[292:1540:0207/191928.317:INFO:CONSOLE(1)] "console.groupEnd", source: https://s.update.aniview.com/2/1.20.3/main.js?o=1 (1)
[292:1540:0207/191928.317:INFO:CONSOLE(1)] "console.groupEnd", source: https://s.update.aniview.com/2/1.20.3/main.js?o=1 (1)
[292:1540:0207/191928.317:INFO:CONSOLE(1)] "console.groupEnd", source: https://s.update.aniview.com/2/1.20.3/main.js?o=1 (1)
[292:1540:0207/191928.317:INFO:CONSOLE(1)] "console.groupEnd", source: https://s.update.aniview.com/2/1.20.3/main.js?o=1 (1)
[292:1540:0207/191928.317:INFO:CONSOLE(1)] "console.groupEnd", source: https://s.update.aniview.com/2/1.20.3/main.js?o=1 (1)
[292:1540:0207/191928.317:INFO:CONSOLE(1)] "console.groupEnd", source: https://s.update.aniview.com/2/1.20.3/main.js?o=1 (1)
[292:1540:0207/191928.317:INFO:CONSOLE(1)] "console.groupEnd", source: https://s.update.aniview.com/2/1.20.3/main.js?o=1 (1)
[292:1540:0207/191928.317:INFO:CONSOLE(1)] "console.groupEnd", source: https://s.update.aniview.com/2/1.20.3/main.js?o=1 (1)
[292:1540:0207/191928.317:INFO:CONSOLE(1)] "console.groupEnd", source: https://s.update.aniview.com/2/1.20.3/main.js?o=1 (1)
[292:1540:0207/191928.317:INFO:CONSOLE(1)] "console.groupEnd", source: https://s.update.aniview.com/2/1.20.3/main.js?o=1 (1)
[292:1540:0207/191928.317:INFO:CONSOLE(1)] "console.groupEnd", source: https://s.update.aniview.com/2/1.20.3/main.js?o=1 (1)
[292:1540:0207/191928.317:INFO:CONSOLE(1)] "console.groupEnd", source: https://s.update.aniview.com/2/1.20.3/main.js?o=1 (1)
[292:1540:0207/191928.317:INFO:CONSOLE(1)] "console.groupEnd", source: https://s.update.aniview.com/2/1.20.3/main.js?o=1 (1)
[292:1540:0207/191928.317:INFO:CONSOLE(1)] "console.groupEnd", source: https://s.update.aniview.com/2/1.20.3/main.js?o=1 (1)
[292:1540:0207/191928.317:INFO:CONSOLE(1)] "console.groupEnd", source: https://s.update.aniview.com/2/1.20.3/main.js?o=1 (1)
[292:1540:0207/191928.317:INFO:CONSOLE(1)] "console.groupEnd", source: https://s.update.aniview.com/2/1.20.3/main.js?o=1 (1)
[292:1540:0207/191928.317:INFO:CONSOLE(1)] "console.groupEnd", source: https://s.update.aniview.com/2/1.20.3/main.js?o=1 (1)
[292:1540:0207/191928.317:INFO:CONSOLE(1)] "console.groupEnd", source: https://s.update.aniview.com/2/1.20.3/main.js?o=1 (1)
[292:1540:0207/191928.317:INFO:CONSOLE(1)] "console.groupEnd", source: https://s.update.aniview.com/2/1.20.3/main.js?o=1 (1)
[292:1540:0207/191931.297:INFO:CONSOLE(22)] "WebSocket connection to 'wss://playnano.online/cable' failed: WebSocket is closed before the connection is established.", source: https://playnano.online/assets/application-178dfeb99b35cc2e03ea128f8150cd777a6727813c61dc68c7879f4fea9b8ef6.js (22)
[292:1540:0207/191939.203:INFO:CONSOLE(4)] "VIDEOJS: WARN: Player "vjs-video-js" is already initialised. Options will not be applied.", source: https://playnano.online/assets/external/videojs.min-1ebeed346d02236b161e0140429ab4b7ce027f786ba49ea4cb6fa9ebb2736793.js (4)
[292:1540:0207/191940.874:INFO:CONSOLE(69)] "Uncaught ReferenceError: _qevents is not defined", source: https://bdv.bidvertiser.com/BidVertiser.dbm?pid=883108&bid=2049660&RD=5118525248958&DIF=1&bd_ref_v=playnano.online&tref=1&win_name=null&docref=https%3A%2F%2Fplaynano.online%2Fwatch-an&jsrand=5118525248958&js1loc=-&loctitle=play%20nano (69)
[292:1540:0207/191943.903:INFO:CONSOLE(61)] "19:19:43,903 com.stickyadstv.utils.Browser GDPR 2.0 - TCFAPI function cannot be found. _fw_gdpr: null, _fw_gdpr_consent: null", source: https://cdn.stickyadstv.com/mustang/vpaid-adapter.min.js (61)
[292:1540:0207/191944.206:INFO:CONSOLE(4)] "VIDEOJS: ERROR: videojs-contrib-ads has not seen a loadstart event 5 seconds after being initialized, but a source is present. This indicates that videojs-contrib-ads was initialized too late. It must be initialized immediately after video.js in the same tick. As a result, some ads will not play and some media events will be incorrect. For more information, see https://github.com/videojs/videojs-contrib-ads#important-note-about-initialization", source: https://playnano.online/assets/external/videojs.min-1ebeed346d02236b161e0140429ab4b7ce027f786ba49ea4cb6fa9ebb2736793.js (4)
[292:1540:0207/191949.770:INFO:CONSOLE(32)] "a: 0.001953125 ms", source: https://static.adsafeprotected.com/sca.17.4.114.js (32)
[292:1540:0207/191953.595:INFO:CONSOLE(61)] "19:19:53,594 com.stickyadstv.utils.Browser GDPR 2.0 - TCFAPI function cannot be found. _fw_gdpr: null, _fw_gdpr_consent: null", source: https://cdn.stickyadstv.com/mustang/vpaid-adapter.min.js (61)
[292:1540:0207/192009.839:INFO:CONSOLE(4)] "VIDEOJS: WARN: Player "vjs-video-js" is already initialised. Options will not be applied.", source: https://playnano.online/assets/external/videojs.min-1ebeed346d02236b161e0140429ab4b7ce027f786ba49ea4cb6fa9ebb2736793.js (4)
[292:1540:0207/192014.847:INFO:CONSOLE(4)] "VIDEOJS: ERROR: videojs-contrib-ads has not seen a loadstart event 5 seconds after being initialized, but a source is present. This indicates that videojs-contrib-ads was initialized too late. It must be initialized immediately after video.js in the same tick. As a result, some ads will not play and some media events will be incorrect. For more information, see https://github.com/videojs/videojs-contrib-ads#important-note-about-initialization", source: https://playnano.online/assets/external/videojs.min-1ebeed346d02236b161e0140429ab4b7ce027f786ba49ea4cb6fa9ebb2736793.js (4)
[292:1540:0207/192014.966:INFO:CONSOLE(1)] "'window.webkitStorageInfo' is deprecated. Please use 'navigator.webkitTemporaryStorage' or 'navigator.webkitPersistentStorage' instead.", source: https://static.lalaping.com/online.js?ver=2.0.0 (1)
[292:1540:0207/192016.064:INFO:CONSOLE(61)] "19:20:16,063 com.stickyadstv.utils.Browser GDPR 2.0 - TCFAPI function cannot be found. _fw_gdpr: null, _fw_gdpr_consent: null", source: https://cdn.stickyadstv.com/mustang/vpaid-adapter.min.js (61)
[292:1540:0207/192022.393:INFO:CONSOLE(32)] "a: 0.0009765625 ms", source: https://static.adsafeprotected.com/sca.17.4.114.js (32)
[292:1540:0207/192023.660:INFO:CONSOLE(1)] "console.groupEnd", source: https://s.update.aniview.com/2/1.20.3/main.js?o=1 (1)
[292:1540:0207/192023.660:INFO:CONSOLE(1)] "console.groupEnd", source: https://s.update.aniview.com/2/1.20.3/main.js?o=1 (1)
[292:1540:0207/192023.660:INFO:CONSOLE(1)] "console.groupEnd", source: https://s.update.aniview.com/2/1.20.3/main.js?o=1 (1)
[292:1540:0207/192023.660:INFO:CONSOLE(1)] "console.groupEnd", source: https://s.update.aniview.com/2/1.20.3/main.js?o=1 (1)
[292:1540:0207/192023.660:INFO:CONSOLE(1)] "console.groupEnd", source: https://s.update.aniview.com/2/1.20.3/main.js?o=1 (1)
[292:1540:0207/192023.660:INFO:CONSOLE(1)] "console.groupEnd", source: https://s.update.aniview.com/2/1.20.3/main.js?o=1 (1)
[292:1540:0207/192023.660:INFO:CONSOLE(1)] "console.groupEnd", source: https://s.update.aniview.com/2/1.20.3/main.js?o=1 (1)
[292:1540:0207/192023.660:INFO:CONSOLE(1)] "console.groupEnd", source: https://s.update.aniview.com/2/1.20.3/main.js?o=1 (1)
[292:1540:0207/192023.660:INFO:CONSOLE(1)] "console.groupEnd", source: https://s.update.aniview.com/2/1.20.3/main.js?o=1 (1)
[292:1540:0207/192023.661:INFO:CONSOLE(1)] "console.groupEnd", source: https://s.update.aniview.com/2/1.20.3/main.js?o=1 (1)
[292:1540:0207/192023.661:INFO:CONSOLE(1)] "console.groupEnd", source: https://s.update.aniview.com/2/1.20.3/main.js?o=1 (1)
[292:1540:0207/192023.661:INFO:CONSOLE(1)] "console.groupEnd", source: https://s.update.aniview.com/2/1.20.3/main.js?o=1 (1)
[292:1540:0207/192023.661:INFO:CONSOLE(1)] "console.groupEnd", source: https://s.update.aniview.com/2/1.20.3/main.js?o=1 (1)
[292:1540:0207/192023.661:INFO:CONSOLE(1)] "console.groupEnd", source: https://s.update.aniview.com/2/1.20.3/main.js?o=1 (1)
[292:1540:0207/192023.661:INFO:CONSOLE(1)] "console.groupEnd", source: https://s.update.aniview.com/2/1.20.3/main.js?o=1 (1)
[292:1540:0207/192023.661:INFO:CONSOLE(1)] "console.groupEnd", source: https://s.update.aniview.com/2/1.20.3/main.js?o=1 (1)
[292:1540:0207/192023.661:INFO:CONSOLE(1)] "console.groupEnd", source: https://s.update.aniview.com/2/1.20.3/main.js?o=1 (1)
[292:1540:0207/192023.661:INFO:CONSOLE(1)] "console.groupEnd", source: https://s.update.aniview.com/2/1.20.3/main.js?o=1 (1)
[292:1540:0207/192023.661:INFO:CONSOLE(1)] "console.groupEnd", source: https://s.update.aniview.com/2/1.20.3/main.js?o=1 (1)
[292:1540:0207/192023.661:INFO:CONSOLE(1)] "console.groupEnd", source: https://s.update.aniview.com/2/1.20.3/main.js?o=1 (1)
[292:1540:0207/192023.661:INFO:CONSOLE(1)] "console.groupEnd", source: https://s.update.aniview.com/2/1.20.3/main.js?o=1 (1)
[292:1540:0207/192023.661:INFO:CONSOLE(1)] "console.groupEnd", source: https://s.update.aniview.com/2/1.20.3/main.js?o=1 (1)
[292:1540:0207/192023.661:INFO:CONSOLE(1)] "console.groupEnd", source: https://s.update.aniview.com/2/1.20.3/main.js?o=1 (1)
[292:1540:0207/192023.661:INFO:CONSOLE(1)] "console.groupEnd", source: https://s.update.aniview.com/2/1.20.3/main.js?o=1 (1)
[292:1540:0207/192023.661:INFO:CONSOLE(1)] "console.groupEnd", source: https://s.update.aniview.com/2/1.20.3/main.js?o=1 (1)
[292:1540:0207/192023.661:INFO:CONSOLE(1)] "console.groupEnd", source: https://s.update.aniview.com/2/1.20.3/main.js?o=1 (1)
[292:1540:0207/192023.661:INFO:CONSOLE(1)] "console.groupEnd", source: https://s.update.aniview.com/2/1.20.3/main.js?o=1 (1)
[292:1540:0207/192023.661:INFO:CONSOLE(1)] "console.groupEnd", source: https://s.update.aniview.com/2/1.20.3/main.js?o=1 (1)
[292:1540:0207/192023.661:INFO:CONSOLE(1)] "console.groupEnd", source: https://s.update.aniview.com/2/1.20.3/main.js?o=1 (1)
[292:1540:0207/192023.661:INFO:CONSOLE(1)] "console.groupEnd", source: https://s.update.aniview.com/2/1.20.3/main.js?o=1 (1)
[292:1540:0207/192023.661:INFO:CONSOLE(1)] "console.groupEnd", source: https://s.update.aniview.com/2/1.20.3/main.js?o=1 (1)
[292:1540:0207/192023.661:INFO:CONSOLE(1)] "console.groupEnd", source: https://s.update.aniview.com/2/1.20.3/main.js?o=1 (1)
[292:1540:0207/192023.661:INFO:CONSOLE(1)] "console.groupEnd", source: https://s.update.aniview.com/2/1.20.3/main.js?o=1 (1)
[292:1540:0207/192023.661:INFO:CONSOLE(1)] "console.groupEnd", source: https://s.update.aniview.com/2/1.20.3/main.js?o=1 (1)
[292:1540:0207/192023.661:INFO:CONSOLE(1)] "console.groupEnd", source: https://s.update.aniview.com/2/1.20.3/main.js?o=1 (1)
[292:1540:0207/192023.661:INFO:CONSOLE(1)] "console.groupEnd", source: https://s.update.aniview.com/2/1.20.3/main.js?o=1 (1)
[292:1540:0207/192023.661:INFO:CONSOLE(1)] "console.groupEnd", source: https://s.update.aniview.com/2/1.20.3/main.js?o=1 (1)
[292:1540:0207/192023.662:INFO:CONSOLE(1)] "console.groupEnd", source: https://s.update.aniview.com/2/1.20.3/main.js?o=1 (1)
[292:1540:0207/192023.662:INFO:CONSOLE(1)] "console.groupEnd", source: https://s.update.aniview.com/2/1.20.3/main.js?o=1 (1)
[292:1540:0207/192023.662:INFO:CONSOLE(1)] "console.groupEnd", source: https://s.update.aniview.com/2/1.20.3/main.js?o=1 (1)
[292:1540:0207/192023.662:INFO:CONSOLE(1)] "console.groupEnd", source: https://s.update.aniview.com/2/1.20.3/main.js?o=1 (1)
[292:1540:0207/192023.662:INFO:CONSOLE(1)] "console.groupEnd", source: https://s.update.aniview.com/2/1.20.3/main.js?o=1 (1)
[292:1540:0207/192023.662:INFO:CONSOLE(1)] "console.groupEnd", source: https://s.update.aniview.com/2/1.20.3/main.js?o=1 (1)
[292:1540:0207/192023.662:INFO:CONSOLE(1)] "console.groupEnd", source: https://s.update.aniview.com/2/1.20.3/main.js?o=1 (1)
[292:1540:0207/192023.662:INFO:CONSOLE(1)] "console.groupEnd", source: https://s.update.aniview.com/2/1.20.3/main.js?o=1 (1)
[292:1540:0207/192023.662:INFO:CONSOLE(1)] "console.groupEnd", source: https://s.update.aniview.com/2/1.20.3/main.js?o=1 (1)
[292:1540:0207/192023.662:INFO:CONSOLE(1)] "console.groupEnd", source: https://s.update.aniview.com/2/1.20.3/main.js?o=1 (1)
[292:1540:0207/192023.662:INFO:CONSOLE(1)] "console.groupEnd", source: https://s.update.aniview.com/2/1.20.3/main.js?o=1 (1)
[292:1540:0207/192023.662:INFO:CONSOLE(1)] "console.groupEnd", source: https://s.update.aniview.com/2/1.20.3/main.js?o=1 (1)
[292:1540:0207/192023.662:INFO:CONSOLE(1)] "console.groupEnd", source: https://s.update.aniview.com/2/1.20.3/main.js?o=1 (1)
[292:1540:0207/192023.662:INFO:CONSOLE(1)] "console.groupEnd", source: https://s.update.aniview.com/2/1.20.3/main.js?o=1 (1)
[292:1540:0207/192023.662:INFO:CONSOLE(1)] "console.groupEnd", source: https://s.update.aniview.com/2/1.20.3/main.js?o=1 (1)
[292:1540:0207/192023.662:INFO:CONSOLE(1)] "console.groupEnd", source: https://s.update.aniview.com/2/1.20.3/main.js?o=1 (1)
[292:1540:0207/192023.662:INFO:CONSOLE(1)] "console.groupEnd", source: https://s.update.aniview.com/2/1.20.3/main.js?o=1 (1)
[292:1540:0207/192023.662:INFO:CONSOLE(1)] "console.groupEnd", source: https://s.update.aniview.com/2/1.20.3/main.js?o=1 (1)
[292:1540:0207/192023.662:INFO:CONSOLE(1)] "console.groupEnd", source: https://s.update.aniview.com/2/1.20.3/main.js?o=1 (1)
[292:1540:0207/192023.662:INFO:CONSOLE(1)] "console.groupEnd", source: https://s.update.aniview.com/2/1.20.3/main.js?o=1 (1)
[292:1540:0207/192023.662:INFO:CONSOLE(1)] "console.groupEnd", source: https://s.update.aniview.com/2/1.20.3/main.js?o=1 (1)
[292:1540:0207/192023.662:INFO:CONSOLE(1)] "console.groupEnd", source: https://s.update.aniview.com/2/1.20.3/main.js?o=1 (1)
[292:1540:0207/192023.662:INFO:CONSOLE(1)] "console.groupEnd", source: https://s.update.aniview.com/2/1.20.3/main.js?o=1 (1)
[292:1540:0207/192023.662:INFO:CONSOLE(1)] "console.groupEnd", source: https://s.update.aniview.com/2/1.20.3/main.js?o=1 (1)
[292:1540:0207/192023.662:INFO:CONSOLE(1)] "console.groupEnd", source: https://s.update.aniview.com/2/1.20.3/main.js?o=1 (1)
[292:1540:0207/192023.662:INFO:CONSOLE(1)] "console.groupEnd", source: https://s.update.aniview.com/2/1.20.3/main.js?o=1 (1)
[292:1540:0207/192023.662:INFO:CONSOLE(1)] "console.groupEnd", source: https://s.update.aniview.com/2/1.20.3/main.js?o=1 (1)
[292:1540:0207/192023.662:INFO:CONSOLE(1)] "console.groupEnd", source: https://s.update.aniview.com/2/1.20.3/main.js?o=1 (1)
[292:1540:0207/192023.662:INFO:CONSOLE(1)] "console.groupEnd", source: https://s.update.aniview.com/2/1.20.3/main.js?o=1 (1)
[292:1540:0207/192023.662:INFO:CONSOLE(1)] "console.groupEnd", source: https://s.update.aniview.com/2/1.20.3/main.js?o=1 (1)
[292:1540:0207/192023.662:INFO:CONSOLE(1)] "console.groupEnd", source: https://s.update.aniview.com/2/1.20.3/main.js?o=1 (1)
[292:1540:0207/192023.662:INFO:CONSOLE(1)] "console.groupEnd", source: https://s.update.aniview.com/2/1.20.3/main.js?o=1 (1)
[292:1540:0207/192023.662:INFO:CONSOLE(1)] "console.groupEnd", source: https://s.update.aniview.com/2/1.20.3/main.js?o=1 (1)
[292:1540:0207/192023.662:INFO:CONSOLE(1)] "console.groupEnd", source: https://s.update.aniview.com/2/1.20.3/main.js?o=1 (1)
[292:1540:0207/192023.662:INFO:CONSOLE(1)] "console.groupEnd", source: https://s.update.aniview.com/2/1.20.3/main.js?o=1 (1)
[292:1540:0207/192023.663:INFO:CONSOLE(1)] "console.groupEnd", source: https://s.update.aniview.com/2/1.20.3/main.js?o=1 (1)
[292:1540:0207/192023.663:INFO:CONSOLE(1)] "console.groupEnd", source: https://s.update.aniview.com/2/1.20.3/main.js?o=1 (1)
[292:1540:0207/192023.663:INFO:CONSOLE(1)] "console.groupEnd", source: https://s.update.aniview.com/2/1.20.3/main.js?o=1 (1)
[292:1540:0207/192023.663:INFO:CONSOLE(1)] "console.groupEnd", source: https://s.update.aniview.com/2/1.20.3/main.js?o=1 (1)
[292:1540:0207/192023.664:INFO:CONSOLE(1)] "console.groupEnd", source: https://s.update.aniview.com/2/1.20.3/main.js?o=1 (1)
[292:1540:0207/192023.664:INFO:CONSOLE(1)] "console.groupEnd", source: https://s.update.aniview.com/2/1.20.3/main.js?o=1 (1)
[292:1540:0207/192023.664:INFO:CONSOLE(1)] "console.groupEnd", source: https://s.update.aniview.com/2/1.20.3/main.js?o=1 (1)
[292:1540:0207/192023.664:INFO:CONSOLE(1)] "console.groupEnd", source: https://s.update.aniview.com/2/1.20.3/main.js?o=1 (1)
[292:1540:0207/192023.664:INFO:CONSOLE(1)] "console.groupEnd", source: https://s.update.aniview.com/2/1.20.3/main.js?o=1 (1)
[292:1540:0207/192023.664:INFO:CONSOLE(1)] "console.groupEnd", source: https://s.update.aniview.com/2/1.20.3/main.js?o=1 (1)
[292:1540:0207/192023.664:INFO:CONSOLE(1)] "console.groupEnd", source: https://s.update.aniview.com/2/1.20.3/main.js?o=1 (1)
[292:1540:0207/192023.664:INFO:CONSOLE(1)] "console.groupEnd", source: https://s.update.aniview.com/2/1.20.3/main.js?o=1 (1)
[292:1540:0207/192023.664:INFO:CONSOLE(1)] "console.groupEnd", source: https://s.update.aniview.com/2/1.20.3/main.js?o=1 (1)
[292:1540:0207/192023.664:INFO:CONSOLE(1)] "console.groupEnd", source: https://s.update.aniview.com/2/1.20.3/main.js?o=1 (1)
[292:1540:0207/192023.664:INFO:CONSOLE(1)] "console.groupEnd", source: https://s.update.aniview.com/2/1.20.3/main.js?o=1 (1)
[292:1540:0207/192023.664:INFO:CONSOLE(1)] "console.groupEnd", source: https://s.update.aniview.com/2/1.20.3/main.js?o=1 (1)
[292:1540:0207/192023.664:INFO:CONSOLE(1)] "console.groupEnd", source: https://s.update.aniview.com/2/1.20.3/main.js?o=1 (1)
[292:1540:0207/192023.664:INFO:CONSOLE(1)] "console.groupEnd", source: https://s.update.aniview.com/2/1.20.3/main.js?o=1 (1)
[292:1540:0207/192023.664:INFO:CONSOLE(1)] "console.groupEnd", source: https://s.update.aniview.com/2/1.20.3/main.js?o=1 (1)
[292:1540:0207/192023.664:INFO:CONSOLE(1)] "console.groupEnd", source: https://s.update.aniview.com/2/1.20.3/main.js?o=1 (1)
[292:1540:0207/192023.664:INFO:CONSOLE(1)] "console.groupEnd", source: https://s.update.aniview.com/2/1.20.3/main.js?o=1 (1)
[292:1540:0207/192023.664:INFO:CONSOLE(1)] "console.groupEnd", source: https://s.update.aniview.com/2/1.20.3/main.js?o=1 (1)
[292:1540:0207/192023.664:INFO:CONSOLE(1)] "console.groupEnd", source: https://s.update.aniview.com/2/1.20.3/main.js?o=1 (1)
[292:1540:0207/192023.664:INFO:CONSOLE(1)] "console.groupEnd", source: https://s.update.aniview.com/2/1.20.3/main.js?o=1 (1)
[292:1540:0207/192023.664:INFO:CONSOLE(1)] "console.groupEnd", source: https://s.update.aniview.com/2/1.20.3/main.js?o=1 (1)
[292:1540:0207/192023.664:INFO:CONSOLE(1)] "console.groupEnd", source: https://s.update.aniview.com/2/1.20.3/main.js?o=1 (1)
[292:1540:0207/192023.664:INFO:CONSOLE(1)] "console.groupEnd", source: https://s.update.aniview.com/2/1.20.3/main.js?o=1 (1)
[292:1540:0207/192023.664:INFO:CONSOLE(1)] "console.groupEnd", source: https://s.update.aniview.com/2/1.20.3/main.js?o=1 (1)
[292:1540:0207/192023.664:INFO:CONSOLE(1)] "console.groupEnd", source: https://s.update.aniview.com/2/1.20.3/main.js?o=1 (1)
[292:1540:0207/192023.664:INFO:CONSOLE(1)] "console.groupEnd", source: https://s.update.aniview.com/2/1.20.3/main.js?o=1 (1)
[292:1540:0207/192023.664:INFO:CONSOLE(1)] "console.groupEnd", source: https://s.update.aniview.com/2/1.20.3/main.js?o=1 (1)
[292:1540:0207/192023.664:INFO:CONSOLE(1)] "console.groupEnd", source: https://s.update.aniview.com/2/1.20.3/main.js?o=1 (1)
[292:1540:0207/192023.664:INFO:CONSOLE(1)] "console.groupEnd", source: https://s.update.aniview.com/2/1.20.3/main.js?o=1 (1)
[292:1540:0207/192023.664:INFO:CONSOLE(1)] "console.groupEnd", source: https://s.update.aniview.com/2/1.20.3/main.js?o=1 (1)
[292:1540:0207/192023.664:INFO:CONSOLE(1)] "console.groupEnd", source: https://s.update.aniview.com/2/1.20.3/main.js?o=1 (1)
[292:1540:0207/192023.664:INFO:CONSOLE(1)] "console.groupEnd", source: https://s.update.aniview.com/2/1.20.3/main.js?o=1 (1)
[292:1540:0207/192023.664:INFO:CONSOLE(1)] "console.groupEnd", source: https://s.update.aniview.com/2/1.20.3/main.js?o=1 (1)
[292:1540:0207/192023.664:INFO:CONSOLE(1)] "console.groupEnd", source: https://s.update.aniview.com/2/1.20.3/main.js?o=1 (1)
[292:1540:0207/192023.665:INFO:CONSOLE(1)] "console.groupEnd", source: https://s.update.aniview.com/2/1.20.3/main.js?o=1 (1)
[292:1540:0207/192023.665:INFO:CONSOLE(1)] "console.groupEnd", source: https://s.update.aniview.com/2/1.20.3/main.js?o=1 (1)
[292:1540:0207/192023.665:INFO:CONSOLE(1)] "console.groupEnd", source: https://s.update.aniview.com/2/1.20.3/main.js?o=1 (1)
[292:1540:0207/192023.665:INFO:CONSOLE(1)] "console.groupEnd", source: https://s.update.aniview.com/2/1.20.3/main.js?o=1 (1)
[292:1540:0207/192023.665:INFO:CONSOLE(1)] "console.groupEnd", source: https://s.update.aniview.com/2/1.20.3/main.js?o=1 (1)
[292:1540:0207/192023.666:INFO:CONSOLE(1)] "console.groupEnd", source: https://s.update.aniview.com/2/1.20.3/main.js?o=1 (1)
[292:1540:0207/192023.666:INFO:CONSOLE(1)] "console.groupEnd", source: https://s.update.aniview.com/2/1.20.3/main.js?o=1 (1)
[292:1540:0207/192023.666:INFO:CONSOLE(1)] "console.groupEnd", source: https://s.update.aniview.com/2/1.20.3/main.js?o=1 (1)
[292:1540:0207/192023.666:INFO:CONSOLE(1)] "console.groupEnd", source: https://s.update.aniview.com/2/1.20.3/main.js?o=1 (1)
[292:1540:0207/192023.666:INFO:CONSOLE(1)] "console.groupEnd", source: https://s.update.aniview.com/2/1.20.3/main.js?o=1 (1)
[292:1540:0207/192023.666:INFO:CONSOLE(1)] "console.groupEnd", source: https://s.update.aniview.com/2/1.20.3/main.js?o=1 (1)
[292:1540:0207/192023.666:INFO:CONSOLE(1)] "console.groupEnd", source: https://s.update.aniview.com/2/1.20.3/main.js?o=1 (1)
[292:1540:0207/192023.666:INFO:CONSOLE(1)] "console.groupEnd", source: https://s.update.aniview.com/2/1.20.3/main.js?o=1 (1)
[292:1540:0207/192023.666:INFO:CONSOLE(1)] "console.groupEnd", source: https://s.update.aniview.com/2/1.20.3/main.js?o=1 (1)
[292:1540:0207/192023.666:INFO:CONSOLE(1)] "console.groupEnd", source: https://s.update.aniview.com/2/1.20.3/main.js?o=1 (1)
[292:1540:0207/192023.666:INFO:CONSOLE(1)] "console.groupEnd", source: https://s.update.aniview.com/2/1.20.3/main.js?o=1 (1)
[292:1540:0207/192023.666:INFO:CONSOLE(1)] "console.groupEnd", source: https://s.update.aniview.com/2/1.20.3/main.js?o=1 (1)
[292:1540:0207/192023.666:INFO:CONSOLE(1)] "console.groupEnd", source: https://s.update.aniview.com/2/1.20.3/main.js?o=1 (1)
[292:1540:0207/192023.666:INFO:CONSOLE(1)] "console.groupEnd", source: https://s.update.aniview.com/2/1.20.3/main.js?o=1 (1)
[292:1540:0207/192023.666:INFO:CONSOLE(1)] "console.groupEnd", source: https://s.update.aniview.com/2/1.20.3/main.js?o=1 (1)
[292:1540:0207/192023.666:INFO:CONSOLE(1)] "console.groupEnd", source: https://s.update.aniview.com/2/1.20.3/main.js?o=1 (1)
[292:1540:0207/192023.666:INFO:CONSOLE(1)] "console.groupEnd", source: https://s.update.aniview.com/2/1.20.3/main.js?o=1 (1)
[292:1540:0207/192023.666:INFO:CONSOLE(1)] "console.groupEnd", source: https://s.update.aniview.com/2/1.20.3/main.js?o=1 (1)
[292:1540:0207/192023.666:INFO:CONSOLE(1)] "console.groupEnd", source: https://s.update.aniview.com/2/1.20.3/main.js?o=1 (1)
[292:1540:0207/192023.666:INFO:CONSOLE(1)] "console.groupEnd", source: https://s.update.aniview.com/2/1.20.3/main.js?o=1 (1)
[292:1540:0207/192023.666:INFO:CONSOLE(1)] "console.groupEnd", source: https://s.update.aniview.com/2/1.20.3/main.js?o=1 (1)
[292:1540:0207/192023.666:INFO:CONSOLE(1)] "console.groupEnd", source: https://s.update.aniview.com/2/1.20.3/main.js?o=1 (1)
[292:1540:0207/192023.666:INFO:CONSOLE(1)] "console.groupEnd", source: https://s.update.aniview.com/2/1.20.3/main.js?o=1 (1)
[292:1540:0207/192023.666:INFO:CONSOLE(1)] "console.groupEnd", source: https://s.update.aniview.com/2/1.20.3/main.js?o=1 (1)
[292:1540:0207/192023.666:INFO:CONSOLE(1)] "console.groupEnd", source: https://s.update.aniview.com/2/1.20.3/main.js?o=1 (1)
[292:1540:0207/192023.666:INFO:CONSOLE(1)] "console.groupEnd", source: https://s.update.aniview.com/2/1.20.3/main.js?o=1 (1)
[292:1540:0207/192023.666:INFO:CONSOLE(1)] "console.groupEnd", source: https://s.update.aniview.com/2/1.20.3/main.js?o=1 (1)
[292:1540:0207/192023.666:INFO:CONSOLE(1)] "console.groupEnd", source: https://s.update.aniview.com/2/1.20.3/main.js?o=1 (1)
[292:1540:0207/192023.666:INFO:CONSOLE(1)] "console.groupEnd", source: https://s.update.aniview.com/2/1.20.3/main.js?o=1 (1)
[292:1540:0207/192023.666:INFO:CONSOLE(1)] "console.groupEnd", source: https://s.update.aniview.com/2/1.20.3/main.js?o=1 (1)
[292:1540:0207/192023.666:INFO:CONSOLE(1)] "console.groupEnd", source: https://s.update.aniview.com/2/1.20.3/main.js?o=1 (1)
[292:1540:0207/192023.666:INFO:CONSOLE(1)] "console.groupEnd", source: https://s.update.aniview.com/2/1.20.3/main.js?o=1 (1)
[292:1540:0207/192023.666:INFO:CONSOLE(1)] "console.groupEnd", source: https://s.update.aniview.com/2/1.20.3/main.js?o=1 (1)
[292:1540:0207/192023.667:INFO:CONSOLE(1)] "console.groupEnd", source: https://s.update.aniview.com/2/1.20.3/main.js?o=1 (1)
[292:1540:0207/192023.667:INFO:CONSOLE(1)] "console.groupEnd", source: https://s.update.aniview.com/2/1.20.3/main.js?o=1 (1)
[292:1540:0207/192023.667:INFO:CONSOLE(1)] "console.groupEnd", source: https://s.update.aniview.com/2/1.20.3/main.js?o=1 (1)
[292:1540:0207/192023.667:INFO:CONSOLE(1)] "console.groupEnd", source: https://s.update.aniview.com/2/1.20.3/main.js?o=1 (1)
[292:1540:0207/192023.667:INFO:CONSOLE(1)] "console.groupEnd", source: https://s.update.aniview.com/2/1.20.3/main.js?o=1 (1)
[292:1540:0207/192037.383:INFO:CONSOLE(4)] "VIDEOJS: WARN: Player "vjs-video-js" is already initialised. Options will not be applied.", source: https://playnano.online/assets/external/videojs.min-1ebeed346d02236b161e0140429ab4b7ce027f786ba49ea4cb6fa9ebb2736793.js (4)
[292:1540:0207/192040.789:INFO:CONSOLE(61)] "19:20:40,788 com.stickyadstv.utils.Browser GDPR 2.0 - TCFAPI function cannot be found. _fw_gdpr: null, _fw_gdpr_consent: null", source: https://cdn.stickyadstv.com/mustang/vpaid-adapter.min.js (61)
[292:1540:0207/192042.388:INFO:CONSOLE(4)] "VIDEOJS: ERROR: videojs-contrib-ads has not seen a loadstart event 5 seconds after being initialized, but a source is present. This indicates that videojs-contrib-ads was initialized too late. It must be initialized immediately after video.js in the same tick. As a result, some ads will not play and some media events will be incorrect. For more information, see https://github.com/videojs/videojs-contrib-ads#important-note-about-initialization", source: https://playnano.online/assets/external/videojs.min-1ebeed346d02236b161e0140429ab4b7ce027f786ba49ea4cb6fa9ebb2736793.js (4)
[292:1540:0207/192048.278:INFO:CONSOLE(32)] "a: 0.001953125 ms", source: https://static.adsafeprotected.com/sca.17.4.114.js (32)
[292:1540:0207/192049.301:INFO:CONSOLE(1)] "console.groupEnd", source: https://s.update.aniview.com/2/1.20.3/main.js?o=1 (1)
[292:1540:0207/192049.301:INFO:CONSOLE(1)] "console.groupEnd", source: https://s.update.aniview.com/2/1.20.3/main.js?o=1 (1)
[292:1540:0207/192049.301:INFO:CONSOLE(1)] "console.groupEnd", source: https://s.update.aniview.com/2/1.20.3/main.js?o=1 (1)
[292:1540:0207/192049.301:INFO:CONSOLE(1)] "console.groupEnd", source: https://s.update.aniview.com/2/1.20.3/main.js?o=1 (1)
[292:1540:0207/192049.301:INFO:CONSOLE(1)] "console.groupEnd", source: https://s.update.aniview.com/2/1.20.3/main.js?o=1 (1)
[292:1540:0207/192049.301:INFO:CONSOLE(1)] "console.groupEnd", source: https://s.update.aniview.com/2/1.20.3/main.js?o=1 (1)
[292:1540:0207/192049.301:INFO:CONSOLE(1)] "console.groupEnd", source: https://s.update.aniview.com/2/1.20.3/main.js?o=1 (1)
[292:1540:0207/192049.301:INFO:CONSOLE(1)] "console.groupEnd", source: https://s.update.aniview.com/2/1.20.3/main.js?o=1 (1)
[292:1540:0207/192049.301:INFO:CONSOLE(1)] "console.groupEnd", source: https://s.update.aniview.com/2/1.20.3/main.js?o=1 (1)
[292:1540:0207/192049.301:INFO:CONSOLE(1)] "console.groupEnd", source: https://s.update.aniview.com/2/1.20.3/main.js?o=1 (1)
[292:1540:0207/192049.301:INFO:CONSOLE(1)] "console.groupEnd", source: https://s.update.aniview.com/2/1.20.3/main.js?o=1 (1)
[292:1540:0207/192049.302:INFO:CONSOLE(1)] "console.groupEnd", source: https://s.update.aniview.com/2/1.20.3/main.js?o=1 (1)
[292:1540:0207/192049.302:INFO:CONSOLE(1)] "console.groupEnd", source: https://s.update.aniview.com/2/1.20.3/main.js?o=1 (1)
[292:1540:0207/192049.302:INFO:CONSOLE(1)] "console.groupEnd", source: https://s.update.aniview.com/2/1.20.3/main.js?o=1 (1)
[292:1540:0207/192049.302:INFO:CONSOLE(1)] "console.groupEnd", source: https://s.update.aniview.com/2/1.20.3/main.js?o=1 (1)
[292:1540:0207/192049.302:INFO:CONSOLE(1)] "console.groupEnd", source: https://s.update.aniview.com/2/1.20.3/main.js?o=1 (1)
[292:1540:0207/192049.302:INFO:CONSOLE(1)] "console.groupEnd", source: https://s.update.aniview.com/2/1.20.3/main.js?o=1 (1)
[292:1540:0207/192049.302:INFO:CONSOLE(1)] "console.groupEnd", source: https://s.update.aniview.com/2/1.20.3/main.js?o=1 (1)
[292:1540:0207/192049.302:INFO:CONSOLE(1)] "console.groupEnd", source: https://s.update.aniview.com/2/1.20.3/main.js?o=1 (1)
[292:1540:0207/192049.302:INFO:CONSOLE(1)] "console.groupEnd", source: https://s.update.aniview.com/2/1.20.3/main.js?o=1 (1)
[292:1540:0207/192049.302:INFO:CONSOLE(1)] "console.groupEnd", source: https://s.update.aniview.com/2/1.20.3/main.js?o=1 (1)
[292:1540:0207/192049.302:INFO:CONSOLE(1)] "console.groupEnd", source: https://s.update.aniview.com/2/1.20.3/main.js?o=1 (1)
[292:1540:0207/192049.302:INFO:CONSOLE(1)] "console.groupEnd", source: https://s.update.aniview.com/2/1.20.3/main.js?o=1 (1)
[292:1540:0207/192049.302:INFO:CONSOLE(1)] "console.groupEnd", source: https://s.update.aniview.com/2/1.20.3/main.js?o=1 (1)
[292:1540:0207/192049.302:INFO:CONSOLE(1)] "console.groupEnd", source: https://s.update.aniview.com/2/1.20.3/main.js?o=1 (1)
[292:1540:0207/192049.302:INFO:CONSOLE(1)] "console.groupEnd", source: https://s.update.aniview.com/2/1.20.3/main.js?o=1 (1)
[292:1540:0207/192049.302:INFO:CONSOLE(1)] "console.groupEnd", source: https://s.update.aniview.com/2/1.20.3/main.js?o=1 (1)
[292:1540:0207/192049.302:INFO:CONSOLE(1)] "console.groupEnd", source: https://s.update.aniview.com/2/1.20.3/main.js?o=1 (1)
[292:1540:0207/192049.302:INFO:CONSOLE(1)] "console.groupEnd", source: https://s.update.aniview.com/2/1.20.3/main.js?o=1 (1)
[292:1540:0207/192049.302:INFO:CONSOLE(1)] "console.groupEnd", source: https://s.update.aniview.com/2/1.20.3/main.js?o=1 (1)
[292:1540:0207/192049.302:INFO:CONSOLE(1)] "console.groupEnd", source: https://s.update.aniview.com/2/1.20.3/main.js?o=1 (1)
[292:1540:0207/192049.302:INFO:CONSOLE(1)] "console.groupEnd", source: https://s.update.aniview.com/2/1.20.3/main.js?o=1 (1)
[292:1540:0207/192049.302:INFO:CONSOLE(1)] "console.groupEnd", source: https://s.update.aniview.com/2/1.20.3/main.js?o=1 (1)
[292:1540:0207/192049.302:INFO:CONSOLE(1)] "console.groupEnd", source: https://s.update.aniview.com/2/1.20.3/main.js?o=1 (1)
[292:1540:0207/192049.302:INFO:CONSOLE(1)] "console.groupEnd", source: https://s.update.aniview.com/2/1.20.3/main.js?o=1 (1)
[292:1540:0207/192049.302:INFO:CONSOLE(1)] "console.groupEnd", source: https://s.update.aniview.com/2/1.20.3/main.js?o=1 (1)
[292:1540:0207/192049.302:INFO:CONSOLE(1)] "console.groupEnd", source: https://s.update.aniview.com/2/1.20.3/main.js?o=1 (1)
[292:1540:0207/192049.302:INFO:CONSOLE(1)] "console.groupEnd", source: https://s.update.aniview.com/2/1.20.3/main.js?o=1 (1)
[292:1540:0207/192049.302:INFO:CONSOLE(1)] "console.groupEnd", source: https://s.update.aniview.com/2/1.20.3/main.js?o=1 (1)
[292:1540:0207/192049.303:INFO:CONSOLE(1)] "console.groupEnd", source: https://s.update.aniview.com/2/1.20.3/main.js?o=1 (1)
[292:1540:0207/192049.303:INFO:CONSOLE(1)] "console.groupEnd", source: https://s.update.aniview.com/2/1.20.3/main.js?o=1 (1)
[292:1540:0207/192049.303:INFO:CONSOLE(1)] "console.groupEnd", source: https://s.update.aniview.com/2/1.20.3/main.js?o=1 (1)
[292:1540:0207/192049.303:INFO:CONSOLE(1)] "console.groupEnd", source: https://s.update.aniview.com/2/1.20.3/main.js?o=1 (1)
[292:1540:0207/192049.303:INFO:CONSOLE(1)] "console.groupEnd", source: https://s.update.aniview.com/2/1.20.3/main.js?o=1 (1)
[292:1540:0207/192049.303:INFO:CONSOLE(1)] "console.groupEnd", source: https://s.update.aniview.com/2/1.20.3/main.js?o=1 (1)
[292:1540:0207/192049.303:INFO:CONSOLE(1)] "console.groupEnd", source: https://s.update.aniview.com/2/1.20.3/main.js?o=1 (1)
[292:1540:0207/192049.303:INFO:CONSOLE(1)] "console.groupEnd", source: https://s.update.aniview.com/2/1.20.3/main.js?o=1 (1)
[292:1540:0207/192049.303:INFO:CONSOLE(1)] "console.groupEnd", source: https://s.update.aniview.com/2/1.20.3/main.js?o=1 (1)
[292:1540:0207/192049.303:INFO:CONSOLE(1)] "console.groupEnd", source: https://s.update.aniview.com/2/1.20.3/main.js?o=1 (1)
[292:1540:0207/192049.303:INFO:CONSOLE(1)] "console.groupEnd", source: https://s.update.aniview.com/2/1.20.3/main.js?o=1 (1)
[292:1540:0207/192049.303:INFO:CONSOLE(1)] "console.groupEnd", source: https://s.update.aniview.com/2/1.20.3/main.js?o=1 (1)
[292:1540:0207/192049.303:INFO:CONSOLE(1)] "console.groupEnd", source: https://s.update.aniview.com/2/1.20.3/main.js?o=1 (1)
[292:1540:0207/192049.303:INFO:CONSOLE(1)] "console.groupEnd", source: https://s.update.aniview.com/2/1.20.3/main.js?o=1 (1)
[292:1540:0207/192049.303:INFO:CONSOLE(1)] "console.groupEnd", source: https://s.update.aniview.com/2/1.20.3/main.js?o=1 (1)
[292:1540:0207/192049.304:INFO:CONSOLE(1)] "console.groupEnd", source: https://s.update.aniview.com/2/1.20.3/main.js?o=1 (1)
[292:1540:0207/192049.304:INFO:CONSOLE(1)] "console.groupEnd", source: https://s.update.aniview.com/2/1.20.3/main.js?o=1 (1)
[292:1540:0207/192049.304:INFO:CONSOLE(1)] "console.groupEnd", source: https://s.update.aniview.com/2/1.20.3/main.js?o=1 (1)
[292:1540:0207/192049.304:INFO:CONSOLE(1)] "console.groupEnd", source: https://s.update.aniview.com/2/1.20.3/main.js?o=1 (1)
[292:1540:0207/192049.304:INFO:CONSOLE(1)] "console.groupEnd", source: https://s.update.aniview.com/2/1.20.3/main.js?o=1 (1)
[292:1540:0207/192049.304:INFO:CONSOLE(1)] "console.groupEnd", source: https://s.update.aniview.com/2/1.20.3/main.js?o=1 (1)
[292:1540:0207/192049.304:INFO:CONSOLE(1)] "console.groupEnd", source: https://s.update.aniview.com/2/1.20.3/main.js?o=1 (1)
[292:1540:0207/192049.304:INFO:CONSOLE(1)] "console.groupEnd", source: https://s.update.aniview.com/2/1.20.3/main.js?o=1 (1)
[292:1540:0207/192049.304:INFO:CONSOLE(1)] "console.groupEnd", source: https://s.update.aniview.com/2/1.20.3/main.js?o=1 (1)
[292:1540:0207/192049.304:INFO:CONSOLE(1)] "console.groupEnd", source: https://s.update.aniview.com/2/1.20.3/main.js?o=1 (1)
[292:1540:0207/192049.304:INFO:CONSOLE(1)] "console.groupEnd", source: https://s.update.aniview.com/2/1.20.3/main.js?o=1 (1)
[292:1540:0207/192049.304:INFO:CONSOLE(1)] "console.groupEnd", source: https://s.update.aniview.com/2/1.20.3/main.js?o=1 (1)
[292:1540:0207/192049.304:INFO:CONSOLE(1)] "console.groupEnd", source: https://s.update.aniview.com/2/1.20.3/main.js?o=1 (1)
[292:1540:0207/192049.304:INFO:CONSOLE(1)] "console.groupEnd", source: https://s.update.aniview.com/2/1.20.3/main.js?o=1 (1)
[292:1540:0207/192049.304:INFO:CONSOLE(1)] "console.groupEnd", source: https://s.update.aniview.com/2/1.20.3/main.js?o=1 (1)
[292:1540:0207/192049.304:INFO:CONSOLE(1)] "console.groupEnd", source: https://s.update.aniview.com/2/1.20.3/main.js?o=1 (1)
[292:1540:0207/192049.304:INFO:CONSOLE(1)] "console.groupEnd", source: https://s.update.aniview.com/2/1.20.3/main.js?o=1 (1)
[292:1540:0207/192049.304:INFO:CONSOLE(1)] "console.groupEnd", source: https://s.update.aniview.com/2/1.20.3/main.js?o=1 (1)
[292:1540:0207/192049.304:INFO:CONSOLE(1)] "console.groupEnd", source: https://s.update.aniview.com/2/1.20.3/main.js?o=1 (1)
[292:1540:0207/192049.304:INFO:CONSOLE(1)] "console.groupEnd", source: https://s.update.aniview.com/2/1.20.3/main.js?o=1 (1)
[292:1540:0207/192049.304:INFO:CONSOLE(1)] "console.groupEnd", source: https://s.update.aniview.com/2/1.20.3/main.js?o=1 (1)
[292:1540:0207/192049.304:INFO:CONSOLE(1)] "console.groupEnd", source: https://s.update.aniview.com/2/1.20.3/main.js?o=1 (1)
[292:1540:0207/192049.304:INFO:CONSOLE(1)] "console.groupEnd", source: https://s.update.aniview.com/2/1.20.3/main.js?o=1 (1)
[292:1540:0207/192049.304:INFO:CONSOLE(1)] "console.groupEnd", source: https://s.update.aniview.com/2/1.20.3/main.js?o=1 (1)
[292:1540:0207/192049.304:INFO:CONSOLE(1)] "console.groupEnd", source: https://s.update.aniview.com/2/1.20.3/main.js?o=1 (1)
[292:1540:0207/192049.304:INFO:CONSOLE(1)] "console.groupEnd", source: https://s.update.aniview.com/2/1.20.3/main.js?o=1 (1)
[292:1540:0207/192049.305:INFO:CONSOLE(1)] "console.groupEnd", source: https://s.update.aniview.com/2/1.20.3/main.js?o=1 (1)
[292:1540:0207/192049.305:INFO:CONSOLE(1)] "console.groupEnd", source: https://s.update.aniview.com/2/1.20.3/main.js?o=1 (1)
[292:1540:0207/192049.305:INFO:CONSOLE(1)] "console.groupEnd", source: https://s.update.aniview.com/2/1.20.3/main.js?o=1 (1)
[292:1540:0207/192049.305:INFO:CONSOLE(1)] "console.groupEnd", source: https://s.update.aniview.com/2/1.20.3/main.js?o=1 (1)
[292:1540:0207/192049.305:INFO:CONSOLE(1)] "console.groupEnd", source: https://s.update.aniview.com/2/1.20.3/main.js?o=1 (1)
[292:1540:0207/192049.305:INFO:CONSOLE(1)] "console.groupEnd", source: https://s.update.aniview.com/2/1.20.3/main.js?o=1 (1)
[292:1540:0207/192049.305:INFO:CONSOLE(1)] "console.groupEnd", source: https://s.update.aniview.com/2/1.20.3/main.js?o=1 (1)
[292:1540:0207/192049.305:INFO:CONSOLE(1)] "console.groupEnd", source: https://s.update.aniview.com/2/1.20.3/main.js?o=1 (1)
[292:1540:0207/192049.305:INFO:CONSOLE(1)] "console.groupEnd", source: https://s.update.aniview.com/2/1.20.3/main.js?o=1 (1)
[292:1540:0207/192049.305:INFO:CONSOLE(1)] "console.groupEnd", source: https://s.update.aniview.com/2/1.20.3/main.js?o=1 (1)
[292:1540:0207/192049.305:INFO:CONSOLE(1)] "console.groupEnd", source: https://s.update.aniview.com/2/1.20.3/main.js?o=1 (1)
[292:1540:0207/192049.305:INFO:CONSOLE(1)] "console.groupEnd", source: https://s.update.aniview.com/2/1.20.3/main.js?o=1 (1)
[292:1540:0207/192049.305:INFO:CONSOLE(1)] "console.groupEnd", source: https://s.update.aniview.com/2/1.20.3/main.js?o=1 (1)
[292:1540:0207/192049.306:INFO:CONSOLE(1)] "console.groupEnd", source: https://s.update.aniview.com/2/1.20.3/main.js?o=1 (1)
[292:1540:0207/192049.306:INFO:CONSOLE(1)] "console.groupEnd", source: https://s.update.aniview.com/2/1.20.3/main.js?o=1 (1)
[292:1540:0207/192049.306:INFO:CONSOLE(1)] "console.groupEnd", source: https://s.update.aniview.com/2/1.20.3/main.js?o=1 (1)
[292:1540:0207/192049.306:INFO:CONSOLE(1)] "console.groupEnd", source: https://s.update.aniview.com/2/1.20.3/main.js?o=1 (1)
[292:1540:0207/192049.306:INFO:CONSOLE(1)] "console.groupEnd", source: https://s.update.aniview.com/2/1.20.3/main.js?o=1 (1)
[292:1540:0207/192049.306:INFO:CONSOLE(1)] "console.groupEnd", source: https://s.update.aniview.com/2/1.20.3/main.js?o=1 (1)
[292:1540:0207/192049.306:INFO:CONSOLE(1)] "console.groupEnd", source: https://s.update.aniview.com/2/1.20.3/main.js?o=1 (1)
[292:1540:0207/192049.306:INFO:CONSOLE(1)] "console.groupEnd", source: https://s.update.aniview.com/2/1.20.3/main.js?o=1 (1)
[292:1540:0207/192049.306:INFO:CONSOLE(1)] "console.groupEnd", source: https://s.update.aniview.com/2/1.20.3/main.js?o=1 (1)
[292:1540:0207/192049.306:INFO:CONSOLE(1)] "console.groupEnd", source: https://s.update.aniview.com/2/1.20.3/main.js?o=1 (1)
[292:1540:0207/192049.306:INFO:CONSOLE(1)] "console.groupEnd", source: https://s.update.aniview.com/2/1.20.3/main.js?o=1 (1)
[292:1540:0207/192049.306:INFO:CONSOLE(1)] "console.groupEnd", source: https://s.update.aniview.com/2/1.20.3/main.js?o=1 (1)
[292:1540:0207/192049.306:INFO:CONSOLE(1)] "console.groupEnd", source: https://s.update.aniview.com/2/1.20.3/main.js?o=1 (1)
[292:1540:0207/192049.306:INFO:CONSOLE(1)] "console.groupEnd", source: https://s.update.aniview.com/2/1.20.3/main.js?o=1 (1)
[292:1540:0207/192049.306:INFO:CONSOLE(1)] "console.groupEnd", source: https://s.update.aniview.com/2/1.20.3/main.js?o=1 (1)
[292:1540:0207/192049.306:INFO:CONSOLE(1)] "console.groupEnd", source: https://s.update.aniview.com/2/1.20.3/main.js?o=1 (1)
[292:1540:0207/192049.306:INFO:CONSOLE(1)] "console.groupEnd", source: https://s.update.aniview.com/2/1.20.3/main.js?o=1 (1)
[292:1540:0207/192049.306:INFO:CONSOLE(1)] "console.groupEnd", source: https://s.update.aniview.com/2/1.20.3/main.js?o=1 (1)
[292:1540:0207/192049.306:INFO:CONSOLE(1)] "console.groupEnd", source: https://s.update.aniview.com/2/1.20.3/main.js?o=1 (1)
[292:1540:0207/192049.306:INFO:CONSOLE(1)] "console.groupEnd", source: https://s.update.aniview.com/2/1.20.3/main.js?o=1 (1)
[292:1540:0207/192049.306:INFO:CONSOLE(1)] "console.groupEnd", source: https://s.update.aniview.com/2/1.20.3/main.js?o=1 (1)
[292:1540:0207/192049.306:INFO:CONSOLE(1)] "console.groupEnd", source: https://s.update.aniview.com/2/1.20.3/main.js?o=1 (1)
[292:1540:0207/192049.306:INFO:CONSOLE(1)] "console.groupEnd", source: https://s.update.aniview.com/2/1.20.3/main.js?o=1 (1)
[292:1540:0207/192049.306:INFO:CONSOLE(1)] "console.groupEnd", source: https://s.update.aniview.com/2/1.20.3/main.js?o=1 (1)
[292:1540:0207/192049.306:INFO:CONSOLE(1)] "console.groupEnd", source: https://s.update.aniview.com/2/1.20.3/main.js?o=1 (1)
[292:1540:0207/192049.306:INFO:CONSOLE(1)] "console.groupEnd", source: https://s.update.aniview.com/2/1.20.3/main.js?o=1 (1)
[292:1540:0207/192049.306:INFO:CONSOLE(1)] "console.groupEnd", source: https://s.update.aniview.com/2/1.20.3/main.js?o=1 (1)
[292:1540:0207/192049.306:INFO:CONSOLE(1)] "console.groupEnd", source: https://s.update.aniview.com/2/1.20.3/main.js?o=1 (1)
[292:1540:0207/192049.306:INFO:CONSOLE(1)] "console.groupEnd", source: https://s.update.aniview.com/2/1.20.3/main.js?o=1 (1)
[292:1540:0207/192049.307:INFO:CONSOLE(1)] "console.groupEnd", source: https://s.update.aniview.com/2/1.20.3/main.js?o=1 (1)
[292:1540:0207/192049.307:INFO:CONSOLE(1)] "console.groupEnd", source: https://s.update.aniview.com/2/1.20.3/main.js?o=1 (1)
[292:1540:0207/192049.307:INFO:CONSOLE(1)] "console.groupEnd", source: https://s.update.aniview.com/2/1.20.3/main.js?o=1 (1)
[292:1540:0207/192049.307:INFO:CONSOLE(1)] "console.groupEnd", source: https://s.update.aniview.com/2/1.20.3/main.js?o=1 (1)
[292:1540:0207/192049.307:INFO:CONSOLE(1)] "console.groupEnd", source: https://s.update.aniview.com/2/1.20.3/main.js?o=1 (1)
[292:1540:0207/192049.307:INFO:CONSOLE(1)] "console.groupEnd", source: https://s.update.aniview.com/2/1.20.3/main.js?o=1 (1)
[292:1540:0207/192049.307:INFO:CONSOLE(1)] "console.groupEnd", source: https://s.update.aniview.com/2/1.20.3/main.js?o=1 (1)
[292:1540:0207/192049.307:INFO:CONSOLE(1)] "console.groupEnd", source: https://s.update.aniview.com/2/1.20.3/main.js?o=1 (1)
[292:1540:0207/192049.307:INFO:CONSOLE(1)] "console.groupEnd", source: https://s.update.aniview.com/2/1.20.3/main.js?o=1 (1)
[292:1540:0207/192049.307:INFO:CONSOLE(1)] "console.groupEnd", source: https://s.update.aniview.com/2/1.20.3/main.js?o=1 (1)
[292:1540:0207/192049.307:INFO:CONSOLE(1)] "console.groupEnd", source: https://s.update.aniview.com/2/1.20.3/main.js?o=1 (1)
[292:1540:0207/192049.307:INFO:CONSOLE(1)] "console.groupEnd", source: https://s.update.aniview.com/2/1.20.3/main.js?o=1 (1)
[292:1540:0207/192049.308:INFO:CONSOLE(1)] "console.groupEnd", source: https://s.update.aniview.com/2/1.20.3/main.js?o=1 (1)
[292:1540:0207/192049.308:INFO:CONSOLE(1)] "console.groupEnd", source: https://s.update.aniview.com/2/1.20.3/main.js?o=1 (1)
[292:1540:0207/192049.308:INFO:CONSOLE(1)] "console.groupEnd", source: https://s.update.aniview.com/2/1.20.3/main.js?o=1 (1)
[292:1540:0207/192049.308:INFO:CONSOLE(1)] "console.groupEnd", source: https://s.update.aniview.com/2/1.20.3/main.js?o=1 (1)
[292:1540:0207/192049.308:INFO:CONSOLE(1)] "console.groupEnd", source: https://s.update.aniview.com/2/1.20.3/main.js?o=1 (1)
[292:1540:0207/192049.308:INFO:CONSOLE(1)] "console.groupEnd", source: https://s.update.aniview.com/2/1.20.3/main.js?o=1 (1)
[292:1540:0207/192049.308:INFO:CONSOLE(1)] "console.groupEnd", source: https://s.update.aniview.com/2/1.20.3/main.js?o=1 (1)
[292:1540:0207/192049.308:INFO:CONSOLE(1)] "console.groupEnd", source: https://s.update.aniview.com/2/1.20.3/main.js?o=1 (1)
[292:1540:0207/192049.308:INFO:CONSOLE(1)] "console.groupEnd", source: https://s.update.aniview.com/2/1.20.3/main.js?o=1 (1)
[292:1540:0207/192049.308:INFO:CONSOLE(1)] "console.groupEnd", source: https://s.update.aniview.com/2/1.20.3/main.js?o=1 (1)
[292:1540:0207/192049.308:INFO:CONSOLE(1)] "console.groupEnd", source: https://s.update.aniview.com/2/1.20.3/main.js?o=1 (1)
[292:1540:0207/192049.308:INFO:CONSOLE(1)] "console.groupEnd", source: https://s.update.aniview.com/2/1.20.3/main.js?o=1 (1)
[292:1540:0207/192049.308:INFO:CONSOLE(1)] "console.groupEnd", source: https://s.update.aniview.com/2/1.20.3/main.js?o=1 (1)
[292:1540:0207/192049.308:INFO:CONSOLE(1)] "console.groupEnd", source: https://s.update.aniview.com/2/1.20.3/main.js?o=1 (1)
[292:1540:0207/192049.308:INFO:CONSOLE(1)] "console.groupEnd", source: https://s.update.aniview.com/2/1.20.3/main.js?o=1 (1)
[292:1540:0207/192049.308:INFO:CONSOLE(1)] "console.groupEnd", source: https://s.update.aniview.com/2/1.20.3/main.js?o=1 (1)
[292:1540:0207/192049.308:INFO:CONSOLE(1)] "console.groupEnd", source: https://s.update.aniview.com/2/1.20.3/main.js?o=1 (1)
[292:1540:0207/192049.308:INFO:CONSOLE(1)] "console.groupEnd", source: https://s.update.aniview.com/2/1.20.3/main.js?o=1 (1)
[292:1540:0207/192049.308:INFO:CONSOLE(1)] "console.groupEnd", source: https://s.update.aniview.com/2/1.20.3/main.js?o=1 (1)
[292:1540:0207/192049.308:INFO:CONSOLE(1)] "console.groupEnd", source: https://s.update.aniview.com/2/1.20.3/main.js?o=1 (1)
[292:1540:0207/192049.308:INFO:CONSOLE(1)] "console.groupEnd", source: https://s.update.aniview.com/2/1.20.3/main.js?o=1 (1)
[292:1540:0207/192049.308:INFO:CONSOLE(1)] "console.groupEnd", source: https://s.update.aniview.com/2/1.20.3/main.js?o=1 (1)
[292:1540:0207/192049.308:INFO:CONSOLE(1)] "console.groupEnd", source: https://s.update.aniview.com/2/1.20.3/main.js?o=1 (1)
[292:1540:0207/192049.308:INFO:CONSOLE(1)] "console.groupEnd", source: https://s.update.aniview.com/2/1.20.3/main.js?o=1 (1)
[292:1540:0207/192049.308:INFO:CONSOLE(1)] "console.groupEnd", source: https://s.update.aniview.com/2/1.20.3/main.js?o=1 (1)
[292:1540:0207/192049.308:INFO:CONSOLE(1)] "console.groupEnd", source: https://s.update.aniview.com/2/1.20.3/main.js?o=1 (1)
[292:1540:0207/192049.308:INFO:CONSOLE(1)] "console.groupEnd", source: https://s.update.aniview.com/2/1.20.3/main.js?o=1 (1)
[292:1540:0207/192049.308:INFO:CONSOLE(1)] "console.groupEnd", source: https://s.update.aniview.com/2/1.20.3/main.js?o=1 (1)
[292:1540:0207/192049.308:INFO:CONSOLE(1)] "console.groupEnd", source: https://s.update.aniview.com/2/1.20.3/main.js?o=1 (1)
[292:1540:0207/192123.560:INFO:CONSOLE(4)] "VIDEOJS: WARN: Player "vjs-video-js" is already initialised. Options will not be applied.", source: https://playnano.online/assets/external/videojs.min-1ebeed346d02236b161e0140429ab4b7ce027f786ba49ea4cb6fa9ebb2736793.js (4)
[292:1540:0207/192124.884:INFO:CONSOLE(69)] "Uncaught ReferenceError: _qevents is not defined", source: https://bdv.bidvertiser.com/BidVertiser.dbm?pid=883108&bid=2049660&RD=2546948497674&DIF=1&bd_ref_v=playnano.online&tref=1&win_name=null&docref=https%3A%2F%2Fplaynano.online%2Fwatch-an&jsrand=2546948497674&js1loc=-&loctitle=watch%20%26%20learn (69)
[292:1540:0207/192128.562:INFO:CONSOLE(4)] "VIDEOJS: ERROR: videojs-contrib-ads has not seen a loadstart event 5 seconds after being initialized, but a source is present. This indicates that videojs-contrib-ads was initialized too late. It must be initialized immediately after video.js in the same tick. As a result, some ads will not play and some media events will be incorrect. For more information, see https://github.com/videojs/videojs-contrib-ads#important-note-about-initialization", source: https://playnano.online/assets/external/videojs.min-1ebeed346d02236b161e0140429ab4b7ce027f786ba49ea4cb6fa9ebb2736793.js (4)
[292:1540:0207/192131.314:INFO:CONSOLE(61)] "19:21:31,313 com.stickyadstv.utils.Browser GDPR 2.0 - TCFAPI function cannot be found. _fw_gdpr: null, _fw_gdpr_consent: null", source: https://cdn.stickyadstv.com/mustang/vpaid-adapter.min.js (61)
[292:1540:0207/192141.670:INFO:CONSOLE(61)] "19:21:41,670 com.stickyadstv.utils.Browser GDPR 2.0 - TCFAPI function cannot be found. _fw_gdpr: null, _fw_gdpr_consent: null", source: https://cdn.stickyadstv.com/mustang/vpaid-adapter.min.js (61)
[292:1540:0207/192152.330:INFO:CONSOLE(1)] "Uncaught (in promise) TypeError: The element or ID supplied is not valid. (videojs)", source: https://playnano.online/assets/external/videojs.min-1ebeed346d02236b161e0140429ab4b7ce027f786ba49ea4cb6fa9ebb2736793.js (1)
[292:1540:0207/192153.763:INFO:CONSOLE(69)] "Uncaught ReferenceError: _qevents is not defined", source: https://bdv.bidvertiser.com/BidVertiser.dbm?pid=883108&bid=2049660&RD=2034617925879&DIF=1&bd_ref_v=playnano.online&tref=1&win_name=null&docref=https%3A%2F%2Fplaynano.online%2Fwatch-an&jsrand=2034617925879&js1loc=-&loctitle=play%20nano (69)
[292:1540:0207/192155.257:INFO:CONSOLE(1)] "'window.webkitStorageInfo' is deprecated. Please use 'navigator.webkitTemporaryStorage' or 'navigator.webkitPersistentStorage' instead.", source: https://static.lalaping.com/online.js?ver=2.0.0 (1)
[292:1540:0207/192216.404:INFO:CONSOLE(4)] "VIDEOJS: WARN: Player "vjs-video-js" is already initialised. Options will not be applied.", source: https://playnano.online/assets/external/videojs.min-1ebeed346d02236b161e0140429ab4b7ce027f786ba49ea4cb6fa9ebb2736793.js (4)
[292:1540:0207/192217.055:INFO:CONSOLE(69)] "Uncaught ReferenceError: _qevents is not defined", source: https://bdv.bidvertiser.com/BidVertiser.dbm?pid=883108&bid=2049660&RD=847810636716&DIF=1&bd_ref_v=playnano.online&tref=1&win_name=null&docref=https%3A%2F%2Fplaynano.online%2Fwatch-an&jsrand=847810636716&js1loc=-&loctitle=playnano (69)
[292:1540:0207/192221.411:INFO:CONSOLE(4)] "VIDEOJS: ERROR: videojs-contrib-ads has not seen a loadstart event 5 seconds after being initialized, but a source is present. This indicates that videojs-contrib-ads was initialized too late. It must be initialized immediately after video.js in the same tick. As a result, some ads will not play and some media events will be incorrect. For more information, see https://github.com/videojs/videojs-contrib-ads#important-note-about-initialization", source: https://playnano.online/assets/external/videojs.min-1ebeed346d02236b161e0140429ab4b7ce027f786ba49ea4cb6fa9ebb2736793.js (4)
[292:1540:0207/192221.466:INFO:CONSOLE(61)] "19:22:21,466 com.stickyadstv.utils.Browser GDPR 2.0 - TCFAPI function cannot be found. _fw_gdpr: null, _fw_gdpr_consent: null", source: https://cdn.stickyadstv.com/mustang/vpaid-adapter.min.js (61)
[292:1540:0207/192227.631:INFO:CONSOLE(1)] "console.groupEnd", source: https://s.update.aniview.com/2/1.20.3/main.js?o=1 (1)
[292:1540:0207/192227.631:INFO:CONSOLE(1)] "console.groupEnd", source: https://s.update.aniview.com/2/1.20.3/main.js?o=1 (1)
[292:1540:0207/192227.631:INFO:CONSOLE(1)] "console.groupEnd", source: https://s.update.aniview.com/2/1.20.3/main.js?o=1 (1)
[292:1540:0207/192227.631:INFO:CONSOLE(1)] "console.groupEnd", source: https://s.update.aniview.com/2/1.20.3/main.js?o=1 (1)
[292:1540:0207/192227.631:INFO:CONSOLE(1)] "console.groupEnd", source: https://s.update.aniview.com/2/1.20.3/main.js?o=1 (1)
[292:1540:0207/192227.631:INFO:CONSOLE(1)] "console.groupEnd", source: https://s.update.aniview.com/2/1.20.3/main.js?o=1 (1)
[292:1540:0207/192227.631:INFO:CONSOLE(1)] "console.groupEnd", source: https://s.update.aniview.com/2/1.20.3/main.js?o=1 (1)
[292:1540:0207/192227.631:INFO:CONSOLE(1)] "console.groupEnd", source: https://s.update.aniview.com/2/1.20.3/main.js?o=1 (1)
[292:1540:0207/192227.631:INFO:CONSOLE(1)] "console.groupEnd", source: https://s.update.aniview.com/2/1.20.3/main.js?o=1 (1)
[292:1540:0207/192227.631:INFO:CONSOLE(1)] "console.groupEnd", source: https://s.update.aniview.com/2/1.20.3/main.js?o=1 (1)
[292:1540:0207/192227.632:INFO:CONSOLE(1)] "console.groupEnd", source: https://s.update.aniview.com/2/1.20.3/main.js?o=1 (1)
[292:1540:0207/192227.632:INFO:CONSOLE(1)] "console.groupEnd", source: https://s.update.aniview.com/2/1.20.3/main.js?o=1 (1)
[292:1540:0207/192227.632:INFO:CONSOLE(1)] "console.groupEnd", source: https://s.update.aniview.com/2/1.20.3/main.js?o=1 (1)
[292:1540:0207/192227.632:INFO:CONSOLE(1)] "console.groupEnd", source: https://s.update.aniview.com/2/1.20.3/main.js?o=1 (1)
[292:1540:0207/192227.632:INFO:CONSOLE(1)] "console.groupEnd", source: https://s.update.aniview.com/2/1.20.3/main.js?o=1 (1)
[292:1540:0207/192227.632:INFO:CONSOLE(1)] "console.groupEnd", source: https://s.update.aniview.com/2/1.20.3/main.js?o=1 (1)
[292:1540:0207/192227.632:INFO:CONSOLE(1)] "console.groupEnd", source: https://s.update.aniview.com/2/1.20.3/main.js?o=1 (1)
[292:1540:0207/192227.632:INFO:CONSOLE(1)] "console.groupEnd", source: https://s.update.aniview.com/2/1.20.3/main.js?o=1 (1)
[292:1540:0207/192227.632:INFO:CONSOLE(1)] "console.groupEnd", source: https://s.update.aniview.com/2/1.20.3/main.js?o=1 (1)
[292:1540:0207/192227.632:INFO:CONSOLE(1)] "console.groupEnd", source: https://s.update.aniview.com/2/1.20.3/main.js?o=1 (1)
[292:1540:0207/192227.632:INFO:CONSOLE(1)] "console.groupEnd", source: https://s.update.aniview.com/2/1.20.3/main.js?o=1 (1)
[292:1540:0207/192227.632:INFO:CONSOLE(1)] "console.groupEnd", source: https://s.update.aniview.com/2/1.20.3/main.js?o=1 (1)
[292:1540:0207/192227.632:INFO:CONSOLE(1)] "console.groupEnd", source: https://s.update.aniview.com/2/1.20.3/main.js?o=1 (1)
[292:1540:0207/192227.632:INFO:CONSOLE(1)] "console.groupEnd", source: https://s.update.aniview.com/2/1.20.3/main.js?o=1 (1)
[292:1540:0207/192227.632:INFO:CONSOLE(1)] "console.groupEnd", source: https://s.update.aniview.com/2/1.20.3/main.js?o=1 (1)
[292:1540:0207/192227.632:INFO:CONSOLE(1)] "console.groupEnd", source: https://s.update.aniview.com/2/1.20.3/main.js?o=1 (1)
[292:1540:0207/192227.632:INFO:CONSOLE(1)] "console.groupEnd", source: https://s.update.aniview.com/2/1.20.3/main.js?o=1 (1)
[292:1540:0207/192227.632:INFO:CONSOLE(1)] "console.groupEnd", source: https://s.update.aniview.com/2/1.20.3/main.js?o=1 (1)
[292:1540:0207/192227.632:INFO:CONSOLE(1)] "console.groupEnd", source: https://s.update.aniview.com/2/1.20.3/main.js?o=1 (1)
[292:1540:0207/192227.632:INFO:CONSOLE(1)] "console.groupEnd", source: https://s.update.aniview.com/2/1.20.3/main.js?o=1 (1)
[292:1540:0207/192227.632:INFO:CONSOLE(1)] "console.groupEnd", source: https://s.update.aniview.com/2/1.20.3/main.js?o=1 (1)
[292:1540:0207/192227.633:INFO:CONSOLE(1)] "console.groupEnd", source: https://s.update.aniview.com/2/1.20.3/main.js?o=1 (1)
[292:1540:0207/192227.633:INFO:CONSOLE(1)] "console.groupEnd", source: https://s.update.aniview.com/2/1.20.3/main.js?o=1 (1)
[292:1540:0207/192227.633:INFO:CONSOLE(1)] "console.groupEnd", source: https://s.update.aniview.com/2/1.20.3/main.js?o=1 (1)
[292:1540:0207/192227.633:INFO:CONSOLE(1)] "console.groupEnd", source: https://s.update.aniview.com/2/1.20.3/main.js?o=1 (1)
[292:1540:0207/192227.633:INFO:CONSOLE(1)] "console.groupEnd", source: https://s.update.aniview.com/2/1.20.3/main.js?o=1 (1)
[292:1540:0207/192227.633:INFO:CONSOLE(1)] "console.groupEnd", source: https://s.update.aniview.com/2/1.20.3/main.js?o=1 (1)
[292:1540:0207/192227.633:INFO:CONSOLE(1)] "console.groupEnd", source: https://s.update.aniview.com/2/1.20.3/main.js?o=1 (1)
[292:1540:0207/192227.633:INFO:CONSOLE(1)] "console.groupEnd", source: https://s.update.aniview.com/2/1.20.3/main.js?o=1 (1)
[292:1540:0207/192227.633:INFO:CONSOLE(1)] "console.groupEnd", source: https://s.update.aniview.com/2/1.20.3/main.js?o=1 (1)
[292:1540:0207/192227.633:INFO:CONSOLE(1)] "console.groupEnd", source: https://s.update.aniview.com/2/1.20.3/main.js?o=1 (1)
[292:1540:0207/192227.633:INFO:CONSOLE(1)] "console.groupEnd", source: https://s.update.aniview.com/2/1.20.3/main.js?o=1 (1)
[292:1540:0207/192227.633:INFO:CONSOLE(1)] "console.groupEnd", source: https://s.update.aniview.com/2/1.20.3/main.js?o=1 (1)
[292:1540:0207/192227.634:INFO:CONSOLE(1)] "console.groupEnd", source: https://s.update.aniview.com/2/1.20.3/main.js?o=1 (1)
[292:1540:0207/192227.634:INFO:CONSOLE(1)] "console.groupEnd", source: https://s.update.aniview.com/2/1.20.3/main.js?o=1 (1)
[292:1540:0207/192227.634:INFO:CONSOLE(1)] "console.groupEnd", source: https://s.update.aniview.com/2/1.20.3/main.js?o=1 (1)
[292:1540:0207/192227.634:INFO:CONSOLE(1)] "console.groupEnd", source: https://s.update.aniview.com/2/1.20.3/main.js?o=1 (1)
[292:1540:0207/192227.634:INFO:CONSOLE(1)] "console.groupEnd", source: https://s.update.aniview.com/2/1.20.3/main.js?o=1 (1)
[292:1540:0207/192227.634:INFO:CONSOLE(1)] "console.groupEnd", source: https://s.update.aniview.com/2/1.20.3/main.js?o=1 (1)
[292:1540:0207/192227.634:INFO:CONSOLE(1)] "console.groupEnd", source: https://s.update.aniview.com/2/1.20.3/main.js?o=1 (1)
[292:1540:0207/192227.634:INFO:CONSOLE(1)] "console.groupEnd", source: https://s.update.aniview.com/2/1.20.3/main.js?o=1 (1)
[292:1540:0207/192227.634:INFO:CONSOLE(1)] "console.groupEnd", source: https://s.update.aniview.com/2/1.20.3/main.js?o=1 (1)
[292:1540:0207/192227.634:INFO:CONSOLE(1)] "console.groupEnd", source: https://s.update.aniview.com/2/1.20.3/main.js?o=1 (1)
[292:1540:0207/192227.634:INFO:CONSOLE(1)] "console.groupEnd", source: https://s.update.aniview.com/2/1.20.3/main.js?o=1 (1)
[292:1540:0207/192227.634:INFO:CONSOLE(1)] "console.groupEnd", source: https://s.update.aniview.com/2/1.20.3/main.js?o=1 (1)
[292:1540:0207/192227.634:INFO:CONSOLE(1)] "console.groupEnd", source: https://s.update.aniview.com/2/1.20.3/main.js?o=1 (1)
[292:1540:0207/192227.634:INFO:CONSOLE(1)] "console.groupEnd", source: https://s.update.aniview.com/2/1.20.3/main.js?o=1 (1)
[292:1540:0207/192227.634:INFO:CONSOLE(1)] "console.groupEnd", source: https://s.update.aniview.com/2/1.20.3/main.js?o=1 (1)
[292:1540:0207/192227.634:INFO:CONSOLE(1)] "console.groupEnd", source: https://s.update.aniview.com/2/1.20.3/main.js?o=1 (1)
[292:1540:0207/192227.634:INFO:CONSOLE(1)] "console.groupEnd", source: https://s.update.aniview.com/2/1.20.3/main.js?o=1 (1)
[292:1540:0207/192227.634:INFO:CONSOLE(1)] "console.groupEnd", source: https://s.update.aniview.com/2/1.20.3/main.js?o=1 (1)
[292:1540:0207/192227.634:INFO:CONSOLE(1)] "console.groupEnd", source: https://s.update.aniview.com/2/1.20.3/main.js?o=1 (1)
[292:1540:0207/192227.635:INFO:CONSOLE(1)] "console.groupEnd", source: https://s.update.aniview.com/2/1.20.3/main.js?o=1 (1)
[292:1540:0207/192227.635:INFO:CONSOLE(1)] "console.groupEnd", source: https://s.update.aniview.com/2/1.20.3/main.js?o=1 (1)
[292:1540:0207/192227.635:INFO:CONSOLE(1)] "console.groupEnd", source: https://s.update.aniview.com/2/1.20.3/main.js?o=1 (1)
[292:1540:0207/192227.635:INFO:CONSOLE(1)] "console.groupEnd", source: https://s.update.aniview.com/2/1.20.3/main.js?o=1 (1)
[292:1540:0207/192227.635:INFO:CONSOLE(1)] "console.groupEnd", source: https://s.update.aniview.com/2/1.20.3/main.js?o=1 (1)
[292:1540:0207/192227.635:INFO:CONSOLE(1)] "console.groupEnd", source: https://s.update.aniview.com/2/1.20.3/main.js?o=1 (1)
[292:1540:0207/192227.635:INFO:CONSOLE(1)] "console.groupEnd", source: https://s.update.aniview.com/2/1.20.3/main.js?o=1 (1)
[292:1540:0207/192227.635:INFO:CONSOLE(1)] "console.groupEnd", source: https://s.update.aniview.com/2/1.20.3/main.js?o=1 (1)
[292:1540:0207/192227.635:INFO:CONSOLE(1)] "console.groupEnd", source: https://s.update.aniview.com/2/1.20.3/main.js?o=1 (1)
[292:1540:0207/192227.635:INFO:CONSOLE(1)] "console.groupEnd", source: https://s.update.aniview.com/2/1.20.3/main.js?o=1 (1)
[292:1540:0207/192227.636:INFO:CONSOLE(1)] "console.groupEnd", source: https://s.update.aniview.com/2/1.20.3/main.js?o=1 (1)
[292:1540:0207/192227.636:INFO:CONSOLE(1)] "console.groupEnd", source: https://s.update.aniview.com/2/1.20.3/main.js?o=1 (1)
[292:1540:0207/192227.636:INFO:CONSOLE(1)] "console.groupEnd", source: https://s.update.aniview.com/2/1.20.3/main.js?o=1 (1)
[292:1540:0207/192227.636:INFO:CONSOLE(1)] "console.groupEnd", source: https://s.update.aniview.com/2/1.20.3/main.js?o=1 (1)
[292:1540:0207/192227.636:INFO:CONSOLE(1)] "console.groupEnd", source: https://s.update.aniview.com/2/1.20.3/main.js?o=1 (1)
[292:1540:0207/192227.636:INFO:CONSOLE(1)] "console.groupEnd", source: https://s.update.aniview.com/2/1.20.3/main.js?o=1 (1)
[292:1540:0207/192227.636:INFO:CONSOLE(1)] "console.groupEnd", source: https://s.update.aniview.com/2/1.20.3/main.js?o=1 (1)
[292:1540:0207/192227.636:INFO:CONSOLE(1)] "console.groupEnd", source: https://s.update.aniview.com/2/1.20.3/main.js?o=1 (1)
[292:1540:0207/192227.636:INFO:CONSOLE(1)] "console.groupEnd", source: https://s.update.aniview.com/2/1.20.3/main.js?o=1 (1)
[292:1540:0207/192227.636:INFO:CONSOLE(1)] "console.groupEnd", source: https://s.update.aniview.com/2/1.20.3/main.js?o=1 (1)
[292:1540:0207/192227.636:INFO:CONSOLE(1)] "console.groupEnd", source: https://s.update.aniview.com/2/1.20.3/main.js?o=1 (1)
[292:1540:0207/192227.636:INFO:CONSOLE(1)] "console.groupEnd", source: https://s.update.aniview.com/2/1.20.3/main.js?o=1 (1)
[292:1540:0207/192227.636:INFO:CONSOLE(1)] "console.groupEnd", source: https://s.update.aniview.com/2/1.20.3/main.js?o=1 (1)
[292:1540:0207/192227.636:INFO:CONSOLE(1)] "console.groupEnd", source: https://s.update.aniview.com/2/1.20.3/main.js?o=1 (1)
[292:1540:0207/192227.637:INFO:CONSOLE(1)] "console.groupEnd", source: https://s.update.aniview.com/2/1.20.3/main.js?o=1 (1)
[292:1540:0207/192227.637:INFO:CONSOLE(1)] "console.groupEnd", source: https://s.update.aniview.com/2/1.20.3/main.js?o=1 (1)
[292:1540:0207/192227.637:INFO:CONSOLE(1)] "console.groupEnd", source: https://s.update.aniview.com/2/1.20.3/main.js?o=1 (1)
[292:1540:0207/192227.637:INFO:CONSOLE(1)] "console.groupEnd", source: https://s.update.aniview.com/2/1.20.3/main.js?o=1 (1)
[292:1540:0207/192227.637:INFO:CONSOLE(1)] "console.groupEnd", source: https://s.update.aniview.com/2/1.20.3/main.js?o=1 (1)
[292:1540:0207/192227.637:INFO:CONSOLE(1)] "console.groupEnd", source: https://s.update.aniview.com/2/1.20.3/main.js?o=1 (1)
[292:1540:0207/192227.637:INFO:CONSOLE(1)] "console.groupEnd", source: https://s.update.aniview.com/2/1.20.3/main.js?o=1 (1)
[292:1540:0207/192227.637:INFO:CONSOLE(1)] "console.groupEnd", source: https://s.update.aniview.com/2/1.20.3/main.js?o=1 (1)
[292:1540:0207/192227.637:INFO:CONSOLE(1)] "console.groupEnd", source: https://s.update.aniview.com/2/1.20.3/main.js?o=1 (1)
[292:1540:0207/192227.637:INFO:CONSOLE(1)] "console.groupEnd", source: https://s.update.aniview.com/2/1.20.3/main.js?o=1 (1)
[292:1540:0207/192227.637:INFO:CONSOLE(1)] "console.groupEnd", source: https://s.update.aniview.com/2/1.20.3/main.js?o=1 (1)
[292:1540:0207/192227.638:INFO:CONSOLE(1)] "console.groupEnd", source: https://s.update.aniview.com/2/1.20.3/main.js?o=1 (1)
[292:1540:0207/192227.638:INFO:CONSOLE(1)] "console.groupEnd", source: https://s.update.aniview.com/2/1.20.3/main.js?o=1 (1)
[292:1540:0207/192227.638:INFO:CONSOLE(1)] "console.groupEnd", source: https://s.update.aniview.com/2/1.20.3/main.js?o=1 (1)
[292:1540:0207/192227.638:INFO:CONSOLE(1)] "console.groupEnd", source: https://s.update.aniview.com/2/1.20.3/main.js?o=1 (1)
[292:1540:0207/192227.638:INFO:CONSOLE(1)] "console.groupEnd", source: https://s.update.aniview.com/2/1.20.3/main.js?o=1 (1)
[292:1540:0207/192227.638:INFO:CONSOLE(1)] "console.groupEnd", source: https://s.update.aniview.com/2/1.20.3/main.js?o=1 (1)
[292:1540:0207/192227.638:INFO:CONSOLE(1)] "console.groupEnd", source: https://s.update.aniview.com/2/1.20.3/main.js?o=1 (1)
[292:1540:0207/192227.638:INFO:CONSOLE(1)] "console.groupEnd", source: https://s.update.aniview.com/2/1.20.3/main.js?o=1 (1)
[292:1540:0207/192227.638:INFO:CONSOLE(1)] "console.groupEnd", source: https://s.update.aniview.com/2/1.20.3/main.js?o=1 (1)
[292:1540:0207/192227.638:INFO:CONSOLE(1)] "console.groupEnd", source: https://s.update.aniview.com/2/1.20.3/main.js?o=1 (1)
[292:1540:0207/192227.638:INFO:CONSOLE(1)] "console.groupEnd", source: https://s.update.aniview.com/2/1.20.3/main.js?o=1 (1)
[292:1540:0207/192227.638:INFO:CONSOLE(1)] "console.groupEnd", source: https://s.update.aniview.com/2/1.20.3/main.js?o=1 (1)
[292:1540:0207/192227.638:INFO:CONSOLE(1)] "console.groupEnd", source: https://s.update.aniview.com/2/1.20.3/main.js?o=1 (1)
[292:1540:0207/192227.638:INFO:CONSOLE(1)] "console.groupEnd", source: https://s.update.aniview.com/2/1.20.3/main.js?o=1 (1)
[292:1540:0207/192227.638:INFO:CONSOLE(1)] "console.groupEnd", source: https://s.update.aniview.com/2/1.20.3/main.js?o=1 (1)
[292:1540:0207/192227.638:INFO:CONSOLE(1)] "console.groupEnd", source: https://s.update.aniview.com/2/1.20.3/main.js?o=1 (1)
[292:1540:0207/192232.528:WARNING:pref_notifier_impl.cc(40)] Pref observer for media_router.cast_allow_all_ips found at shutdown.
