[16112:13560:0207/203338.200:ERROR:device_event_log_impl.cc(211)] [20:33:38.200] Bluetooth: bluetooth_adapter_winrt.cc:1072 Getting Default Adapter failed.
[16112:13560:0207/203338.599:INFO:CONSOLE(36)] "AUTH - 63", source: chrome-extension://ggmdpepbjljkkkdaklfihhngmmgmpggp/bg.js (36)
[16112:13560:0207/203341.286:INFO:CONSOLE(0)] "Slow network is detected. See https://www.chromestatus.com/feature/5636954674692096 for more details. Fallback font will be used while loading: https://fonts.gstatic.com/s/quicksand/v22/6xKtdSZaM9iE8KbpRA_hK1QN.woff2", source: https://playnano.online/login/ (0)
[16112:13560:0207/203341.286:INFO:CONSOLE(0)] "Slow network is detected. See https://www.chromestatus.com/feature/5636954674692096 for more details. Fallback font will be used while loading: https://fonts.gstatic.com/s/montserrat/v15/JTUSjIg1_i6t8kCHKm459Wlhyw.woff2", source: https://playnano.online/login/ (0)
[16112:13560:0207/203358.862:INFO:CONSOLE(4)] "VIDEOJS: WARN: Player "vjs-video-js" is already initialised. Options will not be applied.", source: https://playnano.online/assets/external/videojs.min-1ebeed346d02236b161e0140429ab4b7ce027f786ba49ea4cb6fa9ebb2736793.js (4)
[16112:13560:0207/203402.336:INFO:CONSOLE(22)] "WebSocket connection to 'wss://playnano.online/cable' failed: WebSocket is closed before the connection is established.", source: https://playnano.online/assets/application-178dfeb99b35cc2e03ea128f8150cd777a6727813c61dc68c7879f4fea9b8ef6.js (22)
[16112:13560:0207/203403.865:INFO:CONSOLE(4)] "VIDEOJS: ERROR: videojs-contrib-ads has not seen a loadstart event 5 seconds after being initialized, but a source is present. This indicates that videojs-contrib-ads was initialized too late. It must be initialized immediately after video.js in the same tick. As a result, some ads will not play and some media events will be incorrect. For more information, see https://github.com/videojs/videojs-contrib-ads#important-note-about-initialization", source: https://playnano.online/assets/external/videojs.min-1ebeed346d02236b161e0140429ab4b7ce027f786ba49ea4cb6fa9ebb2736793.js (4)
[16112:13560:0207/203405.803:INFO:CONSOLE(22)] "WebSocket connection to 'wss://playnano.online/cable' failed: WebSocket is closed before the connection is established.", source: https://playnano.online/assets/application-178dfeb99b35cc2e03ea128f8150cd777a6727813c61dc68c7879f4fea9b8ef6.js (22)
[16112:13560:0207/203411.298:INFO:CONSOLE(22)] "WebSocket connection to 'wss://playnano.online/cable' failed: WebSocket is closed before the connection is established.", source: https://playnano.online/assets/application-178dfeb99b35cc2e03ea128f8150cd777a6727813c61dc68c7879f4fea9b8ef6.js (22)
[16112:13560:0207/203411.774:INFO:CONSOLE(61)] "20:34:11,763 com.stickyadstv.utils.Browser GDPR 2.0 - TCFAPI function cannot be found. _fw_gdpr: null, _fw_gdpr_consent: null", source: https://cdn.stickyadstv.com/mustang/vpaid-adapter.min.js (61)
[16112:13560:0207/203424.698:INFO:CONSOLE(4)] "VIDEOJS: WARN: Player "vjs-video-js" is already initialised. Options will not be applied.", source: https://playnano.online/assets/external/videojs.min-1ebeed346d02236b161e0140429ab4b7ce027f786ba49ea4cb6fa9ebb2736793.js (4)
[16112:13560:0207/203428.682:INFO:CONSOLE(61)] "20:34:28,682 com.stickyadstv.utils.Browser GDPR 2.0 - TCFAPI function cannot be found. _fw_gdpr: null, _fw_gdpr_consent: null", source: https://cdn.stickyadstv.com/mustang/vpaid-adapter.min.js (61)
[16112:13560:0207/203429.702:INFO:CONSOLE(4)] "VIDEOJS: ERROR: videojs-contrib-ads has not seen a loadstart event 5 seconds after being initialized, but a source is present. This indicates that videojs-contrib-ads was initialized too late. It must be initialized immediately after video.js in the same tick. As a result, some ads will not play and some media events will be incorrect. For more information, see https://github.com/videojs/videojs-contrib-ads#important-note-about-initialization", source: https://playnano.online/assets/external/videojs.min-1ebeed346d02236b161e0140429ab4b7ce027f786ba49ea4cb6fa9ebb2736793.js (4)
[16112:13560:0207/203438.725:INFO:CONSOLE(1)] "console.groupEnd", source: https://s.update.aniview.com/2/1.20.3/main.js?o=1 (1)
[16112:13560:0207/203438.725:INFO:CONSOLE(1)] "console.groupEnd", source: https://s.update.aniview.com/2/1.20.3/main.js?o=1 (1)
[16112:13560:0207/203438.725:INFO:CONSOLE(1)] "console.groupEnd", source: https://s.update.aniview.com/2/1.20.3/main.js?o=1 (1)
[16112:13560:0207/203438.725:INFO:CONSOLE(1)] "console.groupEnd", source: https://s.update.aniview.com/2/1.20.3/main.js?o=1 (1)
[16112:13560:0207/203438.725:INFO:CONSOLE(1)] "console.groupEnd", source: https://s.update.aniview.com/2/1.20.3/main.js?o=1 (1)
[16112:13560:0207/203438.725:INFO:CONSOLE(1)] "console.groupEnd", source: https://s.update.aniview.com/2/1.20.3/main.js?o=1 (1)
[16112:13560:0207/203438.725:INFO:CONSOLE(1)] "console.groupEnd", source: https://s.update.aniview.com/2/1.20.3/main.js?o=1 (1)
[16112:13560:0207/203438.725:INFO:CONSOLE(1)] "console.groupEnd", source: https://s.update.aniview.com/2/1.20.3/main.js?o=1 (1)
[16112:13560:0207/203438.725:INFO:CONSOLE(1)] "console.groupEnd", source: https://s.update.aniview.com/2/1.20.3/main.js?o=1 (1)
[16112:13560:0207/203438.725:INFO:CONSOLE(1)] "console.groupEnd", source: https://s.update.aniview.com/2/1.20.3/main.js?o=1 (1)
[16112:13560:0207/203438.725:INFO:CONSOLE(1)] "console.groupEnd", source: https://s.update.aniview.com/2/1.20.3/main.js?o=1 (1)
[16112:13560:0207/203438.725:INFO:CONSOLE(1)] "console.groupEnd", source: https://s.update.aniview.com/2/1.20.3/main.js?o=1 (1)
[16112:13560:0207/203438.725:INFO:CONSOLE(1)] "console.groupEnd", source: https://s.update.aniview.com/2/1.20.3/main.js?o=1 (1)
[16112:13560:0207/203438.725:INFO:CONSOLE(1)] "console.groupEnd", source: https://s.update.aniview.com/2/1.20.3/main.js?o=1 (1)
[16112:13560:0207/203438.726:INFO:CONSOLE(1)] "console.groupEnd", source: https://s.update.aniview.com/2/1.20.3/main.js?o=1 (1)
[16112:13560:0207/203438.726:INFO:CONSOLE(1)] "console.groupEnd", source: https://s.update.aniview.com/2/1.20.3/main.js?o=1 (1)
[16112:13560:0207/203438.726:INFO:CONSOLE(1)] "console.groupEnd", source: https://s.update.aniview.com/2/1.20.3/main.js?o=1 (1)
[16112:13560:0207/203438.726:INFO:CONSOLE(1)] "console.groupEnd", source: https://s.update.aniview.com/2/1.20.3/main.js?o=1 (1)
[16112:13560:0207/203438.726:INFO:CONSOLE(1)] "console.groupEnd", source: https://s.update.aniview.com/2/1.20.3/main.js?o=1 (1)
[16112:13560:0207/203438.726:INFO:CONSOLE(1)] "console.groupEnd", source: https://s.update.aniview.com/2/1.20.3/main.js?o=1 (1)
[16112:13560:0207/203438.726:INFO:CONSOLE(1)] "console.groupEnd", source: https://s.update.aniview.com/2/1.20.3/main.js?o=1 (1)
[16112:13560:0207/203438.726:INFO:CONSOLE(1)] "console.groupEnd", source: https://s.update.aniview.com/2/1.20.3/main.js?o=1 (1)
[16112:13560:0207/203438.726:INFO:CONSOLE(1)] "console.groupEnd", source: https://s.update.aniview.com/2/1.20.3/main.js?o=1 (1)
[16112:13560:0207/203438.726:INFO:CONSOLE(1)] "console.groupEnd", source: https://s.update.aniview.com/2/1.20.3/main.js?o=1 (1)
[16112:13560:0207/203438.726:INFO:CONSOLE(1)] "console.groupEnd", source: https://s.update.aniview.com/2/1.20.3/main.js?o=1 (1)
[16112:13560:0207/203438.726:INFO:CONSOLE(1)] "console.groupEnd", source: https://s.update.aniview.com/2/1.20.3/main.js?o=1 (1)
[16112:13560:0207/203438.726:INFO:CONSOLE(1)] "console.groupEnd", source: https://s.update.aniview.com/2/1.20.3/main.js?o=1 (1)
[16112:13560:0207/203438.726:INFO:CONSOLE(1)] "console.groupEnd", source: https://s.update.aniview.com/2/1.20.3/main.js?o=1 (1)
[16112:13560:0207/203438.726:INFO:CONSOLE(1)] "console.groupEnd", source: https://s.update.aniview.com/2/1.20.3/main.js?o=1 (1)
[16112:13560:0207/203438.726:INFO:CONSOLE(1)] "console.groupEnd", source: https://s.update.aniview.com/2/1.20.3/main.js?o=1 (1)
[16112:13560:0207/203438.726:INFO:CONSOLE(1)] "console.groupEnd", source: https://s.update.aniview.com/2/1.20.3/main.js?o=1 (1)
[16112:13560:0207/203438.726:INFO:CONSOLE(1)] "console.groupEnd", source: https://s.update.aniview.com/2/1.20.3/main.js?o=1 (1)
[16112:13560:0207/203438.726:INFO:CONSOLE(1)] "console.groupEnd", source: https://s.update.aniview.com/2/1.20.3/main.js?o=1 (1)
[16112:13560:0207/203438.726:INFO:CONSOLE(1)] "console.groupEnd", source: https://s.update.aniview.com/2/1.20.3/main.js?o=1 (1)
[16112:13560:0207/203438.726:INFO:CONSOLE(1)] "console.groupEnd", source: https://s.update.aniview.com/2/1.20.3/main.js?o=1 (1)
[16112:13560:0207/203438.726:INFO:CONSOLE(1)] "console.groupEnd", source: https://s.update.aniview.com/2/1.20.3/main.js?o=1 (1)
[16112:13560:0207/203438.726:INFO:CONSOLE(1)] "console.groupEnd", source: https://s.update.aniview.com/2/1.20.3/main.js?o=1 (1)
[16112:13560:0207/203438.727:INFO:CONSOLE(1)] "console.groupEnd", source: https://s.update.aniview.com/2/1.20.3/main.js?o=1 (1)
[16112:13560:0207/203438.727:INFO:CONSOLE(1)] "console.groupEnd", source: https://s.update.aniview.com/2/1.20.3/main.js?o=1 (1)
[16112:13560:0207/203438.727:INFO:CONSOLE(1)] "console.groupEnd", source: https://s.update.aniview.com/2/1.20.3/main.js?o=1 (1)
[16112:13560:0207/203438.727:INFO:CONSOLE(1)] "console.groupEnd", source: https://s.update.aniview.com/2/1.20.3/main.js?o=1 (1)
[16112:13560:0207/203438.727:INFO:CONSOLE(1)] "console.groupEnd", source: https://s.update.aniview.com/2/1.20.3/main.js?o=1 (1)
[16112:13560:0207/203438.727:INFO:CONSOLE(1)] "console.groupEnd", source: https://s.update.aniview.com/2/1.20.3/main.js?o=1 (1)
[16112:13560:0207/203438.727:INFO:CONSOLE(1)] "console.groupEnd", source: https://s.update.aniview.com/2/1.20.3/main.js?o=1 (1)
[16112:13560:0207/203438.727:INFO:CONSOLE(1)] "console.groupEnd", source: https://s.update.aniview.com/2/1.20.3/main.js?o=1 (1)
[16112:13560:0207/203438.727:INFO:CONSOLE(1)] "console.groupEnd", source: https://s.update.aniview.com/2/1.20.3/main.js?o=1 (1)
[16112:13560:0207/203438.727:INFO:CONSOLE(1)] "console.groupEnd", source: https://s.update.aniview.com/2/1.20.3/main.js?o=1 (1)
[16112:13560:0207/203438.727:INFO:CONSOLE(1)] "console.groupEnd", source: https://s.update.aniview.com/2/1.20.3/main.js?o=1 (1)
[16112:13560:0207/203438.727:INFO:CONSOLE(1)] "console.groupEnd", source: https://s.update.aniview.com/2/1.20.3/main.js?o=1 (1)
[16112:13560:0207/203438.727:INFO:CONSOLE(1)] "console.groupEnd", source: https://s.update.aniview.com/2/1.20.3/main.js?o=1 (1)
[16112:13560:0207/203438.727:INFO:CONSOLE(1)] "console.groupEnd", source: https://s.update.aniview.com/2/1.20.3/main.js?o=1 (1)
[16112:13560:0207/203438.727:INFO:CONSOLE(1)] "console.groupEnd", source: https://s.update.aniview.com/2/1.20.3/main.js?o=1 (1)
[16112:13560:0207/203438.727:INFO:CONSOLE(1)] "console.groupEnd", source: https://s.update.aniview.com/2/1.20.3/main.js?o=1 (1)
[16112:13560:0207/203438.727:INFO:CONSOLE(1)] "console.groupEnd", source: https://s.update.aniview.com/2/1.20.3/main.js?o=1 (1)
[16112:13560:0207/203438.727:INFO:CONSOLE(1)] "console.groupEnd", source: https://s.update.aniview.com/2/1.20.3/main.js?o=1 (1)
[16112:13560:0207/203438.727:INFO:CONSOLE(1)] "console.groupEnd", source: https://s.update.aniview.com/2/1.20.3/main.js?o=1 (1)
[16112:13560:0207/203438.727:INFO:CONSOLE(1)] "console.groupEnd", source: https://s.update.aniview.com/2/1.20.3/main.js?o=1 (1)
[16112:13560:0207/203438.728:INFO:CONSOLE(1)] "console.groupEnd", source: https://s.update.aniview.com/2/1.20.3/main.js?o=1 (1)
[16112:13560:0207/203438.728:INFO:CONSOLE(1)] "console.groupEnd", source: https://s.update.aniview.com/2/1.20.3/main.js?o=1 (1)
[16112:13560:0207/203438.728:INFO:CONSOLE(1)] "console.groupEnd", source: https://s.update.aniview.com/2/1.20.3/main.js?o=1 (1)
[16112:13560:0207/203438.728:INFO:CONSOLE(1)] "console.groupEnd", source: https://s.update.aniview.com/2/1.20.3/main.js?o=1 (1)
[16112:13560:0207/203438.728:INFO:CONSOLE(1)] "console.groupEnd", source: https://s.update.aniview.com/2/1.20.3/main.js?o=1 (1)
[16112:13560:0207/203438.728:INFO:CONSOLE(1)] "console.groupEnd", source: https://s.update.aniview.com/2/1.20.3/main.js?o=1 (1)
[16112:13560:0207/203438.728:INFO:CONSOLE(1)] "console.groupEnd", source: https://s.update.aniview.com/2/1.20.3/main.js?o=1 (1)
[16112:13560:0207/203438.728:INFO:CONSOLE(1)] "console.groupEnd", source: https://s.update.aniview.com/2/1.20.3/main.js?o=1 (1)
[16112:13560:0207/203438.728:INFO:CONSOLE(1)] "console.groupEnd", source: https://s.update.aniview.com/2/1.20.3/main.js?o=1 (1)
[16112:13560:0207/203438.728:INFO:CONSOLE(1)] "console.groupEnd", source: https://s.update.aniview.com/2/1.20.3/main.js?o=1 (1)
[16112:13560:0207/203438.728:INFO:CONSOLE(1)] "console.groupEnd", source: https://s.update.aniview.com/2/1.20.3/main.js?o=1 (1)
[16112:13560:0207/203438.728:INFO:CONSOLE(1)] "console.groupEnd", source: https://s.update.aniview.com/2/1.20.3/main.js?o=1 (1)
[16112:13560:0207/203438.728:INFO:CONSOLE(1)] "console.groupEnd", source: https://s.update.aniview.com/2/1.20.3/main.js?o=1 (1)
[16112:13560:0207/203438.728:INFO:CONSOLE(1)] "console.groupEnd", source: https://s.update.aniview.com/2/1.20.3/main.js?o=1 (1)
[16112:13560:0207/203438.728:INFO:CONSOLE(1)] "console.groupEnd", source: https://s.update.aniview.com/2/1.20.3/main.js?o=1 (1)
[16112:13560:0207/203438.728:INFO:CONSOLE(1)] "console.groupEnd", source: https://s.update.aniview.com/2/1.20.3/main.js?o=1 (1)
[16112:13560:0207/203438.729:INFO:CONSOLE(1)] "console.groupEnd", source: https://s.update.aniview.com/2/1.20.3/main.js?o=1 (1)
[16112:13560:0207/203438.729:INFO:CONSOLE(1)] "console.groupEnd", source: https://s.update.aniview.com/2/1.20.3/main.js?o=1 (1)
[16112:13560:0207/203438.729:INFO:CONSOLE(1)] "console.groupEnd", source: https://s.update.aniview.com/2/1.20.3/main.js?o=1 (1)
[16112:13560:0207/203438.729:INFO:CONSOLE(1)] "console.groupEnd", source: https://s.update.aniview.com/2/1.20.3/main.js?o=1 (1)
[16112:13560:0207/203438.729:INFO:CONSOLE(1)] "console.groupEnd", source: https://s.update.aniview.com/2/1.20.3/main.js?o=1 (1)
[16112:13560:0207/203438.729:INFO:CONSOLE(1)] "console.groupEnd", source: https://s.update.aniview.com/2/1.20.3/main.js?o=1 (1)
[16112:13560:0207/203438.729:INFO:CONSOLE(1)] "console.groupEnd", source: https://s.update.aniview.com/2/1.20.3/main.js?o=1 (1)
[16112:13560:0207/203438.729:INFO:CONSOLE(1)] "console.groupEnd", source: https://s.update.aniview.com/2/1.20.3/main.js?o=1 (1)
[16112:13560:0207/203438.729:INFO:CONSOLE(1)] "console.groupEnd", source: https://s.update.aniview.com/2/1.20.3/main.js?o=1 (1)
[16112:13560:0207/203438.729:INFO:CONSOLE(1)] "console.groupEnd", source: https://s.update.aniview.com/2/1.20.3/main.js?o=1 (1)
[16112:13560:0207/203438.729:INFO:CONSOLE(1)] "console.groupEnd", source: https://s.update.aniview.com/2/1.20.3/main.js?o=1 (1)
[16112:13560:0207/203438.729:INFO:CONSOLE(1)] "console.groupEnd", source: https://s.update.aniview.com/2/1.20.3/main.js?o=1 (1)
[16112:13560:0207/203438.729:INFO:CONSOLE(1)] "console.groupEnd", source: https://s.update.aniview.com/2/1.20.3/main.js?o=1 (1)
[16112:13560:0207/203438.729:INFO:CONSOLE(1)] "console.groupEnd", source: https://s.update.aniview.com/2/1.20.3/main.js?o=1 (1)
[16112:13560:0207/203438.729:INFO:CONSOLE(1)] "console.groupEnd", source: https://s.update.aniview.com/2/1.20.3/main.js?o=1 (1)
[16112:13560:0207/203438.729:INFO:CONSOLE(1)] "console.groupEnd", source: https://s.update.aniview.com/2/1.20.3/main.js?o=1 (1)
[16112:13560:0207/203438.729:INFO:CONSOLE(1)] "console.groupEnd", source: https://s.update.aniview.com/2/1.20.3/main.js?o=1 (1)
[16112:13560:0207/203438.730:INFO:CONSOLE(1)] "console.groupEnd", source: https://s.update.aniview.com/2/1.20.3/main.js?o=1 (1)
[16112:13560:0207/203438.730:INFO:CONSOLE(1)] "console.groupEnd", source: https://s.update.aniview.com/2/1.20.3/main.js?o=1 (1)
[16112:13560:0207/203438.730:INFO:CONSOLE(1)] "console.groupEnd", source: https://s.update.aniview.com/2/1.20.3/main.js?o=1 (1)
[16112:13560:0207/203438.730:INFO:CONSOLE(1)] "console.groupEnd", source: https://s.update.aniview.com/2/1.20.3/main.js?o=1 (1)
[16112:13560:0207/203438.730:INFO:CONSOLE(1)] "console.groupEnd", source: https://s.update.aniview.com/2/1.20.3/main.js?o=1 (1)
[16112:13560:0207/203438.730:INFO:CONSOLE(1)] "console.groupEnd", source: https://s.update.aniview.com/2/1.20.3/main.js?o=1 (1)
[16112:13560:0207/203438.730:INFO:CONSOLE(1)] "console.groupEnd", source: https://s.update.aniview.com/2/1.20.3/main.js?o=1 (1)
[16112:13560:0207/203438.730:INFO:CONSOLE(1)] "console.groupEnd", source: https://s.update.aniview.com/2/1.20.3/main.js?o=1 (1)
[16112:13560:0207/203438.730:INFO:CONSOLE(1)] "console.groupEnd", source: https://s.update.aniview.com/2/1.20.3/main.js?o=1 (1)
[16112:13560:0207/203438.730:INFO:CONSOLE(1)] "console.groupEnd", source: https://s.update.aniview.com/2/1.20.3/main.js?o=1 (1)
[16112:13560:0207/203438.730:INFO:CONSOLE(1)] "console.groupEnd", source: https://s.update.aniview.com/2/1.20.3/main.js?o=1 (1)
[16112:13560:0207/203438.730:INFO:CONSOLE(1)] "console.groupEnd", source: https://s.update.aniview.com/2/1.20.3/main.js?o=1 (1)
[16112:13560:0207/203438.730:INFO:CONSOLE(1)] "console.groupEnd", source: https://s.update.aniview.com/2/1.20.3/main.js?o=1 (1)
[16112:13560:0207/203438.730:INFO:CONSOLE(1)] "console.groupEnd", source: https://s.update.aniview.com/2/1.20.3/main.js?o=1 (1)
[16112:13560:0207/203438.730:INFO:CONSOLE(1)] "console.groupEnd", source: https://s.update.aniview.com/2/1.20.3/main.js?o=1 (1)
[16112:13560:0207/203438.730:INFO:CONSOLE(1)] "console.groupEnd", source: https://s.update.aniview.com/2/1.20.3/main.js?o=1 (1)
[16112:13560:0207/203438.730:INFO:CONSOLE(1)] "console.groupEnd", source: https://s.update.aniview.com/2/1.20.3/main.js?o=1 (1)
[16112:13560:0207/203438.730:INFO:CONSOLE(1)] "console.groupEnd", source: https://s.update.aniview.com/2/1.20.3/main.js?o=1 (1)
[16112:13560:0207/203438.730:INFO:CONSOLE(1)] "console.groupEnd", source: https://s.update.aniview.com/2/1.20.3/main.js?o=1 (1)
[16112:13560:0207/203438.730:INFO:CONSOLE(1)] "console.groupEnd", source: https://s.update.aniview.com/2/1.20.3/main.js?o=1 (1)
[16112:13560:0207/203438.731:INFO:CONSOLE(1)] "console.groupEnd", source: https://s.update.aniview.com/2/1.20.3/main.js?o=1 (1)
[16112:13560:0207/203438.731:INFO:CONSOLE(1)] "console.groupEnd", source: https://s.update.aniview.com/2/1.20.3/main.js?o=1 (1)
[16112:13560:0207/203438.731:INFO:CONSOLE(1)] "console.groupEnd", source: https://s.update.aniview.com/2/1.20.3/main.js?o=1 (1)
[16112:13560:0207/203438.731:INFO:CONSOLE(1)] "console.groupEnd", source: https://s.update.aniview.com/2/1.20.3/main.js?o=1 (1)
[16112:13560:0207/203438.731:INFO:CONSOLE(1)] "console.groupEnd", source: https://s.update.aniview.com/2/1.20.3/main.js?o=1 (1)
[16112:13560:0207/203438.731:INFO:CONSOLE(1)] "console.groupEnd", source: https://s.update.aniview.com/2/1.20.3/main.js?o=1 (1)
[16112:13560:0207/203438.731:INFO:CONSOLE(1)] "console.groupEnd", source: https://s.update.aniview.com/2/1.20.3/main.js?o=1 (1)
[16112:13560:0207/203438.731:INFO:CONSOLE(1)] "console.groupEnd", source: https://s.update.aniview.com/2/1.20.3/main.js?o=1 (1)
[16112:13560:0207/203438.731:INFO:CONSOLE(1)] "console.groupEnd", source: https://s.update.aniview.com/2/1.20.3/main.js?o=1 (1)
[16112:13560:0207/203438.731:INFO:CONSOLE(1)] "console.groupEnd", source: https://s.update.aniview.com/2/1.20.3/main.js?o=1 (1)
[16112:13560:0207/203438.731:INFO:CONSOLE(1)] "console.groupEnd", source: https://s.update.aniview.com/2/1.20.3/main.js?o=1 (1)
[16112:13560:0207/203438.731:INFO:CONSOLE(1)] "console.groupEnd", source: https://s.update.aniview.com/2/1.20.3/main.js?o=1 (1)
[16112:13560:0207/203438.731:INFO:CONSOLE(1)] "console.groupEnd", source: https://s.update.aniview.com/2/1.20.3/main.js?o=1 (1)
[16112:13560:0207/203438.731:INFO:CONSOLE(1)] "console.groupEnd", source: https://s.update.aniview.com/2/1.20.3/main.js?o=1 (1)
[16112:13560:0207/203438.731:INFO:CONSOLE(1)] "console.groupEnd", source: https://s.update.aniview.com/2/1.20.3/main.js?o=1 (1)
[16112:13560:0207/203438.731:INFO:CONSOLE(1)] "console.groupEnd", source: https://s.update.aniview.com/2/1.20.3/main.js?o=1 (1)
[16112:13560:0207/203438.731:INFO:CONSOLE(1)] "console.groupEnd", source: https://s.update.aniview.com/2/1.20.3/main.js?o=1 (1)
[16112:13560:0207/203438.731:INFO:CONSOLE(1)] "console.groupEnd", source: https://s.update.aniview.com/2/1.20.3/main.js?o=1 (1)
[16112:13560:0207/203438.732:INFO:CONSOLE(1)] "console.groupEnd", source: https://s.update.aniview.com/2/1.20.3/main.js?o=1 (1)
[16112:13560:0207/203438.732:INFO:CONSOLE(1)] "console.groupEnd", source: https://s.update.aniview.com/2/1.20.3/main.js?o=1 (1)
[16112:13560:0207/203438.732:INFO:CONSOLE(1)] "console.groupEnd", source: https://s.update.aniview.com/2/1.20.3/main.js?o=1 (1)
[16112:13560:0207/203438.732:INFO:CONSOLE(1)] "console.groupEnd", source: https://s.update.aniview.com/2/1.20.3/main.js?o=1 (1)
[16112:13560:0207/203438.732:INFO:CONSOLE(1)] "console.groupEnd", source: https://s.update.aniview.com/2/1.20.3/main.js?o=1 (1)
[16112:13560:0207/203438.732:INFO:CONSOLE(1)] "console.groupEnd", source: https://s.update.aniview.com/2/1.20.3/main.js?o=1 (1)
[16112:13560:0207/203438.732:INFO:CONSOLE(1)] "console.groupEnd", source: https://s.update.aniview.com/2/1.20.3/main.js?o=1 (1)
[16112:13560:0207/203438.732:INFO:CONSOLE(1)] "console.groupEnd", source: https://s.update.aniview.com/2/1.20.3/main.js?o=1 (1)
[16112:13560:0207/203438.732:INFO:CONSOLE(1)] "console.groupEnd", source: https://s.update.aniview.com/2/1.20.3/main.js?o=1 (1)
[16112:13560:0207/203438.732:INFO:CONSOLE(1)] "console.groupEnd", source: https://s.update.aniview.com/2/1.20.3/main.js?o=1 (1)
[16112:13560:0207/203438.732:INFO:CONSOLE(1)] "console.groupEnd", source: https://s.update.aniview.com/2/1.20.3/main.js?o=1 (1)
[16112:13560:0207/203438.732:INFO:CONSOLE(1)] "console.groupEnd", source: https://s.update.aniview.com/2/1.20.3/main.js?o=1 (1)
[16112:13560:0207/203438.732:INFO:CONSOLE(1)] "console.groupEnd", source: https://s.update.aniview.com/2/1.20.3/main.js?o=1 (1)
[16112:13560:0207/203438.732:INFO:CONSOLE(1)] "console.groupEnd", source: https://s.update.aniview.com/2/1.20.3/main.js?o=1 (1)
[16112:13560:0207/203438.732:INFO:CONSOLE(1)] "console.groupEnd", source: https://s.update.aniview.com/2/1.20.3/main.js?o=1 (1)
[16112:13560:0207/203438.732:INFO:CONSOLE(1)] "console.groupEnd", source: https://s.update.aniview.com/2/1.20.3/main.js?o=1 (1)
[16112:13560:0207/203438.732:INFO:CONSOLE(1)] "console.groupEnd", source: https://s.update.aniview.com/2/1.20.3/main.js?o=1 (1)
[16112:13560:0207/203438.732:INFO:CONSOLE(1)] "console.groupEnd", source: https://s.update.aniview.com/2/1.20.3/main.js?o=1 (1)
[16112:13560:0207/203438.732:INFO:CONSOLE(1)] "console.groupEnd", source: https://s.update.aniview.com/2/1.20.3/main.js?o=1 (1)
[16112:13560:0207/203438.732:INFO:CONSOLE(1)] "console.groupEnd", source: https://s.update.aniview.com/2/1.20.3/main.js?o=1 (1)
[16112:13560:0207/203438.732:INFO:CONSOLE(1)] "console.groupEnd", source: https://s.update.aniview.com/2/1.20.3/main.js?o=1 (1)
[16112:13560:0207/203438.732:INFO:CONSOLE(1)] "console.groupEnd", source: https://s.update.aniview.com/2/1.20.3/main.js?o=1 (1)
[16112:13560:0207/203455.999:INFO:CONSOLE(4)] "VIDEOJS: WARN: Player "vjs-video-js" is already initialised. Options will not be applied.", source: https://playnano.online/assets/external/videojs.min-1ebeed346d02236b161e0140429ab4b7ce027f786ba49ea4cb6fa9ebb2736793.js (4)
[16112:13560:0207/203458.563:INFO:CONSOLE(61)] "20:34:58,563 com.stickyadstv.utils.Browser GDPR 2.0 - TCFAPI function cannot be found. _fw_gdpr: null, _fw_gdpr_consent: null", source: https://cdn.stickyadstv.com/mustang/vpaid-adapter.min.js (61)
[16112:13560:0207/203501.001:INFO:CONSOLE(4)] "VIDEOJS: ERROR: videojs-contrib-ads has not seen a loadstart event 5 seconds after being initialized, but a source is present. This indicates that videojs-contrib-ads was initialized too late. It must be initialized immediately after video.js in the same tick. As a result, some ads will not play and some media events will be incorrect. For more information, see https://github.com/videojs/videojs-contrib-ads#important-note-about-initialization", source: https://playnano.online/assets/external/videojs.min-1ebeed346d02236b161e0140429ab4b7ce027f786ba49ea4cb6fa9ebb2736793.js (4)
[16112:13560:0207/203508.025:INFO:CONSOLE(32)] "a: 0.0029296875 ms", source: https://static.adsafeprotected.com/sca.17.4.114.js (32)
[16112:13560:0207/203510.691:INFO:CONSOLE(61)] "20:35:10,691 com.stickyadstv.utils.Browser GDPR 2.0 - TCFAPI function cannot be found. _fw_gdpr: null, _fw_gdpr_consent: null", source: https://cdn.stickyadstv.com/mustang/vpaid-adapter.min.js (61)
[16112:13560:0207/203526.364:INFO:CONSOLE(4)] "VIDEOJS: WARN: Player "vjs-video-js" is already initialised. Options will not be applied.", source: https://playnano.online/assets/external/videojs.min-1ebeed346d02236b161e0140429ab4b7ce027f786ba49ea4cb6fa9ebb2736793.js (4)
[16112:13560:0207/203531.371:INFO:CONSOLE(4)] "VIDEOJS: ERROR: videojs-contrib-ads has not seen a loadstart event 5 seconds after being initialized, but a source is present. This indicates that videojs-contrib-ads was initialized too late. It must be initialized immediately after video.js in the same tick. As a result, some ads will not play and some media events will be incorrect. For more information, see https://github.com/videojs/videojs-contrib-ads#important-note-about-initialization", source: https://playnano.online/assets/external/videojs.min-1ebeed346d02236b161e0140429ab4b7ce027f786ba49ea4cb6fa9ebb2736793.js (4)
[16112:13560:0207/203532.613:INFO:CONSOLE(1)] "'window.webkitStorageInfo' is deprecated. Please use 'navigator.webkitTemporaryStorage' or 'navigator.webkitPersistentStorage' instead.", source: https://static.lalaping.com/online.js?ver=2.0.0 (1)
[16112:13560:0207/203533.272:INFO:CONSOLE(61)] "20:35:33,272 com.stickyadstv.utils.Browser GDPR 2.0 - TCFAPI function cannot be found. _fw_gdpr: null, _fw_gdpr_consent: null", source: https://cdn.stickyadstv.com/mustang/vpaid-adapter.min.js (61)
[16112:13560:0207/203540.285:INFO:CONSOLE(32)] "a: 0.0009765625 ms", source: https://static.adsafeprotected.com/sca.17.4.114.js (32)
[16112:13560:0207/203541.695:INFO:CONSOLE(1)] "console.groupEnd", source: https://s.update.aniview.com/2/1.20.3/main.js?o=1 (1)
[16112:13560:0207/203541.695:INFO:CONSOLE(1)] "console.groupEnd", source: https://s.update.aniview.com/2/1.20.3/main.js?o=1 (1)
[16112:13560:0207/203541.695:INFO:CONSOLE(1)] "console.groupEnd", source: https://s.update.aniview.com/2/1.20.3/main.js?o=1 (1)
[16112:13560:0207/203541.695:INFO:CONSOLE(1)] "console.groupEnd", source: https://s.update.aniview.com/2/1.20.3/main.js?o=1 (1)
[16112:13560:0207/203541.695:INFO:CONSOLE(1)] "console.groupEnd", source: https://s.update.aniview.com/2/1.20.3/main.js?o=1 (1)
[16112:13560:0207/203541.695:INFO:CONSOLE(1)] "console.groupEnd", source: https://s.update.aniview.com/2/1.20.3/main.js?o=1 (1)
[16112:13560:0207/203541.695:INFO:CONSOLE(1)] "console.groupEnd", source: https://s.update.aniview.com/2/1.20.3/main.js?o=1 (1)
[16112:13560:0207/203541.695:INFO:CONSOLE(1)] "console.groupEnd", source: https://s.update.aniview.com/2/1.20.3/main.js?o=1 (1)
[16112:13560:0207/203541.695:INFO:CONSOLE(1)] "console.groupEnd", source: https://s.update.aniview.com/2/1.20.3/main.js?o=1 (1)
[16112:13560:0207/203541.695:INFO:CONSOLE(1)] "console.groupEnd", source: https://s.update.aniview.com/2/1.20.3/main.js?o=1 (1)
[16112:13560:0207/203541.696:INFO:CONSOLE(1)] "console.groupEnd", source: https://s.update.aniview.com/2/1.20.3/main.js?o=1 (1)
[16112:13560:0207/203541.696:INFO:CONSOLE(1)] "console.groupEnd", source: https://s.update.aniview.com/2/1.20.3/main.js?o=1 (1)
[16112:13560:0207/203541.696:INFO:CONSOLE(1)] "console.groupEnd", source: https://s.update.aniview.com/2/1.20.3/main.js?o=1 (1)
[16112:13560:0207/203541.696:INFO:CONSOLE(1)] "console.groupEnd", source: https://s.update.aniview.com/2/1.20.3/main.js?o=1 (1)
[16112:13560:0207/203541.696:INFO:CONSOLE(1)] "console.groupEnd", source: https://s.update.aniview.com/2/1.20.3/main.js?o=1 (1)
[16112:13560:0207/203541.696:INFO:CONSOLE(1)] "console.groupEnd", source: https://s.update.aniview.com/2/1.20.3/main.js?o=1 (1)
[16112:13560:0207/203541.696:INFO:CONSOLE(1)] "console.groupEnd", source: https://s.update.aniview.com/2/1.20.3/main.js?o=1 (1)
[16112:13560:0207/203541.696:INFO:CONSOLE(1)] "console.groupEnd", source: https://s.update.aniview.com/2/1.20.3/main.js?o=1 (1)
[16112:13560:0207/203541.696:INFO:CONSOLE(1)] "console.groupEnd", source: https://s.update.aniview.com/2/1.20.3/main.js?o=1 (1)
[16112:13560:0207/203541.696:INFO:CONSOLE(1)] "console.groupEnd", source: https://s.update.aniview.com/2/1.20.3/main.js?o=1 (1)
[16112:13560:0207/203541.696:INFO:CONSOLE(1)] "console.groupEnd", source: https://s.update.aniview.com/2/1.20.3/main.js?o=1 (1)
[16112:13560:0207/203541.696:INFO:CONSOLE(1)] "console.groupEnd", source: https://s.update.aniview.com/2/1.20.3/main.js?o=1 (1)
[16112:13560:0207/203541.696:INFO:CONSOLE(1)] "console.groupEnd", source: https://s.update.aniview.com/2/1.20.3/main.js?o=1 (1)
[16112:13560:0207/203541.696:INFO:CONSOLE(1)] "console.groupEnd", source: https://s.update.aniview.com/2/1.20.3/main.js?o=1 (1)
[16112:13560:0207/203541.696:INFO:CONSOLE(1)] "console.groupEnd", source: https://s.update.aniview.com/2/1.20.3/main.js?o=1 (1)
[16112:13560:0207/203541.696:INFO:CONSOLE(1)] "console.groupEnd", source: https://s.update.aniview.com/2/1.20.3/main.js?o=1 (1)
[16112:13560:0207/203541.696:INFO:CONSOLE(1)] "console.groupEnd", source: https://s.update.aniview.com/2/1.20.3/main.js?o=1 (1)
[16112:13560:0207/203541.696:INFO:CONSOLE(1)] "console.groupEnd", source: https://s.update.aniview.com/2/1.20.3/main.js?o=1 (1)
[16112:13560:0207/203541.696:INFO:CONSOLE(1)] "console.groupEnd", source: https://s.update.aniview.com/2/1.20.3/main.js?o=1 (1)
[16112:13560:0207/203541.696:INFO:CONSOLE(1)] "console.groupEnd", source: https://s.update.aniview.com/2/1.20.3/main.js?o=1 (1)
[16112:13560:0207/203541.696:INFO:CONSOLE(1)] "console.groupEnd", source: https://s.update.aniview.com/2/1.20.3/main.js?o=1 (1)
[16112:13560:0207/203541.696:INFO:CONSOLE(1)] "console.groupEnd", source: https://s.update.aniview.com/2/1.20.3/main.js?o=1 (1)
[16112:13560:0207/203541.696:INFO:CONSOLE(1)] "console.groupEnd", source: https://s.update.aniview.com/2/1.20.3/main.js?o=1 (1)
[16112:13560:0207/203541.697:INFO:CONSOLE(1)] "console.groupEnd", source: https://s.update.aniview.com/2/1.20.3/main.js?o=1 (1)
[16112:13560:0207/203541.697:INFO:CONSOLE(1)] "console.groupEnd", source: https://s.update.aniview.com/2/1.20.3/main.js?o=1 (1)
[16112:13560:0207/203541.697:INFO:CONSOLE(1)] "console.groupEnd", source: https://s.update.aniview.com/2/1.20.3/main.js?o=1 (1)
[16112:13560:0207/203541.697:INFO:CONSOLE(1)] "console.groupEnd", source: https://s.update.aniview.com/2/1.20.3/main.js?o=1 (1)
[16112:13560:0207/203541.697:INFO:CONSOLE(1)] "console.groupEnd", source: https://s.update.aniview.com/2/1.20.3/main.js?o=1 (1)
[16112:13560:0207/203541.697:INFO:CONSOLE(1)] "console.groupEnd", source: https://s.update.aniview.com/2/1.20.3/main.js?o=1 (1)
[16112:13560:0207/203541.697:INFO:CONSOLE(1)] "console.groupEnd", source: https://s.update.aniview.com/2/1.20.3/main.js?o=1 (1)
[16112:13560:0207/203541.697:INFO:CONSOLE(1)] "console.groupEnd", source: https://s.update.aniview.com/2/1.20.3/main.js?o=1 (1)
[16112:13560:0207/203541.697:INFO:CONSOLE(1)] "console.groupEnd", source: https://s.update.aniview.com/2/1.20.3/main.js?o=1 (1)
[16112:13560:0207/203541.697:INFO:CONSOLE(1)] "console.groupEnd", source: https://s.update.aniview.com/2/1.20.3/main.js?o=1 (1)
[16112:13560:0207/203541.697:INFO:CONSOLE(1)] "console.groupEnd", source: https://s.update.aniview.com/2/1.20.3/main.js?o=1 (1)
[16112:13560:0207/203541.697:INFO:CONSOLE(1)] "console.groupEnd", source: https://s.update.aniview.com/2/1.20.3/main.js?o=1 (1)
[16112:13560:0207/203541.697:INFO:CONSOLE(1)] "console.groupEnd", source: https://s.update.aniview.com/2/1.20.3/main.js?o=1 (1)
[16112:13560:0207/203541.697:INFO:CONSOLE(1)] "console.groupEnd", source: https://s.update.aniview.com/2/1.20.3/main.js?o=1 (1)
[16112:13560:0207/203541.697:INFO:CONSOLE(1)] "console.groupEnd", source: https://s.update.aniview.com/2/1.20.3/main.js?o=1 (1)
[16112:13560:0207/203541.697:INFO:CONSOLE(1)] "console.groupEnd", source: https://s.update.aniview.com/2/1.20.3/main.js?o=1 (1)
[16112:13560:0207/203541.697:INFO:CONSOLE(1)] "console.groupEnd", source: https://s.update.aniview.com/2/1.20.3/main.js?o=1 (1)
[16112:13560:0207/203541.697:INFO:CONSOLE(1)] "console.groupEnd", source: https://s.update.aniview.com/2/1.20.3/main.js?o=1 (1)
[16112:13560:0207/203541.698:INFO:CONSOLE(1)] "console.groupEnd", source: https://s.update.aniview.com/2/1.20.3/main.js?o=1 (1)
[16112:13560:0207/203541.698:INFO:CONSOLE(1)] "console.groupEnd", source: https://s.update.aniview.com/2/1.20.3/main.js?o=1 (1)
[16112:13560:0207/203541.698:INFO:CONSOLE(1)] "console.groupEnd", source: https://s.update.aniview.com/2/1.20.3/main.js?o=1 (1)
[16112:13560:0207/203541.698:INFO:CONSOLE(1)] "console.groupEnd", source: https://s.update.aniview.com/2/1.20.3/main.js?o=1 (1)
[16112:13560:0207/203541.698:INFO:CONSOLE(1)] "console.groupEnd", source: https://s.update.aniview.com/2/1.20.3/main.js?o=1 (1)
[16112:13560:0207/203541.698:INFO:CONSOLE(1)] "console.groupEnd", source: https://s.update.aniview.com/2/1.20.3/main.js?o=1 (1)
[16112:13560:0207/203541.698:INFO:CONSOLE(1)] "console.groupEnd", source: https://s.update.aniview.com/2/1.20.3/main.js?o=1 (1)
[16112:13560:0207/203541.698:INFO:CONSOLE(1)] "console.groupEnd", source: https://s.update.aniview.com/2/1.20.3/main.js?o=1 (1)
[16112:13560:0207/203541.698:INFO:CONSOLE(1)] "console.groupEnd", source: https://s.update.aniview.com/2/1.20.3/main.js?o=1 (1)
[16112:13560:0207/203541.698:INFO:CONSOLE(1)] "console.groupEnd", source: https://s.update.aniview.com/2/1.20.3/main.js?o=1 (1)
[16112:13560:0207/203541.698:INFO:CONSOLE(1)] "console.groupEnd", source: https://s.update.aniview.com/2/1.20.3/main.js?o=1 (1)
[16112:13560:0207/203541.698:INFO:CONSOLE(1)] "console.groupEnd", source: https://s.update.aniview.com/2/1.20.3/main.js?o=1 (1)
[16112:13560:0207/203541.698:INFO:CONSOLE(1)] "console.groupEnd", source: https://s.update.aniview.com/2/1.20.3/main.js?o=1 (1)
[16112:13560:0207/203541.698:INFO:CONSOLE(1)] "console.groupEnd", source: https://s.update.aniview.com/2/1.20.3/main.js?o=1 (1)
[16112:13560:0207/203541.698:INFO:CONSOLE(1)] "console.groupEnd", source: https://s.update.aniview.com/2/1.20.3/main.js?o=1 (1)
[16112:13560:0207/203541.698:INFO:CONSOLE(1)] "console.groupEnd", source: https://s.update.aniview.com/2/1.20.3/main.js?o=1 (1)
[16112:13560:0207/203541.698:INFO:CONSOLE(1)] "console.groupEnd", source: https://s.update.aniview.com/2/1.20.3/main.js?o=1 (1)
[16112:13560:0207/203541.698:INFO:CONSOLE(1)] "console.groupEnd", source: https://s.update.aniview.com/2/1.20.3/main.js?o=1 (1)
[16112:13560:0207/203541.698:INFO:CONSOLE(1)] "console.groupEnd", source: https://s.update.aniview.com/2/1.20.3/main.js?o=1 (1)
[16112:13560:0207/203541.699:INFO:CONSOLE(1)] "console.groupEnd", source: https://s.update.aniview.com/2/1.20.3/main.js?o=1 (1)
[16112:13560:0207/203541.699:INFO:CONSOLE(1)] "console.groupEnd", source: https://s.update.aniview.com/2/1.20.3/main.js?o=1 (1)
[16112:13560:0207/203541.699:INFO:CONSOLE(1)] "console.groupEnd", source: https://s.update.aniview.com/2/1.20.3/main.js?o=1 (1)
[16112:13560:0207/203541.699:INFO:CONSOLE(1)] "console.groupEnd", source: https://s.update.aniview.com/2/1.20.3/main.js?o=1 (1)
[16112:13560:0207/203541.699:INFO:CONSOLE(1)] "console.groupEnd", source: https://s.update.aniview.com/2/1.20.3/main.js?o=1 (1)
[16112:13560:0207/203541.699:INFO:CONSOLE(1)] "console.groupEnd", source: https://s.update.aniview.com/2/1.20.3/main.js?o=1 (1)
[16112:13560:0207/203541.699:INFO:CONSOLE(1)] "console.groupEnd", source: https://s.update.aniview.com/2/1.20.3/main.js?o=1 (1)
[16112:13560:0207/203541.699:INFO:CONSOLE(1)] "console.groupEnd", source: https://s.update.aniview.com/2/1.20.3/main.js?o=1 (1)
[16112:13560:0207/203541.699:INFO:CONSOLE(1)] "console.groupEnd", source: https://s.update.aniview.com/2/1.20.3/main.js?o=1 (1)
[16112:13560:0207/203541.699:INFO:CONSOLE(1)] "console.groupEnd", source: https://s.update.aniview.com/2/1.20.3/main.js?o=1 (1)
[16112:13560:0207/203541.699:INFO:CONSOLE(1)] "console.groupEnd", source: https://s.update.aniview.com/2/1.20.3/main.js?o=1 (1)
[16112:13560:0207/203541.699:INFO:CONSOLE(1)] "console.groupEnd", source: https://s.update.aniview.com/2/1.20.3/main.js?o=1 (1)
[16112:13560:0207/203541.699:INFO:CONSOLE(1)] "console.groupEnd", source: https://s.update.aniview.com/2/1.20.3/main.js?o=1 (1)
[16112:13560:0207/203541.699:INFO:CONSOLE(1)] "console.groupEnd", source: https://s.update.aniview.com/2/1.20.3/main.js?o=1 (1)
[16112:13560:0207/203541.699:INFO:CONSOLE(1)] "console.groupEnd", source: https://s.update.aniview.com/2/1.20.3/main.js?o=1 (1)
[16112:13560:0207/203541.699:INFO:CONSOLE(1)] "console.groupEnd", source: https://s.update.aniview.com/2/1.20.3/main.js?o=1 (1)
[16112:13560:0207/203541.699:INFO:CONSOLE(1)] "console.groupEnd", source: https://s.update.aniview.com/2/1.20.3/main.js?o=1 (1)
[16112:13560:0207/203541.699:INFO:CONSOLE(1)] "console.groupEnd", source: https://s.update.aniview.com/2/1.20.3/main.js?o=1 (1)
[16112:13560:0207/203541.700:INFO:CONSOLE(1)] "console.groupEnd", source: https://s.update.aniview.com/2/1.20.3/main.js?o=1 (1)
[16112:13560:0207/203541.700:INFO:CONSOLE(1)] "console.groupEnd", source: https://s.update.aniview.com/2/1.20.3/main.js?o=1 (1)
[16112:13560:0207/203541.700:INFO:CONSOLE(1)] "console.groupEnd", source: https://s.update.aniview.com/2/1.20.3/main.js?o=1 (1)
[16112:13560:0207/203541.700:INFO:CONSOLE(1)] "console.groupEnd", source: https://s.update.aniview.com/2/1.20.3/main.js?o=1 (1)
[16112:13560:0207/203541.700:INFO:CONSOLE(1)] "console.groupEnd", source: https://s.update.aniview.com/2/1.20.3/main.js?o=1 (1)
[16112:13560:0207/203541.700:INFO:CONSOLE(1)] "console.groupEnd", source: https://s.update.aniview.com/2/1.20.3/main.js?o=1 (1)
[16112:13560:0207/203541.700:INFO:CONSOLE(1)] "console.groupEnd", source: https://s.update.aniview.com/2/1.20.3/main.js?o=1 (1)
[16112:13560:0207/203541.700:INFO:CONSOLE(1)] "console.groupEnd", source: https://s.update.aniview.com/2/1.20.3/main.js?o=1 (1)
[16112:13560:0207/203541.700:INFO:CONSOLE(1)] "console.groupEnd", source: https://s.update.aniview.com/2/1.20.3/main.js?o=1 (1)
[16112:13560:0207/203541.700:INFO:CONSOLE(1)] "console.groupEnd", source: https://s.update.aniview.com/2/1.20.3/main.js?o=1 (1)
[16112:13560:0207/203541.700:INFO:CONSOLE(1)] "console.groupEnd", source: https://s.update.aniview.com/2/1.20.3/main.js?o=1 (1)
[16112:13560:0207/203541.700:INFO:CONSOLE(1)] "console.groupEnd", source: https://s.update.aniview.com/2/1.20.3/main.js?o=1 (1)
[16112:13560:0207/203541.700:INFO:CONSOLE(1)] "console.groupEnd", source: https://s.update.aniview.com/2/1.20.3/main.js?o=1 (1)
[16112:13560:0207/203541.700:INFO:CONSOLE(1)] "console.groupEnd", source: https://s.update.aniview.com/2/1.20.3/main.js?o=1 (1)
[16112:13560:0207/203541.700:INFO:CONSOLE(1)] "console.groupEnd", source: https://s.update.aniview.com/2/1.20.3/main.js?o=1 (1)
[16112:13560:0207/203541.700:INFO:CONSOLE(1)] "console.groupEnd", source: https://s.update.aniview.com/2/1.20.3/main.js?o=1 (1)
[16112:13560:0207/203541.700:INFO:CONSOLE(1)] "console.groupEnd", source: https://s.update.aniview.com/2/1.20.3/main.js?o=1 (1)
[16112:13560:0207/203541.700:INFO:CONSOLE(1)] "console.groupEnd", source: https://s.update.aniview.com/2/1.20.3/main.js?o=1 (1)
[16112:13560:0207/203541.700:INFO:CONSOLE(1)] "console.groupEnd", source: https://s.update.aniview.com/2/1.20.3/main.js?o=1 (1)
[16112:13560:0207/203541.700:INFO:CONSOLE(1)] "console.groupEnd", source: https://s.update.aniview.com/2/1.20.3/main.js?o=1 (1)
[16112:13560:0207/203541.701:INFO:CONSOLE(1)] "console.groupEnd", source: https://s.update.aniview.com/2/1.20.3/main.js?o=1 (1)
[16112:13560:0207/203541.701:INFO:CONSOLE(1)] "console.groupEnd", source: https://s.update.aniview.com/2/1.20.3/main.js?o=1 (1)
[16112:13560:0207/203541.701:INFO:CONSOLE(1)] "console.groupEnd", source: https://s.update.aniview.com/2/1.20.3/main.js?o=1 (1)
[16112:13560:0207/203541.701:INFO:CONSOLE(1)] "console.groupEnd", source: https://s.update.aniview.com/2/1.20.3/main.js?o=1 (1)
[16112:13560:0207/203541.701:INFO:CONSOLE(1)] "console.groupEnd", source: https://s.update.aniview.com/2/1.20.3/main.js?o=1 (1)
[16112:13560:0207/203541.701:INFO:CONSOLE(1)] "console.groupEnd", source: https://s.update.aniview.com/2/1.20.3/main.js?o=1 (1)
[16112:13560:0207/203541.701:INFO:CONSOLE(1)] "console.groupEnd", source: https://s.update.aniview.com/2/1.20.3/main.js?o=1 (1)
[16112:13560:0207/203541.701:INFO:CONSOLE(1)] "console.groupEnd", source: https://s.update.aniview.com/2/1.20.3/main.js?o=1 (1)
[16112:13560:0207/203541.701:INFO:CONSOLE(1)] "console.groupEnd", source: https://s.update.aniview.com/2/1.20.3/main.js?o=1 (1)
[16112:13560:0207/203541.701:INFO:CONSOLE(1)] "console.groupEnd", source: https://s.update.aniview.com/2/1.20.3/main.js?o=1 (1)
[16112:13560:0207/203541.701:INFO:CONSOLE(1)] "console.groupEnd", source: https://s.update.aniview.com/2/1.20.3/main.js?o=1 (1)
[16112:13560:0207/203541.701:INFO:CONSOLE(1)] "console.groupEnd", source: https://s.update.aniview.com/2/1.20.3/main.js?o=1 (1)
[16112:13560:0207/203541.701:INFO:CONSOLE(1)] "console.groupEnd", source: https://s.update.aniview.com/2/1.20.3/main.js?o=1 (1)
[16112:13560:0207/203541.701:INFO:CONSOLE(1)] "console.groupEnd", source: https://s.update.aniview.com/2/1.20.3/main.js?o=1 (1)
[16112:13560:0207/203541.701:INFO:CONSOLE(1)] "console.groupEnd", source: https://s.update.aniview.com/2/1.20.3/main.js?o=1 (1)
[16112:13560:0207/203541.701:INFO:CONSOLE(1)] "console.groupEnd", source: https://s.update.aniview.com/2/1.20.3/main.js?o=1 (1)
[16112:13560:0207/203541.701:INFO:CONSOLE(1)] "console.groupEnd", source: https://s.update.aniview.com/2/1.20.3/main.js?o=1 (1)
[16112:13560:0207/203541.702:INFO:CONSOLE(1)] "console.groupEnd", source: https://s.update.aniview.com/2/1.20.3/main.js?o=1 (1)
[16112:13560:0207/203541.702:INFO:CONSOLE(1)] "console.groupEnd", source: https://s.update.aniview.com/2/1.20.3/main.js?o=1 (1)
[16112:13560:0207/203541.702:INFO:CONSOLE(1)] "console.groupEnd", source: https://s.update.aniview.com/2/1.20.3/main.js?o=1 (1)
[16112:13560:0207/203541.702:INFO:CONSOLE(1)] "console.groupEnd", source: https://s.update.aniview.com/2/1.20.3/main.js?o=1 (1)
[16112:13560:0207/203541.702:INFO:CONSOLE(1)] "console.groupEnd", source: https://s.update.aniview.com/2/1.20.3/main.js?o=1 (1)
[16112:13560:0207/203541.702:INFO:CONSOLE(1)] "console.groupEnd", source: https://s.update.aniview.com/2/1.20.3/main.js?o=1 (1)
[16112:13560:0207/203541.702:INFO:CONSOLE(1)] "console.groupEnd", source: https://s.update.aniview.com/2/1.20.3/main.js?o=1 (1)
[16112:13560:0207/203541.702:INFO:CONSOLE(1)] "console.groupEnd", source: https://s.update.aniview.com/2/1.20.3/main.js?o=1 (1)
[16112:13560:0207/203541.702:INFO:CONSOLE(1)] "console.groupEnd", source: https://s.update.aniview.com/2/1.20.3/main.js?o=1 (1)
[16112:13560:0207/203541.702:INFO:CONSOLE(1)] "console.groupEnd", source: https://s.update.aniview.com/2/1.20.3/main.js?o=1 (1)
[16112:13560:0207/203541.702:INFO:CONSOLE(1)] "console.groupEnd", source: https://s.update.aniview.com/2/1.20.3/main.js?o=1 (1)
[16112:13560:0207/203541.702:INFO:CONSOLE(1)] "console.groupEnd", source: https://s.update.aniview.com/2/1.20.3/main.js?o=1 (1)
[16112:13560:0207/203541.702:INFO:CONSOLE(1)] "console.groupEnd", source: https://s.update.aniview.com/2/1.20.3/main.js?o=1 (1)
[16112:13560:0207/203541.702:INFO:CONSOLE(1)] "console.groupEnd", source: https://s.update.aniview.com/2/1.20.3/main.js?o=1 (1)
[16112:13560:0207/203541.702:INFO:CONSOLE(1)] "console.groupEnd", source: https://s.update.aniview.com/2/1.20.3/main.js?o=1 (1)
[16112:13560:0207/203541.702:INFO:CONSOLE(1)] "console.groupEnd", source: https://s.update.aniview.com/2/1.20.3/main.js?o=1 (1)
[16112:13560:0207/203541.702:INFO:CONSOLE(1)] "console.groupEnd", source: https://s.update.aniview.com/2/1.20.3/main.js?o=1 (1)
[16112:13560:0207/203541.702:INFO:CONSOLE(1)] "console.groupEnd", source: https://s.update.aniview.com/2/1.20.3/main.js?o=1 (1)
[16112:13560:0207/203541.702:INFO:CONSOLE(1)] "console.groupEnd", source: https://s.update.aniview.com/2/1.20.3/main.js?o=1 (1)
[16112:13560:0207/203541.702:INFO:CONSOLE(1)] "console.groupEnd", source: https://s.update.aniview.com/2/1.20.3/main.js?o=1 (1)
[16112:13560:0207/203554.464:INFO:CONSOLE(4)] "VIDEOJS: WARN: Player "vjs-video-js" is already initialised. Options will not be applied.", source: https://playnano.online/assets/external/videojs.min-1ebeed346d02236b161e0140429ab4b7ce027f786ba49ea4cb6fa9ebb2736793.js (4)
[16112:13560:0207/203559.308:INFO:CONSOLE(61)] "20:35:59,308 com.stickyadstv.utils.Browser GDPR 2.0 - TCFAPI function cannot be found. _fw_gdpr: null, _fw_gdpr_consent: null", source: https://cdn.stickyadstv.com/mustang/vpaid-adapter.min.js (61)
[16112:13560:0207/203559.469:INFO:CONSOLE(4)] "VIDEOJS: ERROR: videojs-contrib-ads has not seen a loadstart event 5 seconds after being initialized, but a source is present. This indicates that videojs-contrib-ads was initialized too late. It must be initialized immediately after video.js in the same tick. As a result, some ads will not play and some media events will be incorrect. For more information, see https://github.com/videojs/videojs-contrib-ads#important-note-about-initialization", source: https://playnano.online/assets/external/videojs.min-1ebeed346d02236b161e0140429ab4b7ce027f786ba49ea4cb6fa9ebb2736793.js (4)
[16112:13560:0207/203609.076:INFO:CONSOLE(32)] "a: 0.0009765625 ms", source: https://static.adsafeprotected.com/sca.17.4.114.js (32)
[16112:13560:0207/203609.829:INFO:CONSOLE(1)] "console.groupEnd", source: https://s.update.aniview.com/2/1.20.3/main.js?o=1 (1)
[16112:13560:0207/203609.829:INFO:CONSOLE(1)] "console.groupEnd", source: https://s.update.aniview.com/2/1.20.3/main.js?o=1 (1)
[16112:13560:0207/203609.829:INFO:CONSOLE(1)] "console.groupEnd", source: https://s.update.aniview.com/2/1.20.3/main.js?o=1 (1)
[16112:13560:0207/203609.829:INFO:CONSOLE(1)] "console.groupEnd", source: https://s.update.aniview.com/2/1.20.3/main.js?o=1 (1)
[16112:13560:0207/203609.829:INFO:CONSOLE(1)] "console.groupEnd", source: https://s.update.aniview.com/2/1.20.3/main.js?o=1 (1)
[16112:13560:0207/203609.829:INFO:CONSOLE(1)] "console.groupEnd", source: https://s.update.aniview.com/2/1.20.3/main.js?o=1 (1)
[16112:13560:0207/203609.829:INFO:CONSOLE(1)] "console.groupEnd", source: https://s.update.aniview.com/2/1.20.3/main.js?o=1 (1)
[16112:13560:0207/203609.829:INFO:CONSOLE(1)] "console.groupEnd", source: https://s.update.aniview.com/2/1.20.3/main.js?o=1 (1)
[16112:13560:0207/203609.829:INFO:CONSOLE(1)] "console.groupEnd", source: https://s.update.aniview.com/2/1.20.3/main.js?o=1 (1)
[16112:13560:0207/203609.829:INFO:CONSOLE(1)] "console.groupEnd", source: https://s.update.aniview.com/2/1.20.3/main.js?o=1 (1)
[16112:13560:0207/203609.829:INFO:CONSOLE(1)] "console.groupEnd", source: https://s.update.aniview.com/2/1.20.3/main.js?o=1 (1)
[16112:13560:0207/203609.829:INFO:CONSOLE(1)] "console.groupEnd", source: https://s.update.aniview.com/2/1.20.3/main.js?o=1 (1)
[16112:13560:0207/203609.829:INFO:CONSOLE(1)] "console.groupEnd", source: https://s.update.aniview.com/2/1.20.3/main.js?o=1 (1)
[16112:13560:0207/203609.829:INFO:CONSOLE(1)] "console.groupEnd", source: https://s.update.aniview.com/2/1.20.3/main.js?o=1 (1)
[16112:13560:0207/203609.829:INFO:CONSOLE(1)] "console.groupEnd", source: https://s.update.aniview.com/2/1.20.3/main.js?o=1 (1)
[16112:13560:0207/203609.829:INFO:CONSOLE(1)] "console.groupEnd", source: https://s.update.aniview.com/2/1.20.3/main.js?o=1 (1)
[16112:13560:0207/203609.829:INFO:CONSOLE(1)] "console.groupEnd", source: https://s.update.aniview.com/2/1.20.3/main.js?o=1 (1)
[16112:13560:0207/203609.829:INFO:CONSOLE(1)] "console.groupEnd", source: https://s.update.aniview.com/2/1.20.3/main.js?o=1 (1)
[16112:13560:0207/203609.829:INFO:CONSOLE(1)] "console.groupEnd", source: https://s.update.aniview.com/2/1.20.3/main.js?o=1 (1)
[16112:13560:0207/203609.829:INFO:CONSOLE(1)] "console.groupEnd", source: https://s.update.aniview.com/2/1.20.3/main.js?o=1 (1)
[16112:13560:0207/203609.830:INFO:CONSOLE(1)] "console.groupEnd", source: https://s.update.aniview.com/2/1.20.3/main.js?o=1 (1)
[16112:13560:0207/203609.830:INFO:CONSOLE(1)] "console.groupEnd", source: https://s.update.aniview.com/2/1.20.3/main.js?o=1 (1)
[16112:13560:0207/203609.830:INFO:CONSOLE(1)] "console.groupEnd", source: https://s.update.aniview.com/2/1.20.3/main.js?o=1 (1)
[16112:13560:0207/203609.830:INFO:CONSOLE(1)] "console.groupEnd", source: https://s.update.aniview.com/2/1.20.3/main.js?o=1 (1)
[16112:13560:0207/203609.830:INFO:CONSOLE(1)] "console.groupEnd", source: https://s.update.aniview.com/2/1.20.3/main.js?o=1 (1)
[16112:13560:0207/203609.830:INFO:CONSOLE(1)] "console.groupEnd", source: https://s.update.aniview.com/2/1.20.3/main.js?o=1 (1)
[16112:13560:0207/203609.830:INFO:CONSOLE(1)] "console.groupEnd", source: https://s.update.aniview.com/2/1.20.3/main.js?o=1 (1)
[16112:13560:0207/203609.830:INFO:CONSOLE(1)] "console.groupEnd", source: https://s.update.aniview.com/2/1.20.3/main.js?o=1 (1)
[16112:13560:0207/203609.830:INFO:CONSOLE(1)] "console.groupEnd", source: https://s.update.aniview.com/2/1.20.3/main.js?o=1 (1)
[16112:13560:0207/203609.830:INFO:CONSOLE(1)] "console.groupEnd", source: https://s.update.aniview.com/2/1.20.3/main.js?o=1 (1)
[16112:13560:0207/203609.830:INFO:CONSOLE(1)] "console.groupEnd", source: https://s.update.aniview.com/2/1.20.3/main.js?o=1 (1)
[16112:13560:0207/203609.830:INFO:CONSOLE(1)] "console.groupEnd", source: https://s.update.aniview.com/2/1.20.3/main.js?o=1 (1)
[16112:13560:0207/203609.830:INFO:CONSOLE(1)] "console.groupEnd", source: https://s.update.aniview.com/2/1.20.3/main.js?o=1 (1)
[16112:13560:0207/203609.830:INFO:CONSOLE(1)] "console.groupEnd", source: https://s.update.aniview.com/2/1.20.3/main.js?o=1 (1)
[16112:13560:0207/203609.830:INFO:CONSOLE(1)] "console.groupEnd", source: https://s.update.aniview.com/2/1.20.3/main.js?o=1 (1)
[16112:13560:0207/203609.830:INFO:CONSOLE(1)] "console.groupEnd", source: https://s.update.aniview.com/2/1.20.3/main.js?o=1 (1)
[16112:13560:0207/203609.830:INFO:CONSOLE(1)] "console.groupEnd", source: https://s.update.aniview.com/2/1.20.3/main.js?o=1 (1)
[16112:13560:0207/203609.830:INFO:CONSOLE(1)] "console.groupEnd", source: https://s.update.aniview.com/2/1.20.3/main.js?o=1 (1)
[16112:13560:0207/203609.830:INFO:CONSOLE(1)] "console.groupEnd", source: https://s.update.aniview.com/2/1.20.3/main.js?o=1 (1)
[16112:13560:0207/203609.831:INFO:CONSOLE(1)] "console.groupEnd", source: https://s.update.aniview.com/2/1.20.3/main.js?o=1 (1)
[16112:13560:0207/203609.831:INFO:CONSOLE(1)] "console.groupEnd", source: https://s.update.aniview.com/2/1.20.3/main.js?o=1 (1)
[16112:13560:0207/203609.831:INFO:CONSOLE(1)] "console.groupEnd", source: https://s.update.aniview.com/2/1.20.3/main.js?o=1 (1)
[16112:13560:0207/203609.831:INFO:CONSOLE(1)] "console.groupEnd", source: https://s.update.aniview.com/2/1.20.3/main.js?o=1 (1)
[16112:13560:0207/203609.831:INFO:CONSOLE(1)] "console.groupEnd", source: https://s.update.aniview.com/2/1.20.3/main.js?o=1 (1)
[16112:13560:0207/203609.831:INFO:CONSOLE(1)] "console.groupEnd", source: https://s.update.aniview.com/2/1.20.3/main.js?o=1 (1)
[16112:13560:0207/203609.831:INFO:CONSOLE(1)] "console.groupEnd", source: https://s.update.aniview.com/2/1.20.3/main.js?o=1 (1)
[16112:13560:0207/203609.831:INFO:CONSOLE(1)] "console.groupEnd", source: https://s.update.aniview.com/2/1.20.3/main.js?o=1 (1)
[16112:13560:0207/203609.831:INFO:CONSOLE(1)] "console.groupEnd", source: https://s.update.aniview.com/2/1.20.3/main.js?o=1 (1)
[16112:13560:0207/203609.831:INFO:CONSOLE(1)] "console.groupEnd", source: https://s.update.aniview.com/2/1.20.3/main.js?o=1 (1)
[16112:13560:0207/203609.831:INFO:CONSOLE(1)] "console.groupEnd", source: https://s.update.aniview.com/2/1.20.3/main.js?o=1 (1)
[16112:13560:0207/203609.831:INFO:CONSOLE(1)] "console.groupEnd", source: https://s.update.aniview.com/2/1.20.3/main.js?o=1 (1)
[16112:13560:0207/203609.831:INFO:CONSOLE(1)] "console.groupEnd", source: https://s.update.aniview.com/2/1.20.3/main.js?o=1 (1)
[16112:13560:0207/203609.831:INFO:CONSOLE(1)] "console.groupEnd", source: https://s.update.aniview.com/2/1.20.3/main.js?o=1 (1)
[16112:13560:0207/203609.831:INFO:CONSOLE(1)] "console.groupEnd", source: https://s.update.aniview.com/2/1.20.3/main.js?o=1 (1)
[16112:13560:0207/203609.831:INFO:CONSOLE(1)] "console.groupEnd", source: https://s.update.aniview.com/2/1.20.3/main.js?o=1 (1)
[16112:13560:0207/203609.831:INFO:CONSOLE(1)] "console.groupEnd", source: https://s.update.aniview.com/2/1.20.3/main.js?o=1 (1)
[16112:13560:0207/203609.831:INFO:CONSOLE(1)] "console.groupEnd", source: https://s.update.aniview.com/2/1.20.3/main.js?o=1 (1)
[16112:13560:0207/203609.831:INFO:CONSOLE(1)] "console.groupEnd", source: https://s.update.aniview.com/2/1.20.3/main.js?o=1 (1)
[16112:13560:0207/203609.831:INFO:CONSOLE(1)] "console.groupEnd", source: https://s.update.aniview.com/2/1.20.3/main.js?o=1 (1)
[16112:13560:0207/203609.831:INFO:CONSOLE(1)] "console.groupEnd", source: https://s.update.aniview.com/2/1.20.3/main.js?o=1 (1)
[16112:13560:0207/203609.831:INFO:CONSOLE(1)] "console.groupEnd", source: https://s.update.aniview.com/2/1.20.3/main.js?o=1 (1)
[16112:13560:0207/203609.831:INFO:CONSOLE(1)] "console.groupEnd", source: https://s.update.aniview.com/2/1.20.3/main.js?o=1 (1)
[16112:13560:0207/203609.831:INFO:CONSOLE(1)] "console.groupEnd", source: https://s.update.aniview.com/2/1.20.3/main.js?o=1 (1)
[16112:13560:0207/203609.831:INFO:CONSOLE(1)] "console.groupEnd", source: https://s.update.aniview.com/2/1.20.3/main.js?o=1 (1)
[16112:13560:0207/203609.832:INFO:CONSOLE(1)] "console.groupEnd", source: https://s.update.aniview.com/2/1.20.3/main.js?o=1 (1)
[16112:13560:0207/203609.832:INFO:CONSOLE(1)] "console.groupEnd", source: https://s.update.aniview.com/2/1.20.3/main.js?o=1 (1)
[16112:13560:0207/203609.832:INFO:CONSOLE(1)] "console.groupEnd", source: https://s.update.aniview.com/2/1.20.3/main.js?o=1 (1)
[16112:13560:0207/203609.832:INFO:CONSOLE(1)] "console.groupEnd", source: https://s.update.aniview.com/2/1.20.3/main.js?o=1 (1)
[16112:13560:0207/203609.832:INFO:CONSOLE(1)] "console.groupEnd", source: https://s.update.aniview.com/2/1.20.3/main.js?o=1 (1)
[16112:13560:0207/203609.832:INFO:CONSOLE(1)] "console.groupEnd", source: https://s.update.aniview.com/2/1.20.3/main.js?o=1 (1)
[16112:13560:0207/203609.832:INFO:CONSOLE(1)] "console.groupEnd", source: https://s.update.aniview.com/2/1.20.3/main.js?o=1 (1)
[16112:13560:0207/203609.832:INFO:CONSOLE(1)] "console.groupEnd", source: https://s.update.aniview.com/2/1.20.3/main.js?o=1 (1)
[16112:13560:0207/203609.832:INFO:CONSOLE(1)] "console.groupEnd", source: https://s.update.aniview.com/2/1.20.3/main.js?o=1 (1)
[16112:13560:0207/203609.832:INFO:CONSOLE(1)] "console.groupEnd", source: https://s.update.aniview.com/2/1.20.3/main.js?o=1 (1)
[16112:13560:0207/203609.832:INFO:CONSOLE(1)] "console.groupEnd", source: https://s.update.aniview.com/2/1.20.3/main.js?o=1 (1)
[16112:13560:0207/203609.832:INFO:CONSOLE(1)] "console.groupEnd", source: https://s.update.aniview.com/2/1.20.3/main.js?o=1 (1)
[16112:13560:0207/203609.832:INFO:CONSOLE(1)] "console.groupEnd", source: https://s.update.aniview.com/2/1.20.3/main.js?o=1 (1)
[16112:13560:0207/203609.832:INFO:CONSOLE(1)] "console.groupEnd", source: https://s.update.aniview.com/2/1.20.3/main.js?o=1 (1)
[16112:13560:0207/203609.832:INFO:CONSOLE(1)] "console.groupEnd", source: https://s.update.aniview.com/2/1.20.3/main.js?o=1 (1)
[16112:13560:0207/203609.833:INFO:CONSOLE(1)] "console.groupEnd", source: https://s.update.aniview.com/2/1.20.3/main.js?o=1 (1)
[16112:13560:0207/203609.833:INFO:CONSOLE(1)] "console.groupEnd", source: https://s.update.aniview.com/2/1.20.3/main.js?o=1 (1)
[16112:13560:0207/203609.833:INFO:CONSOLE(1)] "console.groupEnd", source: https://s.update.aniview.com/2/1.20.3/main.js?o=1 (1)
[16112:13560:0207/203609.833:INFO:CONSOLE(1)] "console.groupEnd", source: https://s.update.aniview.com/2/1.20.3/main.js?o=1 (1)
[16112:13560:0207/203609.833:INFO:CONSOLE(1)] "console.groupEnd", source: https://s.update.aniview.com/2/1.20.3/main.js?o=1 (1)
[16112:13560:0207/203609.833:INFO:CONSOLE(1)] "console.groupEnd", source: https://s.update.aniview.com/2/1.20.3/main.js?o=1 (1)
[16112:13560:0207/203609.833:INFO:CONSOLE(1)] "console.groupEnd", source: https://s.update.aniview.com/2/1.20.3/main.js?o=1 (1)
[16112:13560:0207/203609.833:INFO:CONSOLE(1)] "console.groupEnd", source: https://s.update.aniview.com/2/1.20.3/main.js?o=1 (1)
[16112:13560:0207/203609.833:INFO:CONSOLE(1)] "console.groupEnd", source: https://s.update.aniview.com/2/1.20.3/main.js?o=1 (1)
[16112:13560:0207/203609.833:INFO:CONSOLE(1)] "console.groupEnd", source: https://s.update.aniview.com/2/1.20.3/main.js?o=1 (1)
[16112:13560:0207/203609.833:INFO:CONSOLE(1)] "console.groupEnd", source: https://s.update.aniview.com/2/1.20.3/main.js?o=1 (1)
[16112:13560:0207/203609.833:INFO:CONSOLE(1)] "console.groupEnd", source: https://s.update.aniview.com/2/1.20.3/main.js?o=1 (1)
[16112:13560:0207/203609.833:INFO:CONSOLE(1)] "console.groupEnd", source: https://s.update.aniview.com/2/1.20.3/main.js?o=1 (1)
[16112:13560:0207/203609.833:INFO:CONSOLE(1)] "console.groupEnd", source: https://s.update.aniview.com/2/1.20.3/main.js?o=1 (1)
[16112:13560:0207/203609.833:INFO:CONSOLE(1)] "console.groupEnd", source: https://s.update.aniview.com/2/1.20.3/main.js?o=1 (1)
[16112:13560:0207/203609.833:INFO:CONSOLE(1)] "console.groupEnd", source: https://s.update.aniview.com/2/1.20.3/main.js?o=1 (1)
[16112:13560:0207/203609.833:INFO:CONSOLE(1)] "console.groupEnd", source: https://s.update.aniview.com/2/1.20.3/main.js?o=1 (1)
[16112:13560:0207/203609.833:INFO:CONSOLE(1)] "console.groupEnd", source: https://s.update.aniview.com/2/1.20.3/main.js?o=1 (1)
[16112:13560:0207/203609.833:INFO:CONSOLE(1)] "console.groupEnd", source: https://s.update.aniview.com/2/1.20.3/main.js?o=1 (1)
[16112:13560:0207/203609.833:INFO:CONSOLE(1)] "console.groupEnd", source: https://s.update.aniview.com/2/1.20.3/main.js?o=1 (1)
[16112:13560:0207/203609.833:INFO:CONSOLE(1)] "console.groupEnd", source: https://s.update.aniview.com/2/1.20.3/main.js?o=1 (1)
[16112:13560:0207/203609.833:INFO:CONSOLE(1)] "console.groupEnd", source: https://s.update.aniview.com/2/1.20.3/main.js?o=1 (1)
[16112:13560:0207/203609.833:INFO:CONSOLE(1)] "console.groupEnd", source: https://s.update.aniview.com/2/1.20.3/main.js?o=1 (1)
[16112:13560:0207/203609.833:INFO:CONSOLE(1)] "console.groupEnd", source: https://s.update.aniview.com/2/1.20.3/main.js?o=1 (1)
[16112:13560:0207/203609.833:INFO:CONSOLE(1)] "console.groupEnd", source: https://s.update.aniview.com/2/1.20.3/main.js?o=1 (1)
[16112:13560:0207/203609.834:INFO:CONSOLE(1)] "console.groupEnd", source: https://s.update.aniview.com/2/1.20.3/main.js?o=1 (1)
[16112:13560:0207/203609.834:INFO:CONSOLE(1)] "console.groupEnd", source: https://s.update.aniview.com/2/1.20.3/main.js?o=1 (1)
[16112:13560:0207/203609.834:INFO:CONSOLE(1)] "console.groupEnd", source: https://s.update.aniview.com/2/1.20.3/main.js?o=1 (1)
[16112:13560:0207/203609.834:INFO:CONSOLE(1)] "console.groupEnd", source: https://s.update.aniview.com/2/1.20.3/main.js?o=1 (1)
[16112:13560:0207/203609.834:INFO:CONSOLE(1)] "console.groupEnd", source: https://s.update.aniview.com/2/1.20.3/main.js?o=1 (1)
[16112:13560:0207/203609.834:INFO:CONSOLE(1)] "console.groupEnd", source: https://s.update.aniview.com/2/1.20.3/main.js?o=1 (1)
[16112:13560:0207/203609.834:INFO:CONSOLE(1)] "console.groupEnd", source: https://s.update.aniview.com/2/1.20.3/main.js?o=1 (1)
[16112:13560:0207/203609.834:INFO:CONSOLE(1)] "console.groupEnd", source: https://s.update.aniview.com/2/1.20.3/main.js?o=1 (1)
[16112:13560:0207/203609.834:INFO:CONSOLE(1)] "console.groupEnd", source: https://s.update.aniview.com/2/1.20.3/main.js?o=1 (1)
[16112:13560:0207/203609.834:INFO:CONSOLE(1)] "console.groupEnd", source: https://s.update.aniview.com/2/1.20.3/main.js?o=1 (1)
[16112:13560:0207/203609.834:INFO:CONSOLE(1)] "console.groupEnd", source: https://s.update.aniview.com/2/1.20.3/main.js?o=1 (1)
[16112:13560:0207/203609.834:INFO:CONSOLE(1)] "console.groupEnd", source: https://s.update.aniview.com/2/1.20.3/main.js?o=1 (1)
[16112:13560:0207/203609.834:INFO:CONSOLE(1)] "console.groupEnd", source: https://s.update.aniview.com/2/1.20.3/main.js?o=1 (1)
[16112:13560:0207/203609.834:INFO:CONSOLE(1)] "console.groupEnd", source: https://s.update.aniview.com/2/1.20.3/main.js?o=1 (1)
[16112:13560:0207/203609.835:INFO:CONSOLE(1)] "console.groupEnd", source: https://s.update.aniview.com/2/1.20.3/main.js?o=1 (1)
[16112:13560:0207/203609.835:INFO:CONSOLE(1)] "console.groupEnd", source: https://s.update.aniview.com/2/1.20.3/main.js?o=1 (1)
[16112:13560:0207/203609.835:INFO:CONSOLE(1)] "console.groupEnd", source: https://s.update.aniview.com/2/1.20.3/main.js?o=1 (1)
[16112:13560:0207/203609.835:INFO:CONSOLE(1)] "console.groupEnd", source: https://s.update.aniview.com/2/1.20.3/main.js?o=1 (1)
[16112:13560:0207/203609.835:INFO:CONSOLE(1)] "console.groupEnd", source: https://s.update.aniview.com/2/1.20.3/main.js?o=1 (1)
[16112:13560:0207/203609.835:INFO:CONSOLE(1)] "console.groupEnd", source: https://s.update.aniview.com/2/1.20.3/main.js?o=1 (1)
[16112:13560:0207/203609.835:INFO:CONSOLE(1)] "console.groupEnd", source: https://s.update.aniview.com/2/1.20.3/main.js?o=1 (1)
[16112:13560:0207/203609.835:INFO:CONSOLE(1)] "console.groupEnd", source: https://s.update.aniview.com/2/1.20.3/main.js?o=1 (1)
[16112:13560:0207/203609.835:INFO:CONSOLE(1)] "console.groupEnd", source: https://s.update.aniview.com/2/1.20.3/main.js?o=1 (1)
[16112:13560:0207/203609.835:INFO:CONSOLE(1)] "console.groupEnd", source: https://s.update.aniview.com/2/1.20.3/main.js?o=1 (1)
[16112:13560:0207/203609.835:INFO:CONSOLE(1)] "console.groupEnd", source: https://s.update.aniview.com/2/1.20.3/main.js?o=1 (1)
[16112:13560:0207/203609.835:INFO:CONSOLE(1)] "console.groupEnd", source: https://s.update.aniview.com/2/1.20.3/main.js?o=1 (1)
[16112:13560:0207/203609.835:INFO:CONSOLE(1)] "console.groupEnd", source: https://s.update.aniview.com/2/1.20.3/main.js?o=1 (1)
[16112:13560:0207/203609.835:INFO:CONSOLE(1)] "console.groupEnd", source: https://s.update.aniview.com/2/1.20.3/main.js?o=1 (1)
[16112:13560:0207/203609.835:INFO:CONSOLE(1)] "console.groupEnd", source: https://s.update.aniview.com/2/1.20.3/main.js?o=1 (1)
[16112:13560:0207/203609.835:INFO:CONSOLE(1)] "console.groupEnd", source: https://s.update.aniview.com/2/1.20.3/main.js?o=1 (1)
[16112:13560:0207/203609.835:INFO:CONSOLE(1)] "console.groupEnd", source: https://s.update.aniview.com/2/1.20.3/main.js?o=1 (1)
[16112:13560:0207/203609.835:INFO:CONSOLE(1)] "console.groupEnd", source: https://s.update.aniview.com/2/1.20.3/main.js?o=1 (1)
[16112:13560:0207/203609.835:INFO:CONSOLE(1)] "console.groupEnd", source: https://s.update.aniview.com/2/1.20.3/main.js?o=1 (1)
[16112:13560:0207/203609.835:INFO:CONSOLE(1)] "console.groupEnd", source: https://s.update.aniview.com/2/1.20.3/main.js?o=1 (1)
[16112:13560:0207/203609.835:INFO:CONSOLE(1)] "console.groupEnd", source: https://s.update.aniview.com/2/1.20.3/main.js?o=1 (1)
[16112:13560:0207/203609.835:INFO:CONSOLE(1)] "console.groupEnd", source: https://s.update.aniview.com/2/1.20.3/main.js?o=1 (1)
[16112:13560:0207/203609.835:INFO:CONSOLE(1)] "console.groupEnd", source: https://s.update.aniview.com/2/1.20.3/main.js?o=1 (1)
[16112:13560:0207/203609.836:INFO:CONSOLE(1)] "console.groupEnd", source: https://s.update.aniview.com/2/1.20.3/main.js?o=1 (1)
[16112:13560:0207/203609.836:INFO:CONSOLE(1)] "console.groupEnd", source: https://s.update.aniview.com/2/1.20.3/main.js?o=1 (1)
[16112:13560:0207/203609.836:INFO:CONSOLE(1)] "console.groupEnd", source: https://s.update.aniview.com/2/1.20.3/main.js?o=1 (1)
[16112:13560:0207/203609.836:INFO:CONSOLE(1)] "console.groupEnd", source: https://s.update.aniview.com/2/1.20.3/main.js?o=1 (1)
[16112:13560:0207/203609.836:INFO:CONSOLE(1)] "console.groupEnd", source: https://s.update.aniview.com/2/1.20.3/main.js?o=1 (1)
[16112:13560:0207/203609.836:INFO:CONSOLE(1)] "console.groupEnd", source: https://s.update.aniview.com/2/1.20.3/main.js?o=1 (1)
[16112:13560:0207/203609.836:INFO:CONSOLE(1)] "console.groupEnd", source: https://s.update.aniview.com/2/1.20.3/main.js?o=1 (1)
[16112:13560:0207/203609.836:INFO:CONSOLE(1)] "console.groupEnd", source: https://s.update.aniview.com/2/1.20.3/main.js?o=1 (1)
[16112:13560:0207/203609.836:INFO:CONSOLE(1)] "console.groupEnd", source: https://s.update.aniview.com/2/1.20.3/main.js?o=1 (1)
[16112:13560:0207/203609.836:INFO:CONSOLE(1)] "console.groupEnd", source: https://s.update.aniview.com/2/1.20.3/main.js?o=1 (1)
[16112:13560:0207/203609.836:INFO:CONSOLE(1)] "console.groupEnd", source: https://s.update.aniview.com/2/1.20.3/main.js?o=1 (1)
[16112:13560:0207/203609.836:INFO:CONSOLE(1)] "console.groupEnd", source: https://s.update.aniview.com/2/1.20.3/main.js?o=1 (1)
[16112:13560:0207/203609.836:INFO:CONSOLE(1)] "console.groupEnd", source: https://s.update.aniview.com/2/1.20.3/main.js?o=1 (1)
[16112:13560:0207/203609.836:INFO:CONSOLE(1)] "console.groupEnd", source: https://s.update.aniview.com/2/1.20.3/main.js?o=1 (1)
[16112:13560:0207/203609.836:INFO:CONSOLE(1)] "console.groupEnd", source: https://s.update.aniview.com/2/1.20.3/main.js?o=1 (1)
[16112:13560:0207/203609.836:INFO:CONSOLE(1)] "console.groupEnd", source: https://s.update.aniview.com/2/1.20.3/main.js?o=1 (1)
[16112:13560:0207/203621.715:INFO:CONSOLE(1)] "Uncaught (in promise) TypeError: The element or ID supplied is not valid. (videojs)", source: https://playnano.online/assets/external/videojs.min-1ebeed346d02236b161e0140429ab4b7ce027f786ba49ea4cb6fa9ebb2736793.js (1)
[16112:13560:0207/203623.222:INFO:CONSOLE(1)] "'window.webkitStorageInfo' is deprecated. Please use 'navigator.webkitTemporaryStorage' or 'navigator.webkitPersistentStorage' instead.", source: https://static.lalaping.com/online.js?ver=2.0.0 (1)
[16112:13560:0207/203624.239:INFO:CONSOLE(69)] "Uncaught ReferenceError: _qevents is not defined", source: https://bdv.bidvertiser.com/BidVertiser.dbm?pid=883108&bid=2049660&RD=56895316806784&DIF=1&bd_ref_v=playnano.online&tref=1&win_name=null&docref=https%3A%2F%2Fplaynano.online%2Fwatch-an&jsrand=56895316806784&js1loc=-&loctitle=learn%20nano%20free (69)
[16112:13560:0207/203707.890:INFO:CONSOLE(4)] "VIDEOJS: WARN: Player "vjs-video-js" is already initialised. Options will not be applied.", source: https://playnano.online/assets/external/videojs.min-1ebeed346d02236b161e0140429ab4b7ce027f786ba49ea4cb6fa9ebb2736793.js (4)
[16112:13560:0207/203712.657:INFO:CONSOLE(61)] "20:37:12,657 com.stickyadstv.utils.Browser GDPR 2.0 - TCFAPI function cannot be found. _fw_gdpr: null, _fw_gdpr_consent: null", source: https://cdn.stickyadstv.com/mustang/vpaid-adapter.min.js (61)
[16112:13560:0207/203712.894:INFO:CONSOLE(4)] "VIDEOJS: ERROR: videojs-contrib-ads has not seen a loadstart event 5 seconds after being initialized, but a source is present. This indicates that videojs-contrib-ads was initialized too late. It must be initialized immediately after video.js in the same tick. As a result, some ads will not play and some media events will be incorrect. For more information, see https://github.com/videojs/videojs-contrib-ads#important-note-about-initialization", source: https://playnano.online/assets/external/videojs.min-1ebeed346d02236b161e0140429ab4b7ce027f786ba49ea4cb6fa9ebb2736793.js (4)
[16112:13560:0207/203718.611:INFO:CONSOLE(1)] "console.groupEnd", source: https://s.update.aniview.com/2/1.20.3/main.js?o=1 (1)
[16112:13560:0207/203718.611:INFO:CONSOLE(1)] "console.groupEnd", source: https://s.update.aniview.com/2/1.20.3/main.js?o=1 (1)
[16112:13560:0207/203718.611:INFO:CONSOLE(1)] "console.groupEnd", source: https://s.update.aniview.com/2/1.20.3/main.js?o=1 (1)
[16112:13560:0207/203718.611:INFO:CONSOLE(1)] "console.groupEnd", source: https://s.update.aniview.com/2/1.20.3/main.js?o=1 (1)
[16112:13560:0207/203718.611:INFO:CONSOLE(1)] "console.groupEnd", source: https://s.update.aniview.com/2/1.20.3/main.js?o=1 (1)
[16112:13560:0207/203718.611:INFO:CONSOLE(1)] "console.groupEnd", source: https://s.update.aniview.com/2/1.20.3/main.js?o=1 (1)
[16112:13560:0207/203718.611:INFO:CONSOLE(1)] "console.groupEnd", source: https://s.update.aniview.com/2/1.20.3/main.js?o=1 (1)
[16112:13560:0207/203718.611:INFO:CONSOLE(1)] "console.groupEnd", source: https://s.update.aniview.com/2/1.20.3/main.js?o=1 (1)
[16112:13560:0207/203718.611:INFO:CONSOLE(1)] "console.groupEnd", source: https://s.update.aniview.com/2/1.20.3/main.js?o=1 (1)
[16112:13560:0207/203718.611:INFO:CONSOLE(1)] "console.groupEnd", source: https://s.update.aniview.com/2/1.20.3/main.js?o=1 (1)
[16112:13560:0207/203718.611:INFO:CONSOLE(1)] "console.groupEnd", source: https://s.update.aniview.com/2/1.20.3/main.js?o=1 (1)
[16112:13560:0207/203718.611:INFO:CONSOLE(1)] "console.groupEnd", source: https://s.update.aniview.com/2/1.20.3/main.js?o=1 (1)
[16112:13560:0207/203718.611:INFO:CONSOLE(1)] "console.groupEnd", source: https://s.update.aniview.com/2/1.20.3/main.js?o=1 (1)
[16112:13560:0207/203718.611:INFO:CONSOLE(1)] "console.groupEnd", source: https://s.update.aniview.com/2/1.20.3/main.js?o=1 (1)
[16112:13560:0207/203718.611:INFO:CONSOLE(1)] "console.groupEnd", source: https://s.update.aniview.com/2/1.20.3/main.js?o=1 (1)
[16112:13560:0207/203718.611:INFO:CONSOLE(1)] "console.groupEnd", source: https://s.update.aniview.com/2/1.20.3/main.js?o=1 (1)
[16112:13560:0207/203718.611:INFO:CONSOLE(1)] "console.groupEnd", source: https://s.update.aniview.com/2/1.20.3/main.js?o=1 (1)
[16112:13560:0207/203718.611:INFO:CONSOLE(1)] "console.groupEnd", source: https://s.update.aniview.com/2/1.20.3/main.js?o=1 (1)
[16112:13560:0207/203718.611:INFO:CONSOLE(1)] "console.groupEnd", source: https://s.update.aniview.com/2/1.20.3/main.js?o=1 (1)
[16112:13560:0207/203718.611:INFO:CONSOLE(1)] "console.groupEnd", source: https://s.update.aniview.com/2/1.20.3/main.js?o=1 (1)
[16112:13560:0207/203718.612:INFO:CONSOLE(1)] "console.groupEnd", source: https://s.update.aniview.com/2/1.20.3/main.js?o=1 (1)
[16112:13560:0207/203718.612:INFO:CONSOLE(1)] "console.groupEnd", source: https://s.update.aniview.com/2/1.20.3/main.js?o=1 (1)
[16112:13560:0207/203718.612:INFO:CONSOLE(1)] "console.groupEnd", source: https://s.update.aniview.com/2/1.20.3/main.js?o=1 (1)
[16112:13560:0207/203718.612:INFO:CONSOLE(1)] "console.groupEnd", source: https://s.update.aniview.com/2/1.20.3/main.js?o=1 (1)
[16112:13560:0207/203718.612:INFO:CONSOLE(1)] "console.groupEnd", source: https://s.update.aniview.com/2/1.20.3/main.js?o=1 (1)
[16112:13560:0207/203718.612:INFO:CONSOLE(1)] "console.groupEnd", source: https://s.update.aniview.com/2/1.20.3/main.js?o=1 (1)
[16112:13560:0207/203718.612:INFO:CONSOLE(1)] "console.groupEnd", source: https://s.update.aniview.com/2/1.20.3/main.js?o=1 (1)
[16112:13560:0207/203718.612:INFO:CONSOLE(1)] "console.groupEnd", source: https://s.update.aniview.com/2/1.20.3/main.js?o=1 (1)
[16112:13560:0207/203718.612:INFO:CONSOLE(1)] "console.groupEnd", source: https://s.update.aniview.com/2/1.20.3/main.js?o=1 (1)
[16112:13560:0207/203718.612:INFO:CONSOLE(1)] "console.groupEnd", source: https://s.update.aniview.com/2/1.20.3/main.js?o=1 (1)
[16112:13560:0207/203718.612:INFO:CONSOLE(1)] "console.groupEnd", source: https://s.update.aniview.com/2/1.20.3/main.js?o=1 (1)
[16112:13560:0207/203718.612:INFO:CONSOLE(1)] "console.groupEnd", source: https://s.update.aniview.com/2/1.20.3/main.js?o=1 (1)
[16112:13560:0207/203718.613:INFO:CONSOLE(1)] "console.groupEnd", source: https://s.update.aniview.com/2/1.20.3/main.js?o=1 (1)
[16112:13560:0207/203718.613:INFO:CONSOLE(1)] "console.groupEnd", source: https://s.update.aniview.com/2/1.20.3/main.js?o=1 (1)
[16112:13560:0207/203718.613:INFO:CONSOLE(1)] "console.groupEnd", source: https://s.update.aniview.com/2/1.20.3/main.js?o=1 (1)
[16112:13560:0207/203718.613:INFO:CONSOLE(1)] "console.groupEnd", source: https://s.update.aniview.com/2/1.20.3/main.js?o=1 (1)
[16112:13560:0207/203718.613:INFO:CONSOLE(1)] "console.groupEnd", source: https://s.update.aniview.com/2/1.20.3/main.js?o=1 (1)
[16112:13560:0207/203718.613:INFO:CONSOLE(1)] "console.groupEnd", source: https://s.update.aniview.com/2/1.20.3/main.js?o=1 (1)
[16112:13560:0207/203718.613:INFO:CONSOLE(1)] "console.groupEnd", source: https://s.update.aniview.com/2/1.20.3/main.js?o=1 (1)
[16112:13560:0207/203718.613:INFO:CONSOLE(1)] "console.groupEnd", source: https://s.update.aniview.com/2/1.20.3/main.js?o=1 (1)
[16112:13560:0207/203718.613:INFO:CONSOLE(1)] "console.groupEnd", source: https://s.update.aniview.com/2/1.20.3/main.js?o=1 (1)
[16112:13560:0207/203718.613:INFO:CONSOLE(1)] "console.groupEnd", source: https://s.update.aniview.com/2/1.20.3/main.js?o=1 (1)
[16112:13560:0207/203718.613:INFO:CONSOLE(1)] "console.groupEnd", source: https://s.update.aniview.com/2/1.20.3/main.js?o=1 (1)
[16112:13560:0207/203718.613:INFO:CONSOLE(1)] "console.groupEnd", source: https://s.update.aniview.com/2/1.20.3/main.js?o=1 (1)
[16112:13560:0207/203718.613:INFO:CONSOLE(1)] "console.groupEnd", source: https://s.update.aniview.com/2/1.20.3/main.js?o=1 (1)
[16112:13560:0207/203718.613:INFO:CONSOLE(1)] "console.groupEnd", source: https://s.update.aniview.com/2/1.20.3/main.js?o=1 (1)
[16112:13560:0207/203718.613:INFO:CONSOLE(1)] "console.groupEnd", source: https://s.update.aniview.com/2/1.20.3/main.js?o=1 (1)
[16112:13560:0207/203718.613:INFO:CONSOLE(1)] "console.groupEnd", source: https://s.update.aniview.com/2/1.20.3/main.js?o=1 (1)
[16112:13560:0207/203718.613:INFO:CONSOLE(1)] "console.groupEnd", source: https://s.update.aniview.com/2/1.20.3/main.js?o=1 (1)
[16112:13560:0207/203718.613:INFO:CONSOLE(1)] "console.groupEnd", source: https://s.update.aniview.com/2/1.20.3/main.js?o=1 (1)
[16112:13560:0207/203718.613:INFO:CONSOLE(1)] "console.groupEnd", source: https://s.update.aniview.com/2/1.20.3/main.js?o=1 (1)
[16112:13560:0207/203718.613:INFO:CONSOLE(1)] "console.groupEnd", source: https://s.update.aniview.com/2/1.20.3/main.js?o=1 (1)
[16112:13560:0207/203718.613:INFO:CONSOLE(1)] "console.groupEnd", source: https://s.update.aniview.com/2/1.20.3/main.js?o=1 (1)
[16112:13560:0207/203718.613:INFO:CONSOLE(1)] "console.groupEnd", source: https://s.update.aniview.com/2/1.20.3/main.js?o=1 (1)
[16112:13560:0207/203718.613:INFO:CONSOLE(1)] "console.groupEnd", source: https://s.update.aniview.com/2/1.20.3/main.js?o=1 (1)
[16112:13560:0207/203718.613:INFO:CONSOLE(1)] "console.groupEnd", source: https://s.update.aniview.com/2/1.20.3/main.js?o=1 (1)
[16112:13560:0207/203718.614:INFO:CONSOLE(1)] "console.groupEnd", source: https://s.update.aniview.com/2/1.20.3/main.js?o=1 (1)
[16112:13560:0207/203718.614:INFO:CONSOLE(1)] "console.groupEnd", source: https://s.update.aniview.com/2/1.20.3/main.js?o=1 (1)
[16112:13560:0207/203718.614:INFO:CONSOLE(1)] "console.groupEnd", source: https://s.update.aniview.com/2/1.20.3/main.js?o=1 (1)
[16112:13560:0207/203718.614:INFO:CONSOLE(1)] "console.groupEnd", source: https://s.update.aniview.com/2/1.20.3/main.js?o=1 (1)
[16112:13560:0207/203718.614:INFO:CONSOLE(1)] "console.groupEnd", source: https://s.update.aniview.com/2/1.20.3/main.js?o=1 (1)
[16112:13560:0207/203718.614:INFO:CONSOLE(1)] "console.groupEnd", source: https://s.update.aniview.com/2/1.20.3/main.js?o=1 (1)
[16112:13560:0207/203718.614:INFO:CONSOLE(1)] "console.groupEnd", source: https://s.update.aniview.com/2/1.20.3/main.js?o=1 (1)
[16112:13560:0207/203718.614:INFO:CONSOLE(1)] "console.groupEnd", source: https://s.update.aniview.com/2/1.20.3/main.js?o=1 (1)
[16112:13560:0207/203718.614:INFO:CONSOLE(1)] "console.groupEnd", source: https://s.update.aniview.com/2/1.20.3/main.js?o=1 (1)
[16112:13560:0207/203718.614:INFO:CONSOLE(1)] "console.groupEnd", source: https://s.update.aniview.com/2/1.20.3/main.js?o=1 (1)
[16112:13560:0207/203718.614:INFO:CONSOLE(1)] "console.groupEnd", source: https://s.update.aniview.com/2/1.20.3/main.js?o=1 (1)
[16112:13560:0207/203718.614:INFO:CONSOLE(1)] "console.groupEnd", source: https://s.update.aniview.com/2/1.20.3/main.js?o=1 (1)
[16112:13560:0207/203718.614:INFO:CONSOLE(1)] "console.groupEnd", source: https://s.update.aniview.com/2/1.20.3/main.js?o=1 (1)
[16112:13560:0207/203718.615:INFO:CONSOLE(1)] "console.groupEnd", source: https://s.update.aniview.com/2/1.20.3/main.js?o=1 (1)
[16112:13560:0207/203718.615:INFO:CONSOLE(1)] "console.groupEnd", source: https://s.update.aniview.com/2/1.20.3/main.js?o=1 (1)
[16112:13560:0207/203718.615:INFO:CONSOLE(1)] "console.groupEnd", source: https://s.update.aniview.com/2/1.20.3/main.js?o=1 (1)
[16112:13560:0207/203718.615:INFO:CONSOLE(1)] "console.groupEnd", source: https://s.update.aniview.com/2/1.20.3/main.js?o=1 (1)
[16112:13560:0207/203718.615:INFO:CONSOLE(1)] "console.groupEnd", source: https://s.update.aniview.com/2/1.20.3/main.js?o=1 (1)
[16112:13560:0207/203718.615:INFO:CONSOLE(1)] "console.groupEnd", source: https://s.update.aniview.com/2/1.20.3/main.js?o=1 (1)
[16112:13560:0207/203718.615:INFO:CONSOLE(1)] "console.groupEnd", source: https://s.update.aniview.com/2/1.20.3/main.js?o=1 (1)
[16112:13560:0207/203718.615:INFO:CONSOLE(1)] "console.groupEnd", source: https://s.update.aniview.com/2/1.20.3/main.js?o=1 (1)
[16112:13560:0207/203718.615:INFO:CONSOLE(1)] "console.groupEnd", source: https://s.update.aniview.com/2/1.20.3/main.js?o=1 (1)
[16112:13560:0207/203718.615:INFO:CONSOLE(1)] "console.groupEnd", source: https://s.update.aniview.com/2/1.20.3/main.js?o=1 (1)
[16112:13560:0207/203718.615:INFO:CONSOLE(1)] "console.groupEnd", source: https://s.update.aniview.com/2/1.20.3/main.js?o=1 (1)
[16112:13560:0207/203718.615:INFO:CONSOLE(1)] "console.groupEnd", source: https://s.update.aniview.com/2/1.20.3/main.js?o=1 (1)
[16112:13560:0207/203718.615:INFO:CONSOLE(1)] "console.groupEnd", source: https://s.update.aniview.com/2/1.20.3/main.js?o=1 (1)
[16112:13560:0207/203718.615:INFO:CONSOLE(1)] "console.groupEnd", source: https://s.update.aniview.com/2/1.20.3/main.js?o=1 (1)
[16112:13560:0207/203718.615:INFO:CONSOLE(1)] "console.groupEnd", source: https://s.update.aniview.com/2/1.20.3/main.js?o=1 (1)
[16112:13560:0207/203718.615:INFO:CONSOLE(1)] "console.groupEnd", source: https://s.update.aniview.com/2/1.20.3/main.js?o=1 (1)
[16112:13560:0207/203718.615:INFO:CONSOLE(1)] "console.groupEnd", source: https://s.update.aniview.com/2/1.20.3/main.js?o=1 (1)
[16112:13560:0207/203718.615:INFO:CONSOLE(1)] "console.groupEnd", source: https://s.update.aniview.com/2/1.20.3/main.js?o=1 (1)
[16112:13560:0207/203718.615:INFO:CONSOLE(1)] "console.groupEnd", source: https://s.update.aniview.com/2/1.20.3/main.js?o=1 (1)
[16112:13560:0207/203718.615:INFO:CONSOLE(1)] "console.groupEnd", source: https://s.update.aniview.com/2/1.20.3/main.js?o=1 (1)
[16112:13560:0207/203718.615:INFO:CONSOLE(1)] "console.groupEnd", source: https://s.update.aniview.com/2/1.20.3/main.js?o=1 (1)
[16112:13560:0207/203718.615:INFO:CONSOLE(1)] "console.groupEnd", source: https://s.update.aniview.com/2/1.20.3/main.js?o=1 (1)
[16112:13560:0207/203718.615:INFO:CONSOLE(1)] "console.groupEnd", source: https://s.update.aniview.com/2/1.20.3/main.js?o=1 (1)
[16112:13560:0207/203718.615:INFO:CONSOLE(1)] "console.groupEnd", source: https://s.update.aniview.com/2/1.20.3/main.js?o=1 (1)
[16112:13560:0207/203718.615:INFO:CONSOLE(1)] "console.groupEnd", source: https://s.update.aniview.com/2/1.20.3/main.js?o=1 (1)
[16112:13560:0207/203718.615:INFO:CONSOLE(1)] "console.groupEnd", source: https://s.update.aniview.com/2/1.20.3/main.js?o=1 (1)
[16112:13560:0207/203718.615:INFO:CONSOLE(1)] "console.groupEnd", source: https://s.update.aniview.com/2/1.20.3/main.js?o=1 (1)
[16112:13560:0207/203718.615:INFO:CONSOLE(1)] "console.groupEnd", source: https://s.update.aniview.com/2/1.20.3/main.js?o=1 (1)
[16112:13560:0207/203718.615:INFO:CONSOLE(1)] "console.groupEnd", source: https://s.update.aniview.com/2/1.20.3/main.js?o=1 (1)
[16112:13560:0207/203718.616:INFO:CONSOLE(1)] "console.groupEnd", source: https://s.update.aniview.com/2/1.20.3/main.js?o=1 (1)
[16112:13560:0207/203718.616:INFO:CONSOLE(1)] "console.groupEnd", source: https://s.update.aniview.com/2/1.20.3/main.js?o=1 (1)
[16112:13560:0207/203718.616:INFO:CONSOLE(1)] "console.groupEnd", source: https://s.update.aniview.com/2/1.20.3/main.js?o=1 (1)
[16112:13560:0207/203718.616:INFO:CONSOLE(1)] "console.groupEnd", source: https://s.update.aniview.com/2/1.20.3/main.js?o=1 (1)
[16112:13560:0207/203718.616:INFO:CONSOLE(1)] "console.groupEnd", source: https://s.update.aniview.com/2/1.20.3/main.js?o=1 (1)
[16112:13560:0207/203718.616:INFO:CONSOLE(1)] "console.groupEnd", source: https://s.update.aniview.com/2/1.20.3/main.js?o=1 (1)
[16112:13560:0207/203718.616:INFO:CONSOLE(1)] "console.groupEnd", source: https://s.update.aniview.com/2/1.20.3/main.js?o=1 (1)
[16112:13560:0207/203718.616:INFO:CONSOLE(1)] "console.groupEnd", source: https://s.update.aniview.com/2/1.20.3/main.js?o=1 (1)
[16112:13560:0207/203718.616:INFO:CONSOLE(1)] "console.groupEnd", source: https://s.update.aniview.com/2/1.20.3/main.js?o=1 (1)
[16112:13560:0207/203718.616:INFO:CONSOLE(1)] "console.groupEnd", source: https://s.update.aniview.com/2/1.20.3/main.js?o=1 (1)
[16112:13560:0207/203718.616:INFO:CONSOLE(1)] "console.groupEnd", source: https://s.update.aniview.com/2/1.20.3/main.js?o=1 (1)
[16112:13560:0207/203718.616:INFO:CONSOLE(1)] "console.groupEnd", source: https://s.update.aniview.com/2/1.20.3/main.js?o=1 (1)
[16112:13560:0207/203718.617:INFO:CONSOLE(1)] "console.groupEnd", source: https://s.update.aniview.com/2/1.20.3/main.js?o=1 (1)
[16112:13560:0207/203718.617:INFO:CONSOLE(1)] "console.groupEnd", source: https://s.update.aniview.com/2/1.20.3/main.js?o=1 (1)
[16112:13560:0207/203718.617:INFO:CONSOLE(1)] "console.groupEnd", source: https://s.update.aniview.com/2/1.20.3/main.js?o=1 (1)
[16112:13560:0207/203718.617:INFO:CONSOLE(1)] "console.groupEnd", source: https://s.update.aniview.com/2/1.20.3/main.js?o=1 (1)
[16112:13560:0207/203718.617:INFO:CONSOLE(1)] "console.groupEnd", source: https://s.update.aniview.com/2/1.20.3/main.js?o=1 (1)
[16112:13560:0207/203718.617:INFO:CONSOLE(1)] "console.groupEnd", source: https://s.update.aniview.com/2/1.20.3/main.js?o=1 (1)
[16112:13560:0207/203718.617:INFO:CONSOLE(1)] "console.groupEnd", source: https://s.update.aniview.com/2/1.20.3/main.js?o=1 (1)
[16112:13560:0207/203718.617:INFO:CONSOLE(1)] "console.groupEnd", source: https://s.update.aniview.com/2/1.20.3/main.js?o=1 (1)
[16112:13560:0207/203718.617:INFO:CONSOLE(1)] "console.groupEnd", source: https://s.update.aniview.com/2/1.20.3/main.js?o=1 (1)
[16112:13560:0207/203718.617:INFO:CONSOLE(1)] "console.groupEnd", source: https://s.update.aniview.com/2/1.20.3/main.js?o=1 (1)
[16112:13560:0207/203718.617:INFO:CONSOLE(1)] "console.groupEnd", source: https://s.update.aniview.com/2/1.20.3/main.js?o=1 (1)
[16112:13560:0207/203718.617:INFO:CONSOLE(1)] "console.groupEnd", source: https://s.update.aniview.com/2/1.20.3/main.js?o=1 (1)
[16112:13560:0207/203718.617:INFO:CONSOLE(1)] "console.groupEnd", source: https://s.update.aniview.com/2/1.20.3/main.js?o=1 (1)
[16112:13560:0207/203718.617:INFO:CONSOLE(1)] "console.groupEnd", source: https://s.update.aniview.com/2/1.20.3/main.js?o=1 (1)
[16112:13560:0207/203718.617:INFO:CONSOLE(1)] "console.groupEnd", source: https://s.update.aniview.com/2/1.20.3/main.js?o=1 (1)
[16112:13560:0207/203718.617:INFO:CONSOLE(1)] "console.groupEnd", source: https://s.update.aniview.com/2/1.20.3/main.js?o=1 (1)
[16112:13560:0207/203718.617:INFO:CONSOLE(1)] "console.groupEnd", source: https://s.update.aniview.com/2/1.20.3/main.js?o=1 (1)
[16112:13560:0207/203718.617:INFO:CONSOLE(1)] "console.groupEnd", source: https://s.update.aniview.com/2/1.20.3/main.js?o=1 (1)
[16112:13560:0207/203718.617:INFO:CONSOLE(1)] "console.groupEnd", source: https://s.update.aniview.com/2/1.20.3/main.js?o=1 (1)
[16112:13560:0207/203718.617:INFO:CONSOLE(1)] "console.groupEnd", source: https://s.update.aniview.com/2/1.20.3/main.js?o=1 (1)
[16112:13560:0207/203718.617:INFO:CONSOLE(1)] "console.groupEnd", source: https://s.update.aniview.com/2/1.20.3/main.js?o=1 (1)
[16112:13560:0207/203718.617:INFO:CONSOLE(1)] "console.groupEnd", source: https://s.update.aniview.com/2/1.20.3/main.js?o=1 (1)
[16112:13560:0207/203718.617:INFO:CONSOLE(1)] "console.groupEnd", source: https://s.update.aniview.com/2/1.20.3/main.js?o=1 (1)
[16112:13560:0207/203718.617:INFO:CONSOLE(1)] "console.groupEnd", source: https://s.update.aniview.com/2/1.20.3/main.js?o=1 (1)
[16112:13560:0207/203718.617:INFO:CONSOLE(1)] "console.groupEnd", source: https://s.update.aniview.com/2/1.20.3/main.js?o=1 (1)
[16112:13560:0207/203718.617:INFO:CONSOLE(1)] "console.groupEnd", source: https://s.update.aniview.com/2/1.20.3/main.js?o=1 (1)
[16112:13560:0207/203718.617:INFO:CONSOLE(1)] "console.groupEnd", source: https://s.update.aniview.com/2/1.20.3/main.js?o=1 (1)
[16112:13560:0207/203718.617:INFO:CONSOLE(1)] "console.groupEnd", source: https://s.update.aniview.com/2/1.20.3/main.js?o=1 (1)
[16112:13560:0207/203718.617:INFO:CONSOLE(1)] "console.groupEnd", source: https://s.update.aniview.com/2/1.20.3/main.js?o=1 (1)
[16112:13560:0207/203718.617:INFO:CONSOLE(1)] "console.groupEnd", source: https://s.update.aniview.com/2/1.20.3/main.js?o=1 (1)
[16112:13560:0207/203718.618:INFO:CONSOLE(1)] "console.groupEnd", source: https://s.update.aniview.com/2/1.20.3/main.js?o=1 (1)
[16112:13560:0207/203718.618:INFO:CONSOLE(1)] "console.groupEnd", source: https://s.update.aniview.com/2/1.20.3/main.js?o=1 (1)
[16112:13560:0207/203718.618:INFO:CONSOLE(1)] "console.groupEnd", source: https://s.update.aniview.com/2/1.20.3/main.js?o=1 (1)
[16112:13560:0207/203718.618:INFO:CONSOLE(1)] "console.groupEnd", source: https://s.update.aniview.com/2/1.20.3/main.js?o=1 (1)
[16112:13560:0207/203718.618:INFO:CONSOLE(1)] "console.groupEnd", source: https://s.update.aniview.com/2/1.20.3/main.js?o=1 (1)
[16112:13560:0207/203718.618:INFO:CONSOLE(1)] "console.groupEnd", source: https://s.update.aniview.com/2/1.20.3/main.js?o=1 (1)
[16112:13560:0207/203718.618:INFO:CONSOLE(1)] "console.groupEnd", source: https://s.update.aniview.com/2/1.20.3/main.js?o=1 (1)
[16112:13560:0207/203718.618:INFO:CONSOLE(1)] "console.groupEnd", source: https://s.update.aniview.com/2/1.20.3/main.js?o=1 (1)
[16112:13560:0207/203718.618:INFO:CONSOLE(1)] "console.groupEnd", source: https://s.update.aniview.com/2/1.20.3/main.js?o=1 (1)
[16112:13560:0207/203718.618:INFO:CONSOLE(1)] "console.groupEnd", source: https://s.update.aniview.com/2/1.20.3/main.js?o=1 (1)
[16112:13560:0207/203718.618:INFO:CONSOLE(1)] "console.groupEnd", source: https://s.update.aniview.com/2/1.20.3/main.js?o=1 (1)
[16112:13560:0207/203718.618:INFO:CONSOLE(1)] "console.groupEnd", source: https://s.update.aniview.com/2/1.20.3/main.js?o=1 (1)
[16112:13560:0207/203745.821:WARNING:pref_notifier_impl.cc(40)] Pref observer for media_router.cast_allow_all_ips found at shutdown.
