[14232:11028:0207/192500.343:INFO:CONSOLE(36)] "AUTH - 63", source: chrome-extension://ggmdpepbjljkkkdaklfihhngmmgmpggp/bg.js (36)
[14232:11028:0207/192503.950:ERROR:device_event_log_impl.cc(211)] [19:25:03.950] Bluetooth: bluetooth_adapter_winrt.cc:1072 Getting Default Adapter failed.
[14232:11028:0207/192523.151:INFO:CONSOLE(4)] "VIDEOJS: WARN: Player "vjs-video-js" is already initialised. Options will not be applied.", source: https://playnano.online/assets/external/videojs.min-1ebeed346d02236b161e0140429ab4b7ce027f786ba49ea4cb6fa9ebb2736793.js (4)
[14232:11028:0207/192525.104:INFO:CONSOLE(69)] "Uncaught ReferenceError: _qevents is not defined", source: https://bdv.bidvertiser.com/BidVertiser.dbm?pid=883108&bid=2049660&RD=1768782164919&DIF=1&bd_ref_v=playnano.online&tref=1&win_name=null&docref=https%3A%2F%2Fplaynano.online%2Fwatch-an&jsrand=1768782164919&js1loc=-&loctitle=play%20nano (69)
[14232:11028:0207/192528.153:INFO:CONSOLE(4)] "VIDEOJS: ERROR: videojs-contrib-ads has not seen a loadstart event 5 seconds after being initialized, but a source is present. This indicates that videojs-contrib-ads was initialized too late. It must be initialized immediately after video.js in the same tick. As a result, some ads will not play and some media events will be incorrect. For more information, see https://github.com/videojs/videojs-contrib-ads#important-note-about-initialization", source: https://playnano.online/assets/external/videojs.min-1ebeed346d02236b161e0140429ab4b7ce027f786ba49ea4cb6fa9ebb2736793.js (4)
[14232:11028:0207/192535.014:INFO:CONSOLE(61)] "19:25:35,004 com.stickyadstv.utils.Browser GDPR 2.0 - TCFAPI function cannot be found. _fw_gdpr: null, _fw_gdpr_consent: null", source: https://cdn.stickyadstv.com/mustang/vpaid-adapter.min.js (61)
[14232:11028:0207/192542.712:INFO:CONSOLE(61)] "19:25:42,713 com.stickyadstv.utils.Browser GDPR 2.0 - TCFAPI function cannot be found. _fw_gdpr: null, _fw_gdpr_consent: null", source: https://cdn.stickyadstv.com/mustang/vpaid-adapter.min.js (61)
[14232:11028:0207/192549.697:INFO:CONSOLE(4)] "VIDEOJS: WARN: Player "vjs-video-js" is already initialised. Options will not be applied.", source: https://playnano.online/assets/external/videojs.min-1ebeed346d02236b161e0140429ab4b7ce027f786ba49ea4cb6fa9ebb2736793.js (4)
[14232:11028:0207/192550.433:INFO:CONSOLE(69)] "Uncaught ReferenceError: _qevents is not defined", source: https://bdv.bidvertiser.com/BidVertiser.dbm?pid=883108&bid=2049660&RD=61656223072877&DIF=1&bd_ref_v=playnano.online&tref=1&win_name=null&docref=https%3A%2F%2Fplaynano.online%2Fwatch-an&jsrand=61656223072877&js1loc=-&loctitle=playnano (69)
[14232:11028:0207/192554.069:INFO:CONSOLE(61)] "19:25:54,069 com.stickyadstv.utils.Browser GDPR 2.0 - TCFAPI function cannot be found. _fw_gdpr: null, _fw_gdpr_consent: null", source: https://cdn.stickyadstv.com/mustang/vpaid-adapter.min.js (61)
[14232:11028:0207/192554.699:INFO:CONSOLE(4)] "VIDEOJS: ERROR: videojs-contrib-ads has not seen a loadstart event 5 seconds after being initialized, but a source is present. This indicates that videojs-contrib-ads was initialized too late. It must be initialized immediately after video.js in the same tick. As a result, some ads will not play and some media events will be incorrect. For more information, see https://github.com/videojs/videojs-contrib-ads#important-note-about-initialization", source: https://playnano.online/assets/external/videojs.min-1ebeed346d02236b161e0140429ab4b7ce027f786ba49ea4cb6fa9ebb2736793.js (4)
[14232:11028:0207/192603.730:INFO:CONSOLE(1)] "console.groupEnd", source: https://s.update.aniview.com/2/1.20.3/main.js?o=1 (1)
[14232:11028:0207/192603.730:INFO:CONSOLE(1)] "console.groupEnd", source: https://s.update.aniview.com/2/1.20.3/main.js?o=1 (1)
[14232:11028:0207/192603.730:INFO:CONSOLE(1)] "console.groupEnd", source: https://s.update.aniview.com/2/1.20.3/main.js?o=1 (1)
[14232:11028:0207/192603.730:INFO:CONSOLE(1)] "console.groupEnd", source: https://s.update.aniview.com/2/1.20.3/main.js?o=1 (1)
[14232:11028:0207/192603.730:INFO:CONSOLE(1)] "console.groupEnd", source: https://s.update.aniview.com/2/1.20.3/main.js?o=1 (1)
[14232:11028:0207/192603.731:INFO:CONSOLE(1)] "console.groupEnd", source: https://s.update.aniview.com/2/1.20.3/main.js?o=1 (1)
[14232:11028:0207/192603.731:INFO:CONSOLE(1)] "console.groupEnd", source: https://s.update.aniview.com/2/1.20.3/main.js?o=1 (1)
[14232:11028:0207/192603.731:INFO:CONSOLE(1)] "console.groupEnd", source: https://s.update.aniview.com/2/1.20.3/main.js?o=1 (1)
[14232:11028:0207/192603.731:INFO:CONSOLE(1)] "console.groupEnd", source: https://s.update.aniview.com/2/1.20.3/main.js?o=1 (1)
[14232:11028:0207/192603.731:INFO:CONSOLE(1)] "console.groupEnd", source: https://s.update.aniview.com/2/1.20.3/main.js?o=1 (1)
[14232:11028:0207/192603.731:INFO:CONSOLE(1)] "console.groupEnd", source: https://s.update.aniview.com/2/1.20.3/main.js?o=1 (1)
[14232:11028:0207/192603.731:INFO:CONSOLE(1)] "console.groupEnd", source: https://s.update.aniview.com/2/1.20.3/main.js?o=1 (1)
[14232:11028:0207/192603.731:INFO:CONSOLE(1)] "console.groupEnd", source: https://s.update.aniview.com/2/1.20.3/main.js?o=1 (1)
[14232:11028:0207/192603.731:INFO:CONSOLE(1)] "console.groupEnd", source: https://s.update.aniview.com/2/1.20.3/main.js?o=1 (1)
[14232:11028:0207/192603.731:INFO:CONSOLE(1)] "console.groupEnd", source: https://s.update.aniview.com/2/1.20.3/main.js?o=1 (1)
[14232:11028:0207/192603.731:INFO:CONSOLE(1)] "console.groupEnd", source: https://s.update.aniview.com/2/1.20.3/main.js?o=1 (1)
[14232:11028:0207/192603.731:INFO:CONSOLE(1)] "console.groupEnd", source: https://s.update.aniview.com/2/1.20.3/main.js?o=1 (1)
[14232:11028:0207/192603.731:INFO:CONSOLE(1)] "console.groupEnd", source: https://s.update.aniview.com/2/1.20.3/main.js?o=1 (1)
[14232:11028:0207/192603.731:INFO:CONSOLE(1)] "console.groupEnd", source: https://s.update.aniview.com/2/1.20.3/main.js?o=1 (1)
[14232:11028:0207/192603.731:INFO:CONSOLE(1)] "console.groupEnd", source: https://s.update.aniview.com/2/1.20.3/main.js?o=1 (1)
[14232:11028:0207/192603.731:INFO:CONSOLE(1)] "console.groupEnd", source: https://s.update.aniview.com/2/1.20.3/main.js?o=1 (1)
[14232:11028:0207/192603.731:INFO:CONSOLE(1)] "console.groupEnd", source: https://s.update.aniview.com/2/1.20.3/main.js?o=1 (1)
[14232:11028:0207/192603.731:INFO:CONSOLE(1)] "console.groupEnd", source: https://s.update.aniview.com/2/1.20.3/main.js?o=1 (1)
[14232:11028:0207/192603.731:INFO:CONSOLE(1)] "console.groupEnd", source: https://s.update.aniview.com/2/1.20.3/main.js?o=1 (1)
[14232:11028:0207/192603.731:INFO:CONSOLE(1)] "console.groupEnd", source: https://s.update.aniview.com/2/1.20.3/main.js?o=1 (1)
[14232:11028:0207/192603.731:INFO:CONSOLE(1)] "console.groupEnd", source: https://s.update.aniview.com/2/1.20.3/main.js?o=1 (1)
[14232:11028:0207/192603.731:INFO:CONSOLE(1)] "console.groupEnd", source: https://s.update.aniview.com/2/1.20.3/main.js?o=1 (1)
[14232:11028:0207/192603.731:INFO:CONSOLE(1)] "console.groupEnd", source: https://s.update.aniview.com/2/1.20.3/main.js?o=1 (1)
[14232:11028:0207/192603.732:INFO:CONSOLE(1)] "console.groupEnd", source: https://s.update.aniview.com/2/1.20.3/main.js?o=1 (1)
[14232:11028:0207/192603.732:INFO:CONSOLE(1)] "console.groupEnd", source: https://s.update.aniview.com/2/1.20.3/main.js?o=1 (1)
[14232:11028:0207/192603.732:INFO:CONSOLE(1)] "console.groupEnd", source: https://s.update.aniview.com/2/1.20.3/main.js?o=1 (1)
[14232:11028:0207/192603.732:INFO:CONSOLE(1)] "console.groupEnd", source: https://s.update.aniview.com/2/1.20.3/main.js?o=1 (1)
[14232:11028:0207/192603.732:INFO:CONSOLE(1)] "console.groupEnd", source: https://s.update.aniview.com/2/1.20.3/main.js?o=1 (1)
[14232:11028:0207/192603.732:INFO:CONSOLE(1)] "console.groupEnd", source: https://s.update.aniview.com/2/1.20.3/main.js?o=1 (1)
[14232:11028:0207/192603.732:INFO:CONSOLE(1)] "console.groupEnd", source: https://s.update.aniview.com/2/1.20.3/main.js?o=1 (1)
[14232:11028:0207/192603.732:INFO:CONSOLE(1)] "console.groupEnd", source: https://s.update.aniview.com/2/1.20.3/main.js?o=1 (1)
[14232:11028:0207/192603.733:INFO:CONSOLE(1)] "console.groupEnd", source: https://s.update.aniview.com/2/1.20.3/main.js?o=1 (1)
[14232:11028:0207/192603.733:INFO:CONSOLE(1)] "console.groupEnd", source: https://s.update.aniview.com/2/1.20.3/main.js?o=1 (1)
[14232:11028:0207/192603.733:INFO:CONSOLE(1)] "console.groupEnd", source: https://s.update.aniview.com/2/1.20.3/main.js?o=1 (1)
[14232:11028:0207/192603.733:INFO:CONSOLE(1)] "console.groupEnd", source: https://s.update.aniview.com/2/1.20.3/main.js?o=1 (1)
[14232:11028:0207/192603.733:INFO:CONSOLE(1)] "console.groupEnd", source: https://s.update.aniview.com/2/1.20.3/main.js?o=1 (1)
[14232:11028:0207/192603.733:INFO:CONSOLE(1)] "console.groupEnd", source: https://s.update.aniview.com/2/1.20.3/main.js?o=1 (1)
[14232:11028:0207/192603.733:INFO:CONSOLE(1)] "console.groupEnd", source: https://s.update.aniview.com/2/1.20.3/main.js?o=1 (1)
[14232:11028:0207/192603.733:INFO:CONSOLE(1)] "console.groupEnd", source: https://s.update.aniview.com/2/1.20.3/main.js?o=1 (1)
[14232:11028:0207/192603.733:INFO:CONSOLE(1)] "console.groupEnd", source: https://s.update.aniview.com/2/1.20.3/main.js?o=1 (1)
[14232:11028:0207/192603.733:INFO:CONSOLE(1)] "console.groupEnd", source: https://s.update.aniview.com/2/1.20.3/main.js?o=1 (1)
[14232:11028:0207/192603.733:INFO:CONSOLE(1)] "console.groupEnd", source: https://s.update.aniview.com/2/1.20.3/main.js?o=1 (1)
[14232:11028:0207/192603.733:INFO:CONSOLE(1)] "console.groupEnd", source: https://s.update.aniview.com/2/1.20.3/main.js?o=1 (1)
[14232:11028:0207/192603.733:INFO:CONSOLE(1)] "console.groupEnd", source: https://s.update.aniview.com/2/1.20.3/main.js?o=1 (1)
[14232:11028:0207/192603.733:INFO:CONSOLE(1)] "console.groupEnd", source: https://s.update.aniview.com/2/1.20.3/main.js?o=1 (1)
[14232:11028:0207/192603.733:INFO:CONSOLE(1)] "console.groupEnd", source: https://s.update.aniview.com/2/1.20.3/main.js?o=1 (1)
[14232:11028:0207/192603.733:INFO:CONSOLE(1)] "console.groupEnd", source: https://s.update.aniview.com/2/1.20.3/main.js?o=1 (1)
[14232:11028:0207/192603.733:INFO:CONSOLE(1)] "console.groupEnd", source: https://s.update.aniview.com/2/1.20.3/main.js?o=1 (1)
[14232:11028:0207/192603.733:INFO:CONSOLE(1)] "console.groupEnd", source: https://s.update.aniview.com/2/1.20.3/main.js?o=1 (1)
[14232:11028:0207/192603.733:INFO:CONSOLE(1)] "console.groupEnd", source: https://s.update.aniview.com/2/1.20.3/main.js?o=1 (1)
[14232:11028:0207/192603.733:INFO:CONSOLE(1)] "console.groupEnd", source: https://s.update.aniview.com/2/1.20.3/main.js?o=1 (1)
[14232:11028:0207/192603.733:INFO:CONSOLE(1)] "console.groupEnd", source: https://s.update.aniview.com/2/1.20.3/main.js?o=1 (1)
[14232:11028:0207/192603.733:INFO:CONSOLE(1)] "console.groupEnd", source: https://s.update.aniview.com/2/1.20.3/main.js?o=1 (1)
[14232:11028:0207/192603.733:INFO:CONSOLE(1)] "console.groupEnd", source: https://s.update.aniview.com/2/1.20.3/main.js?o=1 (1)
[14232:11028:0207/192603.733:INFO:CONSOLE(1)] "console.groupEnd", source: https://s.update.aniview.com/2/1.20.3/main.js?o=1 (1)
[14232:11028:0207/192603.733:INFO:CONSOLE(1)] "console.groupEnd", source: https://s.update.aniview.com/2/1.20.3/main.js?o=1 (1)
[14232:11028:0207/192603.733:INFO:CONSOLE(1)] "console.groupEnd", source: https://s.update.aniview.com/2/1.20.3/main.js?o=1 (1)
[14232:11028:0207/192603.733:INFO:CONSOLE(1)] "console.groupEnd", source: https://s.update.aniview.com/2/1.20.3/main.js?o=1 (1)
[14232:11028:0207/192603.733:INFO:CONSOLE(1)] "console.groupEnd", source: https://s.update.aniview.com/2/1.20.3/main.js?o=1 (1)
[14232:11028:0207/192603.733:INFO:CONSOLE(1)] "console.groupEnd", source: https://s.update.aniview.com/2/1.20.3/main.js?o=1 (1)
[14232:11028:0207/192603.734:INFO:CONSOLE(1)] "console.groupEnd", source: https://s.update.aniview.com/2/1.20.3/main.js?o=1 (1)
[14232:11028:0207/192603.734:INFO:CONSOLE(1)] "console.groupEnd", source: https://s.update.aniview.com/2/1.20.3/main.js?o=1 (1)
[14232:11028:0207/192603.734:INFO:CONSOLE(1)] "console.groupEnd", source: https://s.update.aniview.com/2/1.20.3/main.js?o=1 (1)
[14232:11028:0207/192603.734:INFO:CONSOLE(1)] "console.groupEnd", source: https://s.update.aniview.com/2/1.20.3/main.js?o=1 (1)
[14232:11028:0207/192603.734:INFO:CONSOLE(1)] "console.groupEnd", source: https://s.update.aniview.com/2/1.20.3/main.js?o=1 (1)
[14232:11028:0207/192603.734:INFO:CONSOLE(1)] "console.groupEnd", source: https://s.update.aniview.com/2/1.20.3/main.js?o=1 (1)
[14232:11028:0207/192603.734:INFO:CONSOLE(1)] "console.groupEnd", source: https://s.update.aniview.com/2/1.20.3/main.js?o=1 (1)
[14232:11028:0207/192603.735:INFO:CONSOLE(1)] "console.groupEnd", source: https://s.update.aniview.com/2/1.20.3/main.js?o=1 (1)
[14232:11028:0207/192603.735:INFO:CONSOLE(1)] "console.groupEnd", source: https://s.update.aniview.com/2/1.20.3/main.js?o=1 (1)
[14232:11028:0207/192603.735:INFO:CONSOLE(1)] "console.groupEnd", source: https://s.update.aniview.com/2/1.20.3/main.js?o=1 (1)
[14232:11028:0207/192603.735:INFO:CONSOLE(1)] "console.groupEnd", source: https://s.update.aniview.com/2/1.20.3/main.js?o=1 (1)
[14232:11028:0207/192603.735:INFO:CONSOLE(1)] "console.groupEnd", source: https://s.update.aniview.com/2/1.20.3/main.js?o=1 (1)
[14232:11028:0207/192603.735:INFO:CONSOLE(1)] "console.groupEnd", source: https://s.update.aniview.com/2/1.20.3/main.js?o=1 (1)
[14232:11028:0207/192603.735:INFO:CONSOLE(1)] "console.groupEnd", source: https://s.update.aniview.com/2/1.20.3/main.js?o=1 (1)
[14232:11028:0207/192603.735:INFO:CONSOLE(1)] "console.groupEnd", source: https://s.update.aniview.com/2/1.20.3/main.js?o=1 (1)
[14232:11028:0207/192603.735:INFO:CONSOLE(1)] "console.groupEnd", source: https://s.update.aniview.com/2/1.20.3/main.js?o=1 (1)
[14232:11028:0207/192603.735:INFO:CONSOLE(1)] "console.groupEnd", source: https://s.update.aniview.com/2/1.20.3/main.js?o=1 (1)
[14232:11028:0207/192603.735:INFO:CONSOLE(1)] "console.groupEnd", source: https://s.update.aniview.com/2/1.20.3/main.js?o=1 (1)
[14232:11028:0207/192603.735:INFO:CONSOLE(1)] "console.groupEnd", source: https://s.update.aniview.com/2/1.20.3/main.js?o=1 (1)
[14232:11028:0207/192603.735:INFO:CONSOLE(1)] "console.groupEnd", source: https://s.update.aniview.com/2/1.20.3/main.js?o=1 (1)
[14232:11028:0207/192603.735:INFO:CONSOLE(1)] "console.groupEnd", source: https://s.update.aniview.com/2/1.20.3/main.js?o=1 (1)
[14232:11028:0207/192603.735:INFO:CONSOLE(1)] "console.groupEnd", source: https://s.update.aniview.com/2/1.20.3/main.js?o=1 (1)
[14232:11028:0207/192603.735:INFO:CONSOLE(1)] "console.groupEnd", source: https://s.update.aniview.com/2/1.20.3/main.js?o=1 (1)
[14232:11028:0207/192603.735:INFO:CONSOLE(1)] "console.groupEnd", source: https://s.update.aniview.com/2/1.20.3/main.js?o=1 (1)
[14232:11028:0207/192603.735:INFO:CONSOLE(1)] "console.groupEnd", source: https://s.update.aniview.com/2/1.20.3/main.js?o=1 (1)
[14232:11028:0207/192603.735:INFO:CONSOLE(1)] "console.groupEnd", source: https://s.update.aniview.com/2/1.20.3/main.js?o=1 (1)
[14232:11028:0207/192603.735:INFO:CONSOLE(1)] "console.groupEnd", source: https://s.update.aniview.com/2/1.20.3/main.js?o=1 (1)
[14232:11028:0207/192603.735:INFO:CONSOLE(1)] "console.groupEnd", source: https://s.update.aniview.com/2/1.20.3/main.js?o=1 (1)
[14232:11028:0207/192603.735:INFO:CONSOLE(1)] "console.groupEnd", source: https://s.update.aniview.com/2/1.20.3/main.js?o=1 (1)
[14232:11028:0207/192603.735:INFO:CONSOLE(1)] "console.groupEnd", source: https://s.update.aniview.com/2/1.20.3/main.js?o=1 (1)
[14232:11028:0207/192603.735:INFO:CONSOLE(1)] "console.groupEnd", source: https://s.update.aniview.com/2/1.20.3/main.js?o=1 (1)
[14232:11028:0207/192603.735:INFO:CONSOLE(1)] "console.groupEnd", source: https://s.update.aniview.com/2/1.20.3/main.js?o=1 (1)
[14232:11028:0207/192603.735:INFO:CONSOLE(1)] "console.groupEnd", source: https://s.update.aniview.com/2/1.20.3/main.js?o=1 (1)
[14232:11028:0207/192603.735:INFO:CONSOLE(1)] "console.groupEnd", source: https://s.update.aniview.com/2/1.20.3/main.js?o=1 (1)
[14232:11028:0207/192603.735:INFO:CONSOLE(1)] "console.groupEnd", source: https://s.update.aniview.com/2/1.20.3/main.js?o=1 (1)
[14232:11028:0207/192603.736:INFO:CONSOLE(1)] "console.groupEnd", source: https://s.update.aniview.com/2/1.20.3/main.js?o=1 (1)
[14232:11028:0207/192603.736:INFO:CONSOLE(1)] "console.groupEnd", source: https://s.update.aniview.com/2/1.20.3/main.js?o=1 (1)
[14232:11028:0207/192603.736:INFO:CONSOLE(1)] "console.groupEnd", source: https://s.update.aniview.com/2/1.20.3/main.js?o=1 (1)
[14232:11028:0207/192603.736:INFO:CONSOLE(1)] "console.groupEnd", source: https://s.update.aniview.com/2/1.20.3/main.js?o=1 (1)
[14232:11028:0207/192603.736:INFO:CONSOLE(1)] "console.groupEnd", source: https://s.update.aniview.com/2/1.20.3/main.js?o=1 (1)
[14232:11028:0207/192603.736:INFO:CONSOLE(1)] "console.groupEnd", source: https://s.update.aniview.com/2/1.20.3/main.js?o=1 (1)
[14232:11028:0207/192603.736:INFO:CONSOLE(1)] "console.groupEnd", source: https://s.update.aniview.com/2/1.20.3/main.js?o=1 (1)
[14232:11028:0207/192603.737:INFO:CONSOLE(1)] "console.groupEnd", source: https://s.update.aniview.com/2/1.20.3/main.js?o=1 (1)
[14232:11028:0207/192603.737:INFO:CONSOLE(1)] "console.groupEnd", source: https://s.update.aniview.com/2/1.20.3/main.js?o=1 (1)
[14232:11028:0207/192603.737:INFO:CONSOLE(1)] "console.groupEnd", source: https://s.update.aniview.com/2/1.20.3/main.js?o=1 (1)
[14232:11028:0207/192603.737:INFO:CONSOLE(1)] "console.groupEnd", source: https://s.update.aniview.com/2/1.20.3/main.js?o=1 (1)
[14232:11028:0207/192603.737:INFO:CONSOLE(1)] "console.groupEnd", source: https://s.update.aniview.com/2/1.20.3/main.js?o=1 (1)
[14232:11028:0207/192603.737:INFO:CONSOLE(1)] "console.groupEnd", source: https://s.update.aniview.com/2/1.20.3/main.js?o=1 (1)
[14232:11028:0207/192603.737:INFO:CONSOLE(1)] "console.groupEnd", source: https://s.update.aniview.com/2/1.20.3/main.js?o=1 (1)
[14232:11028:0207/192603.737:INFO:CONSOLE(1)] "console.groupEnd", source: https://s.update.aniview.com/2/1.20.3/main.js?o=1 (1)
[14232:11028:0207/192603.737:INFO:CONSOLE(1)] "console.groupEnd", source: https://s.update.aniview.com/2/1.20.3/main.js?o=1 (1)
[14232:11028:0207/192603.737:INFO:CONSOLE(1)] "console.groupEnd", source: https://s.update.aniview.com/2/1.20.3/main.js?o=1 (1)
[14232:11028:0207/192603.737:INFO:CONSOLE(1)] "console.groupEnd", source: https://s.update.aniview.com/2/1.20.3/main.js?o=1 (1)
[14232:11028:0207/192603.737:INFO:CONSOLE(1)] "console.groupEnd", source: https://s.update.aniview.com/2/1.20.3/main.js?o=1 (1)
[14232:11028:0207/192603.737:INFO:CONSOLE(1)] "console.groupEnd", source: https://s.update.aniview.com/2/1.20.3/main.js?o=1 (1)
[14232:11028:0207/192603.737:INFO:CONSOLE(1)] "console.groupEnd", source: https://s.update.aniview.com/2/1.20.3/main.js?o=1 (1)
[14232:11028:0207/192603.737:INFO:CONSOLE(1)] "console.groupEnd", source: https://s.update.aniview.com/2/1.20.3/main.js?o=1 (1)
[14232:11028:0207/192603.737:INFO:CONSOLE(1)] "console.groupEnd", source: https://s.update.aniview.com/2/1.20.3/main.js?o=1 (1)
[14232:11028:0207/192603.737:INFO:CONSOLE(1)] "console.groupEnd", source: https://s.update.aniview.com/2/1.20.3/main.js?o=1 (1)
[14232:11028:0207/192603.737:INFO:CONSOLE(1)] "console.groupEnd", source: https://s.update.aniview.com/2/1.20.3/main.js?o=1 (1)
[14232:11028:0207/192603.737:INFO:CONSOLE(1)] "console.groupEnd", source: https://s.update.aniview.com/2/1.20.3/main.js?o=1 (1)
[14232:11028:0207/192603.737:INFO:CONSOLE(1)] "console.groupEnd", source: https://s.update.aniview.com/2/1.20.3/main.js?o=1 (1)
[14232:11028:0207/192603.737:INFO:CONSOLE(1)] "console.groupEnd", source: https://s.update.aniview.com/2/1.20.3/main.js?o=1 (1)
[14232:11028:0207/192603.737:INFO:CONSOLE(1)] "console.groupEnd", source: https://s.update.aniview.com/2/1.20.3/main.js?o=1 (1)
[14232:11028:0207/192603.737:INFO:CONSOLE(1)] "console.groupEnd", source: https://s.update.aniview.com/2/1.20.3/main.js?o=1 (1)
[14232:11028:0207/192603.737:INFO:CONSOLE(1)] "console.groupEnd", source: https://s.update.aniview.com/2/1.20.3/main.js?o=1 (1)
[14232:11028:0207/192603.737:INFO:CONSOLE(1)] "console.groupEnd", source: https://s.update.aniview.com/2/1.20.3/main.js?o=1 (1)
[14232:11028:0207/192603.737:INFO:CONSOLE(1)] "console.groupEnd", source: https://s.update.aniview.com/2/1.20.3/main.js?o=1 (1)
[14232:11028:0207/192603.737:INFO:CONSOLE(1)] "console.groupEnd", source: https://s.update.aniview.com/2/1.20.3/main.js?o=1 (1)
[14232:11028:0207/192624.417:INFO:CONSOLE(69)] "Uncaught ReferenceError: _qevents is not defined", source: https://bdv.bidvertiser.com/BidVertiser.dbm?pid=883108&bid=2049660&RD=1554743975531&DIF=1&bd_ref_v=playnano.online&tref=1&win_name=null&docref=https%3A%2F%2Fplaynano.online%2Fwatch-an&jsrand=1554743975531&js1loc=-&loctitle=nano%20watch (69)
[14232:11028:0207/192624.575:INFO:CONSOLE(4)] "VIDEOJS: WARN: Player "vjs-video-js" is already initialised. Options will not be applied.", source: https://playnano.online/assets/external/videojs.min-1ebeed346d02236b161e0140429ab4b7ce027f786ba49ea4cb6fa9ebb2736793.js (4)
[14232:11028:0207/192626.987:INFO:CONSOLE(61)] "19:26:26,987 com.stickyadstv.utils.Browser GDPR 2.0 - TCFAPI function cannot be found. _fw_gdpr: null, _fw_gdpr_consent: null", source: https://cdn.stickyadstv.com/mustang/vpaid-adapter.min.js (61)
[14232:11028:0207/192629.579:INFO:CONSOLE(4)] "VIDEOJS: ERROR: videojs-contrib-ads has not seen a loadstart event 5 seconds after being initialized, but a source is present. This indicates that videojs-contrib-ads was initialized too late. It must be initialized immediately after video.js in the same tick. As a result, some ads will not play and some media events will be incorrect. For more information, see https://github.com/videojs/videojs-contrib-ads#important-note-about-initialization", source: https://playnano.online/assets/external/videojs.min-1ebeed346d02236b161e0140429ab4b7ce027f786ba49ea4cb6fa9ebb2736793.js (4)
[14232:11028:0207/192638.369:INFO:CONSOLE(61)] "19:26:38,370 com.stickyadstv.utils.Browser GDPR 2.0 - TCFAPI function cannot be found. _fw_gdpr: null, _fw_gdpr_consent: null", source: https://cdn.stickyadstv.com/mustang/vpaid-adapter.min.js (61)
[14232:11028:0207/192651.367:INFO:CONSOLE(4)] "VIDEOJS: WARN: Player "vjs-video-js" is already initialised. Options will not be applied.", source: https://playnano.online/assets/external/videojs.min-1ebeed346d02236b161e0140429ab4b7ce027f786ba49ea4cb6fa9ebb2736793.js (4)
[14232:11028:0207/192651.817:INFO:CONSOLE(69)] "Uncaught ReferenceError: _qevents is not defined", source: https://bdv.bidvertiser.com/BidVertiser.dbm?pid=883108&bid=2049660&RD=3907915986154&DIF=1&bd_ref_v=playnano.online&tref=1&win_name=null&docref=https%3A%2F%2Fplaynano.online%2Fwatch-an&jsrand=3907915986154&js1loc=-&loctitle=nano (69)
[14232:11028:0207/192655.086:INFO:CONSOLE(61)] "19:26:55,086 com.stickyadstv.utils.Browser GDPR 2.0 - TCFAPI function cannot be found. _fw_gdpr: null, _fw_gdpr_consent: null", source: https://cdn.stickyadstv.com/mustang/vpaid-adapter.min.js (61)
[14232:11028:0207/192656.371:INFO:CONSOLE(4)] "VIDEOJS: ERROR: videojs-contrib-ads has not seen a loadstart event 5 seconds after being initialized, but a source is present. This indicates that videojs-contrib-ads was initialized too late. It must be initialized immediately after video.js in the same tick. As a result, some ads will not play and some media events will be incorrect. For more information, see https://github.com/videojs/videojs-contrib-ads#important-note-about-initialization", source: https://playnano.online/assets/external/videojs.min-1ebeed346d02236b161e0140429ab4b7ce027f786ba49ea4cb6fa9ebb2736793.js (4)
[14232:11028:0207/192703.331:INFO:CONSOLE(32)] "a: 0.004150390625 ms", source: https://static.adsafeprotected.com/sca.17.4.114.js (32)
[14232:11028:0207/192707.881:INFO:CONSOLE(1)] "console.groupEnd", source: https://s.update.aniview.com/2/1.20.3/main.js?o=1 (1)
[14232:11028:0207/192707.881:INFO:CONSOLE(1)] "console.groupEnd", source: https://s.update.aniview.com/2/1.20.3/main.js?o=1 (1)
[14232:11028:0207/192707.881:INFO:CONSOLE(1)] "console.groupEnd", source: https://s.update.aniview.com/2/1.20.3/main.js?o=1 (1)
[14232:11028:0207/192707.881:INFO:CONSOLE(1)] "console.groupEnd", source: https://s.update.aniview.com/2/1.20.3/main.js?o=1 (1)
[14232:11028:0207/192707.881:INFO:CONSOLE(1)] "console.groupEnd", source: https://s.update.aniview.com/2/1.20.3/main.js?o=1 (1)
[14232:11028:0207/192707.881:INFO:CONSOLE(1)] "console.groupEnd", source: https://s.update.aniview.com/2/1.20.3/main.js?o=1 (1)
[14232:11028:0207/192707.881:INFO:CONSOLE(1)] "console.groupEnd", source: https://s.update.aniview.com/2/1.20.3/main.js?o=1 (1)
[14232:11028:0207/192707.881:INFO:CONSOLE(1)] "console.groupEnd", source: https://s.update.aniview.com/2/1.20.3/main.js?o=1 (1)
[14232:11028:0207/192707.881:INFO:CONSOLE(1)] "console.groupEnd", source: https://s.update.aniview.com/2/1.20.3/main.js?o=1 (1)
[14232:11028:0207/192707.881:INFO:CONSOLE(1)] "console.groupEnd", source: https://s.update.aniview.com/2/1.20.3/main.js?o=1 (1)
[14232:11028:0207/192707.881:INFO:CONSOLE(1)] "console.groupEnd", source: https://s.update.aniview.com/2/1.20.3/main.js?o=1 (1)
[14232:11028:0207/192707.881:INFO:CONSOLE(1)] "console.groupEnd", source: https://s.update.aniview.com/2/1.20.3/main.js?o=1 (1)
[14232:11028:0207/192707.881:INFO:CONSOLE(1)] "console.groupEnd", source: https://s.update.aniview.com/2/1.20.3/main.js?o=1 (1)
[14232:11028:0207/192707.881:INFO:CONSOLE(1)] "console.groupEnd", source: https://s.update.aniview.com/2/1.20.3/main.js?o=1 (1)
[14232:11028:0207/192707.881:INFO:CONSOLE(1)] "console.groupEnd", source: https://s.update.aniview.com/2/1.20.3/main.js?o=1 (1)
[14232:11028:0207/192707.881:INFO:CONSOLE(1)] "console.groupEnd", source: https://s.update.aniview.com/2/1.20.3/main.js?o=1 (1)
[14232:11028:0207/192707.881:INFO:CONSOLE(1)] "console.groupEnd", source: https://s.update.aniview.com/2/1.20.3/main.js?o=1 (1)
[14232:11028:0207/192707.881:INFO:CONSOLE(1)] "console.groupEnd", source: https://s.update.aniview.com/2/1.20.3/main.js?o=1 (1)
[14232:11028:0207/192707.881:INFO:CONSOLE(1)] "console.groupEnd", source: https://s.update.aniview.com/2/1.20.3/main.js?o=1 (1)
[14232:11028:0207/192707.881:INFO:CONSOLE(1)] "console.groupEnd", source: https://s.update.aniview.com/2/1.20.3/main.js?o=1 (1)
[14232:11028:0207/192707.881:INFO:CONSOLE(1)] "console.groupEnd", source: https://s.update.aniview.com/2/1.20.3/main.js?o=1 (1)
[14232:11028:0207/192707.881:INFO:CONSOLE(1)] "console.groupEnd", source: https://s.update.aniview.com/2/1.20.3/main.js?o=1 (1)
[14232:11028:0207/192707.881:INFO:CONSOLE(1)] "console.groupEnd", source: https://s.update.aniview.com/2/1.20.3/main.js?o=1 (1)
[14232:11028:0207/192707.881:INFO:CONSOLE(1)] "console.groupEnd", source: https://s.update.aniview.com/2/1.20.3/main.js?o=1 (1)
[14232:11028:0207/192707.881:INFO:CONSOLE(1)] "console.groupEnd", source: https://s.update.aniview.com/2/1.20.3/main.js?o=1 (1)
[14232:11028:0207/192707.881:INFO:CONSOLE(1)] "console.groupEnd", source: https://s.update.aniview.com/2/1.20.3/main.js?o=1 (1)
[14232:11028:0207/192707.881:INFO:CONSOLE(1)] "console.groupEnd", source: https://s.update.aniview.com/2/1.20.3/main.js?o=1 (1)
[14232:11028:0207/192707.881:INFO:CONSOLE(1)] "console.groupEnd", source: https://s.update.aniview.com/2/1.20.3/main.js?o=1 (1)
[14232:11028:0207/192707.881:INFO:CONSOLE(1)] "console.groupEnd", source: https://s.update.aniview.com/2/1.20.3/main.js?o=1 (1)
[14232:11028:0207/192707.881:INFO:CONSOLE(1)] "console.groupEnd", source: https://s.update.aniview.com/2/1.20.3/main.js?o=1 (1)
[14232:11028:0207/192707.881:INFO:CONSOLE(1)] "console.groupEnd", source: https://s.update.aniview.com/2/1.20.3/main.js?o=1 (1)
[14232:11028:0207/192707.881:INFO:CONSOLE(1)] "console.groupEnd", source: https://s.update.aniview.com/2/1.20.3/main.js?o=1 (1)
[14232:11028:0207/192707.881:INFO:CONSOLE(1)] "console.groupEnd", source: https://s.update.aniview.com/2/1.20.3/main.js?o=1 (1)
[14232:11028:0207/192707.881:INFO:CONSOLE(1)] "console.groupEnd", source: https://s.update.aniview.com/2/1.20.3/main.js?o=1 (1)
[14232:11028:0207/192707.882:INFO:CONSOLE(1)] "console.groupEnd", source: https://s.update.aniview.com/2/1.20.3/main.js?o=1 (1)
[14232:11028:0207/192707.882:INFO:CONSOLE(1)] "console.groupEnd", source: https://s.update.aniview.com/2/1.20.3/main.js?o=1 (1)
[14232:11028:0207/192707.882:INFO:CONSOLE(1)] "console.groupEnd", source: https://s.update.aniview.com/2/1.20.3/main.js?o=1 (1)
[14232:11028:0207/192707.882:INFO:CONSOLE(1)] "console.groupEnd", source: https://s.update.aniview.com/2/1.20.3/main.js?o=1 (1)
[14232:11028:0207/192707.883:INFO:CONSOLE(1)] "console.groupEnd", source: https://s.update.aniview.com/2/1.20.3/main.js?o=1 (1)
[14232:11028:0207/192707.883:INFO:CONSOLE(1)] "console.groupEnd", source: https://s.update.aniview.com/2/1.20.3/main.js?o=1 (1)
[14232:11028:0207/192707.883:INFO:CONSOLE(1)] "console.groupEnd", source: https://s.update.aniview.com/2/1.20.3/main.js?o=1 (1)
[14232:11028:0207/192707.883:INFO:CONSOLE(1)] "console.groupEnd", source: https://s.update.aniview.com/2/1.20.3/main.js?o=1 (1)
[14232:11028:0207/192707.883:INFO:CONSOLE(1)] "console.groupEnd", source: https://s.update.aniview.com/2/1.20.3/main.js?o=1 (1)
[14232:11028:0207/192707.883:INFO:CONSOLE(1)] "console.groupEnd", source: https://s.update.aniview.com/2/1.20.3/main.js?o=1 (1)
[14232:11028:0207/192707.883:INFO:CONSOLE(1)] "console.groupEnd", source: https://s.update.aniview.com/2/1.20.3/main.js?o=1 (1)
[14232:11028:0207/192707.883:INFO:CONSOLE(1)] "console.groupEnd", source: https://s.update.aniview.com/2/1.20.3/main.js?o=1 (1)
[14232:11028:0207/192707.883:INFO:CONSOLE(1)] "console.groupEnd", source: https://s.update.aniview.com/2/1.20.3/main.js?o=1 (1)
[14232:11028:0207/192707.883:INFO:CONSOLE(1)] "console.groupEnd", source: https://s.update.aniview.com/2/1.20.3/main.js?o=1 (1)
[14232:11028:0207/192707.883:INFO:CONSOLE(1)] "console.groupEnd", source: https://s.update.aniview.com/2/1.20.3/main.js?o=1 (1)
[14232:11028:0207/192707.883:INFO:CONSOLE(1)] "console.groupEnd", source: https://s.update.aniview.com/2/1.20.3/main.js?o=1 (1)
[14232:11028:0207/192707.883:INFO:CONSOLE(1)] "console.groupEnd", source: https://s.update.aniview.com/2/1.20.3/main.js?o=1 (1)
[14232:11028:0207/192707.883:INFO:CONSOLE(1)] "console.groupEnd", source: https://s.update.aniview.com/2/1.20.3/main.js?o=1 (1)
[14232:11028:0207/192707.883:INFO:CONSOLE(1)] "console.groupEnd", source: https://s.update.aniview.com/2/1.20.3/main.js?o=1 (1)
[14232:11028:0207/192707.883:INFO:CONSOLE(1)] "console.groupEnd", source: https://s.update.aniview.com/2/1.20.3/main.js?o=1 (1)
[14232:11028:0207/192707.883:INFO:CONSOLE(1)] "console.groupEnd", source: https://s.update.aniview.com/2/1.20.3/main.js?o=1 (1)
[14232:11028:0207/192707.883:INFO:CONSOLE(1)] "console.groupEnd", source: https://s.update.aniview.com/2/1.20.3/main.js?o=1 (1)
[14232:11028:0207/192707.883:INFO:CONSOLE(1)] "console.groupEnd", source: https://s.update.aniview.com/2/1.20.3/main.js?o=1 (1)
[14232:11028:0207/192707.883:INFO:CONSOLE(1)] "console.groupEnd", source: https://s.update.aniview.com/2/1.20.3/main.js?o=1 (1)
[14232:11028:0207/192707.883:INFO:CONSOLE(1)] "console.groupEnd", source: https://s.update.aniview.com/2/1.20.3/main.js?o=1 (1)
[14232:11028:0207/192707.883:INFO:CONSOLE(1)] "console.groupEnd", source: https://s.update.aniview.com/2/1.20.3/main.js?o=1 (1)
[14232:11028:0207/192707.883:INFO:CONSOLE(1)] "console.groupEnd", source: https://s.update.aniview.com/2/1.20.3/main.js?o=1 (1)
[14232:11028:0207/192707.883:INFO:CONSOLE(1)] "console.groupEnd", source: https://s.update.aniview.com/2/1.20.3/main.js?o=1 (1)
[14232:11028:0207/192707.883:INFO:CONSOLE(1)] "console.groupEnd", source: https://s.update.aniview.com/2/1.20.3/main.js?o=1 (1)
[14232:11028:0207/192707.883:INFO:CONSOLE(1)] "console.groupEnd", source: https://s.update.aniview.com/2/1.20.3/main.js?o=1 (1)
[14232:11028:0207/192707.883:INFO:CONSOLE(1)] "console.groupEnd", source: https://s.update.aniview.com/2/1.20.3/main.js?o=1 (1)
[14232:11028:0207/192707.883:INFO:CONSOLE(1)] "console.groupEnd", source: https://s.update.aniview.com/2/1.20.3/main.js?o=1 (1)
[14232:11028:0207/192707.883:INFO:CONSOLE(1)] "console.groupEnd", source: https://s.update.aniview.com/2/1.20.3/main.js?o=1 (1)
[14232:11028:0207/192707.883:INFO:CONSOLE(1)] "console.groupEnd", source: https://s.update.aniview.com/2/1.20.3/main.js?o=1 (1)
[14232:11028:0207/192707.883:INFO:CONSOLE(1)] "console.groupEnd", source: https://s.update.aniview.com/2/1.20.3/main.js?o=1 (1)
[14232:11028:0207/192707.883:INFO:CONSOLE(1)] "console.groupEnd", source: https://s.update.aniview.com/2/1.20.3/main.js?o=1 (1)
[14232:11028:0207/192707.883:INFO:CONSOLE(1)] "console.groupEnd", source: https://s.update.aniview.com/2/1.20.3/main.js?o=1 (1)
[14232:11028:0207/192707.883:INFO:CONSOLE(1)] "console.groupEnd", source: https://s.update.aniview.com/2/1.20.3/main.js?o=1 (1)
[14232:11028:0207/192707.883:INFO:CONSOLE(1)] "console.groupEnd", source: https://s.update.aniview.com/2/1.20.3/main.js?o=1 (1)
[14232:11028:0207/192707.883:INFO:CONSOLE(1)] "console.groupEnd", source: https://s.update.aniview.com/2/1.20.3/main.js?o=1 (1)
[14232:11028:0207/192707.883:INFO:CONSOLE(1)] "console.groupEnd", source: https://s.update.aniview.com/2/1.20.3/main.js?o=1 (1)
[14232:11028:0207/192707.883:INFO:CONSOLE(1)] "console.groupEnd", source: https://s.update.aniview.com/2/1.20.3/main.js?o=1 (1)
[14232:11028:0207/192707.883:INFO:CONSOLE(1)] "console.groupEnd", source: https://s.update.aniview.com/2/1.20.3/main.js?o=1 (1)
[14232:11028:0207/192707.884:INFO:CONSOLE(1)] "console.groupEnd", source: https://s.update.aniview.com/2/1.20.3/main.js?o=1 (1)
[14232:11028:0207/192707.884:INFO:CONSOLE(1)] "console.groupEnd", source: https://s.update.aniview.com/2/1.20.3/main.js?o=1 (1)
[14232:11028:0207/192707.885:INFO:CONSOLE(1)] "console.groupEnd", source: https://s.update.aniview.com/2/1.20.3/main.js?o=1 (1)
[14232:11028:0207/192707.885:INFO:CONSOLE(1)] "console.groupEnd", source: https://s.update.aniview.com/2/1.20.3/main.js?o=1 (1)
[14232:11028:0207/192707.885:INFO:CONSOLE(1)] "console.groupEnd", source: https://s.update.aniview.com/2/1.20.3/main.js?o=1 (1)
[14232:11028:0207/192707.885:INFO:CONSOLE(1)] "console.groupEnd", source: https://s.update.aniview.com/2/1.20.3/main.js?o=1 (1)
[14232:11028:0207/192707.885:INFO:CONSOLE(1)] "console.groupEnd", source: https://s.update.aniview.com/2/1.20.3/main.js?o=1 (1)
[14232:11028:0207/192707.885:INFO:CONSOLE(1)] "console.groupEnd", source: https://s.update.aniview.com/2/1.20.3/main.js?o=1 (1)
[14232:11028:0207/192707.885:INFO:CONSOLE(1)] "console.groupEnd", source: https://s.update.aniview.com/2/1.20.3/main.js?o=1 (1)
[14232:11028:0207/192707.885:INFO:CONSOLE(1)] "console.groupEnd", source: https://s.update.aniview.com/2/1.20.3/main.js?o=1 (1)
[14232:11028:0207/192707.885:INFO:CONSOLE(1)] "console.groupEnd", source: https://s.update.aniview.com/2/1.20.3/main.js?o=1 (1)
[14232:11028:0207/192707.885:INFO:CONSOLE(1)] "console.groupEnd", source: https://s.update.aniview.com/2/1.20.3/main.js?o=1 (1)
[14232:11028:0207/192707.885:INFO:CONSOLE(1)] "console.groupEnd", source: https://s.update.aniview.com/2/1.20.3/main.js?o=1 (1)
[14232:11028:0207/192707.885:INFO:CONSOLE(1)] "console.groupEnd", source: https://s.update.aniview.com/2/1.20.3/main.js?o=1 (1)
[14232:11028:0207/192707.885:INFO:CONSOLE(1)] "console.groupEnd", source: https://s.update.aniview.com/2/1.20.3/main.js?o=1 (1)
[14232:11028:0207/192707.885:INFO:CONSOLE(1)] "console.groupEnd", source: https://s.update.aniview.com/2/1.20.3/main.js?o=1 (1)
[14232:11028:0207/192707.885:INFO:CONSOLE(1)] "console.groupEnd", source: https://s.update.aniview.com/2/1.20.3/main.js?o=1 (1)
[14232:11028:0207/192707.885:INFO:CONSOLE(1)] "console.groupEnd", source: https://s.update.aniview.com/2/1.20.3/main.js?o=1 (1)
[14232:11028:0207/192707.885:INFO:CONSOLE(1)] "console.groupEnd", source: https://s.update.aniview.com/2/1.20.3/main.js?o=1 (1)
[14232:11028:0207/192707.885:INFO:CONSOLE(1)] "console.groupEnd", source: https://s.update.aniview.com/2/1.20.3/main.js?o=1 (1)
[14232:11028:0207/192707.885:INFO:CONSOLE(1)] "console.groupEnd", source: https://s.update.aniview.com/2/1.20.3/main.js?o=1 (1)
[14232:11028:0207/192707.885:INFO:CONSOLE(1)] "console.groupEnd", source: https://s.update.aniview.com/2/1.20.3/main.js?o=1 (1)
[14232:11028:0207/192707.885:INFO:CONSOLE(1)] "console.groupEnd", source: https://s.update.aniview.com/2/1.20.3/main.js?o=1 (1)
[14232:11028:0207/192707.885:INFO:CONSOLE(1)] "console.groupEnd", source: https://s.update.aniview.com/2/1.20.3/main.js?o=1 (1)
[14232:11028:0207/192707.885:INFO:CONSOLE(1)] "console.groupEnd", source: https://s.update.aniview.com/2/1.20.3/main.js?o=1 (1)
[14232:11028:0207/192707.885:INFO:CONSOLE(1)] "console.groupEnd", source: https://s.update.aniview.com/2/1.20.3/main.js?o=1 (1)
[14232:11028:0207/192707.885:INFO:CONSOLE(1)] "console.groupEnd", source: https://s.update.aniview.com/2/1.20.3/main.js?o=1 (1)
[14232:11028:0207/192707.885:INFO:CONSOLE(1)] "console.groupEnd", source: https://s.update.aniview.com/2/1.20.3/main.js?o=1 (1)
[14232:11028:0207/192707.885:INFO:CONSOLE(1)] "console.groupEnd", source: https://s.update.aniview.com/2/1.20.3/main.js?o=1 (1)
[14232:11028:0207/192707.885:INFO:CONSOLE(1)] "console.groupEnd", source: https://s.update.aniview.com/2/1.20.3/main.js?o=1 (1)
[14232:11028:0207/192707.885:INFO:CONSOLE(1)] "console.groupEnd", source: https://s.update.aniview.com/2/1.20.3/main.js?o=1 (1)
[14232:11028:0207/192707.885:INFO:CONSOLE(1)] "console.groupEnd", source: https://s.update.aniview.com/2/1.20.3/main.js?o=1 (1)
[14232:11028:0207/192707.885:INFO:CONSOLE(1)] "console.groupEnd", source: https://s.update.aniview.com/2/1.20.3/main.js?o=1 (1)
[14232:11028:0207/192707.885:INFO:CONSOLE(1)] "console.groupEnd", source: https://s.update.aniview.com/2/1.20.3/main.js?o=1 (1)
[14232:11028:0207/192707.885:INFO:CONSOLE(1)] "console.groupEnd", source: https://s.update.aniview.com/2/1.20.3/main.js?o=1 (1)
[14232:11028:0207/192707.885:INFO:CONSOLE(1)] "console.groupEnd", source: https://s.update.aniview.com/2/1.20.3/main.js?o=1 (1)
[14232:11028:0207/192707.885:INFO:CONSOLE(1)] "console.groupEnd", source: https://s.update.aniview.com/2/1.20.3/main.js?o=1 (1)
[14232:11028:0207/192707.885:INFO:CONSOLE(1)] "console.groupEnd", source: https://s.update.aniview.com/2/1.20.3/main.js?o=1 (1)
[14232:11028:0207/192707.885:INFO:CONSOLE(1)] "console.groupEnd", source: https://s.update.aniview.com/2/1.20.3/main.js?o=1 (1)
[14232:11028:0207/192707.886:INFO:CONSOLE(1)] "console.groupEnd", source: https://s.update.aniview.com/2/1.20.3/main.js?o=1 (1)
[14232:11028:0207/192707.886:INFO:CONSOLE(1)] "console.groupEnd", source: https://s.update.aniview.com/2/1.20.3/main.js?o=1 (1)
[14232:11028:0207/192707.886:INFO:CONSOLE(1)] "console.groupEnd", source: https://s.update.aniview.com/2/1.20.3/main.js?o=1 (1)
[14232:11028:0207/192707.887:INFO:CONSOLE(1)] "console.groupEnd", source: https://s.update.aniview.com/2/1.20.3/main.js?o=1 (1)
[14232:11028:0207/192707.887:INFO:CONSOLE(1)] "console.groupEnd", source: https://s.update.aniview.com/2/1.20.3/main.js?o=1 (1)
[14232:11028:0207/192707.887:INFO:CONSOLE(1)] "console.groupEnd", source: https://s.update.aniview.com/2/1.20.3/main.js?o=1 (1)
[14232:11028:0207/192707.887:INFO:CONSOLE(1)] "console.groupEnd", source: https://s.update.aniview.com/2/1.20.3/main.js?o=1 (1)
[14232:11028:0207/192707.887:INFO:CONSOLE(1)] "console.groupEnd", source: https://s.update.aniview.com/2/1.20.3/main.js?o=1 (1)
[14232:11028:0207/192707.887:INFO:CONSOLE(1)] "console.groupEnd", source: https://s.update.aniview.com/2/1.20.3/main.js?o=1 (1)
[14232:11028:0207/192707.887:INFO:CONSOLE(1)] "console.groupEnd", source: https://s.update.aniview.com/2/1.20.3/main.js?o=1 (1)
[14232:11028:0207/192707.887:INFO:CONSOLE(1)] "console.groupEnd", source: https://s.update.aniview.com/2/1.20.3/main.js?o=1 (1)
[14232:11028:0207/192707.887:INFO:CONSOLE(1)] "console.groupEnd", source: https://s.update.aniview.com/2/1.20.3/main.js?o=1 (1)
[14232:11028:0207/192707.887:INFO:CONSOLE(1)] "console.groupEnd", source: https://s.update.aniview.com/2/1.20.3/main.js?o=1 (1)
[14232:11028:0207/192707.887:INFO:CONSOLE(1)] "console.groupEnd", source: https://s.update.aniview.com/2/1.20.3/main.js?o=1 (1)
[14232:11028:0207/192707.887:INFO:CONSOLE(1)] "console.groupEnd", source: https://s.update.aniview.com/2/1.20.3/main.js?o=1 (1)
[14232:11028:0207/192707.887:INFO:CONSOLE(1)] "console.groupEnd", source: https://s.update.aniview.com/2/1.20.3/main.js?o=1 (1)
[14232:11028:0207/192707.887:INFO:CONSOLE(1)] "console.groupEnd", source: https://s.update.aniview.com/2/1.20.3/main.js?o=1 (1)
[14232:11028:0207/192707.887:INFO:CONSOLE(1)] "console.groupEnd", source: https://s.update.aniview.com/2/1.20.3/main.js?o=1 (1)
[14232:11028:0207/192707.887:INFO:CONSOLE(1)] "console.groupEnd", source: https://s.update.aniview.com/2/1.20.3/main.js?o=1 (1)
[14232:11028:0207/192707.887:INFO:CONSOLE(1)] "console.groupEnd", source: https://s.update.aniview.com/2/1.20.3/main.js?o=1 (1)
[14232:11028:0207/192707.887:INFO:CONSOLE(1)] "console.groupEnd", source: https://s.update.aniview.com/2/1.20.3/main.js?o=1 (1)
[14232:11028:0207/192707.887:INFO:CONSOLE(1)] "console.groupEnd", source: https://s.update.aniview.com/2/1.20.3/main.js?o=1 (1)
[14232:11028:0207/192707.887:INFO:CONSOLE(1)] "console.groupEnd", source: https://s.update.aniview.com/2/1.20.3/main.js?o=1 (1)
[14232:11028:0207/192707.887:INFO:CONSOLE(1)] "console.groupEnd", source: https://s.update.aniview.com/2/1.20.3/main.js?o=1 (1)
[14232:11028:0207/192707.887:INFO:CONSOLE(1)] "console.groupEnd", source: https://s.update.aniview.com/2/1.20.3/main.js?o=1 (1)
[14232:11028:0207/192707.887:INFO:CONSOLE(1)] "console.groupEnd", source: https://s.update.aniview.com/2/1.20.3/main.js?o=1 (1)
[14232:11028:0207/192707.887:INFO:CONSOLE(1)] "console.groupEnd", source: https://s.update.aniview.com/2/1.20.3/main.js?o=1 (1)
[14232:11028:0207/192707.887:INFO:CONSOLE(1)] "console.groupEnd", source: https://s.update.aniview.com/2/1.20.3/main.js?o=1 (1)
[14232:11028:0207/192707.887:INFO:CONSOLE(1)] "console.groupEnd", source: https://s.update.aniview.com/2/1.20.3/main.js?o=1 (1)
[14232:11028:0207/192707.887:INFO:CONSOLE(1)] "console.groupEnd", source: https://s.update.aniview.com/2/1.20.3/main.js?o=1 (1)
[14232:11028:0207/192707.887:INFO:CONSOLE(1)] "console.groupEnd", source: https://s.update.aniview.com/2/1.20.3/main.js?o=1 (1)
[14232:11028:0207/192707.887:INFO:CONSOLE(1)] "console.groupEnd", source: https://s.update.aniview.com/2/1.20.3/main.js?o=1 (1)
[14232:11028:0207/192707.887:INFO:CONSOLE(1)] "console.groupEnd", source: https://s.update.aniview.com/2/1.20.3/main.js?o=1 (1)
[14232:11028:0207/192707.887:INFO:CONSOLE(1)] "console.groupEnd", source: https://s.update.aniview.com/2/1.20.3/main.js?o=1 (1)
[14232:11028:0207/192707.887:INFO:CONSOLE(1)] "console.groupEnd", source: https://s.update.aniview.com/2/1.20.3/main.js?o=1 (1)
[14232:11028:0207/192707.887:INFO:CONSOLE(1)] "console.groupEnd", source: https://s.update.aniview.com/2/1.20.3/main.js?o=1 (1)
[14232:11028:0207/192707.887:INFO:CONSOLE(1)] "console.groupEnd", source: https://s.update.aniview.com/2/1.20.3/main.js?o=1 (1)
[14232:11028:0207/192707.887:INFO:CONSOLE(1)] "console.groupEnd", source: https://s.update.aniview.com/2/1.20.3/main.js?o=1 (1)
[14232:11028:0207/192707.887:INFO:CONSOLE(1)] "console.groupEnd", source: https://s.update.aniview.com/2/1.20.3/main.js?o=1 (1)
[14232:11028:0207/192707.887:INFO:CONSOLE(1)] "console.groupEnd", source: https://s.update.aniview.com/2/1.20.3/main.js?o=1 (1)
[14232:11028:0207/192707.888:INFO:CONSOLE(1)] "console.groupEnd", source: https://s.update.aniview.com/2/1.20.3/main.js?o=1 (1)
[14232:11028:0207/192707.888:INFO:CONSOLE(1)] "console.groupEnd", source: https://s.update.aniview.com/2/1.20.3/main.js?o=1 (1)
[14232:11028:0207/192719.837:INFO:CONSOLE(4)] "VIDEOJS: WARN: Player "vjs-video-js" is already initialised. Options will not be applied.", source: https://playnano.online/assets/external/videojs.min-1ebeed346d02236b161e0140429ab4b7ce027f786ba49ea4cb6fa9ebb2736793.js (4)
[14232:11028:0207/192724.840:INFO:CONSOLE(4)] "VIDEOJS: ERROR: videojs-contrib-ads has not seen a loadstart event 5 seconds after being initialized, but a source is present. This indicates that videojs-contrib-ads was initialized too late. It must be initialized immediately after video.js in the same tick. As a result, some ads will not play and some media events will be incorrect. For more information, see https://github.com/videojs/videojs-contrib-ads#important-note-about-initialization", source: https://playnano.online/assets/external/videojs.min-1ebeed346d02236b161e0140429ab4b7ce027f786ba49ea4cb6fa9ebb2736793.js (4)
[14232:11028:0207/192725.860:INFO:CONSOLE(61)] "19:27:25,860 com.stickyadstv.utils.Browser GDPR 2.0 - TCFAPI function cannot be found. _fw_gdpr: null, _fw_gdpr_consent: null", source: https://cdn.stickyadstv.com/mustang/vpaid-adapter.min.js (61)
[14232:11028:0207/192735.082:INFO:CONSOLE(32)] "a: 0.001708984375 ms", source: https://static.adsafeprotected.com/sca.17.4.114.js (32)
[14232:11028:0207/192736.808:INFO:CONSOLE(1)] "console.groupEnd", source: https://s.update.aniview.com/2/1.20.3/main.js?o=1 (1)
[14232:11028:0207/192736.808:INFO:CONSOLE(1)] "console.groupEnd", source: https://s.update.aniview.com/2/1.20.3/main.js?o=1 (1)
[14232:11028:0207/192736.808:INFO:CONSOLE(1)] "console.groupEnd", source: https://s.update.aniview.com/2/1.20.3/main.js?o=1 (1)
[14232:11028:0207/192736.808:INFO:CONSOLE(1)] "console.groupEnd", source: https://s.update.aniview.com/2/1.20.3/main.js?o=1 (1)
[14232:11028:0207/192736.808:INFO:CONSOLE(1)] "console.groupEnd", source: https://s.update.aniview.com/2/1.20.3/main.js?o=1 (1)
[14232:11028:0207/192736.808:INFO:CONSOLE(1)] "console.groupEnd", source: https://s.update.aniview.com/2/1.20.3/main.js?o=1 (1)
[14232:11028:0207/192736.808:INFO:CONSOLE(1)] "console.groupEnd", source: https://s.update.aniview.com/2/1.20.3/main.js?o=1 (1)
[14232:11028:0207/192736.808:INFO:CONSOLE(1)] "console.groupEnd", source: https://s.update.aniview.com/2/1.20.3/main.js?o=1 (1)
[14232:11028:0207/192736.808:INFO:CONSOLE(1)] "console.groupEnd", source: https://s.update.aniview.com/2/1.20.3/main.js?o=1 (1)
[14232:11028:0207/192736.808:INFO:CONSOLE(1)] "console.groupEnd", source: https://s.update.aniview.com/2/1.20.3/main.js?o=1 (1)
[14232:11028:0207/192736.808:INFO:CONSOLE(1)] "console.groupEnd", source: https://s.update.aniview.com/2/1.20.3/main.js?o=1 (1)
[14232:11028:0207/192736.808:INFO:CONSOLE(1)] "console.groupEnd", source: https://s.update.aniview.com/2/1.20.3/main.js?o=1 (1)
[14232:11028:0207/192736.808:INFO:CONSOLE(1)] "console.groupEnd", source: https://s.update.aniview.com/2/1.20.3/main.js?o=1 (1)
[14232:11028:0207/192736.808:INFO:CONSOLE(1)] "console.groupEnd", source: https://s.update.aniview.com/2/1.20.3/main.js?o=1 (1)
[14232:11028:0207/192736.808:INFO:CONSOLE(1)] "console.groupEnd", source: https://s.update.aniview.com/2/1.20.3/main.js?o=1 (1)
[14232:11028:0207/192736.808:INFO:CONSOLE(1)] "console.groupEnd", source: https://s.update.aniview.com/2/1.20.3/main.js?o=1 (1)
[14232:11028:0207/192736.808:INFO:CONSOLE(1)] "console.groupEnd", source: https://s.update.aniview.com/2/1.20.3/main.js?o=1 (1)
[14232:11028:0207/192736.808:INFO:CONSOLE(1)] "console.groupEnd", source: https://s.update.aniview.com/2/1.20.3/main.js?o=1 (1)
[14232:11028:0207/192736.808:INFO:CONSOLE(1)] "console.groupEnd", source: https://s.update.aniview.com/2/1.20.3/main.js?o=1 (1)
[14232:11028:0207/192736.808:INFO:CONSOLE(1)] "console.groupEnd", source: https://s.update.aniview.com/2/1.20.3/main.js?o=1 (1)
[14232:11028:0207/192736.808:INFO:CONSOLE(1)] "console.groupEnd", source: https://s.update.aniview.com/2/1.20.3/main.js?o=1 (1)
[14232:11028:0207/192736.808:INFO:CONSOLE(1)] "console.groupEnd", source: https://s.update.aniview.com/2/1.20.3/main.js?o=1 (1)
[14232:11028:0207/192736.808:INFO:CONSOLE(1)] "console.groupEnd", source: https://s.update.aniview.com/2/1.20.3/main.js?o=1 (1)
[14232:11028:0207/192736.808:INFO:CONSOLE(1)] "console.groupEnd", source: https://s.update.aniview.com/2/1.20.3/main.js?o=1 (1)
[14232:11028:0207/192736.809:INFO:CONSOLE(1)] "console.groupEnd", source: https://s.update.aniview.com/2/1.20.3/main.js?o=1 (1)
[14232:11028:0207/192736.809:INFO:CONSOLE(1)] "console.groupEnd", source: https://s.update.aniview.com/2/1.20.3/main.js?o=1 (1)
[14232:11028:0207/192736.809:INFO:CONSOLE(1)] "console.groupEnd", source: https://s.update.aniview.com/2/1.20.3/main.js?o=1 (1)
[14232:11028:0207/192736.809:INFO:CONSOLE(1)] "console.groupEnd", source: https://s.update.aniview.com/2/1.20.3/main.js?o=1 (1)
[14232:11028:0207/192736.809:INFO:CONSOLE(1)] "console.groupEnd", source: https://s.update.aniview.com/2/1.20.3/main.js?o=1 (1)
[14232:11028:0207/192736.809:INFO:CONSOLE(1)] "console.groupEnd", source: https://s.update.aniview.com/2/1.20.3/main.js?o=1 (1)
[14232:11028:0207/192736.809:INFO:CONSOLE(1)] "console.groupEnd", source: https://s.update.aniview.com/2/1.20.3/main.js?o=1 (1)
[14232:11028:0207/192736.809:INFO:CONSOLE(1)] "console.groupEnd", source: https://s.update.aniview.com/2/1.20.3/main.js?o=1 (1)
[14232:11028:0207/192736.809:INFO:CONSOLE(1)] "console.groupEnd", source: https://s.update.aniview.com/2/1.20.3/main.js?o=1 (1)
[14232:11028:0207/192736.809:INFO:CONSOLE(1)] "console.groupEnd", source: https://s.update.aniview.com/2/1.20.3/main.js?o=1 (1)
[14232:11028:0207/192736.809:INFO:CONSOLE(1)] "console.groupEnd", source: https://s.update.aniview.com/2/1.20.3/main.js?o=1 (1)
[14232:11028:0207/192736.809:INFO:CONSOLE(1)] "console.groupEnd", source: https://s.update.aniview.com/2/1.20.3/main.js?o=1 (1)
[14232:11028:0207/192736.809:INFO:CONSOLE(1)] "console.groupEnd", source: https://s.update.aniview.com/2/1.20.3/main.js?o=1 (1)
[14232:11028:0207/192736.809:INFO:CONSOLE(1)] "console.groupEnd", source: https://s.update.aniview.com/2/1.20.3/main.js?o=1 (1)
[14232:11028:0207/192736.809:INFO:CONSOLE(1)] "console.groupEnd", source: https://s.update.aniview.com/2/1.20.3/main.js?o=1 (1)
[14232:11028:0207/192736.809:INFO:CONSOLE(1)] "console.groupEnd", source: https://s.update.aniview.com/2/1.20.3/main.js?o=1 (1)
[14232:11028:0207/192736.810:INFO:CONSOLE(1)] "console.groupEnd", source: https://s.update.aniview.com/2/1.20.3/main.js?o=1 (1)
[14232:11028:0207/192736.810:INFO:CONSOLE(1)] "console.groupEnd", source: https://s.update.aniview.com/2/1.20.3/main.js?o=1 (1)
[14232:11028:0207/192736.810:INFO:CONSOLE(1)] "console.groupEnd", source: https://s.update.aniview.com/2/1.20.3/main.js?o=1 (1)
[14232:11028:0207/192736.810:INFO:CONSOLE(1)] "console.groupEnd", source: https://s.update.aniview.com/2/1.20.3/main.js?o=1 (1)
[14232:11028:0207/192736.810:INFO:CONSOLE(1)] "console.groupEnd", source: https://s.update.aniview.com/2/1.20.3/main.js?o=1 (1)
[14232:11028:0207/192736.810:INFO:CONSOLE(1)] "console.groupEnd", source: https://s.update.aniview.com/2/1.20.3/main.js?o=1 (1)
[14232:11028:0207/192736.810:INFO:CONSOLE(1)] "console.groupEnd", source: https://s.update.aniview.com/2/1.20.3/main.js?o=1 (1)
[14232:11028:0207/192736.810:INFO:CONSOLE(1)] "console.groupEnd", source: https://s.update.aniview.com/2/1.20.3/main.js?o=1 (1)
[14232:11028:0207/192736.810:INFO:CONSOLE(1)] "console.groupEnd", source: https://s.update.aniview.com/2/1.20.3/main.js?o=1 (1)
[14232:11028:0207/192736.810:INFO:CONSOLE(1)] "console.groupEnd", source: https://s.update.aniview.com/2/1.20.3/main.js?o=1 (1)
[14232:11028:0207/192736.810:INFO:CONSOLE(1)] "console.groupEnd", source: https://s.update.aniview.com/2/1.20.3/main.js?o=1 (1)
[14232:11028:0207/192736.810:INFO:CONSOLE(1)] "console.groupEnd", source: https://s.update.aniview.com/2/1.20.3/main.js?o=1 (1)
[14232:11028:0207/192736.810:INFO:CONSOLE(1)] "console.groupEnd", source: https://s.update.aniview.com/2/1.20.3/main.js?o=1 (1)
[14232:11028:0207/192736.810:INFO:CONSOLE(1)] "console.groupEnd", source: https://s.update.aniview.com/2/1.20.3/main.js?o=1 (1)
[14232:11028:0207/192736.810:INFO:CONSOLE(1)] "console.groupEnd", source: https://s.update.aniview.com/2/1.20.3/main.js?o=1 (1)
[14232:11028:0207/192736.810:INFO:CONSOLE(1)] "console.groupEnd", source: https://s.update.aniview.com/2/1.20.3/main.js?o=1 (1)
[14232:11028:0207/192736.810:INFO:CONSOLE(1)] "console.groupEnd", source: https://s.update.aniview.com/2/1.20.3/main.js?o=1 (1)
[14232:11028:0207/192736.810:INFO:CONSOLE(1)] "console.groupEnd", source: https://s.update.aniview.com/2/1.20.3/main.js?o=1 (1)
[14232:11028:0207/192736.810:INFO:CONSOLE(1)] "console.groupEnd", source: https://s.update.aniview.com/2/1.20.3/main.js?o=1 (1)
[14232:11028:0207/192736.810:INFO:CONSOLE(1)] "console.groupEnd", source: https://s.update.aniview.com/2/1.20.3/main.js?o=1 (1)
[14232:11028:0207/192736.810:INFO:CONSOLE(1)] "console.groupEnd", source: https://s.update.aniview.com/2/1.20.3/main.js?o=1 (1)
[14232:11028:0207/192736.810:INFO:CONSOLE(1)] "console.groupEnd", source: https://s.update.aniview.com/2/1.20.3/main.js?o=1 (1)
[14232:11028:0207/192736.810:INFO:CONSOLE(1)] "console.groupEnd", source: https://s.update.aniview.com/2/1.20.3/main.js?o=1 (1)
[14232:11028:0207/192736.810:INFO:CONSOLE(1)] "console.groupEnd", source: https://s.update.aniview.com/2/1.20.3/main.js?o=1 (1)
[14232:11028:0207/192736.810:INFO:CONSOLE(1)] "console.groupEnd", source: https://s.update.aniview.com/2/1.20.3/main.js?o=1 (1)
[14232:11028:0207/192736.810:INFO:CONSOLE(1)] "console.groupEnd", source: https://s.update.aniview.com/2/1.20.3/main.js?o=1 (1)
[14232:11028:0207/192736.810:INFO:CONSOLE(1)] "console.groupEnd", source: https://s.update.aniview.com/2/1.20.3/main.js?o=1 (1)
[14232:11028:0207/192736.810:INFO:CONSOLE(1)] "console.groupEnd", source: https://s.update.aniview.com/2/1.20.3/main.js?o=1 (1)
[14232:11028:0207/192736.810:INFO:CONSOLE(1)] "console.groupEnd", source: https://s.update.aniview.com/2/1.20.3/main.js?o=1 (1)
[14232:11028:0207/192736.810:INFO:CONSOLE(1)] "console.groupEnd", source: https://s.update.aniview.com/2/1.20.3/main.js?o=1 (1)
[14232:11028:0207/192736.810:INFO:CONSOLE(1)] "console.groupEnd", source: https://s.update.aniview.com/2/1.20.3/main.js?o=1 (1)
[14232:11028:0207/192736.810:INFO:CONSOLE(1)] "console.groupEnd", source: https://s.update.aniview.com/2/1.20.3/main.js?o=1 (1)
[14232:11028:0207/192736.810:INFO:CONSOLE(1)] "console.groupEnd", source: https://s.update.aniview.com/2/1.20.3/main.js?o=1 (1)
[14232:11028:0207/192736.810:INFO:CONSOLE(1)] "console.groupEnd", source: https://s.update.aniview.com/2/1.20.3/main.js?o=1 (1)
[14232:11028:0207/192736.810:INFO:CONSOLE(1)] "console.groupEnd", source: https://s.update.aniview.com/2/1.20.3/main.js?o=1 (1)
[14232:11028:0207/192736.811:INFO:CONSOLE(1)] "console.groupEnd", source: https://s.update.aniview.com/2/1.20.3/main.js?o=1 (1)
[14232:11028:0207/192736.811:INFO:CONSOLE(1)] "console.groupEnd", source: https://s.update.aniview.com/2/1.20.3/main.js?o=1 (1)
[14232:11028:0207/192736.811:INFO:CONSOLE(1)] "console.groupEnd", source: https://s.update.aniview.com/2/1.20.3/main.js?o=1 (1)
[14232:11028:0207/192736.811:INFO:CONSOLE(1)] "console.groupEnd", source: https://s.update.aniview.com/2/1.20.3/main.js?o=1 (1)
[14232:11028:0207/192736.811:INFO:CONSOLE(1)] "console.groupEnd", source: https://s.update.aniview.com/2/1.20.3/main.js?o=1 (1)
[14232:11028:0207/192736.812:INFO:CONSOLE(1)] "console.groupEnd", source: https://s.update.aniview.com/2/1.20.3/main.js?o=1 (1)
[14232:11028:0207/192736.812:INFO:CONSOLE(1)] "console.groupEnd", source: https://s.update.aniview.com/2/1.20.3/main.js?o=1 (1)
[14232:11028:0207/192736.812:INFO:CONSOLE(1)] "console.groupEnd", source: https://s.update.aniview.com/2/1.20.3/main.js?o=1 (1)
[14232:11028:0207/192736.812:INFO:CONSOLE(1)] "console.groupEnd", source: https://s.update.aniview.com/2/1.20.3/main.js?o=1 (1)
[14232:11028:0207/192736.812:INFO:CONSOLE(1)] "console.groupEnd", source: https://s.update.aniview.com/2/1.20.3/main.js?o=1 (1)
[14232:11028:0207/192736.812:INFO:CONSOLE(1)] "console.groupEnd", source: https://s.update.aniview.com/2/1.20.3/main.js?o=1 (1)
[14232:11028:0207/192736.812:INFO:CONSOLE(1)] "console.groupEnd", source: https://s.update.aniview.com/2/1.20.3/main.js?o=1 (1)
[14232:11028:0207/192736.812:INFO:CONSOLE(1)] "console.groupEnd", source: https://s.update.aniview.com/2/1.20.3/main.js?o=1 (1)
[14232:11028:0207/192736.812:INFO:CONSOLE(1)] "console.groupEnd", source: https://s.update.aniview.com/2/1.20.3/main.js?o=1 (1)
[14232:11028:0207/192736.812:INFO:CONSOLE(1)] "console.groupEnd", source: https://s.update.aniview.com/2/1.20.3/main.js?o=1 (1)
[14232:11028:0207/192736.812:INFO:CONSOLE(1)] "console.groupEnd", source: https://s.update.aniview.com/2/1.20.3/main.js?o=1 (1)
[14232:11028:0207/192736.812:INFO:CONSOLE(1)] "console.groupEnd", source: https://s.update.aniview.com/2/1.20.3/main.js?o=1 (1)
[14232:11028:0207/192736.812:INFO:CONSOLE(1)] "console.groupEnd", source: https://s.update.aniview.com/2/1.20.3/main.js?o=1 (1)
[14232:11028:0207/192736.812:INFO:CONSOLE(1)] "console.groupEnd", source: https://s.update.aniview.com/2/1.20.3/main.js?o=1 (1)
[14232:11028:0207/192736.812:INFO:CONSOLE(1)] "console.groupEnd", source: https://s.update.aniview.com/2/1.20.3/main.js?o=1 (1)
[14232:11028:0207/192736.812:INFO:CONSOLE(1)] "console.groupEnd", source: https://s.update.aniview.com/2/1.20.3/main.js?o=1 (1)
[14232:11028:0207/192736.812:INFO:CONSOLE(1)] "console.groupEnd", source: https://s.update.aniview.com/2/1.20.3/main.js?o=1 (1)
[14232:11028:0207/192736.812:INFO:CONSOLE(1)] "console.groupEnd", source: https://s.update.aniview.com/2/1.20.3/main.js?o=1 (1)
[14232:11028:0207/192736.812:INFO:CONSOLE(1)] "console.groupEnd", source: https://s.update.aniview.com/2/1.20.3/main.js?o=1 (1)
[14232:11028:0207/192736.812:INFO:CONSOLE(1)] "console.groupEnd", source: https://s.update.aniview.com/2/1.20.3/main.js?o=1 (1)
[14232:11028:0207/192736.812:INFO:CONSOLE(1)] "console.groupEnd", source: https://s.update.aniview.com/2/1.20.3/main.js?o=1 (1)
[14232:11028:0207/192736.812:INFO:CONSOLE(1)] "console.groupEnd", source: https://s.update.aniview.com/2/1.20.3/main.js?o=1 (1)
[14232:11028:0207/192736.812:INFO:CONSOLE(1)] "console.groupEnd", source: https://s.update.aniview.com/2/1.20.3/main.js?o=1 (1)
[14232:11028:0207/192736.812:INFO:CONSOLE(1)] "console.groupEnd", source: https://s.update.aniview.com/2/1.20.3/main.js?o=1 (1)
[14232:11028:0207/192736.812:INFO:CONSOLE(1)] "console.groupEnd", source: https://s.update.aniview.com/2/1.20.3/main.js?o=1 (1)
[14232:11028:0207/192736.812:INFO:CONSOLE(1)] "console.groupEnd", source: https://s.update.aniview.com/2/1.20.3/main.js?o=1 (1)
[14232:11028:0207/192736.812:INFO:CONSOLE(1)] "console.groupEnd", source: https://s.update.aniview.com/2/1.20.3/main.js?o=1 (1)
[14232:11028:0207/192736.813:INFO:CONSOLE(1)] "console.groupEnd", source: https://s.update.aniview.com/2/1.20.3/main.js?o=1 (1)
[14232:11028:0207/192736.813:INFO:CONSOLE(1)] "console.groupEnd", source: https://s.update.aniview.com/2/1.20.3/main.js?o=1 (1)
[14232:11028:0207/192736.813:INFO:CONSOLE(1)] "console.groupEnd", source: https://s.update.aniview.com/2/1.20.3/main.js?o=1 (1)
[14232:11028:0207/192736.813:INFO:CONSOLE(1)] "console.groupEnd", source: https://s.update.aniview.com/2/1.20.3/main.js?o=1 (1)
[14232:11028:0207/192736.813:INFO:CONSOLE(1)] "console.groupEnd", source: https://s.update.aniview.com/2/1.20.3/main.js?o=1 (1)
[14232:11028:0207/192736.813:INFO:CONSOLE(1)] "console.groupEnd", source: https://s.update.aniview.com/2/1.20.3/main.js?o=1 (1)
[14232:11028:0207/192736.814:INFO:CONSOLE(1)] "console.groupEnd", source: https://s.update.aniview.com/2/1.20.3/main.js?o=1 (1)
[14232:11028:0207/192736.814:INFO:CONSOLE(1)] "console.groupEnd", source: https://s.update.aniview.com/2/1.20.3/main.js?o=1 (1)
[14232:11028:0207/192736.814:INFO:CONSOLE(1)] "console.groupEnd", source: https://s.update.aniview.com/2/1.20.3/main.js?o=1 (1)
[14232:11028:0207/192736.814:INFO:CONSOLE(1)] "console.groupEnd", source: https://s.update.aniview.com/2/1.20.3/main.js?o=1 (1)
[14232:11028:0207/192736.814:INFO:CONSOLE(1)] "console.groupEnd", source: https://s.update.aniview.com/2/1.20.3/main.js?o=1 (1)
[14232:11028:0207/192736.814:INFO:CONSOLE(1)] "console.groupEnd", source: https://s.update.aniview.com/2/1.20.3/main.js?o=1 (1)
[14232:11028:0207/192736.814:INFO:CONSOLE(1)] "console.groupEnd", source: https://s.update.aniview.com/2/1.20.3/main.js?o=1 (1)
[14232:11028:0207/192736.814:INFO:CONSOLE(1)] "console.groupEnd", source: https://s.update.aniview.com/2/1.20.3/main.js?o=1 (1)
[14232:11028:0207/192736.814:INFO:CONSOLE(1)] "console.groupEnd", source: https://s.update.aniview.com/2/1.20.3/main.js?o=1 (1)
[14232:11028:0207/192736.814:INFO:CONSOLE(1)] "console.groupEnd", source: https://s.update.aniview.com/2/1.20.3/main.js?o=1 (1)
[14232:11028:0207/192736.814:INFO:CONSOLE(1)] "console.groupEnd", source: https://s.update.aniview.com/2/1.20.3/main.js?o=1 (1)
[14232:11028:0207/192736.814:INFO:CONSOLE(1)] "console.groupEnd", source: https://s.update.aniview.com/2/1.20.3/main.js?o=1 (1)
[14232:11028:0207/192736.814:INFO:CONSOLE(1)] "console.groupEnd", source: https://s.update.aniview.com/2/1.20.3/main.js?o=1 (1)
[14232:11028:0207/192736.814:INFO:CONSOLE(1)] "console.groupEnd", source: https://s.update.aniview.com/2/1.20.3/main.js?o=1 (1)
[14232:11028:0207/192736.814:INFO:CONSOLE(1)] "console.groupEnd", source: https://s.update.aniview.com/2/1.20.3/main.js?o=1 (1)
[14232:11028:0207/192736.814:INFO:CONSOLE(1)] "console.groupEnd", source: https://s.update.aniview.com/2/1.20.3/main.js?o=1 (1)
[14232:11028:0207/192736.814:INFO:CONSOLE(1)] "console.groupEnd", source: https://s.update.aniview.com/2/1.20.3/main.js?o=1 (1)
[14232:11028:0207/192736.814:INFO:CONSOLE(1)] "console.groupEnd", source: https://s.update.aniview.com/2/1.20.3/main.js?o=1 (1)
[14232:11028:0207/192736.814:INFO:CONSOLE(1)] "console.groupEnd", source: https://s.update.aniview.com/2/1.20.3/main.js?o=1 (1)
[14232:11028:0207/192736.814:INFO:CONSOLE(1)] "console.groupEnd", source: https://s.update.aniview.com/2/1.20.3/main.js?o=1 (1)
[14232:11028:0207/192736.814:INFO:CONSOLE(1)] "console.groupEnd", source: https://s.update.aniview.com/2/1.20.3/main.js?o=1 (1)
[14232:11028:0207/192736.814:INFO:CONSOLE(1)] "console.groupEnd", source: https://s.update.aniview.com/2/1.20.3/main.js?o=1 (1)
[14232:11028:0207/192736.814:INFO:CONSOLE(1)] "console.groupEnd", source: https://s.update.aniview.com/2/1.20.3/main.js?o=1 (1)
[14232:11028:0207/192736.814:INFO:CONSOLE(1)] "console.groupEnd", source: https://s.update.aniview.com/2/1.20.3/main.js?o=1 (1)
[14232:11028:0207/192736.814:INFO:CONSOLE(1)] "console.groupEnd", source: https://s.update.aniview.com/2/1.20.3/main.js?o=1 (1)
[14232:11028:0207/192736.814:INFO:CONSOLE(1)] "console.groupEnd", source: https://s.update.aniview.com/2/1.20.3/main.js?o=1 (1)
[14232:11028:0207/192736.814:INFO:CONSOLE(1)] "console.groupEnd", source: https://s.update.aniview.com/2/1.20.3/main.js?o=1 (1)
[14232:11028:0207/192736.814:INFO:CONSOLE(1)] "console.groupEnd", source: https://s.update.aniview.com/2/1.20.3/main.js?o=1 (1)
[14232:11028:0207/192736.814:INFO:CONSOLE(1)] "console.groupEnd", source: https://s.update.aniview.com/2/1.20.3/main.js?o=1 (1)
[14232:11028:0207/192736.814:INFO:CONSOLE(1)] "console.groupEnd", source: https://s.update.aniview.com/2/1.20.3/main.js?o=1 (1)
[14232:11028:0207/192736.814:INFO:CONSOLE(1)] "console.groupEnd", source: https://s.update.aniview.com/2/1.20.3/main.js?o=1 (1)
[14232:11028:0207/192736.814:INFO:CONSOLE(1)] "console.groupEnd", source: https://s.update.aniview.com/2/1.20.3/main.js?o=1 (1)
[14232:11028:0207/192736.814:INFO:CONSOLE(1)] "console.groupEnd", source: https://s.update.aniview.com/2/1.20.3/main.js?o=1 (1)
[14232:11028:0207/192736.814:INFO:CONSOLE(1)] "console.groupEnd", source: https://s.update.aniview.com/2/1.20.3/main.js?o=1 (1)
[14232:11028:0207/192736.815:INFO:CONSOLE(1)] "console.groupEnd", source: https://s.update.aniview.com/2/1.20.3/main.js?o=1 (1)
[14232:11028:0207/192736.815:INFO:CONSOLE(1)] "console.groupEnd", source: https://s.update.aniview.com/2/1.20.3/main.js?o=1 (1)
[14232:11028:0207/192736.815:INFO:CONSOLE(1)] "console.groupEnd", source: https://s.update.aniview.com/2/1.20.3/main.js?o=1 (1)
[14232:11028:0207/192736.815:INFO:CONSOLE(1)] "console.groupEnd", source: https://s.update.aniview.com/2/1.20.3/main.js?o=1 (1)
[14232:11028:0207/192736.815:INFO:CONSOLE(1)] "console.groupEnd", source: https://s.update.aniview.com/2/1.20.3/main.js?o=1 (1)
[14232:11028:0207/192736.815:INFO:CONSOLE(1)] "console.groupEnd", source: https://s.update.aniview.com/2/1.20.3/main.js?o=1 (1)
[14232:11028:0207/192736.815:INFO:CONSOLE(1)] "console.groupEnd", source: https://s.update.aniview.com/2/1.20.3/main.js?o=1 (1)
[14232:11028:0207/192746.458:INFO:CONSOLE(1)] "Uncaught (in promise) TypeError: The element or ID supplied is not valid. (videojs)", source: https://playnano.online/assets/external/videojs.min-1ebeed346d02236b161e0140429ab4b7ce027f786ba49ea4cb6fa9ebb2736793.js (1)
[14232:11028:0207/192748.805:INFO:CONSOLE(1)] "'window.webkitStorageInfo' is deprecated. Please use 'navigator.webkitTemporaryStorage' or 'navigator.webkitPersistentStorage' instead.", source: https://static.lalaping.com/online.js?ver=2.0.0 (1)
[14232:11028:0207/192836.562:WARNING:pref_notifier_impl.cc(40)] Pref observer for media_router.cast_allow_all_ips found at shutdown.
